#
# There is insufficient memory for the Java Runtime Environment to continue.
# Native memory allocation (malloc) failed to allocate 1124176 bytes. Error detail: Chunk::new
# Possible reasons:
#   The system is out of physical RAM or swap space
#   This process is running with CompressedOops enabled, and the Java Heap may be blocking the growth of the native heap
# Possible solutions:
#   Reduce memory load on the system
#   Increase physical memory or swap space
#   Check if swap backing store is full
#   Decrease Java heap size (-Xmx/-Xms)
#   Decrease number of Java threads
#   Decrease Java thread stack sizes (-Xss)
#   Set larger code cache with -XX:ReservedCodeCacheSize=
#   JVM is running with Unscaled Compressed Oops mode in which the Java heap is
#     placed in the first 4GB address space. The Java Heap base address is the
#     maximum limit for the native heap growth. Please use -XX:HeapBaseMinAddress
#     to set the Java Heap base and to place the Java Heap above 4GB virtual address.
# This output file may be truncated or incomplete.
#
#  Out of Memory Error (arena.cpp:191), pid=13000, tid=11924
#
# JRE version: OpenJDK Runtime Environment Temurin-17.0.11+9 (17.0.11+9) (build 17.0.11+9)
# Java VM: OpenJDK 64-Bit Server VM Temurin-17.0.11+9 (17.0.11+9, mixed mode, tiered, compressed oops, compressed class ptrs, parallel gc, windows-amd64)
# No core dump will be written. Minidumps are not enabled by default on client versions of Windows
#

---------------  S U M M A R Y ------------

Command Line: --add-modules=ALL-SYSTEM --add-opens=java.base/java.util=ALL-UNNAMED --add-opens=java.base/java.lang=ALL-UNNAMED --add-opens=java.base/sun.nio.fs=ALL-UNNAMED -Declipse.application=org.eclipse.jdt.ls.core.id1 -Dosgi.bundles.defaultStartLevel=4 -Declipse.product=org.eclipse.jdt.ls.core.product -Djava.import.generatesMetadataFilesAtProjectRoot=false -DDetectVMInstallationsJob.disabled=true -Dfile.encoding=utf8 -XX:+UseParallelGC -XX:GCTimeRatio=4 -XX:AdaptiveSizePolicyWeight=90 -Dsun.zip.disableMemoryMapping=true -Xmx1G -Xms100m -Xlog:disable -javaagent:c:\Users\HP 11na\.vscode\extensions\redhat.java-1.31.2024051808-win32-x64\lombok\lombok-1.18.32.jar c:\Users\HP 11na\.vscode\extensions\redhat.java-1.31.2024051808-win32-x64\server\plugins\org.eclipse.equinox.launcher_1.6.800.v20240426-1701.jar -configuration c:\Users\HP 11na\AppData\Roaming\Code\User\globalStorage\redhat.java\1.31.2024051808\config_ss_win -data c:\Users\HP 11na\AppData\Roaming\Code\User\workspaceStorage\d43263611282b89c80052938ba8c6bae\redhat.java\ss_ws --pipe=\\.\pipe\lsp-64b07dad7bc1ada7cc0c3b31bb53f5a9-sock

Host: 11th Gen Intel(R) Core(TM) i3-1115G4 @ 3.00GHz, 4 cores, 7G,  Windows 11 , 64 bit Build 22000 (10.0.22000.318)
Time: Sat Sep 14 22:12:35 2024 Hora universal coordinada elapsed time: 15.470458 seconds (0d 0h 0m 15s)

---------------  T H R E A D  ---------------

Current thread (0x00000000169fe5a0):  JavaThread "C2 CompilerThread0" daemon [_thread_in_native, id=11924, stack(0x000000001c1c0000,0x000000001c2c0000)]


Current CompileTask:
C2:  15470 3327   !   4       org.eclipse.jdt.ls.core.internal.LogReader$LogEntry::processEntry (219 bytes)

Stack: [0x000000001c1c0000,0x000000001c2c0000]
Native frames: (J=compiled Java code, j=interpreted, Vv=VM code, C=native code)
V  [jvm.dll+0x67d429]
V  [jvm.dll+0x834b7a]
V  [jvm.dll+0x83663e]
V  [jvm.dll+0x836ca3]
V  [jvm.dll+0x247dbf]
V  [jvm.dll+0xac534]
V  [jvm.dll+0xacb7c]
V  [jvm.dll+0x3665f2]
V  [jvm.dll+0x330bba]
V  [jvm.dll+0x33005a]
V  [jvm.dll+0x21a471]
V  [jvm.dll+0x2198b1]
V  [jvm.dll+0x1a534d]
V  [jvm.dll+0x2295cd]
V  [jvm.dll+0x22779c]
V  [jvm.dll+0x7e9d07]
V  [jvm.dll+0x7e410a]
V  [jvm.dll+0x67c315]
C  [ucrtbase.dll+0x26c0c]
C  [KERNEL32.DLL+0x154e0]
C  [ntdll.dll+0x485b]


---------------  P R O C E S S  ---------------

Threads class SMR info:
_java_thread_list=0x000000001f581fb0, length=28, elements={
0x000000000298fda0, 0x00000000169cb020, 0x00000000169cb9e0, 0x00000000169f9f20,
0x00000000169fa7f0, 0x00000000169fb0c0, 0x00000000169fb990, 0x00000000169fe5a0,
0x0000000016a1e990, 0x000000001c305000, 0x000000001c3a5280, 0x000000001c6b7310,
0x000000001d104560, 0x000000001d650670, 0x000000001d0baba0, 0x000000001d021ed0,
0x000000001d7370a0, 0x000000001d735240, 0x000000001d735c60, 0x000000001d735750,
0x000000001d736680, 0x000000001d736b90, 0x000000001d7375b0, 0x000000001d734820,
0x000000001d733e00, 0x000000001d734310, 0x000000001e595200, 0x000000001e596b50
}

Java Threads: ( => current thread )
  0x000000000298fda0 JavaThread "main" [_thread_blocked, id=9864, stack(0x0000000002040000,0x0000000002140000)]
  0x00000000169cb020 JavaThread "Reference Handler" daemon [_thread_blocked, id=13776, stack(0x000000001ba90000,0x000000001bb90000)]
  0x00000000169cb9e0 JavaThread "Finalizer" daemon [_thread_blocked, id=13132, stack(0x000000001bb90000,0x000000001bc90000)]
  0x00000000169f9f20 JavaThread "Signal Dispatcher" daemon [_thread_blocked, id=14120, stack(0x000000001bdc0000,0x000000001bec0000)]
  0x00000000169fa7f0 JavaThread "Attach Listener" daemon [_thread_blocked, id=7508, stack(0x000000001bec0000,0x000000001bfc0000)]
  0x00000000169fb0c0 JavaThread "Service Thread" daemon [_thread_blocked, id=13488, stack(0x000000001bfc0000,0x000000001c0c0000)]
  0x00000000169fb990 JavaThread "Monitor Deflation Thread" daemon [_thread_blocked, id=7512, stack(0x000000001c0c0000,0x000000001c1c0000)]
=>0x00000000169fe5a0 JavaThread "C2 CompilerThread0" daemon [_thread_in_native, id=11924, stack(0x000000001c1c0000,0x000000001c2c0000)]
  0x0000000016a1e990 JavaThread "C1 CompilerThread0" daemon [_thread_blocked, id=1176, stack(0x000000001c6c0000,0x000000001c7c0000)]
  0x000000001c305000 JavaThread "Sweeper thread" daemon [_thread_blocked, id=1028, stack(0x000000001c7c0000,0x000000001c8c0000)]
  0x000000001c3a5280 JavaThread "Common-Cleaner" daemon [_thread_blocked, id=3380, stack(0x000000001c8c0000,0x000000001c9c0000)]
  0x000000001c6b7310 JavaThread "Notification Thread" daemon [_thread_blocked, id=5312, stack(0x000000001d2c0000,0x000000001d3c0000)]
  0x000000001d104560 JavaThread "Active Thread: Equinox Container: 98fce9ab-ddef-474f-a80b-c31dbc49aad8" [_thread_blocked, id=6872, stack(0x000000001e900000,0x000000001ea00000)]
  0x000000001d650670 JavaThread "Framework Event Dispatcher: Equinox Container: 98fce9ab-ddef-474f-a80b-c31dbc49aad8" daemon [_thread_blocked, id=12868, stack(0x000000001c9c0000,0x000000001cac0000)]
  0x000000001d0baba0 JavaThread "Start Level: Equinox Container: 98fce9ab-ddef-474f-a80b-c31dbc49aad8" daemon [_thread_blocked, id=7096, stack(0x000000001ea00000,0x000000001eb00000)]
  0x000000001d021ed0 JavaThread "SCR Component Actor" daemon [_thread_blocked, id=13544, stack(0x000000001eb00000,0x000000001ec00000)]
  0x000000001d7370a0 JavaThread "Worker-JM" [_thread_blocked, id=4768, stack(0x000000001ed00000,0x000000001ee00000)]
  0x000000001d735240 JavaThread "Worker-0" [_thread_blocked, id=7268, stack(0x000000001ee00000,0x000000001ef00000)]
  0x000000001d735c60 JavaThread "Worker-1" [_thread_blocked, id=11628, stack(0x000000001ef00000,0x000000001f000000)]
  0x000000001d735750 JavaThread "JNA Cleaner" daemon [_thread_blocked, id=6264, stack(0x000000001ec00000,0x000000001ed00000)]
  0x000000001d736680 JavaThread "Thread-2" daemon [_thread_in_native, id=9444, stack(0x0000000020610000,0x0000000020710000)]
  0x000000001d736b90 JavaThread "Thread-3" daemon [_thread_in_native, id=12920, stack(0x0000000020710000,0x0000000020810000)]
  0x000000001d7375b0 JavaThread "Thread-4" daemon [_thread_in_native, id=7456, stack(0x0000000021820000,0x0000000021920000)]
  0x000000001d734820 JavaThread "Thread-5" daemon [_thread_in_native, id=3876, stack(0x0000000021920000,0x0000000021a20000)]
  0x000000001d733e00 JavaThread "Thread-6" daemon [_thread_in_native, id=13260, stack(0x0000000021a20000,0x0000000021b20000)]
  0x000000001d734310 JavaThread "pool-2-thread-1" [_thread_blocked, id=6820, stack(0x0000000021b20000,0x0000000021c20000)]
  0x000000001e595200 JavaThread "WorkspaceEventsHandler" [_thread_blocked, id=2584, stack(0x0000000021c20000,0x0000000021d20000)]
  0x000000001e596b50 JavaThread "pool-1-thread-1" [_thread_blocked, id=14016, stack(0x0000000021d20000,0x0000000021e20000)]

Other Threads:
  0x0000000002a16250 VMThread "VM Thread" [stack: 0x000000001b990000,0x000000001ba90000] [id=7232]
  0x000000001c615980 WatcherThread [stack: 0x000000001d3c0000,0x000000001d4c0000] [id=10188]
  0x00000000029a7030 GCTaskThread "GC Thread#0" [stack: 0x0000000002530000,0x0000000002630000] [id=4392]
  0x000000001cf7d6d0 GCTaskThread "GC Thread#1" [stack: 0x000000001e600000,0x000000001e700000] [id=10632]
  0x000000001cf7dda0 GCTaskThread "GC Thread#2" [stack: 0x000000001e700000,0x000000001e800000] [id=9388]
  0x000000001cf7e060 GCTaskThread "GC Thread#3" [stack: 0x000000001e800000,0x000000001e900000] [id=11660]

Threads with active compile tasks:
C2 CompilerThread0    15490 3327   !   4       org.eclipse.jdt.ls.core.internal.LogReader$LogEntry::processEntry (219 bytes)

VM state: not at safepoint (normal execution)

VM Mutex/Monitor currently owned by a thread: None

Heap address: 0x00000000c0000000, size: 1024 MB, Compressed Oops mode: 32-bit

CDS archive(s) not mapped
Compressed class space mapped at: 0x0000000100000000-0x0000000140000000, reserved size: 1073741824
Narrow klass base: 0x0000000000000000, Narrow klass shift: 3, Narrow klass range: 0x140000000

GC Precious Log:
 CPUs: 4 total, 4 available
 Memory: 7948M
 Large Page Support: Disabled
 NUMA Support: Disabled
 Compressed Oops: Enabled (32-bit)
 Alignments: Space 512K, Generation 512K, Heap 2M
 Heap Min Capacity: 100M
 Heap Initial Capacity: 100M
 Heap Max Capacity: 1G
 Pre-touch: Disabled
 Parallel Workers: 4

Heap:
 PSYoungGen      total 28160K, used 12880K [0x00000000eab00000, 0x00000000ecc00000, 0x0000000100000000)
  eden space 23552K, 36% used [0x00000000eab00000,0x00000000eb35d900,0x00000000ec200000)
  from space 4608K, 93% used [0x00000000ec780000,0x00000000ecbb6970,0x00000000ecc00000)
  to   space 4608K, 0% used [0x00000000ec300000,0x00000000ec300000,0x00000000ec780000)
 ParOldGen       total 68608K, used 8204K [0x00000000c0000000, 0x00000000c4300000, 0x00000000eab00000)
  object space 68608K, 11% used [0x00000000c0000000,0x00000000c0803320,0x00000000c4300000)
 Metaspace       used 34228K, committed 34880K, reserved 1114112K
  class space    used 3378K, committed 3648K, reserved 1048576K

Card table byte_map: [0x0000000002320000,0x0000000002530000] _byte_map_base: 0x0000000001d20000

Marking Bits: (ParMarkBitMap*) 0x00007ff86d38d820
 Begin Bits: [0x0000000014620000, 0x0000000015620000)
 End Bits:   [0x0000000015620000, 0x0000000016620000)

Polling page: 0x00000000008e0000

Metaspace:

Usage:
  Non-class:     30.13 MB used.
      Class:      3.30 MB used.
       Both:     33.43 MB used.

Virtual space:
  Non-class space:       64.00 MB reserved,      30.50 MB ( 48%) committed,  1 nodes.
      Class space:        1.00 GB reserved,       3.56 MB ( <1%) committed,  1 nodes.
             Both:        1.06 GB reserved,      34.06 MB (  3%) committed. 

Chunk freelists:
   Non-Class:  1.41 MB
       Class:  12.38 MB
        Both:  13.79 MB

MaxMetaspaceSize: unlimited
CompressedClassSpaceSize: 1.00 GB
Initial GC threshold: 21.00 MB
Current GC threshold: 35.00 MB
CDS: off
MetaspaceReclaimPolicy: balanced
 - commit_granule_bytes: 65536.
 - commit_granule_words: 8192.
 - virtual_space_node_default_size: 8388608.
 - enlarge_chunks_in_place: 1.
 - new_chunks_are_fully_committed: 0.
 - uncommit_free_chunks: 1.
 - use_allocation_guard: 0.
 - handle_deallocations: 1.


Internal statistics:

num_allocs_failed_limit: 3.
num_arena_births: 330.
num_arena_deaths: 14.
num_vsnodes_births: 2.
num_vsnodes_deaths: 0.
num_space_committed: 545.
num_space_uncommitted: 0.
num_chunks_returned_to_freelist: 17.
num_chunks_taken_from_freelist: 1313.
num_chunk_merges: 5.
num_chunk_splits: 839.
num_chunks_enlarged: 587.
num_inconsistent_stats: 0.

CodeHeap 'non-profiled nmethods': size=120000Kb used=1517Kb max_used=1517Kb free=118483Kb
 bounds [0x000000000d0f0000, 0x000000000d360000, 0x0000000014620000]
CodeHeap 'profiled nmethods': size=120000Kb used=6870Kb max_used=6870Kb free=113129Kb
 bounds [0x0000000005620000, 0x0000000005ce0000, 0x000000000cb50000]
CodeHeap 'non-nmethods': size=5760Kb used=1288Kb max_used=1306Kb free=4471Kb
 bounds [0x000000000cb50000, 0x000000000cdc0000, 0x000000000d0f0000]
 total_blobs=3930 nmethods=3330 adapters=514
 compilation: enabled
              stopped_count=0, restarted_count=0
 full_count=0

Compilation events (20 events):
Event: 15.331 Thread 0x0000000016a1e990 3324       3       sun.nio.cs.UTF_8$Decoder::decodeLoop (28 bytes)
Event: 15.331 Thread 0x0000000016a1e990 nmethod 3324 0x0000000005ccfc10 code [0x0000000005ccfde0, 0x0000000005cd01f8]
Event: 15.331 Thread 0x0000000016a1e990 3328       3       sun.util.calendar.BaseCalendar::getCalendarDateFromFixedDate (305 bytes)
Event: 15.332 Thread 0x0000000016a1e990 nmethod 3328 0x0000000005cd0390 code [0x0000000005cd0620, 0x0000000005cd1c38]
Event: 15.332 Thread 0x0000000016a1e990 3329       3       java.text.SimpleDateFormat::shouldObeyCount (119 bytes)
Event: 15.332 Thread 0x0000000016a1e990 nmethod 3329 0x0000000005cd2390 code [0x0000000005cd2540, 0x0000000005cd2978]
Event: 15.332 Thread 0x0000000016a1e990 3330       3       java.lang.StringUTF16::getChars (42 bytes)
Event: 15.333 Thread 0x0000000016a1e990 nmethod 3330 0x0000000005cd2a10 code [0x0000000005cd2be0, 0x0000000005cd2f28]
Event: 15.333 Thread 0x00000000169fe5a0 nmethod 3323 0x000000000d26ab90 code [0x000000000d26ad20, 0x000000000d26afd8]
Event: 15.333 Thread 0x00000000169fe5a0 3327   !   4       org.eclipse.jdt.ls.core.internal.LogReader$LogEntry::processEntry (219 bytes)
Event: 15.337 Thread 0x0000000016a1e990 3331       3       java.text.CalendarBuilder::establish (264 bytes)
Event: 15.338 Thread 0x0000000016a1e990 nmethod 3331 0x0000000005cd3190 code [0x0000000005cd3420, 0x0000000005cd4448]
Event: 15.338 Thread 0x0000000016a1e990 3333       3       sun.util.locale.LocaleUtils::isAlphaNumeric (20 bytes)
Event: 15.338 Thread 0x0000000016a1e990 nmethod 3333 0x0000000005cd4990 code [0x0000000005cd4b40, 0x0000000005cd4f18]
Event: 15.338 Thread 0x0000000016a1e990 3334       1       org.eclipse.jdt.ls.core.internal.LogReader$LogEntry::getSession (5 bytes)
Event: 15.338 Thread 0x0000000016a1e990 nmethod 3334 0x000000000d26b110 code [0x000000000d26b2a0, 0x000000000d26b378]
Event: 15.340 Thread 0x0000000016a1e990 3335       3       jdk.internal.misc.VM::isModuleSystemInited (13 bytes)
Event: 15.340 Thread 0x0000000016a1e990 nmethod 3335 0x0000000005cd5010 code [0x0000000005cd51a0, 0x0000000005cd5358]
Event: 15.341 Thread 0x0000000016a1e990 3336       3       java.util.Calendar::complete (40 bytes)
Event: 15.341 Thread 0x0000000016a1e990 nmethod 3336 0x0000000005cd5410 code [0x0000000005cd55c0, 0x0000000005cd5878]

GC Heap History (18 events):
Event: 1.085 GC heap before
{Heap before GC invocations=1 (full 0):
 PSYoungGen      total 29696K, used 25600K [0x00000000eab00000, 0x00000000ecc00000, 0x0000000100000000)
  eden space 25600K, 100% used [0x00000000eab00000,0x00000000ec400000,0x00000000ec400000)
  from space 4096K, 0% used [0x00000000ec800000,0x00000000ec800000,0x00000000ecc00000)
  to   space 4096K, 0% used [0x00000000ec400000,0x00000000ec400000,0x00000000ec800000)
 ParOldGen       total 68608K, used 0K [0x00000000c0000000, 0x00000000c4300000, 0x00000000eab00000)
  object space 68608K, 0% used [0x00000000c0000000,0x00000000c0000000,0x00000000c4300000)
 Metaspace       used 11032K, committed 11200K, reserved 1114112K
  class space    used 1098K, committed 1216K, reserved 1048576K
}
Event: 1.120 GC heap after
{Heap after GC invocations=1 (full 0):
 PSYoungGen      total 29696K, used 3156K [0x00000000eab00000, 0x00000000ecc00000, 0x0000000100000000)
  eden space 25600K, 0% used [0x00000000eab00000,0x00000000eab00000,0x00000000ec400000)
  from space 4096K, 77% used [0x00000000ec400000,0x00000000ec715268,0x00000000ec800000)
  to   space 4096K, 0% used [0x00000000ec800000,0x00000000ec800000,0x00000000ecc00000)
 ParOldGen       total 68608K, used 0K [0x00000000c0000000, 0x00000000c4300000, 0x00000000eab00000)
  object space 68608K, 0% used [0x00000000c0000000,0x00000000c0000000,0x00000000c4300000)
 Metaspace       used 11032K, committed 11200K, reserved 1114112K
  class space    used 1098K, committed 1216K, reserved 1048576K
}
Event: 2.110 GC heap before
{Heap before GC invocations=2 (full 0):
 PSYoungGen      total 29696K, used 28756K [0x00000000eab00000, 0x00000000ecc00000, 0x0000000100000000)
  eden space 25600K, 100% used [0x00000000eab00000,0x00000000ec400000,0x00000000ec400000)
  from space 4096K, 77% used [0x00000000ec400000,0x00000000ec715268,0x00000000ec800000)
  to   space 4096K, 0% used [0x00000000ec800000,0x00000000ec800000,0x00000000ecc00000)
 ParOldGen       total 68608K, used 0K [0x00000000c0000000, 0x00000000c4300000, 0x00000000eab00000)
  object space 68608K, 0% used [0x00000000c0000000,0x00000000c0000000,0x00000000c4300000)
 Metaspace       used 14737K, committed 15040K, reserved 1114112K
  class space    used 1491K, committed 1664K, reserved 1048576K
}
Event: 2.114 GC heap after
{Heap after GC invocations=2 (full 0):
 PSYoungGen      total 29696K, used 4073K [0x00000000eab00000, 0x00000000ecc00000, 0x0000000100000000)
  eden space 25600K, 0% used [0x00000000eab00000,0x00000000eab00000,0x00000000ec400000)
  from space 4096K, 99% used [0x00000000ec800000,0x00000000ecbfa778,0x00000000ecc00000)
  to   space 4096K, 0% used [0x00000000ec400000,0x00000000ec400000,0x00000000ec800000)
 ParOldGen       total 68608K, used 736K [0x00000000c0000000, 0x00000000c4300000, 0x00000000eab00000)
  object space 68608K, 1% used [0x00000000c0000000,0x00000000c00b8340,0x00000000c4300000)
 Metaspace       used 14737K, committed 15040K, reserved 1114112K
  class space    used 1491K, committed 1664K, reserved 1048576K
}
Event: 3.043 GC heap before
{Heap before GC invocations=3 (full 0):
 PSYoungGen      total 29696K, used 29656K [0x00000000eab00000, 0x00000000ecc00000, 0x0000000100000000)
  eden space 25600K, 99% used [0x00000000eab00000,0x00000000ec3fb8e0,0x00000000ec400000)
  from space 4096K, 99% used [0x00000000ec800000,0x00000000ecbfa778,0x00000000ecc00000)
  to   space 4096K, 0% used [0x00000000ec400000,0x00000000ec400000,0x00000000ec800000)
 ParOldGen       total 68608K, used 736K [0x00000000c0000000, 0x00000000c4300000, 0x00000000eab00000)
  object space 68608K, 1% used [0x00000000c0000000,0x00000000c00b8340,0x00000000c4300000)
 Metaspace       used 19724K, committed 20160K, reserved 1114112K
  class space    used 2016K, committed 2176K, reserved 1048576K
}
Event: 3.048 GC heap after
{Heap after GC invocations=3 (full 0):
 PSYoungGen      total 29696K, used 4066K [0x00000000eab00000, 0x00000000ecc00000, 0x0000000100000000)
  eden space 25600K, 0% used [0x00000000eab00000,0x00000000eab00000,0x00000000ec400000)
  from space 4096K, 99% used [0x00000000ec400000,0x00000000ec7f8b08,0x00000000ec800000)
  to   space 4096K, 0% used [0x00000000ec800000,0x00000000ec800000,0x00000000ecc00000)
 ParOldGen       total 68608K, used 2449K [0x00000000c0000000, 0x00000000c4300000, 0x00000000eab00000)
  object space 68608K, 3% used [0x00000000c0000000,0x00000000c0264598,0x00000000c4300000)
 Metaspace       used 19724K, committed 20160K, reserved 1114112K
  class space    used 2016K, committed 2176K, reserved 1048576K
}
Event: 3.387 GC heap before
{Heap before GC invocations=4 (full 0):
 PSYoungGen      total 29696K, used 12351K [0x00000000eab00000, 0x00000000ecc00000, 0x0000000100000000)
  eden space 25600K, 32% used [0x00000000eab00000,0x00000000eb3174c0,0x00000000ec400000)
  from space 4096K, 99% used [0x00000000ec400000,0x00000000ec7f8b08,0x00000000ec800000)
  to   space 4096K, 0% used [0x00000000ec800000,0x00000000ec800000,0x00000000ecc00000)
 ParOldGen       total 68608K, used 2449K [0x00000000c0000000, 0x00000000c4300000, 0x00000000eab00000)
  object space 68608K, 3% used [0x00000000c0000000,0x00000000c0264598,0x00000000c4300000)
 Metaspace       used 21063K, committed 21504K, reserved 1114112K
  class space    used 2162K, committed 2368K, reserved 1048576K
}
Event: 3.390 GC heap after
{Heap after GC invocations=4 (full 0):
 PSYoungGen      total 29696K, used 4074K [0x00000000eab00000, 0x00000000ecc00000, 0x0000000100000000)
  eden space 25600K, 0% used [0x00000000eab00000,0x00000000eab00000,0x00000000ec400000)
  from space 4096K, 99% used [0x00000000ec800000,0x00000000ecbfaad0,0x00000000ecc00000)
  to   space 4096K, 0% used [0x00000000ec400000,0x00000000ec400000,0x00000000ec800000)
 ParOldGen       total 68608K, used 3033K [0x00000000c0000000, 0x00000000c4300000, 0x00000000eab00000)
  object space 68608K, 4% used [0x00000000c0000000,0x00000000c02f65e8,0x00000000c4300000)
 Metaspace       used 21063K, committed 21504K, reserved 1114112K
  class space    used 2162K, committed 2368K, reserved 1048576K
}
Event: 3.390 GC heap before
{Heap before GC invocations=5 (full 1):
 PSYoungGen      total 29696K, used 4074K [0x00000000eab00000, 0x00000000ecc00000, 0x0000000100000000)
  eden space 25600K, 0% used [0x00000000eab00000,0x00000000eab00000,0x00000000ec400000)
  from space 4096K, 99% used [0x00000000ec800000,0x00000000ecbfaad0,0x00000000ecc00000)
  to   space 4096K, 0% used [0x00000000ec400000,0x00000000ec400000,0x00000000ec800000)
 ParOldGen       total 68608K, used 3033K [0x00000000c0000000, 0x00000000c4300000, 0x00000000eab00000)
  object space 68608K, 4% used [0x00000000c0000000,0x00000000c02f65e8,0x00000000c4300000)
 Metaspace       used 21063K, committed 21504K, reserved 1114112K
  class space    used 2162K, committed 2368K, reserved 1048576K
}
Event: 3.413 GC heap after
{Heap after GC invocations=5 (full 1):
 PSYoungGen      total 29696K, used 0K [0x00000000eab00000, 0x00000000ecc00000, 0x0000000100000000)
  eden space 25600K, 0% used [0x00000000eab00000,0x00000000eab00000,0x00000000ec400000)
  from space 4096K, 0% used [0x00000000ec800000,0x00000000ec800000,0x00000000ecc00000)
  to   space 4096K, 0% used [0x00000000ec400000,0x00000000ec400000,0x00000000ec800000)
 ParOldGen       total 68608K, used 6995K [0x00000000c0000000, 0x00000000c4300000, 0x00000000eab00000)
  object space 68608K, 10% used [0x00000000c0000000,0x00000000c06d4df0,0x00000000c4300000)
 Metaspace       used 21050K, committed 21504K, reserved 1114112K
  class space    used 2158K, committed 2368K, reserved 1048576K
}
Event: 3.893 GC heap before
{Heap before GC invocations=6 (full 1):
 PSYoungGen      total 29696K, used 25600K [0x00000000eab00000, 0x00000000ecc00000, 0x0000000100000000)
  eden space 25600K, 100% used [0x00000000eab00000,0x00000000ec400000,0x00000000ec400000)
  from space 4096K, 0% used [0x00000000ec800000,0x00000000ec800000,0x00000000ecc00000)
  to   space 4096K, 0% used [0x00000000ec400000,0x00000000ec400000,0x00000000ec800000)
 ParOldGen       total 68608K, used 6995K [0x00000000c0000000, 0x00000000c4300000, 0x00000000eab00000)
  object space 68608K, 10% used [0x00000000c0000000,0x00000000c06d4df0,0x00000000c4300000)
 Metaspace       used 24090K, committed 24576K, reserved 1114112K
  class space    used 2365K, committed 2624K, reserved 1048576K
}
Event: 3.894 GC heap after
{Heap after GC invocations=6 (full 1):
 PSYoungGen      total 26112K, used 682K [0x00000000eab00000, 0x00000000ec880000, 0x0000000100000000)
  eden space 25088K, 0% used [0x00000000eab00000,0x00000000eab00000,0x00000000ec380000)
  from space 1024K, 66% used [0x00000000ec400000,0x00000000ec4aa898,0x00000000ec500000)
  to   space 2560K, 0% used [0x00000000ec600000,0x00000000ec600000,0x00000000ec880000)
 ParOldGen       total 68608K, used 7003K [0x00000000c0000000, 0x00000000c4300000, 0x00000000eab00000)
  object space 68608K, 10% used [0x00000000c0000000,0x00000000c06d6df0,0x00000000c4300000)
 Metaspace       used 24090K, committed 24576K, reserved 1114112K
  class space    used 2365K, committed 2624K, reserved 1048576K
}
Event: 4.505 GC heap before
{Heap before GC invocations=7 (full 1):
 PSYoungGen      total 26112K, used 25770K [0x00000000eab00000, 0x00000000ec880000, 0x0000000100000000)
  eden space 25088K, 100% used [0x00000000eab00000,0x00000000ec380000,0x00000000ec380000)
  from space 1024K, 66% used [0x00000000ec400000,0x00000000ec4aa898,0x00000000ec500000)
  to   space 2560K, 0% used [0x00000000ec600000,0x00000000ec600000,0x00000000ec880000)
 ParOldGen       total 68608K, used 7003K [0x00000000c0000000, 0x00000000c4300000, 0x00000000eab00000)
  object space 68608K, 10% used [0x00000000c0000000,0x00000000c06d6df0,0x00000000c4300000)
 Metaspace       used 26708K, committed 27264K, reserved 1114112K
  class space    used 2573K, committed 2816K, reserved 1048576K
}
Event: 4.506 GC heap after
{Heap after GC invocations=7 (full 1):
 PSYoungGen      total 27136K, used 2459K [0x00000000eab00000, 0x00000000ec900000, 0x0000000100000000)
  eden space 24576K, 0% used [0x00000000eab00000,0x00000000eab00000,0x00000000ec300000)
  from space 2560K, 96% used [0x00000000ec600000,0x00000000ec866ee8,0x00000000ec880000)
  to   space 3072K, 0% used [0x00000000ec300000,0x00000000ec300000,0x00000000ec600000)
 ParOldGen       total 68608K, used 7011K [0x00000000c0000000, 0x00000000c4300000, 0x00000000eab00000)
  object space 68608K, 10% used [0x00000000c0000000,0x00000000c06d8df0,0x00000000c4300000)
 Metaspace       used 26708K, committed 27264K, reserved 1114112K
  class space    used 2573K, committed 2816K, reserved 1048576K
}
Event: 12.893 GC heap before
{Heap before GC invocations=8 (full 1):
 PSYoungGen      total 27136K, used 27035K [0x00000000eab00000, 0x00000000ec900000, 0x0000000100000000)
  eden space 24576K, 100% used [0x00000000eab00000,0x00000000ec300000,0x00000000ec300000)
  from space 2560K, 96% used [0x00000000ec600000,0x00000000ec866ee8,0x00000000ec880000)
  to   space 3072K, 0% used [0x00000000ec300000,0x00000000ec300000,0x00000000ec600000)
 ParOldGen       total 68608K, used 7011K [0x00000000c0000000, 0x00000000c4300000, 0x00000000eab00000)
  object space 68608K, 10% used [0x00000000c0000000,0x00000000c06d8df0,0x00000000c4300000)
 Metaspace       used 30426K, committed 30912K, reserved 1114112K
  class space    used 2949K, committed 3200K, reserved 1048576K
}
Event: 12.896 GC heap after
{Heap after GC invocations=8 (full 1):
 PSYoungGen      total 27136K, used 3059K [0x00000000eab00000, 0x00000000ecc80000, 0x0000000100000000)
  eden space 24064K, 0% used [0x00000000eab00000,0x00000000eab00000,0x00000000ec280000)
  from space 3072K, 99% used [0x00000000ec300000,0x00000000ec5fcc60,0x00000000ec600000)
  to   space 5120K, 0% used [0x00000000ec780000,0x00000000ec780000,0x00000000ecc80000)
 ParOldGen       total 68608K, used 8196K [0x00000000c0000000, 0x00000000c4300000, 0x00000000eab00000)
  object space 68608K, 11% used [0x00000000c0000000,0x00000000c0801320,0x00000000c4300000)
 Metaspace       used 30426K, committed 30912K, reserved 1114112K
  class space    used 2949K, committed 3200K, reserved 1048576K
}
Event: 15.175 GC heap before
{Heap before GC invocations=9 (full 1):
 PSYoungGen      total 27136K, used 27123K [0x00000000eab00000, 0x00000000ecc80000, 0x0000000100000000)
  eden space 24064K, 99% used [0x00000000eab00000,0x00000000ec27fff8,0x00000000ec280000)
  from space 3072K, 99% used [0x00000000ec300000,0x00000000ec5fcc60,0x00000000ec600000)
  to   space 5120K, 0% used [0x00000000ec780000,0x00000000ec780000,0x00000000ecc80000)
 ParOldGen       total 68608K, used 8196K [0x00000000c0000000, 0x00000000c4300000, 0x00000000eab00000)
  object space 68608K, 11% used [0x00000000c0000000,0x00000000c0801320,0x00000000c4300000)
 Metaspace       used 34093K, committed 34752K, reserved 1114112K
  class space    used 3377K, committed 3648K, reserved 1048576K
}
Event: 15.178 GC heap after
{Heap after GC invocations=9 (full 1):
 PSYoungGen      total 28160K, used 4314K [0x00000000eab00000, 0x00000000ecc00000, 0x0000000100000000)
  eden space 23552K, 0% used [0x00000000eab00000,0x00000000eab00000,0x00000000ec200000)
  from space 4608K, 93% used [0x00000000ec780000,0x00000000ecbb6970,0x00000000ecc00000)
  to   space 4608K, 0% used [0x00000000ec300000,0x00000000ec300000,0x00000000ec780000)
 ParOldGen       total 68608K, used 8204K [0x00000000c0000000, 0x00000000c4300000, 0x00000000eab00000)
  object space 68608K, 11% used [0x00000000c0000000,0x00000000c0803320,0x00000000c4300000)
 Metaspace       used 34093K, committed 34752K, reserved 1114112K
  class space    used 3377K, committed 3648K, reserved 1048576K
}

Dll operation events (10 events):
Event: 0.032 Loaded shared library c:\Users\HP 11na\.vscode\extensions\redhat.java-1.31.2024051808-win32-x64\jre\17.0.11-win32-x86_64\bin\java.dll
Event: 0.227 Loaded shared library c:\Users\HP 11na\.vscode\extensions\redhat.java-1.31.2024051808-win32-x64\jre\17.0.11-win32-x86_64\bin\zip.dll
Event: 0.229 Loaded shared library C:\Users\HP 11na\.vscode\extensions\redhat.java-1.31.2024051808-win32-x64\jre\17.0.11-win32-x86_64\bin\instrument.dll
Event: 0.241 Loaded shared library C:\Users\HP 11na\.vscode\extensions\redhat.java-1.31.2024051808-win32-x64\jre\17.0.11-win32-x86_64\bin\net.dll
Event: 0.242 Loaded shared library C:\Users\HP 11na\.vscode\extensions\redhat.java-1.31.2024051808-win32-x64\jre\17.0.11-win32-x86_64\bin\nio.dll
Event: 0.248 Loaded shared library C:\Users\HP 11na\.vscode\extensions\redhat.java-1.31.2024051808-win32-x64\jre\17.0.11-win32-x86_64\bin\zip.dll
Event: 0.265 Loaded shared library C:\Users\HP 11na\.vscode\extensions\redhat.java-1.31.2024051808-win32-x64\jre\17.0.11-win32-x86_64\bin\jimage.dll
Event: 0.324 Loaded shared library c:\Users\HP 11na\.vscode\extensions\redhat.java-1.31.2024051808-win32-x64\jre\17.0.11-win32-x86_64\bin\verify.dll
Event: 1.923 Loaded shared library C:\Users\HP 11na\AppData\Roaming\Code\User\globalStorage\redhat.java\1.31.2024051808\config_ss_win\org.eclipse.equinox.launcher\org.eclipse.equinox.launcher.win32.win32.x86_64_1.2.1000.v20240506-2123\eclipse_11901.dll
Event: 13.573 Loaded shared library C:\Users\HP 11na\AppData\Local\Temp\jna-1797150699\jna14339843668322151463.dll

Deoptimization events (20 events):
Event: 14.773 Thread 0x000000000298fda0 Uncommon trap: trap_request=0xffffff45 fr.pc=0x000000000d241cf8 relative=0x0000000000005ef8
Event: 14.773 Thread 0x000000000298fda0 Uncommon trap: reason=unstable_if action=reinterpret pc=0x000000000d241cf8 method=jdk.internal.org.objectweb.asm.Frame.execute(IILjdk/internal/org/objectweb/asm/Symbol;Ljdk/internal/org/objectweb/asm/SymbolTable;)V @ 1 c2
Event: 14.773 Thread 0x000000000298fda0 DEOPT PACKING pc=0x000000000d241cf8 sp=0x000000000213deb0
Event: 14.773 Thread 0x000000000298fda0 DEOPT UNPACKING pc=0x000000000cba9ea3 sp=0x000000000213de58 mode 2
Event: 14.774 Thread 0x000000000298fda0 Uncommon trap: trap_request=0xffffff45 fr.pc=0x000000000d1ae8a8 relative=0x0000000000000108
Event: 14.774 Thread 0x000000000298fda0 Uncommon trap: reason=unstable_if action=reinterpret pc=0x000000000d1ae8a8 method=jdk.internal.org.objectweb.asm.SymbolTable.put(Ljdk/internal/org/objectweb/asm/SymbolTable$Entry;)Ljdk/internal/org/objectweb/asm/SymbolTable$Entry; @ 13 c2
Event: 14.774 Thread 0x000000000298fda0 DEOPT PACKING pc=0x000000000d1ae8a8 sp=0x000000000213dd70
Event: 14.775 Thread 0x000000000298fda0 DEOPT UNPACKING pc=0x000000000cba9ea3 sp=0x000000000213dcd0 mode 2
Event: 14.792 Thread 0x000000000298fda0 Uncommon trap: trap_request=0xffffff45 fr.pc=0x000000000d11f734 relative=0x0000000000000094
Event: 14.792 Thread 0x000000000298fda0 Uncommon trap: reason=unstable_if action=reinterpret pc=0x000000000d11f734 method=java.lang.CharacterDataLatin1.digit(II)I @ 7 c2
Event: 14.792 Thread 0x000000000298fda0 DEOPT PACKING pc=0x000000000d11f734 sp=0x000000000213e160
Event: 14.792 Thread 0x000000000298fda0 DEOPT UNPACKING pc=0x000000000cba9ea3 sp=0x000000000213e0e0 mode 2
Event: 15.043 Thread 0x000000000298fda0 Uncommon trap: trap_request=0xffffff76 fr.pc=0x000000000d229c70 relative=0x0000000000000bf0
Event: 15.043 Thread 0x000000000298fda0 Uncommon trap: reason=predicate action=maybe_recompile pc=0x000000000d229c70 method=java.util.TreeMap.put(Ljava/lang/Object;Ljava/lang/Object;Z)Ljava/lang/Object; @ 27 c2
Event: 15.043 Thread 0x000000000298fda0 DEOPT PACKING pc=0x000000000d229c70 sp=0x000000000213de50
Event: 15.043 Thread 0x000000000298fda0 DEOPT UNPACKING pc=0x000000000cba9ea3 sp=0x000000000213ddf0 mode 2
Event: 15.049 Thread 0x000000000298fda0 Uncommon trap: trap_request=0xffffff45 fr.pc=0x000000000d117dac relative=0x000000000000028c
Event: 15.049 Thread 0x000000000298fda0 Uncommon trap: reason=unstable_if action=reinterpret pc=0x000000000d117dac method=java.util.HashMap$HashIterator.<init>(Ljava/util/HashMap;)V @ 45 c2
Event: 15.049 Thread 0x000000000298fda0 DEOPT PACKING pc=0x000000000d117dac sp=0x000000000213e2b0
Event: 15.049 Thread 0x000000000298fda0 DEOPT UNPACKING pc=0x000000000cba9ea3 sp=0x000000000213e248 mode 2

Classes unloaded (7 events):
Event: 3.393 Thread 0x0000000002a16250 Unloading class 0x000000010021a400 'java/lang/invoke/LambdaForm$MH+0x000000010021a400'
Event: 3.393 Thread 0x0000000002a16250 Unloading class 0x000000010021a000 'java/lang/invoke/LambdaForm$MH+0x000000010021a000'
Event: 3.393 Thread 0x0000000002a16250 Unloading class 0x0000000100219c00 'java/lang/invoke/LambdaForm$MH+0x0000000100219c00'
Event: 3.393 Thread 0x0000000002a16250 Unloading class 0x0000000100219800 'java/lang/invoke/LambdaForm$MH+0x0000000100219800'
Event: 3.393 Thread 0x0000000002a16250 Unloading class 0x0000000100219400 'java/lang/invoke/LambdaForm$BMH+0x0000000100219400'
Event: 3.393 Thread 0x0000000002a16250 Unloading class 0x0000000100219000 'java/lang/invoke/LambdaForm$DMH+0x0000000100219000'
Event: 3.393 Thread 0x0000000002a16250 Unloading class 0x0000000100214400 'java/lang/invoke/LambdaForm$DMH+0x0000000100214400'

Classes redefined (0 events):
No events

Internal exceptions (20 events):
Event: 3.354 Thread 0x000000001d735240 Exception <a 'java/lang/NoSuchMethodError'{0x00000000eb172120}: 'java.lang.Object java.lang.invoke.DirectMethodHandle$Holder.invokeSpecial(java.lang.Object, java.lang.Object, java.lang.Object, int, java.lang.Object)'> (0x00000000eb172120) 
thrown [s\src\hotspot\share\interpreter\linkResolver.cpp, line 759]
Event: 4.149 Thread 0x000000001d0baba0 Implicit null exception at 0x000000000d1dd8c8 to 0x000000000d1dd9b4
Event: 4.668 Thread 0x000000001d0baba0 Exception <a 'java/lang/ClassNotFoundException'{0x00000000eb44c3d8}: com/sun/org/apache/xerces/internal/impl/msg/spi/DOMMessagesProvider> (0x00000000eb44c3d8) 
thrown [s\src\hotspot\share\classfile\systemDictionary.cpp, line 256]
Event: 4.670 Thread 0x000000001d0baba0 Exception <a 'java/lang/ClassNotFoundException'{0x00000000eb48c8b0}: com/sun/org/apache/xerces/internal/impl/msg/spi/XMLSerializerMessagesProvider> (0x00000000eb48c8b0) 
thrown [s\src\hotspot\share\classfile\systemDictionary.cpp, line 256]
Event: 4.671 Thread 0x000000001d0baba0 Exception <a 'java/lang/ClassNotFoundException'{0x00000000eb4a4df0}: com/sun/org/apache/xerces/internal/impl/msg/spi/XMLMessagesProvider> (0x00000000eb4a4df0) 
thrown [s\src\hotspot\share\classfile\systemDictionary.cpp, line 256]
Event: 4.727 Thread 0x000000001d0baba0 Exception <a 'java/lang/NoSuchMethodError'{0x00000000eb702a30}: 'java.lang.Object java.lang.invoke.DirectMethodHandle$Holder.newInvokeSpecial(java.lang.Object, int, java.lang.Object, java.lang.Object)'> (0x00000000eb702a30) 
thrown [s\src\hotspot\share\interpreter\linkResolver.cpp, line 759]
Event: 12.455 Thread 0x000000001d0baba0 Exception <a 'java/lang/NoSuchMethodError'{0x00000000ebb5f258}: 'java.lang.Object java.lang.invoke.DirectMethodHandle$Holder.invokeStaticInit(java.lang.Object, int, int, int, int)'> (0x00000000ebb5f258) 
thrown [s\src\hotspot\share\interpreter\linkResolver.cpp, line 759]
Event: 12.625 Thread 0x000000001d0baba0 Exception <a 'java/lang/NoSuchMethodError'{0x00000000ebc9e898}: 'java.lang.Object java.lang.invoke.DirectMethodHandle$Holder.invokeStaticInit(java.lang.Object, java.lang.Object, int, int, int, int)'> (0x00000000ebc9e898) 
thrown [s\src\hotspot\share\interpreter\linkResolver.cpp, line 759]
Event: 12.757 Thread 0x000000001d0baba0 Exception <a 'java/lang/ClassNotFoundException'{0x00000000ec1360a8}: com/sun/org/apache/xml/internal/serializer/spi/XMLEntitiesProvider> (0x00000000ec1360a8) 
thrown [s\src\hotspot\share\classfile\systemDictionary.cpp, line 256]
Event: 13.059 Thread 0x000000001d0baba0 Exception <a 'java/io/FileNotFoundException'{0x00000000eacbf8f8}> (0x00000000eacbf8f8) 
thrown [s\src\hotspot\share\prims\jni.cpp, line 516]
Event: 13.607 Thread 0x000000001d0baba0 Exception <a 'java/lang/UnsatisfiedLinkError'{0x00000000eb03c488}: No se encontró el proceso especificado.
> (0x00000000eb03c488) 
thrown [s\src\hotspot\share\prims\jni.cpp, line 535]
Event: 13.612 Thread 0x000000001d0baba0 Exception <a 'java/io/FileNotFoundException'{0x00000000eb062410}> (0x00000000eb062410) 
thrown [s\src\hotspot\share\prims\jni.cpp, line 516]
Event: 13.711 Thread 0x000000001d0baba0 Exception <a 'java/io/FileNotFoundException'{0x00000000eb0de178}> (0x00000000eb0de178) 
thrown [s\src\hotspot\share\prims\jni.cpp, line 516]
Event: 13.739 Thread 0x000000001d0baba0 Exception <a 'java/lang/UnsatisfiedLinkError'{0x00000000eb1723f0}: No se encontró el proceso especificado.
> (0x00000000eb1723f0) 
thrown [s\src\hotspot\share\prims\jni.cpp, line 535]
Event: 13.770 Thread 0x000000000298fda0 Exception <a 'java/lang/NoSuchMethodError'{0x00000000eb355f08}: 'java.lang.Object java.lang.invoke.DirectMethodHandle$Holder.invokeStatic(java.lang.Object, java.lang.Object, long, java.lang.Object)'> (0x00000000eb355f08) 
thrown [s\src\hotspot\share\interpreter\linkResolver.cpp, line 759]
Event: 13.771 Thread 0x000000000298fda0 Exception <a 'java/lang/NoSuchMethodError'{0x00000000eb3599a0}: 'java.lang.Object java.lang.invoke.DirectMethodHandle$Holder.invokeStaticInit(java.lang.Object, java.lang.Object, long, java.lang.Object)'> (0x00000000eb3599a0) 
thrown [s\src\hotspot\share\interpreter\linkResolver.cpp, line 759]
Event: 13.773 Thread 0x000000000298fda0 Exception <a 'java/lang/NoSuchMethodError'{0x00000000eb35ffb0}: 'java.lang.Object java.lang.invoke.DirectMethodHandle$Holder.newInvokeSpecial(java.lang.Object, java.lang.Object, long)'> (0x00000000eb35ffb0) 
thrown [s\src\hotspot\share\interpreter\linkResolver.cpp, line 759]
Event: 14.100 Thread 0x000000000298fda0 Exception <a 'java/lang/NoSuchMethodError'{0x00000000eb608698}: 'void java.lang.invoke.DirectMethodHandle$Holder.invokeStatic(java.lang.Object, java.lang.Object, java.lang.Object, java.lang.Object)'> (0x00000000eb608698) 
thrown [s\src\hotspot\share\interpreter\linkResolver.cpp, line 759]
Event: 14.758 Thread 0x000000000298fda0 Exception <a 'java/lang/NoSuchMethodError'{0x00000000ebec5030}: 'void java.lang.invoke.DirectMethodHandle$Holder.invokeSpecial(java.lang.Object, java.lang.Object, java.lang.Object, java.lang.Object, java.lang.Object, java.lang.Object)'> (0x00000000ebec5030) 
thrown [s\src\hotspot\share\interpreter\linkResolver.cpp, line 759]
Event: 14.760 Thread 0x000000000298fda0 Exception <a 'java/lang/IncompatibleClassChangeError'{0x00000000ebece7d8}: Found class java.lang.Object, but interface was expected> (0x00000000ebece7d8) 
thrown [s\src\hotspot\share\interpreter\linkResolver.cpp, line 826]

VM Operations (20 events):
Event: 6.832 Executing VM operation: HandshakeAllThreads
Event: 6.832 Executing VM operation: HandshakeAllThreads done
Event: 7.832 Executing VM operation: Cleanup
Event: 7.832 Executing VM operation: Cleanup done
Event: 12.641 Executing VM operation: HandshakeAllThreads
Event: 12.641 Executing VM operation: HandshakeAllThreads done
Event: 12.641 Executing VM operation: Cleanup
Event: 12.641 Executing VM operation: Cleanup done
Event: 12.877 Executing VM operation: HandshakeAllThreads
Event: 12.877 Executing VM operation: HandshakeAllThreads done
Event: 12.893 Executing VM operation: ParallelGCFailedAllocation
Event: 12.896 Executing VM operation: ParallelGCFailedAllocation done
Event: 13.590 Executing VM operation: HandshakeAllThreads
Event: 13.590 Executing VM operation: HandshakeAllThreads done
Event: 14.602 Executing VM operation: Cleanup
Event: 14.741 Executing VM operation: Cleanup done
Event: 15.175 Executing VM operation: ParallelGCFailedAllocation
Event: 15.178 Executing VM operation: ParallelGCFailedAllocation done
Event: 15.208 Executing VM operation: HandshakeAllThreads
Event: 15.294 Executing VM operation: HandshakeAllThreads done

Events (20 events):
Event: 14.911 loading class java/lang/invoke/VarHandleInts$FieldStaticReadOnly done
Event: 14.911 loading class java/lang/invoke/VarHandleInts$FieldStaticReadWrite done
Event: 14.911 loading class java/util/concurrent/ForkJoinPool$DefaultForkJoinWorkerThreadFactory
Event: 14.912 loading class java/util/concurrent/ForkJoinPool$ForkJoinWorkerThreadFactory
Event: 14.912 loading class java/util/concurrent/ForkJoinPool$ForkJoinWorkerThreadFactory done
Event: 14.912 loading class java/util/concurrent/ForkJoinPool$DefaultForkJoinWorkerThreadFactory done
Event: 14.913 loading class java/util/concurrent/ForkJoinPool$1
Event: 14.913 loading class java/util/concurrent/ForkJoinPool$1 done
Event: 14.913 loading class java/util/concurrent/ForkJoinPool$DefaultCommonPoolForkJoinWorkerThreadFactory
Event: 14.913 loading class java/util/concurrent/ForkJoinPool$DefaultCommonPoolForkJoinWorkerThreadFactory done
Event: 14.913 loading class java/util/concurrent/ForkJoinPool$WorkQueue
Event: 14.914 loading class java/util/concurrent/ForkJoinPool$WorkQueue done
Event: 15.042 loading class sun/util/locale/provider/CalendarNameProviderImpl$LengthBasedComparator
Event: 15.043 loading class sun/util/locale/provider/CalendarNameProviderImpl$LengthBasedComparator done
Event: 15.047 loading class java/time/format/DateTimeParseContext
Event: 15.047 loading class java/time/format/DateTimeParseContext done
Event: 15.047 loading class java/time/format/Parsed
Event: 15.048 loading class java/time/format/Parsed done
Event: 15.050 loading class java/time/LocalTime$1
Event: 15.050 loading class java/time/LocalTime$1 done


Dynamic libraries:
0x00007ff7d9770000 - 0x00007ff7d977e000 	c:\Users\HP 11na\.vscode\extensions\redhat.java-1.31.2024051808-win32-x64\jre\17.0.11-win32-x86_64\bin\java.exe
0x00007ff8c76e0000 - 0x00007ff8c78e7000 	C:\WINDOWS\SYSTEM32\ntdll.dll
0x00007ff8c6310000 - 0x00007ff8c63cd000 	C:\WINDOWS\System32\KERNEL32.DLL
0x00007ff8c4d30000 - 0x00007ff8c50a4000 	C:\WINDOWS\System32\KERNELBASE.dll
0x00007ff8c1d10000 - 0x00007ff8c1da1000 	C:\WINDOWS\SYSTEM32\apphelp.dll
0x00007ff8c5450000 - 0x00007ff8c5561000 	C:\WINDOWS\System32\ucrtbase.dll
0x00007ff89d250000 - 0x00007ff89d267000 	c:\Users\HP 11na\.vscode\extensions\redhat.java-1.31.2024051808-win32-x64\jre\17.0.11-win32-x86_64\bin\jli.dll
0x00007ff8c73c0000 - 0x00007ff8c756c000 	C:\WINDOWS\System32\USER32.dll
0x00007ff8c4d00000 - 0x00007ff8c4d26000 	C:\WINDOWS\System32\win32u.dll
0x00007ff8c55f0000 - 0x00007ff8c5619000 	C:\WINDOWS\System32\GDI32.dll
0x00007ff8c51c0000 - 0x00007ff8c52d2000 	C:\WINDOWS\System32\gdi32full.dll
0x00007ff8c5120000 - 0x00007ff8c51bd000 	C:\WINDOWS\System32\msvcp_win.dll
0x00007ff89ac70000 - 0x00007ff89ac8b000 	c:\Users\HP 11na\.vscode\extensions\redhat.java-1.31.2024051808-win32-x64\jre\17.0.11-win32-x86_64\bin\VCRUNTIME140.dll
0x00007ff8a9910000 - 0x00007ff8a9bb5000 	C:\WINDOWS\WinSxS\amd64_microsoft.windows.common-controls_6595b64144ccf1df_6.0.22000.120_none_9d947278b86cc467\COMCTL32.dll
0x00007ff8c7310000 - 0x00007ff8c73b3000 	C:\WINDOWS\System32\msvcrt.dll
0x00007ff8c5860000 - 0x00007ff8c5891000 	C:\WINDOWS\System32\IMM32.DLL
0x00007ff8a4cf0000 - 0x00007ff8a4cfc000 	c:\Users\HP 11na\.vscode\extensions\redhat.java-1.31.2024051808-win32-x64\jre\17.0.11-win32-x86_64\bin\vcruntime140_1.dll
0x00007ff87d5a0000 - 0x00007ff87d62d000 	c:\Users\HP 11na\.vscode\extensions\redhat.java-1.31.2024051808-win32-x64\jre\17.0.11-win32-x86_64\bin\msvcp140.dll
0x00007ff86c7f0000 - 0x00007ff86d452000 	c:\Users\HP 11na\.vscode\extensions\redhat.java-1.31.2024051808-win32-x64\jre\17.0.11-win32-x86_64\bin\server\jvm.dll
0x00007ff8c60e0000 - 0x00007ff8c618c000 	C:\WINDOWS\System32\ADVAPI32.dll
0x00007ff8c5bd0000 - 0x00007ff8c5c6d000 	C:\WINDOWS\System32\sechost.dll
0x00007ff8c7570000 - 0x00007ff8c7691000 	C:\WINDOWS\System32\RPCRT4.dll
0x00007ff8c3720000 - 0x00007ff8c376d000 	C:\WINDOWS\SYSTEM32\POWRPROF.dll
0x00007ff89cb10000 - 0x00007ff89cb19000 	C:\WINDOWS\SYSTEM32\WSOCK32.dll
0x00007ff8c5570000 - 0x00007ff8c55df000 	C:\WINDOWS\System32\WS2_32.dll
0x00007ff8b4490000 - 0x00007ff8b44c3000 	C:\WINDOWS\SYSTEM32\WINMM.dll
0x00007ff8b91d0000 - 0x00007ff8b91da000 	C:\WINDOWS\SYSTEM32\VERSION.dll
0x00007ff8c3700000 - 0x00007ff8c3713000 	C:\WINDOWS\SYSTEM32\UMPDC.dll
0x00007ff8c3dd0000 - 0x00007ff8c3de8000 	C:\WINDOWS\SYSTEM32\kernel.appcore.dll
0x00007ff8a48a0000 - 0x00007ff8a48aa000 	c:\Users\HP 11na\.vscode\extensions\redhat.java-1.31.2024051808-win32-x64\jre\17.0.11-win32-x86_64\bin\jimage.dll
0x00007ff8c27b0000 - 0x00007ff8c29d1000 	C:\WINDOWS\SYSTEM32\DBGHELP.DLL
0x00007ff8a65a0000 - 0x00007ff8a65d1000 	C:\WINDOWS\SYSTEM32\dbgcore.DLL
0x00007ff8c4bc0000 - 0x00007ff8c4c3f000 	C:\WINDOWS\System32\bcryptPrimitives.dll
0x00007ff8a47c0000 - 0x00007ff8a47ce000 	c:\Users\HP 11na\.vscode\extensions\redhat.java-1.31.2024051808-win32-x64\jre\17.0.11-win32-x86_64\bin\instrument.dll
0x00007ff89a5c0000 - 0x00007ff89a5e5000 	c:\Users\HP 11na\.vscode\extensions\redhat.java-1.31.2024051808-win32-x64\jre\17.0.11-win32-x86_64\bin\java.dll
0x00007ff8958e0000 - 0x00007ff8958f8000 	c:\Users\HP 11na\.vscode\extensions\redhat.java-1.31.2024051808-win32-x64\jre\17.0.11-win32-x86_64\bin\zip.dll
0x00007ff8c6b60000 - 0x00007ff8c730e000 	C:\WINDOWS\System32\SHELL32.dll
0x00007ff8c2d60000 - 0x00007ff8c35c7000 	C:\WINDOWS\SYSTEM32\windows.storage.dll
0x00007ff8c6480000 - 0x00007ff8c67f8000 	C:\WINDOWS\System32\combase.dll
0x00007ff8c2bf0000 - 0x00007ff8c2d56000 	C:\WINDOWS\SYSTEM32\wintypes.dll
0x00007ff8c6190000 - 0x00007ff8c627a000 	C:\WINDOWS\System32\SHCORE.dll
0x00007ff8c59d0000 - 0x00007ff8c5a2d000 	C:\WINDOWS\System32\shlwapi.dll
0x00007ff8c4af0000 - 0x00007ff8c4b11000 	C:\WINDOWS\SYSTEM32\profapi.dll
0x00007ff886cd0000 - 0x00007ff886ce9000 	C:\Users\HP 11na\.vscode\extensions\redhat.java-1.31.2024051808-win32-x64\jre\17.0.11-win32-x86_64\bin\net.dll
0x00007ff8bd760000 - 0x00007ff8bd86c000 	C:\WINDOWS\SYSTEM32\WINHTTP.dll
0x00007ff8c41e0000 - 0x00007ff8c4247000 	C:\WINDOWS\system32\mswsock.dll
0x00007ff885b70000 - 0x00007ff885b86000 	C:\Users\HP 11na\.vscode\extensions\redhat.java-1.31.2024051808-win32-x64\jre\17.0.11-win32-x86_64\bin\nio.dll
0x00007ff8a3670000 - 0x00007ff8a3680000 	c:\Users\HP 11na\.vscode\extensions\redhat.java-1.31.2024051808-win32-x64\jre\17.0.11-win32-x86_64\bin\verify.dll
0x00007ff87c540000 - 0x00007ff87c584000 	C:\Users\HP 11na\AppData\Roaming\Code\User\globalStorage\redhat.java\1.31.2024051808\config_ss_win\org.eclipse.equinox.launcher\org.eclipse.equinox.launcher.win32.win32.x86_64_1.2.1000.v20240506-2123\eclipse_11901.dll
0x00007ff8c5a30000 - 0x00007ff8c5bca000 	C:\WINDOWS\System32\ole32.dll
0x00007ff8c4420000 - 0x00007ff8c4438000 	C:\WINDOWS\SYSTEM32\CRYPTSP.dll
0x00007ff8c3d30000 - 0x00007ff8c3d65000 	C:\WINDOWS\system32\rsaenh.dll
0x00007ff8c42d0000 - 0x00007ff8c42f9000 	C:\WINDOWS\SYSTEM32\USERENV.dll
0x00007ff8c45a0000 - 0x00007ff8c45c7000 	C:\WINDOWS\SYSTEM32\bcrypt.dll
0x00007ff8c4440000 - 0x00007ff8c444c000 	C:\WINDOWS\SYSTEM32\CRYPTBASE.dll
0x00007ff8c3950000 - 0x00007ff8c397d000 	C:\WINDOWS\SYSTEM32\IPHLPAPI.DLL
0x00007ff8c55e0000 - 0x00007ff8c55e9000 	C:\WINDOWS\System32\NSI.dll
0x00007ff8bd8f0000 - 0x00007ff8bd909000 	C:\WINDOWS\SYSTEM32\dhcpcsvc6.DLL
0x00007ff8bda10000 - 0x00007ff8bda2e000 	C:\WINDOWS\SYSTEM32\dhcpcsvc.DLL
0x00007ff8c3980000 - 0x00007ff8c3a67000 	C:\WINDOWS\SYSTEM32\DNSAPI.dll
0x00007ff8a8ce0000 - 0x00007ff8a8d25000 	C:\Users\HP 11na\AppData\Local\Temp\jna-1797150699\jna14339843668322151463.dll
0x00007ff8c69a0000 - 0x00007ff8c69a8000 	C:\WINDOWS\System32\PSAPI.DLL

dbghelp: loaded successfully - version: 4.0.5 - missing functions: none
symbol engine: initialized successfully - sym options: 0x614 - pdb path: .;c:\Users\HP 11na\.vscode\extensions\redhat.java-1.31.2024051808-win32-x64\jre\17.0.11-win32-x86_64\bin;C:\WINDOWS\SYSTEM32;C:\WINDOWS\WinSxS\amd64_microsoft.windows.common-controls_6595b64144ccf1df_6.0.22000.120_none_9d947278b86cc467;c:\Users\HP 11na\.vscode\extensions\redhat.java-1.31.2024051808-win32-x64\jre\17.0.11-win32-x86_64\bin\server;C:\Users\HP 11na\AppData\Roaming\Code\User\globalStorage\redhat.java\1.31.2024051808\config_ss_win\org.eclipse.equinox.launcher\org.eclipse.equinox.launcher.win32.win32.x86_64_1.2.1000.v20240506-2123;C:\Users\HP 11na\AppData\Local\Temp\jna-1797150699

VM Arguments:
jvm_args: --add-modules=ALL-SYSTEM --add-opens=java.base/java.util=ALL-UNNAMED --add-opens=java.base/java.lang=ALL-UNNAMED --add-opens=java.base/sun.nio.fs=ALL-UNNAMED -Declipse.application=org.eclipse.jdt.ls.core.id1 -Dosgi.bundles.defaultStartLevel=4 -Declipse.product=org.eclipse.jdt.ls.core.product -Djava.import.generatesMetadataFilesAtProjectRoot=false -DDetectVMInstallationsJob.disabled=true -Dfile.encoding=utf8 -XX:+UseParallelGC -XX:GCTimeRatio=4 -XX:AdaptiveSizePolicyWeight=90 -Dsun.zip.disableMemoryMapping=true -Xmx1G -Xms100m -Xlog:disable -javaagent:c:\Users\HP 11na\.vscode\extensions\redhat.java-1.31.2024051808-win32-x64\lombok\lombok-1.18.32.jar 
java_command: c:\Users\HP 11na\.vscode\extensions\redhat.java-1.31.2024051808-win32-x64\server\plugins\org.eclipse.equinox.launcher_1.6.800.v20240426-1701.jar -configuration c:\Users\HP 11na\AppData\Roaming\Code\User\globalStorage\redhat.java\1.31.2024051808\config_ss_win -data c:\Users\HP 11na\AppData\Roaming\Code\User\workspaceStorage\d43263611282b89c80052938ba8c6bae\redhat.java\ss_ws --pipe=\\.\pipe\lsp-64b07dad7bc1ada7cc0c3b31bb53f5a9-sock
java_class_path (initial): c:\Users\HP 11na\.vscode\extensions\redhat.java-1.31.2024051808-win32-x64\server\plugins\org.eclipse.equinox.launcher_1.6.800.v20240426-1701.jar
Launcher Type: SUN_STANDARD

[Global flags]
    uintx AdaptiveSizePolicyWeight                 = 90                                        {product} {command line}
     intx CICompilerCount                          = 3                                         {product} {ergonomic}
    uintx GCTimeRatio                              = 4                                         {product} {command line}
   size_t InitialHeapSize                          = 104857600                                 {product} {command line}
   size_t MaxHeapSize                              = 1073741824                                {product} {command line}
   size_t MaxNewSize                               = 357564416                                 {product} {ergonomic}
   size_t MinHeapDeltaBytes                        = 524288                                    {product} {ergonomic}
   size_t MinHeapSize                              = 104857600                                 {product} {command line}
   size_t NewSize                                  = 34603008                                  {product} {ergonomic}
    uintx NonNMethodCodeHeapSize                   = 5832780                                {pd product} {ergonomic}
    uintx NonProfiledCodeHeapSize                  = 122912730                              {pd product} {ergonomic}
   size_t OldSize                                  = 70254592                                  {product} {ergonomic}
    uintx ProfiledCodeHeapSize                     = 122912730                              {pd product} {ergonomic}
    uintx ReservedCodeCacheSize                    = 251658240                              {pd product} {ergonomic}
     bool SegmentedCodeCache                       = true                                      {product} {ergonomic}
   size_t SoftMaxHeapSize                          = 1073741824                             {manageable} {ergonomic}
     bool UseCompressedClassPointers               = true                           {product lp64_product} {ergonomic}
     bool UseCompressedOops                        = true                           {product lp64_product} {ergonomic}
     bool UseLargePagesIndividualAllocation        = false                                  {pd product} {ergonomic}
     bool UseParallelGC                            = true                                      {product} {command line}

Logging:
Log output configuration:
 #0: stdout all=off uptime,level,tags
 #1: stderr all=off uptime,level,tags

Environment Variables:
PATH=C:\Program Files\Eclipse Adoptium\jdk-21.0.1.12-hotspot\bin;C:\Program Files (x86)\NVIDIA Corporation\PhysX\Common;C:\WINDOWS\system32;C:\WINDOWS;C:\WINDOWS\System32\Wbem;C:\WINDOWS\System32\WindowsPowerShell\v1.0\;C:\WINDOWS\System32\OpenSSH\;C:\Program Files\dotnet\;C:\Program Files\nodejs\;C:\Program Files\Git\cmd;C:\Program Files (x86)\Microsoft SQL Server\160\Tools\Binn\;C:\Program Files\Microsoft SQL Server\160\Tools\Binn\;C:\Program Files\Microsoft SQL Server\Client SDK\ODBC\170\Tools\Binn\;C:\Program Files\Microsoft SQL Server\160\DTS\Binn\;C:\Program Files\Microsoft SQL Server\120\Tools\Binn\;C:\Users\HP 11na\AppData\Local\Programs\Python\Python38\Scripts\;C:\Users\HP 11na\AppData\Local\Programs\Python\Python38;C:\Users\HP 11na\AppData\Local\Programs\Python\Python38\;C:\Users\HP 11na\AppData\Local\Programs\Python\Python312\Scripts\;C:\Users\HP 11na\AppData\Local\Programs\Python\Python312\;C:\Users\HP 11na\AppData\Local\Programs\Python\Launcher\;C:\Users\HP 11na\AppData\Local\Microsoft\WindowsApps;C:\Users\HP 11na\AppData\Local\Programs\Microsoft VS Code\bin;C:\msys64\ucrt64\bin;C:\Users\HP 11na\.dotnet\tools;C:\Users\HP 11na\AppData\Roaming\npm;C:\Program Files\JetBrains\IntelliJ IDEA Community Edition 2023.3.2\bin;C:\Users\HP 11na\AppData\Local\GitHubDesktop\bin;C:\Program Files\JetBrains\PyCharm Community Edition 2023.3.3\bin;
USERNAME=HP 11na
OS=Windows_NT
PROCESSOR_IDENTIFIER=Intel64 Family 6 Model 140 Stepping 1, GenuineIntel
TMP=C:\Users\HP11NA~1\AppData\Local\Temp
TEMP=C:\Users\HP11NA~1\AppData\Local\Temp



Periodic native trim disabled


---------------  S Y S T E M  ---------------

OS:
 Windows 11 , 64 bit Build 22000 (10.0.22000.318)
OS uptime: 0 days 11:45 hours

CPU: total 4 (initial active 4) (2 cores per cpu, 2 threads per core) family 6 model 140 stepping 1 microcode 0x86, cx8, cmov, fxsr, ht, mmx, 3dnowpref, sse, sse2, sse3, ssse3, sse4.1, sse4.2, popcnt, lzcnt, tsc, tscinvbit, avx, avx2, aes, erms, clmul, bmi1, bmi2, adx, avx512f, avx512dq, avx512cd, avx512bw, avx512vl, sha, fma, vzeroupper, avx512_vpopcntdq, avx512_vpclmulqdq, avx512_vaes, avx512_vnni, clflush, clflushopt, clwb, avx512_vbmi2, avx512_vbmi
Processor Information for all 4 processors :
  Max Mhz: 2995, Current Mhz: 2995, Mhz Limit: 2995

Memory: 4k page, system-wide physical 7948M (974M free)
TotalPageFile size 7948M (AvailPageFile size 6M)
current process WorkingSet (physical memory assigned to process): 146M, peak: 148M
current process commit charge ("private bytes"): 236M, peak: 243M

vm_info: OpenJDK 64-Bit Server VM (17.0.11+9) for windows-amd64 JRE (17.0.11+9), built on Apr 17 2024 06:07:48 by "admin" with MS VC++ 16.10 / 16.11 (VS2019)

END.
