#
# There is insufficient memory for the Java Runtime Environment to continue.
# Native memory allocation (malloc) failed to allocate 32744 bytes. Error detail: ChunkPool::allocate
# Possible reasons:
#   The system is out of physical RAM or swap space
#   This process is running with CompressedOops enabled, and the Java Heap may be blocking the growth of the native heap
# Possible solutions:
#   Reduce memory load on the system
#   Increase physical memory or swap space
#   Check if swap backing store is full
#   Decrease Java heap size (-Xmx/-Xms)
#   Decrease number of Java threads
#   Decrease Java thread stack sizes (-Xss)
#   Set larger code cache with -XX:ReservedCodeCacheSize=
#   JVM is running with Unscaled Compressed Oops mode in which the Java heap is
#     placed in the first 4GB address space. The Java Heap base address is the
#     maximum limit for the native heap growth. Please use -XX:HeapBaseMinAddress
#     to set the Java Heap base and to place the Java Heap above 4GB virtual address.
# This output file may be truncated or incomplete.
#
#  Out of Memory Error (arena.cpp:79), pid=15020, tid=4780
#
# JRE version: OpenJDK Runtime Environment Temurin-17.0.11+9 (17.0.11+9) (build 17.0.11+9)
# Java VM: OpenJDK 64-Bit Server VM Temurin-17.0.11+9 (17.0.11+9, mixed mode, tiered, compressed oops, compressed class ptrs, parallel gc, windows-amd64)
# No core dump will be written. Minidumps are not enabled by default on client versions of Windows
#

---------------  S U M M A R Y ------------

Command Line: --add-modules=ALL-SYSTEM --add-opens=java.base/java.util=ALL-UNNAMED --add-opens=java.base/java.lang=ALL-UNNAMED --add-opens=java.base/sun.nio.fs=ALL-UNNAMED -Declipse.application=org.eclipse.jdt.ls.core.id1 -Dosgi.bundles.defaultStartLevel=4 -Declipse.product=org.eclipse.jdt.ls.core.product -Djava.import.generatesMetadataFilesAtProjectRoot=false -DDetectVMInstallationsJob.disabled=true -Dfile.encoding=utf8 -XX:+UseParallelGC -XX:GCTimeRatio=4 -XX:AdaptiveSizePolicyWeight=90 -Dsun.zip.disableMemoryMapping=true -Xmx1G -Xms100m -Xlog:disable -javaagent:c:\Users\HP 11na\.vscode\extensions\redhat.java-1.31.2024051808-win32-x64\lombok\lombok-1.18.32.jar c:\Users\HP 11na\.vscode\extensions\redhat.java-1.31.2024051808-win32-x64\server\plugins\org.eclipse.equinox.launcher_1.6.800.v20240426-1701.jar -configuration c:\Users\HP 11na\AppData\Roaming\Code\User\globalStorage\redhat.java\1.31.2024051808\config_ss_win -data c:\Users\HP 11na\AppData\Roaming\Code\User\workspaceStorage\d43263611282b89c80052938ba8c6bae\redhat.java\ss_ws --pipe=\\.\pipe\lsp-0d8d5f9c70bf74addd5ae53bb67e31b6-sock

Host: 11th Gen Intel(R) Core(TM) i3-1115G4 @ 3.00GHz, 4 cores, 7G,  Windows 11 , 64 bit Build 22000 (10.0.22000.318)
Time: Mon Sep  2 19:49:28 2024 Hora universal coordinada elapsed time: 16.603547 seconds (0d 0h 0m 16s)

---------------  T H R E A D  ---------------

Current thread (0x0000000016a01df0):  JavaThread "C2 CompilerThread0" daemon [_thread_in_native, id=4780, stack(0x000000001c1e0000,0x000000001c2e0000)]


Current CompileTask:
C2:  16603 4571   !   4       org.eclipse.osgi.internal.loader.classpath.ClasspathManager::findLocalClass (210 bytes)

Stack: [0x000000001c1e0000,0x000000001c2e0000]
Native frames: (J=compiled Java code, j=interpreted, Vv=VM code, C=native code)
V  [jvm.dll+0x67d429]
V  [jvm.dll+0x834b7a]
V  [jvm.dll+0x83663e]
V  [jvm.dll+0x836ca3]
V  [jvm.dll+0x247dbf]
V  [jvm.dll+0xac731]
V  [jvm.dll+0xacb7c]
V  [jvm.dll+0x11f278]
V  [jvm.dll+0x6a6d51]
V  [jvm.dll+0x1bd33e]
V  [jvm.dll+0x21a5c9]
V  [jvm.dll+0x2198b1]
V  [jvm.dll+0x1a534d]
V  [jvm.dll+0x2295cd]
V  [jvm.dll+0x22779c]
V  [jvm.dll+0x7e9d07]
V  [jvm.dll+0x7e410a]
V  [jvm.dll+0x67c315]
C  [ucrtbase.dll+0x26c0c]
C  [KERNEL32.DLL+0x154e0]
C  [ntdll.dll+0x485b]


---------------  P R O C E S S  ---------------

Threads class SMR info:
_java_thread_list=0x000000001dd50120, length=30, elements={
0x000000000298ac70, 0x00000000169cb020, 0x00000000169cc180, 0x00000000169e2220,
0x00000000169e2af0, 0x00000000169fe730, 0x00000000169ff0f0, 0x0000000016a01df0,
0x000000001c327800, 0x000000001c32b4e0, 0x000000001c3d0f60, 0x000000001c5f60a0,
0x000000001cfeb870, 0x000000001d0a4e40, 0x000000001d142800, 0x000000001d1602b0,
0x000000001d1fff20, 0x000000001d1fe0c0, 0x000000001d1ffa10, 0x000000001d200430,
0x000000001d1ff500, 0x000000001d1fe5d0, 0x000000001d200940, 0x000000001cc474f0,
0x000000001cc42e10, 0x000000001cc43830, 0x000000001cc47a00, 0x000000001cc460b0,
0x000000001cc42900, 0x000000001e787ec0
}

Java Threads: ( => current thread )
  0x000000000298ac70 JavaThread "main" [_thread_blocked, id=15096, stack(0x0000000000750000,0x0000000000850000)]
  0x00000000169cb020 JavaThread "Reference Handler" daemon [_thread_blocked, id=5196, stack(0x000000001bab0000,0x000000001bbb0000)]
  0x00000000169cc180 JavaThread "Finalizer" daemon [_thread_blocked, id=11024, stack(0x000000001bbb0000,0x000000001bcb0000)]
  0x00000000169e2220 JavaThread "Signal Dispatcher" daemon [_thread_blocked, id=8096, stack(0x000000001bde0000,0x000000001bee0000)]
  0x00000000169e2af0 JavaThread "Attach Listener" daemon [_thread_blocked, id=9464, stack(0x000000001bee0000,0x000000001bfe0000)]
  0x00000000169fe730 JavaThread "Service Thread" daemon [_thread_blocked, id=12464, stack(0x000000001bfe0000,0x000000001c0e0000)]
  0x00000000169ff0f0 JavaThread "Monitor Deflation Thread" daemon [_thread_blocked, id=14896, stack(0x000000001c0e0000,0x000000001c1e0000)]
=>0x0000000016a01df0 JavaThread "C2 CompilerThread0" daemon [_thread_in_native, id=4780, stack(0x000000001c1e0000,0x000000001c2e0000)]
  0x000000001c327800 JavaThread "C1 CompilerThread0" daemon [_thread_in_native, id=11404, stack(0x000000001c6e0000,0x000000001c7e0000)]
  0x000000001c32b4e0 JavaThread "Sweeper thread" daemon [_thread_blocked, id=7500, stack(0x000000001c7e0000,0x000000001c8e0000)]
  0x000000001c3d0f60 JavaThread "Common-Cleaner" daemon [_thread_blocked, id=11784, stack(0x000000001c8e0000,0x000000001c9e0000)]
  0x000000001c5f60a0 JavaThread "Notification Thread" daemon [_thread_blocked, id=3200, stack(0x000000001d2e0000,0x000000001d3e0000)]
  0x000000001cfeb870 JavaThread "Active Thread: Equinox Container: 4ee72004-1794-4de4-b537-7715ed6dda0f" [_thread_blocked, id=14320, stack(0x000000001e920000,0x000000001ea20000)]
  0x000000001d0a4e40 JavaThread "Framework Event Dispatcher: Equinox Container: 4ee72004-1794-4de4-b537-7715ed6dda0f" daemon [_thread_blocked, id=12892, stack(0x000000001ea20000,0x000000001eb20000)]
  0x000000001d142800 JavaThread "Start Level: Equinox Container: 4ee72004-1794-4de4-b537-7715ed6dda0f" daemon [_thread_blocked, id=11128, stack(0x000000001eb20000,0x000000001ec20000)]
  0x000000001d1602b0 JavaThread "SCR Component Actor" daemon [_thread_blocked, id=9512, stack(0x000000001ec20000,0x000000001ed20000)]
  0x000000001d1fff20 JavaThread "JNA Cleaner" daemon [_thread_blocked, id=14492, stack(0x000000001d850000,0x000000001d950000)]
  0x000000001d1fe0c0 JavaThread "Thread-2" daemon [_thread_in_native, id=14260, stack(0x0000000020730000,0x0000000020830000)]
  0x000000001d1ffa10 JavaThread "Thread-3" daemon [_thread_in_native, id=2752, stack(0x0000000020830000,0x0000000020930000)]
  0x000000001d200430 JavaThread "Thread-4" daemon [_thread_in_native, id=12624, stack(0x0000000020930000,0x0000000020a30000)]
  0x000000001d1ff500 JavaThread "Thread-5" daemon [_thread_in_native, id=11560, stack(0x0000000020a30000,0x0000000020b30000)]
  0x000000001d1fe5d0 JavaThread "Thread-6" daemon [_thread_in_native, id=13716, stack(0x0000000020b30000,0x0000000020c30000)]
  0x000000001d200940 JavaThread "pool-2-thread-1" [_thread_blocked, id=12740, stack(0x0000000020c30000,0x0000000020d30000)]
  0x000000001cc474f0 JavaThread "WorkspaceEventsHandler" [_thread_blocked, id=14212, stack(0x0000000020630000,0x0000000020730000)]
  0x000000001cc42e10 JavaThread "pool-1-thread-1" [_thread_blocked, id=11908, stack(0x0000000020d30000,0x0000000020e30000)]
  0x000000001cc43830 JavaThread "ForkJoinPool.commonPool-worker-1" daemon [_thread_blocked, id=1468, stack(0x0000000029530000,0x0000000029630000)]
  0x000000001cc47a00 JavaThread "pool-3-thread-1" [_thread_blocked, id=13588, stack(0x0000000029630000,0x0000000029730000)]
  0x000000001cc460b0 JavaThread "Framework stop - Equinox Container: 4ee72004-1794-4de4-b537-7715ed6dda0f" [_thread_in_Java, id=14404, stack(0x000000002aa90000,0x000000002ab90000)]
  0x000000001cc42900 JavaThread "SCR Component Registry" daemon [_thread_blocked, id=13396, stack(0x0000000029730000,0x0000000029830000)]
  0x000000001e787ec0 JavaThread "C2 CompilerThread1" daemon [_thread_blocked, id=9568, stack(0x0000000029830000,0x0000000029930000)]

Other Threads:
  0x00000000169b24d0 VMThread "VM Thread" [stack: 0x000000001b9b0000,0x000000001bab0000] [id=9264]
  0x000000001c60bda0 WatcherThread [stack: 0x000000001d3e0000,0x000000001d4e0000] [id=6868]
  0x00000000029a0270 GCTaskThread "GC Thread#0" [stack: 0x0000000002530000,0x0000000002630000] [id=6924]
  0x000000001cec5030 GCTaskThread "GC Thread#1" [stack: 0x000000001c9e0000,0x000000001cae0000] [id=12660]
  0x000000001cfb2440 GCTaskThread "GC Thread#2" [stack: 0x000000001d650000,0x000000001d750000] [id=10904]
  0x000000001cfb2700 GCTaskThread "GC Thread#3" [stack: 0x000000001d750000,0x000000001d850000] [id=14324]

Threads with active compile tasks:
C2 CompilerThread0    16620 4571   !   4       org.eclipse.osgi.internal.loader.classpath.ClasspathManager::findLocalClass (210 bytes)
C1 CompilerThread0    16620 4622   !   3       org.eclipse.osgi.internal.framework.BundleContextImpl::setContextFinder (77 bytes)

VM state: not at safepoint (normal execution)

VM Mutex/Monitor currently owned by a thread: None

Heap address: 0x00000000c0000000, size: 1024 MB, Compressed Oops mode: 32-bit

CDS archive(s) not mapped
Compressed class space mapped at: 0x0000000100000000-0x0000000140000000, reserved size: 1073741824
Narrow klass base: 0x0000000000000000, Narrow klass shift: 3, Narrow klass range: 0x140000000

GC Precious Log:
 CPUs: 4 total, 4 available
 Memory: 7948M
 Large Page Support: Disabled
 NUMA Support: Disabled
 Compressed Oops: Enabled (32-bit)
 Alignments: Space 512K, Generation 512K, Heap 2M
 Heap Min Capacity: 100M
 Heap Initial Capacity: 100M
 Heap Max Capacity: 1G
 Pre-touch: Disabled
 Parallel Workers: 4

Heap:
 PSYoungGen      total 23552K, used 9970K [0x00000000eab00000, 0x00000000ec400000, 0x0000000100000000)
  eden space 21504K, 38% used [0x00000000eab00000,0x00000000eb32c8c0,0x00000000ec000000)
  from space 2048K, 78% used [0x00000000ec000000,0x00000000ec190000,0x00000000ec200000)
  to   space 2048K, 0% used [0x00000000ec200000,0x00000000ec200000,0x00000000ec400000)
 ParOldGen       total 68608K, used 27251K [0x00000000c0000000, 0x00000000c4300000, 0x00000000eab00000)
  object space 68608K, 39% used [0x00000000c0000000,0x00000000c1a9cc18,0x00000000c4300000)
 Metaspace       used 45246K, committed 46016K, reserved 1114112K
  class space    used 4578K, committed 4928K, reserved 1048576K

Card table byte_map: [0x0000000002320000,0x0000000002530000] _byte_map_base: 0x0000000001d20000

Marking Bits: (ParMarkBitMap*) 0x00007ff9f05cd820
 Begin Bits: [0x0000000014620000, 0x0000000015620000)
 End Bits:   [0x0000000015620000, 0x0000000016620000)

Polling page: 0x0000000000850000

Metaspace:

Usage:
  Non-class:     39.72 MB used.
      Class:      4.47 MB used.
       Both:     44.19 MB used.

Virtual space:
  Non-class space:       64.00 MB reserved,      40.12 MB ( 63%) committed,  1 nodes.
      Class space:        1.00 GB reserved,       4.81 MB ( <1%) committed,  1 nodes.
             Both:        1.06 GB reserved,      44.94 MB (  4%) committed. 

Chunk freelists:
   Non-Class:  7.50 MB
       Class:  11.03 MB
        Both:  18.53 MB

MaxMetaspaceSize: unlimited
CompressedClassSpaceSize: 1.00 GB
Initial GC threshold: 21.00 MB
Current GC threshold: 58.38 MB
CDS: off
MetaspaceReclaimPolicy: balanced
 - commit_granule_bytes: 65536.
 - commit_granule_words: 8192.
 - virtual_space_node_default_size: 8388608.
 - enlarge_chunks_in_place: 1.
 - new_chunks_are_fully_committed: 0.
 - uncommit_free_chunks: 1.
 - use_allocation_guard: 0.
 - handle_deallocations: 1.


Internal statistics:

num_allocs_failed_limit: 6.
num_arena_births: 406.
num_arena_deaths: 14.
num_vsnodes_births: 2.
num_vsnodes_deaths: 0.
num_space_committed: 719.
num_space_uncommitted: 0.
num_chunks_returned_to_freelist: 20.
num_chunks_taken_from_freelist: 1885.
num_chunk_merges: 8.
num_chunk_splits: 1234.
num_chunks_enlarged: 839.
num_inconsistent_stats: 0.

CodeHeap 'non-profiled nmethods': size=120000Kb used=2626Kb max_used=2626Kb free=117373Kb
 bounds [0x000000000d0f0000, 0x000000000d390000, 0x0000000014620000]
CodeHeap 'profiled nmethods': size=120000Kb used=10153Kb max_used=10153Kb free=109846Kb
 bounds [0x0000000005620000, 0x0000000006010000, 0x000000000cb50000]
CodeHeap 'non-nmethods': size=5760Kb used=1331Kb max_used=1394Kb free=4428Kb
 bounds [0x000000000cb50000, 0x000000000cdc0000, 0x000000000d0f0000]
 total_blobs=5275 nmethods=4619 adapters=570
 compilation: enabled
              stopped_count=0, restarted_count=0
 full_count=0

Compilation events (20 events):
Event: 16.197 Thread 0x000000001e787ec0 4610       4       org.eclipse.osgi.framework.eventmgr.CopyOnWriteIdentityMap$Snapshot$SnapshotIterator::hasNext (15 bytes)
Event: 16.198 Thread 0x000000001e787ec0 nmethod 4610 0x000000000d37ef90 code [0x000000000d37f100, 0x000000000d37f198]
Event: 16.218 Thread 0x000000001e787ec0 4611       4       java.lang.reflect.Modifier::isPublic (12 bytes)
Event: 16.219 Thread 0x000000001e787ec0 nmethod 4611 0x000000000d37f290 code [0x000000000d37f400, 0x000000000d37f458]
Event: 16.220 Thread 0x000000001e787ec0 4612       4       java.lang.ThreadLocal$ThreadLocalMap::getEntry (42 bytes)
Event: 16.221 Thread 0x000000001e787ec0 nmethod 4612 0x000000000d37f590 code [0x000000000d37f720, 0x000000000d37f828]
Event: 16.226 Thread 0x000000001c327800 4613       3       java.nio.charset.CoderResult::isOverflow (14 bytes)
Event: 16.226 Thread 0x000000001c327800 nmethod 4613 0x0000000006008810 code [0x00000000060089a0, 0x0000000006008b18]
Event: 16.226 Thread 0x000000001c327800 4614       3       java.lang.System::lineSeparator (4 bytes)
Event: 16.226 Thread 0x000000001c327800 nmethod 4614 0x0000000006008b90 code [0x0000000006008d20, 0x0000000006008e18]
Event: 16.227 Thread 0x000000001e787ec0 4615       4       org.eclipse.osgi.internal.loader.ModuleClassLoader::loadClass (36 bytes)
Event: 16.283 Thread 0x000000001e787ec0 nmethod 4615 0x000000000d37f990 code [0x000000000d37fb40, 0x000000000d37fd38]
Event: 16.311 Thread 0x000000001c327800 4616       3       java.util.Calendar::isFieldSet (14 bytes)
Event: 16.311 Thread 0x000000001c327800 nmethod 4616 0x0000000006008e90 code [0x0000000006009020, 0x0000000006009178]
Event: 16.312 Thread 0x000000001c327800 4618       3       jdk.internal.util.ArraysSupport::mismatch (73 bytes)
Event: 16.312 Thread 0x000000001c327800 nmethod 4618 0x0000000006009210 code [0x00000000060093e0, 0x00000000060097f8]
Event: 16.312 Thread 0x000000001c327800 4619       3       java.lang.invoke.LambdaFormEditor$TransformKey::of (79 bytes)
Event: 16.313 Thread 0x000000001c327800 nmethod 4619 0x0000000006009a10 code [0x0000000006009c00, 0x000000000600a288]
Event: 16.315 Thread 0x000000001e787ec0 4620       4       java.util.Objects::equals (23 bytes)
Event: 16.316 Thread 0x000000001e787ec0 nmethod 4620 0x000000000d380410 code [0x000000000d380580, 0x000000000d380618]

GC Heap History (20 events):
Event: 11.782 GC heap before
{Heap before GC invocations=14 (full 2):
 PSYoungGen      total 24576K, used 24448K [0x00000000eab00000, 0x00000000ec600000, 0x0000000100000000)
  eden space 22528K, 100% used [0x00000000eab00000,0x00000000ec100000,0x00000000ec100000)
  from space 2048K, 93% used [0x00000000ec380000,0x00000000ec560010,0x00000000ec580000)
  to   space 512K, 0% used [0x00000000ec580000,0x00000000ec580000,0x00000000ec600000)
 ParOldGen       total 68608K, used 14131K [0x00000000c0000000, 0x00000000c4300000, 0x00000000eab00000)
  object space 68608K, 20% used [0x00000000c0000000,0x00000000c0dccda8,0x00000000c4300000)
 Metaspace       used 37721K, committed 38464K, reserved 1114112K
  class space    used 3789K, committed 4096K, reserved 1048576K
}
Event: 11.787 GC heap after
{Heap after GC invocations=14 (full 2):
 PSYoungGen      total 22528K, used 512K [0x00000000eab00000, 0x00000000ec880000, 0x0000000100000000)
  eden space 22016K, 0% used [0x00000000eab00000,0x00000000eab00000,0x00000000ec080000)
  from space 512K, 100% used [0x00000000ec580000,0x00000000ec600000,0x00000000ec600000)
  to   space 4096K, 0% used [0x00000000ec080000,0x00000000ec080000,0x00000000ec480000)
 ParOldGen       total 68608K, used 17371K [0x00000000c0000000, 0x00000000c4300000, 0x00000000eab00000)
  object space 68608K, 25% used [0x00000000c0000000,0x00000000c10f6db8,0x00000000c4300000)
 Metaspace       used 37721K, committed 38464K, reserved 1114112K
  class space    used 3789K, committed 4096K, reserved 1048576K
}
Event: 12.456 GC heap before
{Heap before GC invocations=15 (full 2):
 PSYoungGen      total 22528K, used 22528K [0x00000000eab00000, 0x00000000ec880000, 0x0000000100000000)
  eden space 22016K, 100% used [0x00000000eab00000,0x00000000ec080000,0x00000000ec080000)
  from space 512K, 100% used [0x00000000ec580000,0x00000000ec600000,0x00000000ec600000)
  to   space 4096K, 0% used [0x00000000ec080000,0x00000000ec080000,0x00000000ec480000)
 ParOldGen       total 68608K, used 17371K [0x00000000c0000000, 0x00000000c4300000, 0x00000000eab00000)
  object space 68608K, 25% used [0x00000000c0000000,0x00000000c10f6db8,0x00000000c4300000)
 Metaspace       used 39956K, committed 40704K, reserved 1114112K
  class space    used 4077K, committed 4416K, reserved 1048576K
}
Event: 12.458 GC heap after
{Heap after GC invocations=15 (full 2):
 PSYoungGen      total 24064K, used 1654K [0x00000000eab00000, 0x00000000ec600000, 0x0000000100000000)
  eden space 22016K, 0% used [0x00000000eab00000,0x00000000eab00000,0x00000000ec080000)
  from space 2048K, 80% used [0x00000000ec080000,0x00000000ec21dbe0,0x00000000ec280000)
  to   space 2560K, 0% used [0x00000000ec380000,0x00000000ec380000,0x00000000ec600000)
 ParOldGen       total 68608K, used 17896K [0x00000000c0000000, 0x00000000c4300000, 0x00000000eab00000)
  object space 68608K, 26% used [0x00000000c0000000,0x00000000c117a110,0x00000000c4300000)
 Metaspace       used 39956K, committed 40704K, reserved 1114112K
  class space    used 4077K, committed 4416K, reserved 1048576K
}
Event: 13.194 GC heap before
{Heap before GC invocations=16 (full 2):
 PSYoungGen      total 24064K, used 23628K [0x00000000eab00000, 0x00000000ec600000, 0x0000000100000000)
  eden space 22016K, 99% used [0x00000000eab00000,0x00000000ec0756f8,0x00000000ec080000)
  from space 2048K, 80% used [0x00000000ec080000,0x00000000ec21dbe0,0x00000000ec280000)
  to   space 2560K, 0% used [0x00000000ec380000,0x00000000ec380000,0x00000000ec600000)
 ParOldGen       total 68608K, used 17896K [0x00000000c0000000, 0x00000000c4300000, 0x00000000eab00000)
  object space 68608K, 26% used [0x00000000c0000000,0x00000000c117a110,0x00000000c4300000)
 Metaspace       used 41018K, committed 41792K, reserved 1114112K
  class space    used 4199K, committed 4544K, reserved 1048576K
}
Event: 13.196 GC heap after
{Heap after GC invocations=16 (full 2):
 PSYoungGen      total 22528K, used 320K [0x00000000eab00000, 0x00000000ec400000, 0x0000000100000000)
  eden space 22016K, 0% used [0x00000000eab00000,0x00000000eab00000,0x00000000ec080000)
  from space 512K, 62% used [0x00000000ec380000,0x00000000ec3d0000,0x00000000ec400000)
  to   space 1024K, 0% used [0x00000000ec200000,0x00000000ec200000,0x00000000ec300000)
 ParOldGen       total 68608K, used 19516K [0x00000000c0000000, 0x00000000c4300000, 0x00000000eab00000)
  object space 68608K, 28% used [0x00000000c0000000,0x00000000c130f048,0x00000000c4300000)
 Metaspace       used 41018K, committed 41792K, reserved 1114112K
  class space    used 4199K, committed 4544K, reserved 1048576K
}
Event: 13.473 GC heap before
{Heap before GC invocations=17 (full 2):
 PSYoungGen      total 22528K, used 22336K [0x00000000eab00000, 0x00000000ec400000, 0x0000000100000000)
  eden space 22016K, 100% used [0x00000000eab00000,0x00000000ec080000,0x00000000ec080000)
  from space 512K, 62% used [0x00000000ec380000,0x00000000ec3d0000,0x00000000ec400000)
  to   space 1024K, 0% used [0x00000000ec200000,0x00000000ec200000,0x00000000ec300000)
 ParOldGen       total 68608K, used 19516K [0x00000000c0000000, 0x00000000c4300000, 0x00000000eab00000)
  object space 68608K, 28% used [0x00000000c0000000,0x00000000c130f048,0x00000000c4300000)
 Metaspace       used 41667K, committed 42432K, reserved 1114112K
  class space    used 4241K, committed 4544K, reserved 1048576K
}
Event: 13.477 GC heap after
{Heap after GC invocations=17 (full 2):
 PSYoungGen      total 23040K, used 1019K [0x00000000eab00000, 0x00000000ec480000, 0x0000000100000000)
  eden space 22016K, 0% used [0x00000000eab00000,0x00000000eab00000,0x00000000ec080000)
  from space 1024K, 99% used [0x00000000ec200000,0x00000000ec2fede8,0x00000000ec300000)
  to   space 1536K, 0% used [0x00000000ec300000,0x00000000ec300000,0x00000000ec480000)
 ParOldGen       total 68608K, used 20157K [0x00000000c0000000, 0x00000000c4300000, 0x00000000eab00000)
  object space 68608K, 29% used [0x00000000c0000000,0x00000000c13af560,0x00000000c4300000)
 Metaspace       used 41667K, committed 42432K, reserved 1114112K
  class space    used 4241K, committed 4544K, reserved 1048576K
}
Event: 13.771 GC heap before
{Heap before GC invocations=18 (full 2):
 PSYoungGen      total 23040K, used 23035K [0x00000000eab00000, 0x00000000ec480000, 0x0000000100000000)
  eden space 22016K, 100% used [0x00000000eab00000,0x00000000ec080000,0x00000000ec080000)
  from space 1024K, 99% used [0x00000000ec200000,0x00000000ec2fede8,0x00000000ec300000)
  to   space 1536K, 0% used [0x00000000ec300000,0x00000000ec300000,0x00000000ec480000)
 ParOldGen       total 68608K, used 20157K [0x00000000c0000000, 0x00000000c4300000, 0x00000000eab00000)
  object space 68608K, 29% used [0x00000000c0000000,0x00000000c13af560,0x00000000c4300000)
 Metaspace       used 43065K, committed 43904K, reserved 1114112K
  class space    used 4355K, committed 4736K, reserved 1048576K
}
Event: 13.773 GC heap after
{Heap after GC invocations=18 (full 2):
 PSYoungGen      total 22528K, used 128K [0x00000000eab00000, 0x00000000ec380000, 0x0000000100000000)
  eden space 22016K, 0% used [0x00000000eab00000,0x00000000eab00000,0x00000000ec080000)
  from space 512K, 25% used [0x00000000ec300000,0x00000000ec320000,0x00000000ec380000)
  to   space 1024K, 0% used [0x00000000ec180000,0x00000000ec180000,0x00000000ec280000)
 ParOldGen       total 68608K, used 20373K [0x00000000c0000000, 0x00000000c4300000, 0x00000000eab00000)
  object space 68608K, 29% used [0x00000000c0000000,0x00000000c13e5560,0x00000000c4300000)
 Metaspace       used 43065K, committed 43904K, reserved 1114112K
  class space    used 4355K, committed 4736K, reserved 1048576K
}
Event: 15.213 GC heap before
{Heap before GC invocations=19 (full 2):
 PSYoungGen      total 22528K, used 22144K [0x00000000eab00000, 0x00000000ec380000, 0x0000000100000000)
  eden space 22016K, 100% used [0x00000000eab00000,0x00000000ec080000,0x00000000ec080000)
  from space 512K, 25% used [0x00000000ec300000,0x00000000ec320000,0x00000000ec380000)
  to   space 1024K, 0% used [0x00000000ec180000,0x00000000ec180000,0x00000000ec280000)
 ParOldGen       total 68608K, used 20373K [0x00000000c0000000, 0x00000000c4300000, 0x00000000eab00000)
  object space 68608K, 29% used [0x00000000c0000000,0x00000000c13e5560,0x00000000c4300000)
 Metaspace       used 44171K, committed 44992K, reserved 1114112K
  class space    used 4440K, committed 4800K, reserved 1048576K
}
Event: 15.217 GC heap after
{Heap after GC invocations=19 (full 2):
 PSYoungGen      total 23040K, used 992K [0x00000000eab00000, 0x00000000ec480000, 0x0000000100000000)
  eden space 22016K, 0% used [0x00000000eab00000,0x00000000eab00000,0x00000000ec080000)
  from space 1024K, 96% used [0x00000000ec180000,0x00000000ec278020,0x00000000ec280000)
  to   space 2048K, 0% used [0x00000000ec280000,0x00000000ec280000,0x00000000ec480000)
 ParOldGen       total 68608K, used 20845K [0x00000000c0000000, 0x00000000c4300000, 0x00000000eab00000)
  object space 68608K, 30% used [0x00000000c0000000,0x00000000c145b580,0x00000000c4300000)
 Metaspace       used 44171K, committed 44992K, reserved 1114112K
  class space    used 4440K, committed 4800K, reserved 1048576K
}
Event: 15.478 GC heap before
{Heap before GC invocations=20 (full 2):
 PSYoungGen      total 23040K, used 23008K [0x00000000eab00000, 0x00000000ec480000, 0x0000000100000000)
  eden space 22016K, 100% used [0x00000000eab00000,0x00000000ec080000,0x00000000ec080000)
  from space 1024K, 96% used [0x00000000ec180000,0x00000000ec278020,0x00000000ec280000)
  to   space 2048K, 0% used [0x00000000ec280000,0x00000000ec280000,0x00000000ec480000)
 ParOldGen       total 68608K, used 20845K [0x00000000c0000000, 0x00000000c4300000, 0x00000000eab00000)
  object space 68608K, 30% used [0x00000000c0000000,0x00000000c145b580,0x00000000c4300000)
 Metaspace       used 44172K, committed 44992K, reserved 1114112K
  class space    used 4440K, committed 4800K, reserved 1048576K
}
Event: 15.483 GC heap after
{Heap after GC invocations=20 (full 2):
 PSYoungGen      total 23552K, used 1920K [0x00000000eab00000, 0x00000000ec580000, 0x0000000100000000)
  eden space 21504K, 0% used [0x00000000eab00000,0x00000000eab00000,0x00000000ec000000)
  from space 2048K, 93% used [0x00000000ec280000,0x00000000ec460000,0x00000000ec480000)
  to   space 2560K, 0% used [0x00000000ec000000,0x00000000ec000000,0x00000000ec280000)
 ParOldGen       total 68608K, used 21859K [0x00000000c0000000, 0x00000000c4300000, 0x00000000eab00000)
  object space 68608K, 31% used [0x00000000c0000000,0x00000000c1558c08,0x00000000c4300000)
 Metaspace       used 44172K, committed 44992K, reserved 1114112K
  class space    used 4440K, committed 4800K, reserved 1048576K
}
Event: 15.635 GC heap before
{Heap before GC invocations=21 (full 2):
 PSYoungGen      total 23552K, used 23424K [0x00000000eab00000, 0x00000000ec580000, 0x0000000100000000)
  eden space 21504K, 100% used [0x00000000eab00000,0x00000000ec000000,0x00000000ec000000)
  from space 2048K, 93% used [0x00000000ec280000,0x00000000ec460000,0x00000000ec480000)
  to   space 2560K, 0% used [0x00000000ec000000,0x00000000ec000000,0x00000000ec280000)
 ParOldGen       total 68608K, used 21859K [0x00000000c0000000, 0x00000000c4300000, 0x00000000eab00000)
  object space 68608K, 31% used [0x00000000c0000000,0x00000000c1558c08,0x00000000c4300000)
 Metaspace       used 44221K, committed 44992K, reserved 1114112K
  class space    used 4448K, committed 4800K, reserved 1048576K
}
Event: 15.639 GC heap after
{Heap after GC invocations=21 (full 2):
 PSYoungGen      total 24064K, used 2176K [0x00000000eab00000, 0x00000000ec500000, 0x0000000100000000)
  eden space 21504K, 0% used [0x00000000eab00000,0x00000000eab00000,0x00000000ec000000)
  from space 2560K, 85% used [0x00000000ec000000,0x00000000ec220010,0x00000000ec280000)
  to   space 2560K, 0% used [0x00000000ec280000,0x00000000ec280000,0x00000000ec500000)
 ParOldGen       total 68608K, used 23755K [0x00000000c0000000, 0x00000000c4300000, 0x00000000eab00000)
  object space 68608K, 34% used [0x00000000c0000000,0x00000000c1732c08,0x00000000c4300000)
 Metaspace       used 44221K, committed 44992K, reserved 1114112K
  class space    used 4448K, committed 4800K, reserved 1048576K
}
Event: 15.791 GC heap before
{Heap before GC invocations=22 (full 2):
 PSYoungGen      total 24064K, used 23680K [0x00000000eab00000, 0x00000000ec500000, 0x0000000100000000)
  eden space 21504K, 100% used [0x00000000eab00000,0x00000000ec000000,0x00000000ec000000)
  from space 2560K, 85% used [0x00000000ec000000,0x00000000ec220010,0x00000000ec280000)
  to   space 2560K, 0% used [0x00000000ec280000,0x00000000ec280000,0x00000000ec500000)
 ParOldGen       total 68608K, used 23755K [0x00000000c0000000, 0x00000000c4300000, 0x00000000eab00000)
  object space 68608K, 34% used [0x00000000c0000000,0x00000000c1732c08,0x00000000c4300000)
 Metaspace       used 44339K, committed 45120K, reserved 1114112K
  class space    used 4467K, committed 4800K, reserved 1048576K
}
Event: 15.795 GC heap after
{Heap after GC invocations=22 (full 2):
 PSYoungGen      total 23040K, used 1440K [0x00000000eab00000, 0x00000000ec400000, 0x0000000100000000)
  eden space 21504K, 0% used [0x00000000eab00000,0x00000000eab00000,0x00000000ec000000)
  from space 1536K, 93% used [0x00000000ec280000,0x00000000ec3e8000,0x00000000ec400000)
  to   space 2048K, 0% used [0x00000000ec000000,0x00000000ec000000,0x00000000ec200000)
 ParOldGen       total 68608K, used 25867K [0x00000000c0000000, 0x00000000c4300000, 0x00000000eab00000)
  object space 68608K, 37% used [0x00000000c0000000,0x00000000c1942c18,0x00000000c4300000)
 Metaspace       used 44339K, committed 45120K, reserved 1114112K
  class space    used 4467K, committed 4800K, reserved 1048576K
}
Event: 15.995 GC heap before
{Heap before GC invocations=23 (full 2):
 PSYoungGen      total 23040K, used 22944K [0x00000000eab00000, 0x00000000ec400000, 0x0000000100000000)
  eden space 21504K, 100% used [0x00000000eab00000,0x00000000ec000000,0x00000000ec000000)
  from space 1536K, 93% used [0x00000000ec280000,0x00000000ec3e8000,0x00000000ec400000)
  to   space 2048K, 0% used [0x00000000ec000000,0x00000000ec000000,0x00000000ec200000)
 ParOldGen       total 68608K, used 25867K [0x00000000c0000000, 0x00000000c4300000, 0x00000000eab00000)
  object space 68608K, 37% used [0x00000000c0000000,0x00000000c1942c18,0x00000000c4300000)
 Metaspace       used 44707K, committed 45504K, reserved 1114112K
  class space    used 4517K, committed 4928K, reserved 1048576K
}
Event: 15.999 GC heap after
{Heap after GC invocations=23 (full 2):
 PSYoungGen      total 23552K, used 1600K [0x00000000eab00000, 0x00000000ec400000, 0x0000000100000000)
  eden space 21504K, 0% used [0x00000000eab00000,0x00000000eab00000,0x00000000ec000000)
  from space 2048K, 78% used [0x00000000ec000000,0x00000000ec190000,0x00000000ec200000)
  to   space 2048K, 0% used [0x00000000ec200000,0x00000000ec200000,0x00000000ec400000)
 ParOldGen       total 68608K, used 27251K [0x00000000c0000000, 0x00000000c4300000, 0x00000000eab00000)
  object space 68608K, 39% used [0x00000000c0000000,0x00000000c1a9cc18,0x00000000c4300000)
 Metaspace       used 44707K, committed 45504K, reserved 1114112K
  class space    used 4517K, committed 4928K, reserved 1048576K
}

Dll operation events (10 events):
Event: 0.007 Loaded shared library c:\Users\HP 11na\.vscode\extensions\redhat.java-1.31.2024051808-win32-x64\jre\17.0.11-win32-x86_64\bin\java.dll
Event: 0.505 Loaded shared library c:\Users\HP 11na\.vscode\extensions\redhat.java-1.31.2024051808-win32-x64\jre\17.0.11-win32-x86_64\bin\zip.dll
Event: 0.507 Loaded shared library C:\Users\HP 11na\.vscode\extensions\redhat.java-1.31.2024051808-win32-x64\jre\17.0.11-win32-x86_64\bin\instrument.dll
Event: 0.518 Loaded shared library C:\Users\HP 11na\.vscode\extensions\redhat.java-1.31.2024051808-win32-x64\jre\17.0.11-win32-x86_64\bin\net.dll
Event: 0.520 Loaded shared library C:\Users\HP 11na\.vscode\extensions\redhat.java-1.31.2024051808-win32-x64\jre\17.0.11-win32-x86_64\bin\nio.dll
Event: 0.525 Loaded shared library C:\Users\HP 11na\.vscode\extensions\redhat.java-1.31.2024051808-win32-x64\jre\17.0.11-win32-x86_64\bin\zip.dll
Event: 0.578 Loaded shared library C:\Users\HP 11na\.vscode\extensions\redhat.java-1.31.2024051808-win32-x64\jre\17.0.11-win32-x86_64\bin\jimage.dll
Event: 0.661 Loaded shared library c:\Users\HP 11na\.vscode\extensions\redhat.java-1.31.2024051808-win32-x64\jre\17.0.11-win32-x86_64\bin\verify.dll
Event: 1.953 Loaded shared library C:\Users\HP 11na\AppData\Roaming\Code\User\globalStorage\redhat.java\1.31.2024051808\config_ss_win\org.eclipse.equinox.launcher\org.eclipse.equinox.launcher.win32.win32.x86_64_1.2.1000.v20240506-2123\eclipse_11901.dll
Event: 9.228 Loaded shared library C:\Users\HP 11na\AppData\Local\Temp\jna-1797150699\jna12970307928360171424.dll

Deoptimization events (20 events):
Event: 15.927 Thread 0x000000001cc42e10 Uncommon trap: trap_request=0xffffffc6 fr.pc=0x000000000d288c3c relative=0x000000000000009c
Event: 15.927 Thread 0x000000001cc42e10 Uncommon trap: reason=bimorphic_or_optimized_type_check action=maybe_recompile pc=0x000000000d288c3c method=java.util.stream.Sink$ChainedReference.cancellationRequested()Z @ 4 c2
Event: 15.927 Thread 0x000000001cc42e10 DEOPT PACKING pc=0x000000000d288c3c sp=0x0000000020e2df10
Event: 15.927 Thread 0x000000001cc42e10 DEOPT UNPACKING pc=0x000000000cba9ea3 sp=0x0000000020e2dea0 mode 2
Event: 15.927 Thread 0x000000001cc42e10 Uncommon trap: trap_request=0xffffffc6 fr.pc=0x000000000d288c3c relative=0x000000000000009c
Event: 15.927 Thread 0x000000001cc42e10 Uncommon trap: reason=bimorphic_or_optimized_type_check action=maybe_recompile pc=0x000000000d288c3c method=java.util.stream.Sink$ChainedReference.cancellationRequested()Z @ 4 c2
Event: 15.927 Thread 0x000000001cc42e10 DEOPT PACKING pc=0x000000000d288c3c sp=0x0000000020e2df10
Event: 15.927 Thread 0x000000001cc42e10 DEOPT UNPACKING pc=0x000000000cba9ea3 sp=0x0000000020e2dea0 mode 2
Event: 15.928 Thread 0x000000001cc42e10 Uncommon trap: trap_request=0xffffffc6 fr.pc=0x000000000d288c3c relative=0x000000000000009c
Event: 15.928 Thread 0x000000001cc42e10 Uncommon trap: reason=bimorphic_or_optimized_type_check action=maybe_recompile pc=0x000000000d288c3c method=java.util.stream.Sink$ChainedReference.cancellationRequested()Z @ 4 c2
Event: 15.928 Thread 0x000000001cc42e10 DEOPT PACKING pc=0x000000000d288c3c sp=0x0000000020e2ebc0
Event: 15.928 Thread 0x000000001cc42e10 DEOPT UNPACKING pc=0x000000000cba9ea3 sp=0x0000000020e2eb50 mode 2
Event: 16.020 Thread 0x000000001cc460b0 Uncommon trap: trap_request=0xffffffde fr.pc=0x000000000d29f8a0 relative=0x0000000000000be0
Event: 16.020 Thread 0x000000001cc460b0 Uncommon trap: reason=class_check action=maybe_recompile pc=0x000000000d29f8a0 method=java.util.Spliterators$1Adapter.hasNext()Z @ 12 c2
Event: 16.020 Thread 0x000000001cc460b0 DEOPT PACKING pc=0x000000000d29f8a0 sp=0x000000002ab8e7c0
Event: 16.020 Thread 0x000000001cc460b0 DEOPT UNPACKING pc=0x000000000cba9ea3 sp=0x000000002ab8e788 mode 2
Event: 16.035 Thread 0x000000001cc460b0 Uncommon trap: trap_request=0xffffff45 fr.pc=0x000000000d3408ec relative=0x0000000000001d4c
Event: 16.035 Thread 0x000000001cc460b0 Uncommon trap: reason=unstable_if action=reinterpret pc=0x000000000d3408ec method=java.lang.String.split(Ljava/lang/String;I)[Ljava/lang/String; @ 209 c2
Event: 16.035 Thread 0x000000001cc460b0 DEOPT PACKING pc=0x000000000d3408ec sp=0x000000002ab8ea30
Event: 16.035 Thread 0x000000001cc460b0 DEOPT UNPACKING pc=0x000000000cba9ea3 sp=0x000000002ab8ea00 mode 2

Classes unloaded (7 events):
Event: 3.336 Thread 0x00000000169b24d0 Unloading class 0x000000010021a400 'java/lang/invoke/LambdaForm$MH+0x000000010021a400'
Event: 3.336 Thread 0x00000000169b24d0 Unloading class 0x000000010021a000 'java/lang/invoke/LambdaForm$MH+0x000000010021a000'
Event: 3.336 Thread 0x00000000169b24d0 Unloading class 0x0000000100219c00 'java/lang/invoke/LambdaForm$MH+0x0000000100219c00'
Event: 3.336 Thread 0x00000000169b24d0 Unloading class 0x0000000100219800 'java/lang/invoke/LambdaForm$MH+0x0000000100219800'
Event: 3.336 Thread 0x00000000169b24d0 Unloading class 0x0000000100219400 'java/lang/invoke/LambdaForm$BMH+0x0000000100219400'
Event: 3.336 Thread 0x00000000169b24d0 Unloading class 0x0000000100219000 'java/lang/invoke/LambdaForm$DMH+0x0000000100219000'
Event: 3.336 Thread 0x00000000169b24d0 Unloading class 0x0000000100214400 'java/lang/invoke/LambdaForm$DMH+0x0000000100214400'

Classes redefined (0 events):
No events

Internal exceptions (20 events):
Event: 10.895 Thread 0x000000001cc42e10 Exception <a 'sun/nio/fs/WindowsException'{0x00000000eb3f0a40}> (0x00000000eb3f0a40) 
thrown [s\src\hotspot\share\prims\jni.cpp, line 516]
Event: 10.895 Thread 0x000000001cc42e10 Exception <a 'sun/nio/fs/WindowsException'{0x00000000eb3f1408}> (0x00000000eb3f1408) 
thrown [s\src\hotspot\share\prims\jni.cpp, line 516]
Event: 10.912 Thread 0x000000001cc42e10 Exception <a 'java/lang/NoSuchMethodError'{0x00000000eb4054e0}: 'void java.lang.invoke.DirectMethodHandle$Holder.invokeVirtual(java.lang.Object, java.lang.Object, java.lang.Object, java.lang.Object)'> (0x00000000eb4054e0) 
thrown [s\src\hotspot\share\interpreter\linkResolver.cpp, line 759]
Event: 10.966 Thread 0x000000001cc42e10 Exception <a 'java/lang/NoSuchMethodError'{0x00000000eb64db70}: 'java.lang.Object java.lang.invoke.Invokers$Holder.invoke_MT(java.lang.Object, java.lang.Object, java.lang.Object)'> (0x00000000eb64db70) 
thrown [s\src\hotspot\share\interpreter\linkResolver.cpp, line 759]
Event: 12.349 Thread 0x000000001d201360 Exception <a 'java/io/FileNotFoundException'{0x00000000ebbc17d8}> (0x00000000ebbc17d8) 
thrown [s\src\hotspot\share\prims\jni.cpp, line 516]
Event: 12.349 Thread 0x000000001d201360 Exception <a 'java/io/FileNotFoundException'{0x00000000ebbc2b10}> (0x00000000ebbc2b10) 
thrown [s\src\hotspot\share\prims\jni.cpp, line 516]
Event: 12.349 Thread 0x000000001d201360 Exception <a 'java/io/FileNotFoundException'{0x00000000ebbc38d8}> (0x00000000ebbc38d8) 
thrown [s\src\hotspot\share\prims\jni.cpp, line 516]
Event: 13.120 Thread 0x000000001cc42e10 Implicit null exception at 0x000000000d303c4f to 0x000000000d3048e0
Event: 15.827 Thread 0x000000001cc43320 Exception <a 'java/lang/NoSuchMethodError'{0x00000000eb3be0f0}: 'java.lang.Object java.lang.invoke.DirectMethodHandle$Holder.newInvokeSpecial(java.lang.Object, java.lang.Object, java.lang.Object, java.lang.Object, java.lang.Object, java.lang.Object, java.lang.Object, java.lang.Object, java.lang.Object, java.lang.Object)'> (0x00000000eb3be0f0) 
thrown [s\src\hotspot\share\interpreter\linkResolver.cpp, line 759]
Event: 15.828 Thread 0x000000001cc43320 Exception <a 'java/lang/NoSuchMethodError'{0x00000000eb3c3030}: 'java.lang.Object java.lang.invoke.DirectMethodHandle$Holder.invokeSpecial(java.lang.Object, java.lang.Object, java.lang.Object, java.lang.Object, java.lang.Object, java.lang.Object, java.lang.Object, java.lang.Object, java.lang.Object, java.lang.Object, java.lang.Object)'> (0x00000000eb3c3030) 
thrown [s\src\hotspot\share\interpreter\linkResolver.cpp, line 759]
Event: 15.828 Thread 0x000000001cc43320 Exception <a 'java/lang/NoSuchMethodError'{0x00000000eb46c218}: 'java.lang.Object java.lang.invoke.Invokers$Holder.linkToTargetMethod(java.lang.Object, java.lang.Object, java.lang.Object, java.lang.Object, java.lang.Object, java.lang.Object, java.lang.Object, java.lang.Object, java.lang.Object, java.lang.Object)'> (0x00000000eb46c218) 
thrown [s\src\hotspot\share\interpreter\linkResolver.cpp, line 759]
Event: 15.918 Thread 0x000000001cc43320 Exception <a 'sun/nio/fs/WindowsException'{0x00000000eb634628}> (0x00000000eb634628) 
thrown [s\src\hotspot\share\prims\jni.cpp, line 516]
Event: 15.924 Thread 0x000000001cc42e10 Exception <a 'java/io/IOException'{0x00000000eb76ca58}> (0x00000000eb76ca58) 
thrown [s\src\hotspot\share\prims\jni.cpp, line 516]
Event: 15.932 Thread 0x000000001cc42e10 Exception <a 'java/lang/ClassNotFoundException'{0x00000000eb853248}: sun/util/logging/resources/spi/loggingProvider> (0x00000000eb853248) 
thrown [s\src\hotspot\share\classfile\systemDictionary.cpp, line 256]
Event: 16.019 Thread 0x000000001cc460b0 Exception <a 'sun/nio/fs/WindowsException'{0x00000000eae39fc8}> (0x00000000eae39fc8) 
thrown [s\src\hotspot\share\prims\jni.cpp, line 516]
Event: 16.019 Thread 0x000000001cc460b0 Exception <a 'sun/nio/fs/WindowsException'{0x00000000eae3a8c0}> (0x00000000eae3a8c0) 
thrown [s\src\hotspot\share\prims\jni.cpp, line 516]
Event: 16.020 Thread 0x000000001cc460b0 Exception <a 'sun/nio/fs/WindowsException'{0x00000000eae3b6a0}> (0x00000000eae3b6a0) 
thrown [s\src\hotspot\share\prims\jni.cpp, line 516]
Event: 16.020 Thread 0x000000001cc460b0 Exception <a 'sun/nio/fs/WindowsException'{0x00000000eae3bdc0}> (0x00000000eae3bdc0) 
thrown [s\src\hotspot\share\prims\jni.cpp, line 516]
Event: 16.309 Thread 0x000000001d1feff0 Exception <a 'java/lang/NullPointerException'{0x00000000eb2a4a20}> (0x00000000eb2a4a20) 
thrown [s\src\hotspot\share\interpreter\linkResolver.cpp, line 1433]
Event: 16.314 Thread 0x000000001d1feff0 Exception <a 'java/io/IOException'{0x00000000eb2bcb48}> (0x00000000eb2bcb48) 
thrown [s\src\hotspot\share\prims\jni.cpp, line 516]

VM Operations (20 events):
Event: 15.213 Executing VM operation: ParallelGCFailedAllocation
Event: 15.217 Executing VM operation: ParallelGCFailedAllocation done
Event: 15.478 Executing VM operation: ParallelGCFailedAllocation
Event: 15.483 Executing VM operation: ParallelGCFailedAllocation done
Event: 15.574 Executing VM operation: ParallelGCFailedAllocation
Event: 15.639 Executing VM operation: ParallelGCFailedAllocation done
Event: 15.739 Executing VM operation: ParallelGCFailedAllocation
Event: 15.795 Executing VM operation: ParallelGCFailedAllocation done
Event: 15.802 Executing VM operation: HandshakeAllThreads
Event: 15.802 Executing VM operation: HandshakeAllThreads done
Event: 15.968 Executing VM operation: ParallelGCFailedAllocation
Event: 16.009 Executing VM operation: ParallelGCFailedAllocation done
Event: 16.041 Executing VM operation: HandshakeAllThreads
Event: 16.101 Executing VM operation: HandshakeAllThreads done
Event: 16.132 Executing VM operation: HandshakeAllThreads
Event: 16.132 Executing VM operation: HandshakeAllThreads done
Event: 16.282 Executing VM operation: HandshakeAllThreads
Event: 16.282 Executing VM operation: HandshakeAllThreads done
Event: 16.308 Executing VM operation: HandshakeAllThreads
Event: 16.308 Executing VM operation: HandshakeAllThreads done

Events (20 events):
Event: 15.933 loading class sun/util/logging/resources/logging_es_ES done
Event: 15.933 loading class java/util/Formatter$DateTime
Event: 15.939 loading class java/util/Formatter$DateTime done
Event: 15.939 loading class java/time/ZonedDateTime$1
Event: 15.939 loading class java/time/ZonedDateTime$1 done
Event: 15.940 loading class java/time/LocalDate$1
Event: 15.940 loading class java/time/LocalDate$1 done
Event: 15.953 Thread 0x000000001cc45180 Thread exited: 0x000000001cc45180
Event: 15.953 Thread 0x000000001cc45ba0 Thread exited: 0x000000001cc45ba0
Event: 15.954 Thread 0x000000001cc45690 Thread exited: 0x000000001cc45690
Event: 16.016 loading class javax/security/auth/login/Configuration
Event: 16.016 loading class javax/security/auth/login/Configuration done
Event: 16.034 loading class java/util/Hashtable$KeySet
Event: 16.034 loading class java/util/Hashtable$KeySet done
Event: 16.039 Thread 0x000000001cc42900 Thread added: 0x000000001cc42900
Event: 16.176 Thread 0x000000001e787ec0 Thread added: 0x000000001e787ec0
Event: 16.219 loading class java/lang/Throwable$WrappedPrintStream
Event: 16.219 loading class java/lang/Throwable$WrappedPrintStream done
Event: 16.221 Thread 0x000000001cc43320 Thread exited: 0x000000001cc43320
Event: 16.331 Thread 0x000000001d1feff0 Thread exited: 0x000000001d1feff0


Dynamic libraries:
0x00007ff7c8730000 - 0x00007ff7c873e000 	c:\Users\HP 11na\.vscode\extensions\redhat.java-1.31.2024051808-win32-x64\jre\17.0.11-win32-x86_64\bin\java.exe
0x00007ffa5f0c0000 - 0x00007ffa5f2c7000 	C:\WINDOWS\SYSTEM32\ntdll.dll
0x00007ffa5e960000 - 0x00007ffa5ea1d000 	C:\WINDOWS\System32\KERNEL32.DLL
0x00007ffa5c690000 - 0x00007ffa5ca04000 	C:\WINDOWS\System32\KERNELBASE.dll
0x00007ffa59930000 - 0x00007ffa599c1000 	C:\WINDOWS\SYSTEM32\apphelp.dll
0x00007ffa5ca10000 - 0x00007ffa5cb21000 	C:\WINDOWS\System32\ucrtbase.dll
0x00007ffa590c0000 - 0x00007ffa590d7000 	c:\Users\HP 11na\.vscode\extensions\redhat.java-1.31.2024051808-win32-x64\jre\17.0.11-win32-x86_64\bin\jli.dll
0x00007ffa5dae0000 - 0x00007ffa5dc8c000 	C:\WINDOWS\System32\USER32.dll
0x00007ffa5c5a0000 - 0x00007ffa5c5c6000 	C:\WINDOWS\System32\win32u.dll
0x00007ffa5cf50000 - 0x00007ffa5cf79000 	C:\WINDOWS\System32\GDI32.dll
0x00007ffa5ce30000 - 0x00007ffa5cf42000 	C:\WINDOWS\System32\gdi32full.dll
0x00007ffa5cd90000 - 0x00007ffa5ce2d000 	C:\WINDOWS\System32\msvcp_win.dll
0x00007ffa557e0000 - 0x00007ffa557fb000 	c:\Users\HP 11na\.vscode\extensions\redhat.java-1.31.2024051808-win32-x64\jre\17.0.11-win32-x86_64\bin\VCRUNTIME140.dll
0x00007ffa41600000 - 0x00007ffa418a5000 	C:\WINDOWS\WinSxS\amd64_microsoft.windows.common-controls_6595b64144ccf1df_6.0.22000.120_none_9d947278b86cc467\COMCTL32.dll
0x00007ffa5da30000 - 0x00007ffa5dad3000 	C:\WINDOWS\System32\msvcrt.dll
0x00007ffa5e720000 - 0x00007ffa5e751000 	C:\WINDOWS\System32\IMM32.DLL
0x00007ffa556d0000 - 0x00007ffa556dc000 	c:\Users\HP 11na\.vscode\extensions\redhat.java-1.31.2024051808-win32-x64\jre\17.0.11-win32-x86_64\bin\vcruntime140_1.dll
0x00007ffa0aa90000 - 0x00007ffa0ab1d000 	c:\Users\HP 11na\.vscode\extensions\redhat.java-1.31.2024051808-win32-x64\jre\17.0.11-win32-x86_64\bin\msvcp140.dll
0x00007ff9efa30000 - 0x00007ff9f0692000 	c:\Users\HP 11na\.vscode\extensions\redhat.java-1.31.2024051808-win32-x64\jre\17.0.11-win32-x86_64\bin\server\jvm.dll
0x00007ffa5eee0000 - 0x00007ffa5ef8c000 	C:\WINDOWS\System32\ADVAPI32.dll
0x00007ffa5e680000 - 0x00007ffa5e71d000 	C:\WINDOWS\System32\sechost.dll
0x00007ffa5edb0000 - 0x00007ffa5eed1000 	C:\WINDOWS\System32\RPCRT4.dll
0x00007ffa5b220000 - 0x00007ffa5b26d000 	C:\WINDOWS\SYSTEM32\POWRPROF.dll
0x00007ffa3a180000 - 0x00007ffa3a189000 	C:\WINDOWS\SYSTEM32\WSOCK32.dll
0x00007ffa5e8f0000 - 0x00007ffa5e95f000 	C:\WINDOWS\System32\WS2_32.dll
0x00007ffa50760000 - 0x00007ffa50793000 	C:\WINDOWS\SYSTEM32\WINMM.dll
0x00007ffa4f8d0000 - 0x00007ffa4f8da000 	C:\WINDOWS\SYSTEM32\VERSION.dll
0x00007ffa5b1d0000 - 0x00007ffa5b1e3000 	C:\WINDOWS\SYSTEM32\UMPDC.dll
0x00007ffa5b7b0000 - 0x00007ffa5b7c8000 	C:\WINDOWS\SYSTEM32\kernel.appcore.dll
0x00007ffa52430000 - 0x00007ffa5243a000 	c:\Users\HP 11na\.vscode\extensions\redhat.java-1.31.2024051808-win32-x64\jre\17.0.11-win32-x86_64\bin\jimage.dll
0x00007ffa5a0c0000 - 0x00007ffa5a2e1000 	C:\WINDOWS\SYSTEM32\DBGHELP.DLL
0x00007ffa38250000 - 0x00007ffa38281000 	C:\WINDOWS\SYSTEM32\dbgcore.DLL
0x00007ffa5cb30000 - 0x00007ffa5cbaf000 	C:\WINDOWS\System32\bcryptPrimitives.dll
0x00007ffa400a0000 - 0x00007ffa400ae000 	c:\Users\HP 11na\.vscode\extensions\redhat.java-1.31.2024051808-win32-x64\jre\17.0.11-win32-x86_64\bin\instrument.dll
0x00007ffa29840000 - 0x00007ffa29865000 	c:\Users\HP 11na\.vscode\extensions\redhat.java-1.31.2024051808-win32-x64\jre\17.0.11-win32-x86_64\bin\java.dll
0x00007ffa325d0000 - 0x00007ffa325e8000 	c:\Users\HP 11na\.vscode\extensions\redhat.java-1.31.2024051808-win32-x64\jre\17.0.11-win32-x86_64\bin\zip.dll
0x00007ffa5d050000 - 0x00007ffa5d7fe000 	C:\WINDOWS\System32\SHELL32.dll
0x00007ffa5a860000 - 0x00007ffa5b0c7000 	C:\WINDOWS\SYSTEM32\windows.storage.dll
0x00007ffa5ea20000 - 0x00007ffa5ed98000 	C:\WINDOWS\System32\combase.dll
0x00007ffa5a6c0000 - 0x00007ffa5a826000 	C:\WINDOWS\SYSTEM32\wintypes.dll
0x00007ffa5e590000 - 0x00007ffa5e67a000 	C:\WINDOWS\System32\SHCORE.dll
0x00007ffa5d940000 - 0x00007ffa5d99d000 	C:\WINDOWS\System32\shlwapi.dll
0x00007ffa5c4d0000 - 0x00007ffa5c4f1000 	C:\WINDOWS\SYSTEM32\profapi.dll
0x00007ffa28ab0000 - 0x00007ffa28ac9000 	C:\Users\HP 11na\.vscode\extensions\redhat.java-1.31.2024051808-win32-x64\jre\17.0.11-win32-x86_64\bin\net.dll
0x00007ffa538e0000 - 0x00007ffa539ec000 	C:\WINDOWS\SYSTEM32\WINHTTP.dll
0x00007ffa5bbc0000 - 0x00007ffa5bc27000 	C:\WINDOWS\system32\mswsock.dll
0x00007ffa24c80000 - 0x00007ffa24c96000 	C:\Users\HP 11na\.vscode\extensions\redhat.java-1.31.2024051808-win32-x64\jre\17.0.11-win32-x86_64\bin\nio.dll
0x00007ffa3bc10000 - 0x00007ffa3bc20000 	c:\Users\HP 11na\.vscode\extensions\redhat.java-1.31.2024051808-win32-x64\jre\17.0.11-win32-x86_64\bin\verify.dll
0x00007ffa0a880000 - 0x00007ffa0a8c4000 	C:\Users\HP 11na\AppData\Roaming\Code\User\globalStorage\redhat.java\1.31.2024051808\config_ss_win\org.eclipse.equinox.launcher\org.eclipse.equinox.launcher.win32.win32.x86_64_1.2.1000.v20240506-2123\eclipse_11901.dll
0x00007ffa5e210000 - 0x00007ffa5e3aa000 	C:\WINDOWS\System32\ole32.dll
0x00007ffa5be10000 - 0x00007ffa5be28000 	C:\WINDOWS\SYSTEM32\CRYPTSP.dll
0x00007ffa5b710000 - 0x00007ffa5b745000 	C:\WINDOWS\system32\rsaenh.dll
0x00007ffa5bcb0000 - 0x00007ffa5bcd9000 	C:\WINDOWS\SYSTEM32\USERENV.dll
0x00007ffa5bf80000 - 0x00007ffa5bfa7000 	C:\WINDOWS\SYSTEM32\bcrypt.dll
0x00007ffa5be00000 - 0x00007ffa5be0c000 	C:\WINDOWS\SYSTEM32\CRYPTBASE.dll
0x00007ffa5b270000 - 0x00007ffa5b29d000 	C:\WINDOWS\SYSTEM32\IPHLPAPI.DLL
0x00007ffa5e100000 - 0x00007ffa5e109000 	C:\WINDOWS\System32\NSI.dll
0x00007ffa53760000 - 0x00007ffa53779000 	C:\WINDOWS\SYSTEM32\dhcpcsvc6.DLL
0x00007ffa53b50000 - 0x00007ffa53b6e000 	C:\WINDOWS\SYSTEM32\dhcpcsvc.DLL
0x00007ffa5b2a0000 - 0x00007ffa5b387000 	C:\WINDOWS\SYSTEM32\DNSAPI.dll
0x00007ffa09900000 - 0x00007ffa09945000 	C:\Users\HP 11na\AppData\Local\Temp\jna-1797150699\jna12970307928360171424.dll
0x00007ffa5e200000 - 0x00007ffa5e208000 	C:\WINDOWS\System32\PSAPI.DLL

dbghelp: loaded successfully - version: 4.0.5 - missing functions: none
symbol engine: initialized successfully - sym options: 0x614 - pdb path: .;c:\Users\HP 11na\.vscode\extensions\redhat.java-1.31.2024051808-win32-x64\jre\17.0.11-win32-x86_64\bin;C:\WINDOWS\SYSTEM32;C:\WINDOWS\WinSxS\amd64_microsoft.windows.common-controls_6595b64144ccf1df_6.0.22000.120_none_9d947278b86cc467;c:\Users\HP 11na\.vscode\extensions\redhat.java-1.31.2024051808-win32-x64\jre\17.0.11-win32-x86_64\bin\server;C:\Users\HP 11na\AppData\Roaming\Code\User\globalStorage\redhat.java\1.31.2024051808\config_ss_win\org.eclipse.equinox.launcher\org.eclipse.equinox.launcher.win32.win32.x86_64_1.2.1000.v20240506-2123;C:\Users\HP 11na\AppData\Local\Temp\jna-1797150699

VM Arguments:
jvm_args: --add-modules=ALL-SYSTEM --add-opens=java.base/java.util=ALL-UNNAMED --add-opens=java.base/java.lang=ALL-UNNAMED --add-opens=java.base/sun.nio.fs=ALL-UNNAMED -Declipse.application=org.eclipse.jdt.ls.core.id1 -Dosgi.bundles.defaultStartLevel=4 -Declipse.product=org.eclipse.jdt.ls.core.product -Djava.import.generatesMetadataFilesAtProjectRoot=false -DDetectVMInstallationsJob.disabled=true -Dfile.encoding=utf8 -XX:+UseParallelGC -XX:GCTimeRatio=4 -XX:AdaptiveSizePolicyWeight=90 -Dsun.zip.disableMemoryMapping=true -Xmx1G -Xms100m -Xlog:disable -javaagent:c:\Users\HP 11na\.vscode\extensions\redhat.java-1.31.2024051808-win32-x64\lombok\lombok-1.18.32.jar 
java_command: c:\Users\HP 11na\.vscode\extensions\redhat.java-1.31.2024051808-win32-x64\server\plugins\org.eclipse.equinox.launcher_1.6.800.v20240426-1701.jar -configuration c:\Users\HP 11na\AppData\Roaming\Code\User\globalStorage\redhat.java\1.31.2024051808\config_ss_win -data c:\Users\HP 11na\AppData\Roaming\Code\User\workspaceStorage\d43263611282b89c80052938ba8c6bae\redhat.java\ss_ws --pipe=\\.\pipe\lsp-0d8d5f9c70bf74addd5ae53bb67e31b6-sock
java_class_path (initial): c:\Users\HP 11na\.vscode\extensions\redhat.java-1.31.2024051808-win32-x64\server\plugins\org.eclipse.equinox.launcher_1.6.800.v20240426-1701.jar
Launcher Type: SUN_STANDARD

[Global flags]
    uintx AdaptiveSizePolicyWeight                 = 90                                        {product} {command line}
     intx CICompilerCount                          = 3                                         {product} {ergonomic}
    uintx GCTimeRatio                              = 4                                         {product} {command line}
   size_t InitialHeapSize                          = 104857600                                 {product} {command line}
   size_t MaxHeapSize                              = 1073741824                                {product} {command line}
   size_t MaxNewSize                               = 357564416                                 {product} {ergonomic}
   size_t MinHeapDeltaBytes                        = 524288                                    {product} {ergonomic}
   size_t MinHeapSize                              = 104857600                                 {product} {command line}
   size_t NewSize                                  = 34603008                                  {product} {ergonomic}
    uintx NonNMethodCodeHeapSize                   = 5832780                                {pd product} {ergonomic}
    uintx NonProfiledCodeHeapSize                  = 122912730                              {pd product} {ergonomic}
   size_t OldSize                                  = 70254592                                  {product} {ergonomic}
    uintx ProfiledCodeHeapSize                     = 122912730                              {pd product} {ergonomic}
    uintx ReservedCodeCacheSize                    = 251658240                              {pd product} {ergonomic}
     bool SegmentedCodeCache                       = true                                      {product} {ergonomic}
   size_t SoftMaxHeapSize                          = 1073741824                             {manageable} {ergonomic}
     bool UseCompressedClassPointers               = true                           {product lp64_product} {ergonomic}
     bool UseCompressedOops                        = true                           {product lp64_product} {ergonomic}
     bool UseLargePagesIndividualAllocation        = false                                  {pd product} {ergonomic}
     bool UseParallelGC                            = true                                      {product} {command line}

Logging:
Log output configuration:
 #0: stdout all=off uptime,level,tags
 #1: stderr all=off uptime,level,tags

Environment Variables:
PATH=C:\Program Files\Eclipse Adoptium\jdk-21.0.1.12-hotspot\bin;C:\Program Files (x86)\NVIDIA Corporation\PhysX\Common;C:\WINDOWS\system32;C:\WINDOWS;C:\WINDOWS\System32\Wbem;C:\WINDOWS\System32\WindowsPowerShell\v1.0\;C:\WINDOWS\System32\OpenSSH\;C:\Program Files\dotnet\;C:\Program Files\nodejs\;C:\Program Files\Git\cmd;C:\Program Files (x86)\Microsoft SQL Server\160\Tools\Binn\;C:\Program Files\Microsoft SQL Server\160\Tools\Binn\;C:\Program Files\Microsoft SQL Server\Client SDK\ODBC\170\Tools\Binn\;C:\Program Files\Microsoft SQL Server\160\DTS\Binn\;C:\Program Files (x86)\Microsoft SQL Server\160\DTS\Binn\;C:\Program Files\Microsoft SQL Server\120\Tools\Binn\;C:\Users\HP 11na\AppData\Local\Programs\Python\Python38\Scripts\;C:\Users\HP 11na\AppData\Local\Programs\Python\Python38;C:\Users\HP 11na\AppData\Local\Programs\Python\Python38\;C:\Users\HP 11na\AppData\Local\Programs\Python\Python312\Scripts\;C:\Users\HP 11na\AppData\Local\Programs\Python\Python312\;C:\Users\HP 11na\AppData\Local\Programs\Python\Launcher\;C:\Users\HP 11na\AppData\Local\Microsoft\WindowsApps;C:\Users\HP 11na\AppData\Local\Programs\Microsoft VS Code\bin;C:\msys64\ucrt64\bin;C:\Users\HP 11na\.dotnet\tools;C:\Users\HP 11na\AppData\Roaming\npm;C:\Program Files\JetBrains\IntelliJ IDEA Community Edition 2023.3.2\bin;C:\Users\HP 11na\AppData\Local\GitHubDesktop\bin;C:\Program Files\JetBrains\PyCharm Community Edition 2023.3.3\bin;
USERNAME=HP 11na
OS=Windows_NT
PROCESSOR_IDENTIFIER=Intel64 Family 6 Model 140 Stepping 1, GenuineIntel
TMP=C:\Users\HP11NA~1\AppData\Local\Temp
TEMP=C:\Users\HP11NA~1\AppData\Local\Temp



Periodic native trim disabled


---------------  S Y S T E M  ---------------

OS:
 Windows 11 , 64 bit Build 22000 (10.0.22000.318)
OS uptime: 0 days 5:26 hours

CPU: total 4 (initial active 4) (2 cores per cpu, 2 threads per core) family 6 model 140 stepping 1 microcode 0x86, cx8, cmov, fxsr, ht, mmx, 3dnowpref, sse, sse2, sse3, ssse3, sse4.1, sse4.2, popcnt, lzcnt, tsc, tscinvbit, avx, avx2, aes, erms, clmul, bmi1, bmi2, adx, avx512f, avx512dq, avx512cd, avx512bw, avx512vl, sha, fma, vzeroupper, avx512_vpopcntdq, avx512_vpclmulqdq, avx512_vaes, avx512_vnni, clflush, clflushopt, clwb, avx512_vbmi2, avx512_vbmi
Processor Information for all 4 processors :
  Max Mhz: 2995, Current Mhz: 2995, Mhz Limit: 2995

Memory: 4k page, system-wide physical 7948M (954M free)
TotalPageFile size 7948M (AvailPageFile size 3M)
current process WorkingSet (physical memory assigned to process): 192M, peak: 192M
current process commit charge ("private bytes"): 263M, peak: 263M

vm_info: OpenJDK 64-Bit Server VM (17.0.11+9) for windows-amd64 JRE (17.0.11+9), built on Apr 17 2024 06:07:48 by "admin" with MS VC++ 16.10 / 16.11 (VS2019)

END.
