#
# There is insufficient memory for the Java Runtime Environment to continue.
# Native memory allocation (malloc) failed to allocate 65552 bytes. Error detail: Chunk::new
# Possible reasons:
#   The system is out of physical RAM or swap space
#   This process is running with CompressedOops enabled, and the Java Heap may be blocking the growth of the native heap
# Possible solutions:
#   Reduce memory load on the system
#   Increase physical memory or swap space
#   Check if swap backing store is full
#   Decrease Java heap size (-Xmx/-Xms)
#   Decrease number of Java threads
#   Decrease Java thread stack sizes (-Xss)
#   Set larger code cache with -XX:ReservedCodeCacheSize=
#   JVM is running with Unscaled Compressed Oops mode in which the Java heap is
#     placed in the first 4GB address space. The Java Heap base address is the
#     maximum limit for the native heap growth. Please use -XX:HeapBaseMinAddress
#     to set the Java Heap base and to place the Java Heap above 4GB virtual address.
# This output file may be truncated or incomplete.
#
#  Out of Memory Error (arena.cpp:191), pid=8888, tid=8040
#
# JRE version: OpenJDK Runtime Environment Temurin-17.0.11+9 (17.0.11+9) (build 17.0.11+9)
# Java VM: OpenJDK 64-Bit Server VM Temurin-17.0.11+9 (17.0.11+9, mixed mode, tiered, compressed oops, compressed class ptrs, parallel gc, windows-amd64)
# No core dump will be written. Minidumps are not enabled by default on client versions of Windows
#

---------------  S U M M A R Y ------------

Command Line: --add-modules=ALL-SYSTEM --add-opens=java.base/java.util=ALL-UNNAMED --add-opens=java.base/java.lang=ALL-UNNAMED --add-opens=java.base/sun.nio.fs=ALL-UNNAMED -Declipse.application=org.eclipse.jdt.ls.core.id1 -Dosgi.bundles.defaultStartLevel=4 -Declipse.product=org.eclipse.jdt.ls.core.product -Djava.import.generatesMetadataFilesAtProjectRoot=false -DDetectVMInstallationsJob.disabled=true -Dfile.encoding=utf8 -XX:+UseParallelGC -XX:GCTimeRatio=4 -XX:AdaptiveSizePolicyWeight=90 -Dsun.zip.disableMemoryMapping=true -Xmx1G -Xms100m -Xlog:disable -javaagent:c:\Users\HP 11na\.vscode\extensions\redhat.java-1.31.2024051808-win32-x64\lombok\lombok-1.18.32.jar c:\Users\HP 11na\.vscode\extensions\redhat.java-1.31.2024051808-win32-x64\server\plugins\org.eclipse.equinox.launcher_1.6.800.v20240426-1701.jar -configuration c:\Users\HP 11na\AppData\Roaming\Code\User\globalStorage\redhat.java\1.31.2024051808\config_ss_win -data c:\Users\HP 11na\AppData\Roaming\Code\User\workspaceStorage\d43263611282b89c80052938ba8c6bae\redhat.java\ss_ws --pipe=\\.\pipe\lsp-d3655ead8a285c17ac02ab7ee0a41b57-sock

Host: 11th Gen Intel(R) Core(TM) i3-1115G4 @ 3.00GHz, 4 cores, 7G,  Windows 11 , 64 bit Build 22000 (10.0.22000.318)
Time: Sat Aug 31 01:42:36 2024 Hora universal coordinada elapsed time: 11.406696 seconds (0d 0h 0m 11s)

---------------  T H R E A D  ---------------

Current thread (0x000000001cb534a0):  JavaThread "C2 CompilerThread1" daemon [_thread_in_native, id=8040, stack(0x0000000029610000,0x0000000029710000)]


Current CompileTask:
C2:  11406 4116   !   4       org.eclipse.osgi.internal.loader.classpath.ClasspathManager::findLocalClass (210 bytes)

Stack: [0x0000000029610000,0x0000000029710000]
Native frames: (J=compiled Java code, j=interpreted, Vv=VM code, C=native code)
V  [jvm.dll+0x67d429]
V  [jvm.dll+0x834b7a]
V  [jvm.dll+0x83663e]
V  [jvm.dll+0x836ca3]
V  [jvm.dll+0x247dbf]
V  [jvm.dll+0xac534]
V  [jvm.dll+0xacb7c]
V  [jvm.dll+0x6a2622]
V  [jvm.dll+0x6a2a63]
V  [jvm.dll+0x6a4564]
V  [jvm.dll+0x3477cf]
V  [jvm.dll+0x34d07a]
V  [jvm.dll+0x340d50]
V  [jvm.dll+0x340e05]
V  [jvm.dll+0x697710]
V  [jvm.dll+0x6908cc]
V  [jvm.dll+0x691f73]
V  [jvm.dll+0x69584e]
V  [jvm.dll+0x68d82b]
V  [jvm.dll+0x68ce67]
V  [jvm.dll+0x68ad52]
V  [jvm.dll+0x1a85ac]
V  [jvm.dll+0x2ae4e4]
V  [jvm.dll+0x695875]
V  [jvm.dll+0x68d82b]
V  [jvm.dll+0x68ce67]
V  [jvm.dll+0x68ad52]
V  [jvm.dll+0x1a85ac]
V  [jvm.dll+0x1a9146]
V  [jvm.dll+0x2ae4e4]
V  [jvm.dll+0x695875]
V  [jvm.dll+0x68d82b]
V  [jvm.dll+0x68ce67]
V  [jvm.dll+0x68ad52]
V  [jvm.dll+0x1a85ac]
V  [jvm.dll+0x2ae4e4]
V  [jvm.dll+0x695875]
V  [jvm.dll+0x68d82b]
V  [jvm.dll+0x68ce67]
V  [jvm.dll+0x68ad52]
V  [jvm.dll+0x1a85ac]
V  [jvm.dll+0x1a9146]
V  [jvm.dll+0x2ae4e4]
V  [jvm.dll+0x695875]
V  [jvm.dll+0x68d82b]
V  [jvm.dll+0x68ce67]
V  [jvm.dll+0x68ad52]
V  [jvm.dll+0x1a85ac]
V  [jvm.dll+0x1a9146]
V  [jvm.dll+0x1a9146]
V  [jvm.dll+0x2ae4e4]
V  [jvm.dll+0x695875]
V  [jvm.dll+0x68d82b]
V  [jvm.dll+0x68ce67]
V  [jvm.dll+0x68ad52]
V  [jvm.dll+0x1a85ac]
V  [jvm.dll+0x2ae4e4]
V  [jvm.dll+0x695875]
V  [jvm.dll+0x68d82b]
V  [jvm.dll+0x68ce67]
V  [jvm.dll+0x68ad52]
V  [jvm.dll+0x1a85ac]
V  [jvm.dll+0x1a9146]
V  [jvm.dll+0x2ae4e4]
V  [jvm.dll+0x695875]
V  [jvm.dll+0x68d82b]
V  [jvm.dll+0x68ce67]
V  [jvm.dll+0x68ad52]
V  [jvm.dll+0x1a85ac]
V  [jvm.dll+0x1a9146]
V  [jvm.dll+0x1a9146]
V  [jvm.dll+0x2ae4e4]
V  [jvm.dll+0x695875]
V  [jvm.dll+0x68d82b]
V  [jvm.dll+0x68ce67]
V  [jvm.dll+0x68ad52]
V  [jvm.dll+0x1a85ac]
V  [jvm.dll+0x1a9146]
V  [jvm.dll+0x2ae4e4]
V  [jvm.dll+0x695875]
V  [jvm.dll+0x68d82b]
V  [jvm.dll+0x68ce67]
V  [jvm.dll+0x68ad52]
V  [jvm.dll+0x1a85ac]
V  [jvm.dll+0x2ae4e4]
V  [jvm.dll+0x695875]
V  [jvm.dll+0x68d82b]
V  [jvm.dll+0x68ce67]
V  [jvm.dll+0x68ad52]
V  [jvm.dll+0x1a85ac]
V  [jvm.dll+0x2ae4e4]
V  [jvm.dll+0x695875]
V  [jvm.dll+0x68d82b]
V  [jvm.dll+0x68ce67]
V  [jvm.dll+0x68ad52]
V  [jvm.dll+0x1a85ac]
V  [jvm.dll+0x2ae4e4]
V  [jvm.dll+0x695875]
V  [jvm.dll+0x68d82b]
...<more frames>...


---------------  P R O C E S S  ---------------

Threads class SMR info:
_java_thread_list=0x000000001cbc64e0, length=31, elements={
0x000000000296afc0, 0x0000000002a1ea10, 0x00000000169a9e90, 0x00000000169d8320,
0x00000000169d8ce0, 0x00000000169d96a0, 0x00000000169da060, 0x00000000169dce10,
0x000000001c300800, 0x000000001c3044e0, 0x000000001c407700, 0x000000001c555930,
0x000000001cd66970, 0x000000001d76f910, 0x000000001d76fdf0, 0x000000001d764a40,
0x000000001d755840, 0x000000001d754e20, 0x000000001d755330, 0x000000001d754400,
0x000000001d754910, 0x000000001cae1700, 0x000000001cae58d0, 0x000000001cae1c10,
0x000000001cade970, 0x000000001cadee80, 0x000000001cae3f80, 0x000000001cade460,
0x000000001cae2b40, 0x000000001cadf8a0, 0x000000001cb534a0
}

Java Threads: ( => current thread )
  0x000000000296afc0 JavaThread "main" [_thread_blocked, id=13132, stack(0x0000000002020000,0x0000000002120000)]
  0x0000000002a1ea10 JavaThread "Reference Handler" daemon [_thread_blocked, id=13824, stack(0x000000001ba90000,0x000000001bb90000)]
  0x00000000169a9e90 JavaThread "Finalizer" daemon [_thread_blocked, id=7784, stack(0x000000001bb90000,0x000000001bc90000)]
  0x00000000169d8320 JavaThread "Signal Dispatcher" daemon [_thread_blocked, id=13300, stack(0x000000001bdc0000,0x000000001bec0000)]
  0x00000000169d8ce0 JavaThread "Attach Listener" daemon [_thread_blocked, id=2976, stack(0x000000001bec0000,0x000000001bfc0000)]
  0x00000000169d96a0 JavaThread "Service Thread" daemon [_thread_blocked, id=6352, stack(0x000000001bfc0000,0x000000001c0c0000)]
  0x00000000169da060 JavaThread "Monitor Deflation Thread" daemon [_thread_blocked, id=10940, stack(0x000000001c0c0000,0x000000001c1c0000)]
  0x00000000169dce10 JavaThread "C2 CompilerThread0" daemon [_thread_blocked, id=12628, stack(0x000000001c1c0000,0x000000001c2c0000)]
  0x000000001c300800 JavaThread "C1 CompilerThread0" daemon [_thread_in_native, id=8680, stack(0x000000001c6c0000,0x000000001c7c0000)]
  0x000000001c3044e0 JavaThread "Sweeper thread" daemon [_thread_blocked, id=13500, stack(0x000000001c7c0000,0x000000001c8c0000)]
  0x000000001c407700 JavaThread "Common-Cleaner" daemon [_thread_blocked, id=752, stack(0x000000001c8c0000,0x000000001c9c0000)]
  0x000000001c555930 JavaThread "Notification Thread" daemon [_thread_blocked, id=12684, stack(0x000000001d1c0000,0x000000001d2c0000)]
  0x000000001cd66970 JavaThread "Active Thread: Equinox Container: 26599f7f-d661-4455-8a41-9975f408abf3" [_thread_blocked, id=10112, stack(0x000000001e900000,0x000000001ea00000)]
  0x000000001d76f910 JavaThread "Framework Event Dispatcher: Equinox Container: 26599f7f-d661-4455-8a41-9975f408abf3" daemon [_thread_blocked, id=10820, stack(0x000000001ea00000,0x000000001eb00000)]
  0x000000001d76fdf0 JavaThread "Start Level: Equinox Container: 26599f7f-d661-4455-8a41-9975f408abf3" daemon [_thread_blocked, id=3420, stack(0x000000001eb00000,0x000000001ec00000)]
  0x000000001d764a40 JavaThread "SCR Component Actor" daemon [_thread_blocked, id=12084, stack(0x000000001ec00000,0x000000001ed00000)]
  0x000000001d755840 JavaThread "Worker-JM" [_thread_blocked, id=13060, stack(0x000000001ed00000,0x000000001ee00000)]
  0x000000001d754e20 JavaThread "Worker-0" [_thread_blocked, id=12888, stack(0x000000001ee00000,0x000000001ef00000)]
  0x000000001d755330 JavaThread "Worker-1: Refreshing workspace" [_thread_in_vm, id=7876, stack(0x000000001ef00000,0x000000001f000000)]
  0x000000001d754400 JavaThread "JNA Cleaner" daemon [_thread_blocked, id=13708, stack(0x0000000020510000,0x0000000020610000)]
  0x000000001d754910 JavaThread "Thread-2" daemon [_thread_in_native, id=10708, stack(0x0000000020410000,0x0000000020510000)]
  0x000000001cae1700 JavaThread "Thread-3" daemon [_thread_in_native, id=14192, stack(0x0000000020810000,0x0000000020910000)]
  0x000000001cae58d0 JavaThread "Thread-4" daemon [_thread_in_native, id=6672, stack(0x0000000020910000,0x0000000020a10000)]
  0x000000001cae1c10 JavaThread "Thread-5" daemon [_thread_in_native, id=1624, stack(0x0000000020a10000,0x0000000020b10000)]
  0x000000001cade970 JavaThread "Thread-6" daemon [_thread_in_native, id=4356, stack(0x0000000020b10000,0x0000000020c10000)]
  0x000000001cadee80 JavaThread "pool-2-thread-1" [_thread_blocked, id=8320, stack(0x0000000020c10000,0x0000000020d10000)]
  0x000000001cae3f80 JavaThread "WorkspaceEventsHandler" [_thread_blocked, id=6392, stack(0x000000001e800000,0x000000001e900000)]
  0x000000001cade460 JavaThread "pool-1-thread-1" [_thread_in_vm, id=792, stack(0x0000000020d10000,0x0000000020e10000)]
  0x000000001cae2b40 JavaThread "ForkJoinPool.commonPool-worker-1" daemon [_thread_blocked, id=14112, stack(0x0000000020e10000,0x0000000020f10000)]
  0x000000001cadf8a0 JavaThread "ForkJoinPool.commonPool-worker-2" daemon [_thread_blocked, id=12048, stack(0x0000000020f10000,0x0000000021010000)]
=>0x000000001cb534a0 JavaThread "C2 CompilerThread1" daemon [_thread_in_native, id=8040, stack(0x0000000029610000,0x0000000029710000)]

Other Threads:
  0x0000000016996200 VMThread "VM Thread" [stack: 0x000000001b990000,0x000000001ba90000] [id=12856]
  0x000000001c5ac380 WatcherThread [stack: 0x000000001d2c0000,0x000000001d3c0000] [id=9492]
  0x00000000029824f0 GCTaskThread "GC Thread#0" [stack: 0x0000000002520000,0x0000000002620000] [id=1580]
  0x000000001c6a34a0 GCTaskThread "GC Thread#1" [stack: 0x000000001d3c0000,0x000000001d4c0000] [id=11944]
  0x000000001d02c010 GCTaskThread "GC Thread#2" [stack: 0x000000001e600000,0x000000001e700000] [id=10744]
  0x000000001d02c2d0 GCTaskThread "GC Thread#3" [stack: 0x000000001e700000,0x000000001e800000] [id=9212]

Threads with active compile tasks:
C1 CompilerThread0    11454 4119       3       org.eclipse.jdt.internal.compiler.parser.Scanner::internalScanIdentifierOrKeyword (4773 bytes)
C2 CompilerThread1    11454 4116   !   4       org.eclipse.osgi.internal.loader.classpath.ClasspathManager::findLocalClass (210 bytes)

VM state: not at safepoint (normal execution)

VM Mutex/Monitor currently owned by a thread: None

Heap address: 0x00000000c0000000, size: 1024 MB, Compressed Oops mode: 32-bit

CDS archive(s) not mapped
Compressed class space mapped at: 0x0000000100000000-0x0000000140000000, reserved size: 1073741824
Narrow klass base: 0x0000000000000000, Narrow klass shift: 3, Narrow klass range: 0x140000000

GC Precious Log:
 CPUs: 4 total, 4 available
 Memory: 7948M
 Large Page Support: Disabled
 NUMA Support: Disabled
 Compressed Oops: Enabled (32-bit)
 Alignments: Space 512K, Generation 512K, Heap 2M
 Heap Min Capacity: 100M
 Heap Initial Capacity: 100M
 Heap Max Capacity: 1G
 Pre-touch: Disabled
 Parallel Workers: 4

Heap:
 PSYoungGen      total 23040K, used 7012K [0x00000000eab00000, 0x00000000ec680000, 0x0000000100000000)
  eden space 22016K, 27% used [0x00000000eab00000,0x00000000eb0d90c0,0x00000000ec080000)
  from space 1024K, 100% used [0x00000000ec500000,0x00000000ec600000,0x00000000ec600000)
  to   space 3072K, 0% used [0x00000000ec080000,0x00000000ec080000,0x00000000ec380000)
 ParOldGen       total 68608K, used 19290K [0x00000000c0000000, 0x00000000c4300000, 0x00000000eab00000)
  object space 68608K, 28% used [0x00000000c0000000,0x00000000c12d6b18,0x00000000c4300000)
 Metaspace       used 39847K, committed 40512K, reserved 1114112K
  class space    used 4064K, committed 4352K, reserved 1048576K

Card table byte_map: [0x0000000002310000,0x0000000002520000] _byte_map_base: 0x0000000001d10000

Marking Bits: (ParMarkBitMap*) 0x00007ffcab1ed820
 Begin Bits: [0x0000000014600000, 0x0000000015600000)
 End Bits:   [0x0000000015600000, 0x0000000016600000)

Polling page: 0x0000000000850000

Metaspace:

Usage:
  Non-class:     34.94 MB used.
      Class:      3.97 MB used.
       Both:     38.91 MB used.

Virtual space:
  Non-class space:       64.00 MB reserved,      35.31 MB ( 55%) committed,  1 nodes.
      Class space:        1.00 GB reserved,       4.25 MB ( <1%) committed,  1 nodes.
             Both:        1.06 GB reserved,      39.56 MB (  4%) committed. 

Chunk freelists:
   Non-Class:  12.33 MB
       Class:  11.77 MB
        Both:  24.09 MB

MaxMetaspaceSize: unlimited
CompressedClassSpaceSize: 1.00 GB
Initial GC threshold: 21.00 MB
Current GC threshold: 58.38 MB
CDS: off
MetaspaceReclaimPolicy: balanced
 - commit_granule_bytes: 65536.
 - commit_granule_words: 8192.
 - virtual_space_node_default_size: 8388608.
 - enlarge_chunks_in_place: 1.
 - new_chunks_are_fully_committed: 0.
 - uncommit_free_chunks: 1.
 - use_allocation_guard: 0.
 - handle_deallocations: 1.


Internal statistics:

num_allocs_failed_limit: 6.
num_arena_births: 374.
num_arena_deaths: 14.
num_vsnodes_births: 2.
num_vsnodes_deaths: 0.
num_space_committed: 633.
num_space_uncommitted: 0.
num_chunks_returned_to_freelist: 20.
num_chunks_taken_from_freelist: 1651.
num_chunk_merges: 8.
num_chunk_splits: 1064.
num_chunks_enlarged: 713.
num_inconsistent_stats: 0.

CodeHeap 'non-profiled nmethods': size=120000Kb used=2017Kb max_used=2017Kb free=117982Kb
 bounds [0x000000000d0d0000, 0x000000000d340000, 0x0000000014600000]
CodeHeap 'profiled nmethods': size=120000Kb used=8346Kb max_used=8346Kb free=111654Kb
 bounds [0x0000000005600000, 0x0000000005e30000, 0x000000000cb30000]
CodeHeap 'non-nmethods': size=5760Kb used=1311Kb max_used=1348Kb free=4448Kb
 bounds [0x000000000cb30000, 0x000000000cda0000, 0x000000000d0d0000]
 total_blobs=4748 nmethods=4117 adapters=544
 compilation: enabled
              stopped_count=0, restarted_count=0
 full_count=0

Compilation events (20 events):
Event: 11.362 Thread 0x000000001cb534a0 nmethod 4107 0x000000000d2c7b10 code [0x000000000d2c7c80, 0x000000000d2c7d98]
Event: 11.363 Thread 0x000000001c300800 nmethod 4109 0x0000000005e1e890 code [0x0000000005e1ee00, 0x0000000005e21378]
Event: 11.363 Thread 0x000000001c300800 4111       3       java.security.SecureClassLoader::getProtectionDomain (38 bytes)
Event: 11.363 Thread 0x000000001c300800 nmethod 4111 0x0000000005e22310 code [0x0000000005e22500, 0x0000000005e22a88]
Event: 11.363 Thread 0x000000001c300800 4110       3       sun.net.www.protocol.file.Handler::createFileURLConnection (10 bytes)
Event: 11.363 Thread 0x000000001c300800 nmethod 4110 0x0000000005e22c90 code [0x0000000005e22e40, 0x0000000005e22fe8]
Event: 11.364 Thread 0x00000000169dce10 nmethod 4106 0x000000000d2c7f10 code [0x000000000d2c8080, 0x000000000d2c8218]
Event: 11.364 Thread 0x000000001c300800 4112       3       org.eclipse.osgi.internal.loader.BundleLoader::getResourcePackageName (57 bytes)
Event: 11.365 Thread 0x000000001c300800 nmethod 4112 0x0000000005e23090 code [0x0000000005e23320, 0x0000000005e23eb8]
Event: 11.365 Thread 0x000000001c300800 4113       3       org.eclipse.jdt.internal.compiler.impl.CompilerOptions::updateSeverity (158 bytes)
Event: 11.365 Thread 0x000000001c300800 nmethod 4113 0x0000000005e24310 code [0x0000000005e245e0, 0x0000000005e24db8]
Event: 11.384 Thread 0x000000001c300800 4114       3       java.util.regex.Pattern$StartS::match (138 bytes)
Event: 11.385 Thread 0x000000001c300800 nmethod 4114 0x0000000005e25110 code [0x0000000005e25340, 0x0000000005e25e38]
Event: 11.388 Thread 0x000000001c300800 4115       3       java.util.Dictionary::<init> (5 bytes)
Event: 11.388 Thread 0x000000001c300800 nmethod 4115 0x0000000005e26110 code [0x0000000005e262a0, 0x0000000005e263f8]
Event: 11.389 Thread 0x000000001cb534a0 4116   !   4       org.eclipse.osgi.internal.loader.classpath.ClasspathManager::findLocalClass (210 bytes)
Event: 11.404 Thread 0x000000001c300800 4117       1       org.eclipse.jdt.internal.compiler.parser.Parser::restartRecovery (5 bytes)
Event: 11.404 Thread 0x000000001c300800 nmethod 4117 0x000000000d2c8310 code [0x000000000d2c84a0, 0x000000000d2c8578]
Event: 11.404 Thread 0x000000001c300800 4118       3       java.util.concurrent.locks.AbstractQueuedSynchronizer$Node::setPrevRelaxed (12 bytes)
Event: 11.404 Thread 0x000000001c300800 nmethod 4118 0x0000000005e26490 code [0x0000000005e26620, 0x0000000005e26758]

GC Heap History (20 events):
Event: 5.171 GC heap before
{Heap before GC invocations=7 (full 1):
 PSYoungGen      total 26112K, used 25785K [0x00000000eab00000, 0x00000000ec880000, 0x0000000100000000)
  eden space 25088K, 100% used [0x00000000eab00000,0x00000000ec380000,0x00000000ec380000)
  from space 1024K, 68% used [0x00000000ec400000,0x00000000ec4ae710,0x00000000ec500000)
  to   space 2560K, 0% used [0x00000000ec600000,0x00000000ec600000,0x00000000ec880000)
 ParOldGen       total 68608K, used 6677K [0x00000000c0000000, 0x00000000c4300000, 0x00000000eab00000)
  object space 68608K, 9% used [0x00000000c0000000,0x00000000c0685618,0x00000000c4300000)
 Metaspace       used 26703K, committed 27264K, reserved 1114112K
  class space    used 2570K, committed 2816K, reserved 1048576K
}
Event: 5.173 GC heap after
{Heap after GC invocations=7 (full 1):
 PSYoungGen      total 27136K, used 2469K [0x00000000eab00000, 0x00000000ec900000, 0x0000000100000000)
  eden space 24576K, 0% used [0x00000000eab00000,0x00000000eab00000,0x00000000ec300000)
  from space 2560K, 96% used [0x00000000ec600000,0x00000000ec869630,0x00000000ec880000)
  to   space 3072K, 0% used [0x00000000ec300000,0x00000000ec300000,0x00000000ec600000)
 ParOldGen       total 68608K, used 6685K [0x00000000c0000000, 0x00000000c4300000, 0x00000000eab00000)
  object space 68608K, 9% used [0x00000000c0000000,0x00000000c0687618,0x00000000c4300000)
 Metaspace       used 26703K, committed 27264K, reserved 1114112K
  class space    used 2570K, committed 2816K, reserved 1048576K
}
Event: 8.763 GC heap before
{Heap before GC invocations=8 (full 1):
 PSYoungGen      total 27136K, used 27045K [0x00000000eab00000, 0x00000000ec900000, 0x0000000100000000)
  eden space 24576K, 100% used [0x00000000eab00000,0x00000000ec300000,0x00000000ec300000)
  from space 2560K, 96% used [0x00000000ec600000,0x00000000ec869630,0x00000000ec880000)
  to   space 3072K, 0% used [0x00000000ec300000,0x00000000ec300000,0x00000000ec600000)
 ParOldGen       total 68608K, used 6685K [0x00000000c0000000, 0x00000000c4300000, 0x00000000eab00000)
  object space 68608K, 9% used [0x00000000c0000000,0x00000000c0687618,0x00000000c4300000)
 Metaspace       used 30442K, committed 31104K, reserved 1114112K
  class space    used 2949K, committed 3264K, reserved 1048576K
}
Event: 8.766 GC heap after
{Heap after GC invocations=8 (full 1):
 PSYoungGen      total 27136K, used 3040K [0x00000000eab00000, 0x00000000ecc80000, 0x0000000100000000)
  eden space 24064K, 0% used [0x00000000eab00000,0x00000000eab00000,0x00000000ec280000)
  from space 3072K, 98% used [0x00000000ec300000,0x00000000ec5f80a8,0x00000000ec600000)
  to   space 5120K, 0% used [0x00000000ec780000,0x00000000ec780000,0x00000000ecc80000)
 ParOldGen       total 68608K, used 7905K [0x00000000c0000000, 0x00000000c4300000, 0x00000000eab00000)
  object space 68608K, 11% used [0x00000000c0000000,0x00000000c07b86c0,0x00000000c4300000)
 Metaspace       used 30442K, committed 31104K, reserved 1114112K
  class space    used 2949K, committed 3264K, reserved 1048576K
}
Event: 9.903 GC heap before
{Heap before GC invocations=9 (full 1):
 PSYoungGen      total 27136K, used 27104K [0x00000000eab00000, 0x00000000ecc80000, 0x0000000100000000)
  eden space 24064K, 100% used [0x00000000eab00000,0x00000000ec280000,0x00000000ec280000)
  from space 3072K, 98% used [0x00000000ec300000,0x00000000ec5f80a8,0x00000000ec600000)
  to   space 5120K, 0% used [0x00000000ec780000,0x00000000ec780000,0x00000000ecc80000)
 ParOldGen       total 68608K, used 7905K [0x00000000c0000000, 0x00000000c4300000, 0x00000000eab00000)
  object space 68608K, 11% used [0x00000000c0000000,0x00000000c07b86c0,0x00000000c4300000)
 Metaspace       used 34194K, committed 34880K, reserved 1114112K
  class space    used 3403K, committed 3712K, reserved 1048576K
}
Event: 9.906 GC heap after
{Heap after GC invocations=9 (full 1):
 PSYoungGen      total 28160K, used 4173K [0x00000000eab00000, 0x00000000ecc00000, 0x0000000100000000)
  eden space 23552K, 0% used [0x00000000eab00000,0x00000000eab00000,0x00000000ec200000)
  from space 4608K, 90% used [0x00000000ec780000,0x00000000ecb93508,0x00000000ecc00000)
  to   space 4608K, 0% used [0x00000000ec300000,0x00000000ec300000,0x00000000ec780000)
 ParOldGen       total 68608K, used 7913K [0x00000000c0000000, 0x00000000c4300000, 0x00000000eab00000)
  object space 68608K, 11% used [0x00000000c0000000,0x00000000c07ba6c0,0x00000000c4300000)
 Metaspace       used 34194K, committed 34880K, reserved 1114112K
  class space    used 3403K, committed 3712K, reserved 1048576K
}
Event: 10.027 GC heap before
{Heap before GC invocations=10 (full 1):
 PSYoungGen      total 28160K, used 11344K [0x00000000eab00000, 0x00000000ecc00000, 0x0000000100000000)
  eden space 23552K, 30% used [0x00000000eab00000,0x00000000eb200cf8,0x00000000ec200000)
  from space 4608K, 90% used [0x00000000ec780000,0x00000000ecb93508,0x00000000ecc00000)
  to   space 4608K, 0% used [0x00000000ec300000,0x00000000ec300000,0x00000000ec780000)
 ParOldGen       total 68608K, used 7913K [0x00000000c0000000, 0x00000000c4300000, 0x00000000eab00000)
  object space 68608K, 11% used [0x00000000c0000000,0x00000000c07ba6c0,0x00000000c4300000)
 Metaspace       used 35281K, committed 35840K, reserved 1114112K
  class space    used 3538K, committed 3776K, reserved 1048576K
}
Event: 10.031 GC heap after
{Heap after GC invocations=10 (full 1):
 PSYoungGen      total 27136K, used 3361K [0x00000000eab00000, 0x00000000eca00000, 0x0000000100000000)
  eden space 23552K, 0% used [0x00000000eab00000,0x00000000eab00000,0x00000000ec200000)
  from space 3584K, 93% used [0x00000000ec300000,0x00000000ec6484b0,0x00000000ec680000)
  to   space 3584K, 0% used [0x00000000ec680000,0x00000000ec680000,0x00000000eca00000)
 ParOldGen       total 68608K, used 9428K [0x00000000c0000000, 0x00000000c4300000, 0x00000000eab00000)
  object space 68608K, 13% used [0x00000000c0000000,0x00000000c09351a0,0x00000000c4300000)
 Metaspace       used 35281K, committed 35840K, reserved 1114112K
  class space    used 3538K, committed 3776K, reserved 1048576K
}
Event: 10.031 GC heap before
{Heap before GC invocations=11 (full 2):
 PSYoungGen      total 27136K, used 3361K [0x00000000eab00000, 0x00000000eca00000, 0x0000000100000000)
  eden space 23552K, 0% used [0x00000000eab00000,0x00000000eab00000,0x00000000ec200000)
  from space 3584K, 93% used [0x00000000ec300000,0x00000000ec6484b0,0x00000000ec680000)
  to   space 3584K, 0% used [0x00000000ec680000,0x00000000ec680000,0x00000000eca00000)
 ParOldGen       total 68608K, used 9428K [0x00000000c0000000, 0x00000000c4300000, 0x00000000eab00000)
  object space 68608K, 13% used [0x00000000c0000000,0x00000000c09351a0,0x00000000c4300000)
 Metaspace       used 35281K, committed 35840K, reserved 1114112K
  class space    used 3538K, committed 3776K, reserved 1048576K
}
Event: 10.064 GC heap after
{Heap after GC invocations=11 (full 2):
 PSYoungGen      total 27136K, used 0K [0x00000000eab00000, 0x00000000eca00000, 0x0000000100000000)
  eden space 23552K, 0% used [0x00000000eab00000,0x00000000eab00000,0x00000000ec200000)
  from space 3584K, 0% used [0x00000000ec300000,0x00000000ec300000,0x00000000ec680000)
  to   space 3584K, 0% used [0x00000000ec680000,0x00000000ec680000,0x00000000eca00000)
 ParOldGen       total 68608K, used 12489K [0x00000000c0000000, 0x00000000c4300000, 0x00000000eab00000)
  object space 68608K, 18% used [0x00000000c0000000,0x00000000c0c326d8,0x00000000c4300000)
 Metaspace       used 35281K, committed 35840K, reserved 1114112K
  class space    used 3538K, committed 3776K, reserved 1048576K
}
Event: 10.571 GC heap before
{Heap before GC invocations=12 (full 2):
 PSYoungGen      total 27136K, used 23552K [0x00000000eab00000, 0x00000000eca00000, 0x0000000100000000)
  eden space 23552K, 100% used [0x00000000eab00000,0x00000000ec200000,0x00000000ec200000)
  from space 3584K, 0% used [0x00000000ec300000,0x00000000ec300000,0x00000000ec680000)
  to   space 3584K, 0% used [0x00000000ec680000,0x00000000ec680000,0x00000000eca00000)
 ParOldGen       total 68608K, used 12489K [0x00000000c0000000, 0x00000000c4300000, 0x00000000eab00000)
  object space 68608K, 18% used [0x00000000c0000000,0x00000000c0c326d8,0x00000000c4300000)
 Metaspace       used 37626K, committed 38400K, reserved 1114112K
  class space    used 3806K, committed 4160K, reserved 1048576K
}
Event: 10.574 GC heap after
{Heap after GC invocations=12 (full 2):
 PSYoungGen      total 25088K, used 1739K [0x00000000eab00000, 0x00000000ec880000, 0x0000000100000000)
  eden space 23040K, 0% used [0x00000000eab00000,0x00000000eab00000,0x00000000ec180000)
  from space 2048K, 84% used [0x00000000ec680000,0x00000000ec832df8,0x00000000ec880000)
  to   space 2560K, 0% used [0x00000000ec380000,0x00000000ec380000,0x00000000ec600000)
 ParOldGen       total 68608K, used 12497K [0x00000000c0000000, 0x00000000c4300000, 0x00000000eab00000)
  object space 68608K, 18% used [0x00000000c0000000,0x00000000c0c346d8,0x00000000c4300000)
 Metaspace       used 37626K, committed 38400K, reserved 1114112K
  class space    used 3806K, committed 4160K, reserved 1048576K
}
Event: 10.708 GC heap before
{Heap before GC invocations=13 (full 2):
 PSYoungGen      total 25088K, used 24779K [0x00000000eab00000, 0x00000000ec880000, 0x0000000100000000)
  eden space 23040K, 100% used [0x00000000eab00000,0x00000000ec180000,0x00000000ec180000)
  from space 2048K, 84% used [0x00000000ec680000,0x00000000ec832df8,0x00000000ec880000)
  to   space 2560K, 0% used [0x00000000ec380000,0x00000000ec380000,0x00000000ec600000)
 ParOldGen       total 68608K, used 12497K [0x00000000c0000000, 0x00000000c4300000, 0x00000000eab00000)
  object space 68608K, 18% used [0x00000000c0000000,0x00000000c0c346d8,0x00000000c4300000)
 Metaspace       used 37704K, committed 38464K, reserved 1114112K
  class space    used 3811K, committed 4160K, reserved 1048576K
}
Event: 10.712 GC heap after
{Heap after GC invocations=13 (full 2):
 PSYoungGen      total 24576K, used 1888K [0x00000000eab00000, 0x00000000ec700000, 0x0000000100000000)
  eden space 22528K, 0% used [0x00000000eab00000,0x00000000eab00000,0x00000000ec100000)
  from space 2048K, 92% used [0x00000000ec380000,0x00000000ec558010,0x00000000ec580000)
  to   space 1536K, 0% used [0x00000000ec580000,0x00000000ec580000,0x00000000ec700000)
 ParOldGen       total 68608K, used 14141K [0x00000000c0000000, 0x00000000c4300000, 0x00000000eab00000)
  object space 68608K, 20% used [0x00000000c0000000,0x00000000c0dcf7a0,0x00000000c4300000)
 Metaspace       used 37704K, committed 38464K, reserved 1114112K
  class space    used 3811K, committed 4160K, reserved 1048576K
}
Event: 10.880 GC heap before
{Heap before GC invocations=14 (full 2):
 PSYoungGen      total 24576K, used 24416K [0x00000000eab00000, 0x00000000ec700000, 0x0000000100000000)
  eden space 22528K, 100% used [0x00000000eab00000,0x00000000ec100000,0x00000000ec100000)
  from space 2048K, 92% used [0x00000000ec380000,0x00000000ec558010,0x00000000ec580000)
  to   space 1536K, 0% used [0x00000000ec580000,0x00000000ec580000,0x00000000ec700000)
 ParOldGen       total 68608K, used 14141K [0x00000000c0000000, 0x00000000c4300000, 0x00000000eab00000)
  object space 68608K, 20% used [0x00000000c0000000,0x00000000c0dcf7a0,0x00000000c4300000)
 Metaspace       used 37770K, committed 38528K, reserved 1114112K
  class space    used 3815K, committed 4160K, reserved 1048576K
}
Event: 10.885 GC heap after
{Heap after GC invocations=14 (full 2):
 PSYoungGen      total 23552K, used 1536K [0x00000000eab00000, 0x00000000ec700000, 0x0000000100000000)
  eden space 22016K, 0% used [0x00000000eab00000,0x00000000eab00000,0x00000000ec080000)
  from space 1536K, 100% used [0x00000000ec580000,0x00000000ec700000,0x00000000ec700000)
  to   space 2048K, 0% used [0x00000000ec300000,0x00000000ec300000,0x00000000ec500000)
 ParOldGen       total 68608K, used 15965K [0x00000000c0000000, 0x00000000c4300000, 0x00000000eab00000)
  object space 68608K, 23% used [0x00000000c0000000,0x00000000c0f977b0,0x00000000c4300000)
 Metaspace       used 37770K, committed 38528K, reserved 1114112K
  class space    used 3815K, committed 4160K, reserved 1048576K
}
Event: 11.020 GC heap before
{Heap before GC invocations=15 (full 2):
 PSYoungGen      total 23552K, used 23552K [0x00000000eab00000, 0x00000000ec700000, 0x0000000100000000)
  eden space 22016K, 100% used [0x00000000eab00000,0x00000000ec080000,0x00000000ec080000)
  from space 1536K, 100% used [0x00000000ec580000,0x00000000ec700000,0x00000000ec700000)
  to   space 2048K, 0% used [0x00000000ec300000,0x00000000ec300000,0x00000000ec500000)
 ParOldGen       total 68608K, used 15965K [0x00000000c0000000, 0x00000000c4300000, 0x00000000eab00000)
  object space 68608K, 23% used [0x00000000c0000000,0x00000000c0f977b0,0x00000000c4300000)
 Metaspace       used 37846K, committed 38592K, reserved 1114112K
  class space    used 3815K, committed 4160K, reserved 1048576K
}
Event: 11.027 GC heap after
{Heap after GC invocations=15 (full 2):
 PSYoungGen      total 24064K, used 1568K [0x00000000eab00000, 0x00000000ec600000, 0x0000000100000000)
  eden space 22016K, 0% used [0x00000000eab00000,0x00000000eab00000,0x00000000ec080000)
  from space 2048K, 76% used [0x00000000ec300000,0x00000000ec488000,0x00000000ec500000)
  to   space 1024K, 0% used [0x00000000ec500000,0x00000000ec500000,0x00000000ec600000)
 ParOldGen       total 68608K, used 17469K [0x00000000c0000000, 0x00000000c4300000, 0x00000000eab00000)
  object space 68608K, 25% used [0x00000000c0000000,0x00000000c110f7b0,0x00000000c4300000)
 Metaspace       used 37846K, committed 38592K, reserved 1114112K
  class space    used 3815K, committed 4160K, reserved 1048576K
}
Event: 11.280 GC heap before
{Heap before GC invocations=16 (full 2):
 PSYoungGen      total 24064K, used 23584K [0x00000000eab00000, 0x00000000ec600000, 0x0000000100000000)
  eden space 22016K, 100% used [0x00000000eab00000,0x00000000ec080000,0x00000000ec080000)
  from space 2048K, 76% used [0x00000000ec300000,0x00000000ec488000,0x00000000ec500000)
  to   space 1024K, 0% used [0x00000000ec500000,0x00000000ec500000,0x00000000ec600000)
 ParOldGen       total 68608K, used 17469K [0x00000000c0000000, 0x00000000c4300000, 0x00000000eab00000)
  object space 68608K, 25% used [0x00000000c0000000,0x00000000c110f7b0,0x00000000c4300000)
 Metaspace       used 38985K, committed 39744K, reserved 1114112K
  class space    used 3962K, committed 4288K, reserved 1048576K
}
Event: 11.283 GC heap after
{Heap after GC invocations=16 (full 2):
 PSYoungGen      total 23040K, used 1024K [0x00000000eab00000, 0x00000000ec680000, 0x0000000100000000)
  eden space 22016K, 0% used [0x00000000eab00000,0x00000000eab00000,0x00000000ec080000)
  from space 1024K, 100% used [0x00000000ec500000,0x00000000ec600000,0x00000000ec600000)
  to   space 3072K, 0% used [0x00000000ec080000,0x00000000ec080000,0x00000000ec380000)
 ParOldGen       total 68608K, used 19290K [0x00000000c0000000, 0x00000000c4300000, 0x00000000eab00000)
  object space 68608K, 28% used [0x00000000c0000000,0x00000000c12d6b18,0x00000000c4300000)
 Metaspace       used 38985K, committed 39744K, reserved 1114112K
  class space    used 3962K, committed 4288K, reserved 1048576K
}

Dll operation events (10 events):
Event: 0.009 Loaded shared library c:\Users\HP 11na\.vscode\extensions\redhat.java-1.31.2024051808-win32-x64\jre\17.0.11-win32-x86_64\bin\java.dll
Event: 0.506 Loaded shared library c:\Users\HP 11na\.vscode\extensions\redhat.java-1.31.2024051808-win32-x64\jre\17.0.11-win32-x86_64\bin\zip.dll
Event: 0.575 Loaded shared library C:\Users\HP 11na\.vscode\extensions\redhat.java-1.31.2024051808-win32-x64\jre\17.0.11-win32-x86_64\bin\instrument.dll
Event: 0.618 Loaded shared library C:\Users\HP 11na\.vscode\extensions\redhat.java-1.31.2024051808-win32-x64\jre\17.0.11-win32-x86_64\bin\net.dll
Event: 0.620 Loaded shared library C:\Users\HP 11na\.vscode\extensions\redhat.java-1.31.2024051808-win32-x64\jre\17.0.11-win32-x86_64\bin\nio.dll
Event: 0.634 Loaded shared library C:\Users\HP 11na\.vscode\extensions\redhat.java-1.31.2024051808-win32-x64\jre\17.0.11-win32-x86_64\bin\zip.dll
Event: 0.664 Loaded shared library C:\Users\HP 11na\.vscode\extensions\redhat.java-1.31.2024051808-win32-x64\jre\17.0.11-win32-x86_64\bin\jimage.dll
Event: 0.842 Loaded shared library c:\Users\HP 11na\.vscode\extensions\redhat.java-1.31.2024051808-win32-x64\jre\17.0.11-win32-x86_64\bin\verify.dll
Event: 3.095 Loaded shared library C:\Users\HP 11na\AppData\Roaming\Code\User\globalStorage\redhat.java\1.31.2024051808\config_ss_win\org.eclipse.equinox.launcher\org.eclipse.equinox.launcher.win32.win32.x86_64_1.2.1000.v20240506-2123\eclipse_11901.dll
Event: 8.935 Loaded shared library C:\Users\HP 11na\AppData\Local\Temp\jna-1797150699\jna13649770364159360441.dll

Deoptimization events (20 events):
Event: 11.154 Thread 0x000000001cadf8a0 DEOPT PACKING pc=0x0000000005c76c1e sp=0x000000002100e170
Event: 11.154 Thread 0x000000001cadf8a0 DEOPT UNPACKING pc=0x000000000cb8a9e3 sp=0x000000002100d660 mode 0
Event: 11.154 Thread 0x000000001cadf8a0 DEOPT PACKING pc=0x0000000005c76c1e sp=0x000000002100e170
Event: 11.154 Thread 0x000000001cadf8a0 DEOPT UNPACKING pc=0x000000000cb8a9e3 sp=0x000000002100d660 mode 0
Event: 11.155 Thread 0x000000001cae2b40 DEOPT PACKING pc=0x0000000005c76c1e sp=0x0000000020f0e180
Event: 11.155 Thread 0x000000001cae2b40 DEOPT UNPACKING pc=0x000000000cb8a9e3 sp=0x0000000020f0d678 mode 0
Event: 11.155 Thread 0x000000001cadf8a0 DEOPT PACKING pc=0x0000000005c76c1e sp=0x000000002100e170
Event: 11.155 Thread 0x000000001cadf8a0 DEOPT UNPACKING pc=0x000000000cb8a9e3 sp=0x000000002100d660 mode 0
Event: 11.155 Thread 0x000000001cadf8a0 DEOPT PACKING pc=0x0000000005c76c1e sp=0x000000002100e170
Event: 11.155 Thread 0x000000001cadf8a0 DEOPT UNPACKING pc=0x000000000cb8a9e3 sp=0x000000002100d660 mode 0
Event: 11.155 Thread 0x000000001cadf8a0 DEOPT PACKING pc=0x0000000005c76c1e sp=0x000000002100e170
Event: 11.155 Thread 0x000000001cadf8a0 DEOPT UNPACKING pc=0x000000000cb8a9e3 sp=0x000000002100d660 mode 0
Event: 11.205 Thread 0x000000001cae2b40 Uncommon trap: trap_request=0xffffffc6 fr.pc=0x000000000d1d0210 relative=0x0000000000009010
Event: 11.205 Thread 0x000000001cae2b40 Uncommon trap: reason=bimorphic_or_optimized_type_check action=maybe_recompile pc=0x000000000d1d0210 method=lombok.patcher.PatchScript$MethodPatcher.visitMethod(ILjava/lang/String;Ljava/lang/String;Ljava/lang/String;[Ljava/lang/String;)Lorg/lombokweb/asm/
Event: 11.205 Thread 0x000000001cae2b40 DEOPT PACKING pc=0x000000000d1d0210 sp=0x0000000020f08760
Event: 11.205 Thread 0x000000001cae2b40 DEOPT UNPACKING pc=0x000000000cb89ea3 sp=0x0000000020f086f8 mode 2
Event: 11.383 Thread 0x000000001cade460 Uncommon trap: trap_request=0xffffffc6 fr.pc=0x000000000d1d0210 relative=0x0000000000009010
Event: 11.383 Thread 0x000000001cade460 Uncommon trap: reason=bimorphic_or_optimized_type_check action=maybe_recompile pc=0x000000000d1d0210 method=lombok.patcher.PatchScript$MethodPatcher.visitMethod(ILjava/lang/String;Ljava/lang/String;Ljava/lang/String;[Ljava/lang/String;)Lorg/lombokweb/asm/
Event: 11.383 Thread 0x000000001cade460 DEOPT PACKING pc=0x000000000d1d0210 sp=0x0000000020e0b420
Event: 11.383 Thread 0x000000001cade460 DEOPT UNPACKING pc=0x000000000cb89ea3 sp=0x0000000020e0b3b8 mode 2

Classes unloaded (7 events):
Event: 4.328 Thread 0x0000000016996200 Unloading class 0x000000010021a400 'java/lang/invoke/LambdaForm$MH+0x000000010021a400'
Event: 4.328 Thread 0x0000000016996200 Unloading class 0x000000010021a000 'java/lang/invoke/LambdaForm$MH+0x000000010021a000'
Event: 4.328 Thread 0x0000000016996200 Unloading class 0x0000000100219c00 'java/lang/invoke/LambdaForm$MH+0x0000000100219c00'
Event: 4.328 Thread 0x0000000016996200 Unloading class 0x0000000100219800 'java/lang/invoke/LambdaForm$MH+0x0000000100219800'
Event: 4.328 Thread 0x0000000016996200 Unloading class 0x0000000100219400 'java/lang/invoke/LambdaForm$BMH+0x0000000100219400'
Event: 4.328 Thread 0x0000000016996200 Unloading class 0x0000000100219000 'java/lang/invoke/LambdaForm$DMH+0x0000000100219000'
Event: 4.328 Thread 0x0000000016996200 Unloading class 0x0000000100214400 'java/lang/invoke/LambdaForm$DMH+0x0000000100214400'

Classes redefined (0 events):
No events

Internal exceptions (20 events):
Event: 10.246 Thread 0x000000001cae2b40 Exception <a 'java/io/FileNotFoundException'{0x00000000eadca9d0}> (0x00000000eadca9d0) 
thrown [s\src\hotspot\share\prims\jni.cpp, line 516]
Event: 10.247 Thread 0x000000001cae2b40 Exception <a 'java/lang/NoSuchMethodError'{0x00000000eaddc9d8}: 'void java.lang.invoke.DirectMethodHandle$Holder.invokeStaticInit(java.lang.Object, java.lang.Object, java.lang.Object)'> (0x00000000eaddc9d8) 
thrown [s\src\hotspot\share\interpreter\linkResolver.cpp, line 759]
Event: 10.340 Thread 0x000000001cadf8a0 Exception <a 'sun/nio/fs/WindowsException'{0x00000000eb3485f8}> (0x00000000eb3485f8) 
thrown [s\src\hotspot\share\prims\jni.cpp, line 516]
Event: 10.340 Thread 0x000000001cadf8a0 Exception <a 'sun/nio/fs/WindowsException'{0x00000000eb349190}> (0x00000000eb349190) 
thrown [s\src\hotspot\share\prims\jni.cpp, line 516]
Event: 10.340 Thread 0x000000001cadf8a0 Exception <a 'sun/nio/fs/WindowsException'{0x00000000eb34a368}> (0x00000000eb34a368) 
thrown [s\src\hotspot\share\prims\jni.cpp, line 516]
Event: 10.340 Thread 0x000000001cadf8a0 Exception <a 'sun/nio/fs/WindowsException'{0x00000000eb34aee8}> (0x00000000eb34aee8) 
thrown [s\src\hotspot\share\prims\jni.cpp, line 516]
Event: 10.342 Thread 0x000000001cadf8a0 Exception <a 'sun/nio/fs/WindowsException'{0x00000000eb360a80}> (0x00000000eb360a80) 
thrown [s\src\hotspot\share\prims\jni.cpp, line 516]
Event: 10.342 Thread 0x000000001cadf8a0 Exception <a 'sun/nio/fs/WindowsException'{0x00000000eb361600}> (0x00000000eb361600) 
thrown [s\src\hotspot\share\prims\jni.cpp, line 516]
Event: 10.345 Thread 0x000000001cadf8a0 Exception <a 'sun/nio/fs/WindowsException'{0x00000000eb374440}> (0x00000000eb374440) 
thrown [s\src\hotspot\share\prims\jni.cpp, line 516]
Event: 10.345 Thread 0x000000001cadf8a0 Exception <a 'sun/nio/fs/WindowsException'{0x00000000eb374fc0}> (0x00000000eb374fc0) 
thrown [s\src\hotspot\share\prims\jni.cpp, line 516]
Event: 10.345 Thread 0x000000001cadf8a0 Exception <a 'sun/nio/fs/WindowsException'{0x00000000eb376a50}> (0x00000000eb376a50) 
thrown [s\src\hotspot\share\prims\jni.cpp, line 516]
Event: 10.345 Thread 0x000000001cadf8a0 Exception <a 'sun/nio/fs/WindowsException'{0x00000000eb377418}> (0x00000000eb377418) 
thrown [s\src\hotspot\share\prims\jni.cpp, line 516]
Event: 10.345 Thread 0x000000001cadf8a0 Exception <a 'sun/nio/fs/WindowsException'{0x00000000eb378520}> (0x00000000eb378520) 
thrown [s\src\hotspot\share\prims\jni.cpp, line 516]
Event: 10.346 Thread 0x000000001cadf8a0 Exception <a 'sun/nio/fs/WindowsException'{0x00000000eb378ee8}> (0x00000000eb378ee8) 
thrown [s\src\hotspot\share\prims\jni.cpp, line 516]
Event: 10.346 Thread 0x000000001cadf8a0 Exception <a 'sun/nio/fs/WindowsException'{0x00000000eb379dd0}> (0x00000000eb379dd0) 
thrown [s\src\hotspot\share\prims\jni.cpp, line 516]
Event: 10.346 Thread 0x000000001cadf8a0 Exception <a 'sun/nio/fs/WindowsException'{0x00000000eb37a798}> (0x00000000eb37a798) 
thrown [s\src\hotspot\share\prims\jni.cpp, line 516]
Event: 10.346 Thread 0x000000001cadf8a0 Exception <a 'sun/nio/fs/WindowsException'{0x00000000eb37c480}> (0x00000000eb37c480) 
thrown [s\src\hotspot\share\prims\jni.cpp, line 516]
Event: 10.346 Thread 0x000000001cadf8a0 Exception <a 'sun/nio/fs/WindowsException'{0x00000000eb37ce48}> (0x00000000eb37ce48) 
thrown [s\src\hotspot\share\prims\jni.cpp, line 516]
Event: 10.348 Thread 0x000000001cadf8a0 Exception <a 'java/lang/NoSuchMethodError'{0x00000000eb390ca0}: 'void java.lang.invoke.DirectMethodHandle$Holder.invokeVirtual(java.lang.Object, java.lang.Object, java.lang.Object, java.lang.Object)'> (0x00000000eb390ca0) 
thrown [s\src\hotspot\share\interpreter\linkResolver.cpp, line 759]
Event: 10.400 Thread 0x000000001cade460 Exception <a 'java/lang/NoSuchMethodError'{0x00000000eb635c18}: 'java.lang.Object java.lang.invoke.Invokers$Holder.invoke_MT(java.lang.Object, java.lang.Object, java.lang.Object)'> (0x00000000eb635c18) 
thrown [s\src\hotspot\share\interpreter\linkResolver.cpp, line 759]

VM Operations (20 events):
Event: 10.414 Executing VM operation: HandshakeAllThreads
Event: 10.414 Executing VM operation: HandshakeAllThreads done
Event: 10.414 Executing VM operation: HandshakeAllThreads
Event: 10.414 Executing VM operation: HandshakeAllThreads done
Event: 10.551 Executing VM operation: HandshakeAllThreads
Event: 10.551 Executing VM operation: HandshakeAllThreads done
Event: 10.571 Executing VM operation: ParallelGCFailedAllocation
Event: 10.574 Executing VM operation: ParallelGCFailedAllocation done
Event: 10.708 Executing VM operation: ParallelGCFailedAllocation
Event: 10.712 Executing VM operation: ParallelGCFailedAllocation done
Event: 10.880 Executing VM operation: ParallelGCFailedAllocation
Event: 10.885 Executing VM operation: ParallelGCFailedAllocation done
Event: 11.019 Executing VM operation: ParallelGCFailedAllocation
Event: 11.027 Executing VM operation: ParallelGCFailedAllocation done
Event: 11.140 Executing VM operation: HandshakeAllThreads
Event: 11.141 Executing VM operation: HandshakeAllThreads done
Event: 11.280 Executing VM operation: ParallelGCFailedAllocation
Event: 11.283 Executing VM operation: ParallelGCFailedAllocation done
Event: 11.374 Executing VM operation: HandshakeAllThreads
Event: 11.374 Executing VM operation: HandshakeAllThreads done

Events (20 events):
Event: 10.467 loading class java/nio/file/FileTreeWalker$EventType
Event: 10.468 loading class java/nio/file/FileTreeWalker$EventType done
Event: 10.468 loading class java/nio/file/Files$3
Event: 10.468 loading class java/nio/file/Files$3 done
Event: 10.469 loading class java/nio/file/FileVisitResult
Event: 10.469 loading class java/nio/file/FileVisitResult done
Event: 10.550 loading class java/nio/channels/Channels$ReadableByteChannelImpl
Event: 10.550 loading class java/nio/channels/Channels$ReadableByteChannelImpl done
Event: 10.551 loading class java/nio/channels/NonWritableChannelException
Event: 10.552 loading class java/nio/channels/NonWritableChannelException done
Event: 11.119 loading class sun/nio/cs/ThreadLocalCoders
Event: 11.119 loading class sun/nio/cs/ThreadLocalCoders done
Event: 11.119 loading class sun/nio/cs/ThreadLocalCoders$1
Event: 11.119 loading class sun/nio/cs/ThreadLocalCoders$Cache
Event: 11.119 loading class sun/nio/cs/ThreadLocalCoders$Cache done
Event: 11.119 loading class sun/nio/cs/ThreadLocalCoders$1 done
Event: 11.119 loading class sun/nio/cs/ThreadLocalCoders$2
Event: 11.119 loading class sun/nio/cs/ThreadLocalCoders$2 done
Event: 11.161 loading class java/lang/ExceptionInInitializerError
Event: 11.196 loading class java/lang/ExceptionInInitializerError done


Dynamic libraries:
0x00007ff78d8a0000 - 0x00007ff78d8ae000 	c:\Users\HP 11na\.vscode\extensions\redhat.java-1.31.2024051808-win32-x64\jre\17.0.11-win32-x86_64\bin\java.exe
0x00007ffd0d480000 - 0x00007ffd0d687000 	C:\WINDOWS\SYSTEM32\ntdll.dll
0x00007ffd0bd20000 - 0x00007ffd0bddd000 	C:\WINDOWS\System32\KERNEL32.DLL
0x00007ffd0ac20000 - 0x00007ffd0af94000 	C:\WINDOWS\System32\KERNELBASE.dll
0x00007ffd05280000 - 0x00007ffd05311000 	C:\WINDOWS\SYSTEM32\apphelp.dll
0x00007ffd0b1f0000 - 0x00007ffd0b301000 	C:\WINDOWS\System32\ucrtbase.dll
0x00007ffcea400000 - 0x00007ffcea417000 	c:\Users\HP 11na\.vscode\extensions\redhat.java-1.31.2024051808-win32-x64\jre\17.0.11-win32-x86_64\bin\jli.dll
0x00007ffd0b6b0000 - 0x00007ffd0b85c000 	C:\WINDOWS\System32\USER32.dll
0x00007ffd0abf0000 - 0x00007ffd0ac16000 	C:\WINDOWS\System32\win32u.dll
0x00007ffd0bdf0000 - 0x00007ffd0be19000 	C:\WINDOWS\System32\GDI32.dll
0x00007ffd0aad0000 - 0x00007ffd0abe2000 	C:\WINDOWS\System32\gdi32full.dll
0x00007ffd0b090000 - 0x00007ffd0b12d000 	C:\WINDOWS\System32\msvcp_win.dll
0x00007ffcd2190000 - 0x00007ffcd21ab000 	c:\Users\HP 11na\.vscode\extensions\redhat.java-1.31.2024051808-win32-x64\jre\17.0.11-win32-x86_64\bin\VCRUNTIME140.dll
0x00007ffceef90000 - 0x00007ffcef235000 	C:\WINDOWS\WinSxS\amd64_microsoft.windows.common-controls_6595b64144ccf1df_6.0.22000.120_none_9d947278b86cc467\COMCTL32.dll
0x00007ffd0d390000 - 0x00007ffd0d433000 	C:\WINDOWS\System32\msvcrt.dll
0x00007ffd0b650000 - 0x00007ffd0b681000 	C:\WINDOWS\System32\IMM32.DLL
0x00007ffcea900000 - 0x00007ffcea90c000 	c:\Users\HP 11na\.vscode\extensions\redhat.java-1.31.2024051808-win32-x64\jre\17.0.11-win32-x86_64\bin\vcruntime140_1.dll
0x00007ffcbefd0000 - 0x00007ffcbf05d000 	c:\Users\HP 11na\.vscode\extensions\redhat.java-1.31.2024051808-win32-x64\jre\17.0.11-win32-x86_64\bin\msvcp140.dll
0x00007ffcaa650000 - 0x00007ffcab2b2000 	c:\Users\HP 11na\.vscode\extensions\redhat.java-1.31.2024051808-win32-x64\jre\17.0.11-win32-x86_64\bin\server\jvm.dll
0x00007ffd0cd50000 - 0x00007ffd0cdfc000 	C:\WINDOWS\System32\ADVAPI32.dll
0x00007ffd0b3a0000 - 0x00007ffd0b43d000 	C:\WINDOWS\System32\sechost.dll
0x00007ffd0b520000 - 0x00007ffd0b641000 	C:\WINDOWS\System32\RPCRT4.dll
0x00007ffd0a240000 - 0x00007ffd0a28d000 	C:\WINDOWS\SYSTEM32\POWRPROF.dll
0x00007ffceba80000 - 0x00007ffceba89000 	C:\WINDOWS\SYSTEM32\WSOCK32.dll
0x00007ffd0b8c0000 - 0x00007ffd0b92f000 	C:\WINDOWS\System32\WS2_32.dll
0x00007ffcfe270000 - 0x00007ffcfe2a3000 	C:\WINDOWS\SYSTEM32\WINMM.dll
0x00007ffcfd3a0000 - 0x00007ffcfd3aa000 	C:\WINDOWS\SYSTEM32\VERSION.dll
0x00007ffd0a220000 - 0x00007ffd0a233000 	C:\WINDOWS\SYSTEM32\UMPDC.dll
0x00007ffd09a80000 - 0x00007ffd09a98000 	C:\WINDOWS\SYSTEM32\kernel.appcore.dll
0x00007ffcea780000 - 0x00007ffcea78a000 	c:\Users\HP 11na\.vscode\extensions\redhat.java-1.31.2024051808-win32-x64\jre\17.0.11-win32-x86_64\bin\jimage.dll
0x00007ffd08590000 - 0x00007ffd087b1000 	C:\WINDOWS\SYSTEM32\DBGHELP.DLL
0x00007ffce3840000 - 0x00007ffce3871000 	C:\WINDOWS\SYSTEM32\dbgcore.DLL
0x00007ffd0b010000 - 0x00007ffd0b08f000 	C:\WINDOWS\System32\bcryptPrimitives.dll
0x00007ffcea770000 - 0x00007ffcea77e000 	c:\Users\HP 11na\.vscode\extensions\redhat.java-1.31.2024051808-win32-x64\jre\17.0.11-win32-x86_64\bin\instrument.dll
0x00007ffce8750000 - 0x00007ffce8775000 	c:\Users\HP 11na\.vscode\extensions\redhat.java-1.31.2024051808-win32-x64\jre\17.0.11-win32-x86_64\bin\java.dll
0x00007ffce5b50000 - 0x00007ffce5b68000 	c:\Users\HP 11na\.vscode\extensions\redhat.java-1.31.2024051808-win32-x64\jre\17.0.11-win32-x86_64\bin\zip.dll
0x00007ffd0be20000 - 0x00007ffd0c5ce000 	C:\WINDOWS\System32\SHELL32.dll
0x00007ffd08b00000 - 0x00007ffd09367000 	C:\WINDOWS\SYSTEM32\windows.storage.dll
0x00007ffd0ce00000 - 0x00007ffd0d178000 	C:\WINDOWS\System32\combase.dll
0x00007ffd08990000 - 0x00007ffd08af6000 	C:\WINDOWS\SYSTEM32\wintypes.dll
0x00007ffd0c640000 - 0x00007ffd0c72a000 	C:\WINDOWS\System32\SHCORE.dll
0x00007ffd0d180000 - 0x00007ffd0d1dd000 	C:\WINDOWS\System32\shlwapi.dll
0x00007ffd0a890000 - 0x00007ffd0a8b1000 	C:\WINDOWS\SYSTEM32\profapi.dll
0x00007ffcead60000 - 0x00007ffcead79000 	C:\Users\HP 11na\.vscode\extensions\redhat.java-1.31.2024051808-win32-x64\jre\17.0.11-win32-x86_64\bin\net.dll
0x00007ffd00580000 - 0x00007ffd0068c000 	C:\WINDOWS\SYSTEM32\WINHTTP.dll
0x00007ffd09f00000 - 0x00007ffd09f67000 	C:\WINDOWS\system32\mswsock.dll
0x00007ffce96e0000 - 0x00007ffce96f6000 	C:\Users\HP 11na\.vscode\extensions\redhat.java-1.31.2024051808-win32-x64\jre\17.0.11-win32-x86_64\bin\nio.dll
0x00007ffcea680000 - 0x00007ffcea690000 	c:\Users\HP 11na\.vscode\extensions\redhat.java-1.31.2024051808-win32-x64\jre\17.0.11-win32-x86_64\bin\verify.dll
0x00007ffce0670000 - 0x00007ffce06b4000 	C:\Users\HP 11na\AppData\Roaming\Code\User\globalStorage\redhat.java\1.31.2024051808\config_ss_win\org.eclipse.equinox.launcher\org.eclipse.equinox.launcher.win32.win32.x86_64_1.2.1000.v20240506-2123\eclipse_11901.dll
0x00007ffd0c740000 - 0x00007ffd0c8da000 	C:\WINDOWS\System32\ole32.dll
0x00007ffd0a140000 - 0x00007ffd0a158000 	C:\WINDOWS\SYSTEM32\CRYPTSP.dll
0x00007ffd099e0000 - 0x00007ffd09a15000 	C:\WINDOWS\system32\rsaenh.dll
0x00007ffd09ff0000 - 0x00007ffd0a019000 	C:\WINDOWS\SYSTEM32\USERENV.dll
0x00007ffd0a340000 - 0x00007ffd0a367000 	C:\WINDOWS\SYSTEM32\bcrypt.dll
0x00007ffd0a160000 - 0x00007ffd0a16c000 	C:\WINDOWS\SYSTEM32\CRYPTBASE.dll
0x00007ffd095b0000 - 0x00007ffd095dd000 	C:\WINDOWS\SYSTEM32\IPHLPAPI.DLL
0x00007ffd0c730000 - 0x00007ffd0c739000 	C:\WINDOWS\System32\NSI.dll
0x00007ffd00560000 - 0x00007ffd00579000 	C:\WINDOWS\SYSTEM32\dhcpcsvc6.DLL
0x00007ffd007b0000 - 0x00007ffd007ce000 	C:\WINDOWS\SYSTEM32\dhcpcsvc.DLL
0x00007ffd095e0000 - 0x00007ffd096c7000 	C:\WINDOWS\SYSTEM32\DNSAPI.dll
0x00007ffcc1a50000 - 0x00007ffcc1a95000 	C:\Users\HP 11na\AppData\Local\Temp\jna-1797150699\jna13649770364159360441.dll
0x00007ffd0bde0000 - 0x00007ffd0bde8000 	C:\WINDOWS\System32\PSAPI.DLL

dbghelp: loaded successfully - version: 4.0.5 - missing functions: none
symbol engine: initialized successfully - sym options: 0x614 - pdb path: .;c:\Users\HP 11na\.vscode\extensions\redhat.java-1.31.2024051808-win32-x64\jre\17.0.11-win32-x86_64\bin;C:\WINDOWS\SYSTEM32;C:\WINDOWS\WinSxS\amd64_microsoft.windows.common-controls_6595b64144ccf1df_6.0.22000.120_none_9d947278b86cc467;c:\Users\HP 11na\.vscode\extensions\redhat.java-1.31.2024051808-win32-x64\jre\17.0.11-win32-x86_64\bin\server;C:\Users\HP 11na\AppData\Roaming\Code\User\globalStorage\redhat.java\1.31.2024051808\config_ss_win\org.eclipse.equinox.launcher\org.eclipse.equinox.launcher.win32.win32.x86_64_1.2.1000.v20240506-2123;C:\Users\HP 11na\AppData\Local\Temp\jna-1797150699

VM Arguments:
jvm_args: --add-modules=ALL-SYSTEM --add-opens=java.base/java.util=ALL-UNNAMED --add-opens=java.base/java.lang=ALL-UNNAMED --add-opens=java.base/sun.nio.fs=ALL-UNNAMED -Declipse.application=org.eclipse.jdt.ls.core.id1 -Dosgi.bundles.defaultStartLevel=4 -Declipse.product=org.eclipse.jdt.ls.core.product -Djava.import.generatesMetadataFilesAtProjectRoot=false -DDetectVMInstallationsJob.disabled=true -Dfile.encoding=utf8 -XX:+UseParallelGC -XX:GCTimeRatio=4 -XX:AdaptiveSizePolicyWeight=90 -Dsun.zip.disableMemoryMapping=true -Xmx1G -Xms100m -Xlog:disable -javaagent:c:\Users\HP 11na\.vscode\extensions\redhat.java-1.31.2024051808-win32-x64\lombok\lombok-1.18.32.jar 
java_command: c:\Users\HP 11na\.vscode\extensions\redhat.java-1.31.2024051808-win32-x64\server\plugins\org.eclipse.equinox.launcher_1.6.800.v20240426-1701.jar -configuration c:\Users\HP 11na\AppData\Roaming\Code\User\globalStorage\redhat.java\1.31.2024051808\config_ss_win -data c:\Users\HP 11na\AppData\Roaming\Code\User\workspaceStorage\d43263611282b89c80052938ba8c6bae\redhat.java\ss_ws --pipe=\\.\pipe\lsp-d3655ead8a285c17ac02ab7ee0a41b57-sock
java_class_path (initial): c:\Users\HP 11na\.vscode\extensions\redhat.java-1.31.2024051808-win32-x64\server\plugins\org.eclipse.equinox.launcher_1.6.800.v20240426-1701.jar
Launcher Type: SUN_STANDARD

[Global flags]
    uintx AdaptiveSizePolicyWeight                 = 90                                        {product} {command line}
     intx CICompilerCount                          = 3                                         {product} {ergonomic}
    uintx GCTimeRatio                              = 4                                         {product} {command line}
   size_t InitialHeapSize                          = 104857600                                 {product} {command line}
   size_t MaxHeapSize                              = 1073741824                                {product} {command line}
   size_t MaxNewSize                               = 357564416                                 {product} {ergonomic}
   size_t MinHeapDeltaBytes                        = 524288                                    {product} {ergonomic}
   size_t MinHeapSize                              = 104857600                                 {product} {command line}
   size_t NewSize                                  = 34603008                                  {product} {ergonomic}
    uintx NonNMethodCodeHeapSize                   = 5832780                                {pd product} {ergonomic}
    uintx NonProfiledCodeHeapSize                  = 122912730                              {pd product} {ergonomic}
   size_t OldSize                                  = 70254592                                  {product} {ergonomic}
    uintx ProfiledCodeHeapSize                     = 122912730                              {pd product} {ergonomic}
    uintx ReservedCodeCacheSize                    = 251658240                              {pd product} {ergonomic}
     bool SegmentedCodeCache                       = true                                      {product} {ergonomic}
   size_t SoftMaxHeapSize                          = 1073741824                             {manageable} {ergonomic}
     bool UseCompressedClassPointers               = true                           {product lp64_product} {ergonomic}
     bool UseCompressedOops                        = true                           {product lp64_product} {ergonomic}
     bool UseLargePagesIndividualAllocation        = false                                  {pd product} {ergonomic}
     bool UseParallelGC                            = true                                      {product} {command line}

Logging:
Log output configuration:
 #0: stdout all=off uptime,level,tags
 #1: stderr all=off uptime,level,tags

Environment Variables:
PATH=C:\Program Files\Eclipse Adoptium\jdk-21.0.1.12-hotspot\bin;C:\Program Files (x86)\NVIDIA Corporation\PhysX\Common;C:\WINDOWS\system32;C:\WINDOWS;C:\WINDOWS\System32\Wbem;C:\WINDOWS\System32\WindowsPowerShell\v1.0\;C:\WINDOWS\System32\OpenSSH\;C:\Program Files\dotnet\;C:\Program Files\nodejs\;C:\Program Files\Git\cmd;C:\Program Files (x86)\Microsoft SQL Server\160\Tools\Binn\;C:\Program Files\Microsoft SQL Server\160\Tools\Binn\;C:\Program Files\Microsoft SQL Server\Client SDK\ODBC\170\Tools\Binn\;C:\Program Files\Microsoft SQL Server\160\DTS\Binn\;C:\Program Files (x86)\Microsoft SQL Server\160\DTS\Binn\;C:\Program Files\Microsoft SQL Server\120\Tools\Binn\;C:\Users\HP 11na\AppData\Local\Programs\Python\Python38\Scripts\;C:\Users\HP 11na\AppData\Local\Programs\Python\Python38;C:\Users\HP 11na\AppData\Local\Programs\Python\Python38\;C:\Users\HP 11na\AppData\Local\Programs\Python\Python312\Scripts\;C:\Users\HP 11na\AppData\Local\Programs\Python\Python312\;C:\Users\HP 11na\AppData\Local\Programs\Python\Launcher\;C:\Users\HP 11na\AppData\Local\Microsoft\WindowsApps;C:\Users\HP 11na\AppData\Local\Programs\Microsoft VS Code\bin;C:\msys64\ucrt64\bin;C:\Users\HP 11na\.dotnet\tools;C:\Users\HP 11na\AppData\Roaming\npm;C:\Program Files\JetBrains\IntelliJ IDEA Community Edition 2023.3.2\bin;C:\Users\HP 11na\AppData\Local\GitHubDesktop\bin;C:\Program Files\JetBrains\PyCharm Community Edition 2023.3.3\bin;
USERNAME=HP 11na
OS=Windows_NT
PROCESSOR_IDENTIFIER=Intel64 Family 6 Model 140 Stepping 1, GenuineIntel
TMP=C:\Users\HP11NA~1\AppData\Local\Temp
TEMP=C:\Users\HP11NA~1\AppData\Local\Temp



Periodic native trim disabled


---------------  S Y S T E M  ---------------

OS:
 Windows 11 , 64 bit Build 22000 (10.0.22000.318)
OS uptime: 0 days 9:52 hours

CPU: total 4 (initial active 4) (2 cores per cpu, 2 threads per core) family 6 model 140 stepping 1 microcode 0x86, cx8, cmov, fxsr, ht, mmx, 3dnowpref, sse, sse2, sse3, ssse3, sse4.1, sse4.2, popcnt, lzcnt, tsc, tscinvbit, avx, avx2, aes, erms, clmul, bmi1, bmi2, adx, avx512f, avx512dq, avx512cd, avx512bw, avx512vl, sha, fma, vzeroupper, avx512_vpopcntdq, avx512_vpclmulqdq, avx512_vaes, avx512_vnni, clflush, clflushopt, clwb, avx512_vbmi2, avx512_vbmi
Processor Information for all 4 processors :
  Max Mhz: 2995, Current Mhz: 2995, Mhz Limit: 2995

Memory: 4k page, system-wide physical 7948M (1029M free)
TotalPageFile size 7948M (AvailPageFile size 7M)
current process WorkingSet (physical memory assigned to process): 152M, peak: 162M
current process commit charge ("private bytes"): 231M, peak: 242M

vm_info: OpenJDK 64-Bit Server VM (17.0.11+9) for windows-amd64 JRE (17.0.11+9), built on Apr 17 2024 06:07:48 by "admin" with MS VC++ 16.10 / 16.11 (VS2019)

END.
