#
# There is insufficient memory for the Java Runtime Environment to continue.
# Native memory allocation (mmap) failed to map 65536 bytes for Failed to commit metaspace.
# Possible reasons:
#   The system is out of physical RAM or swap space
#   The process is running with CompressedOops enabled, and the Java Heap may be blocking the growth of the native heap
# Possible solutions:
#   Reduce memory load on the system
#   Increase physical memory or swap space
#   Check if swap backing store is full
#   Decrease Java heap size (-Xmx/-Xms)
#   Decrease number of Java threads
#   Decrease Java thread stack sizes (-Xss)
#   Set larger code cache with -XX:ReservedCodeCacheSize=
#   JVM is running with Unscaled Compressed Oops mode in which the Java heap is
#     placed in the first 4GB address space. The Java Heap base address is the
#     maximum limit for the native heap growth. Please use -XX:HeapBaseMinAddress
#     to set the Java Heap base and to place the Java Heap above 4GB virtual address.
# This output file may be truncated or incomplete.
#
#  Out of Memory Error (virtualSpaceNode.cpp:112), pid=9396, tid=12256
#
# JRE version: OpenJDK Runtime Environment Temurin-21.0.1+12 (21.0.1+12) (build 21.0.1+12-LTS)
# Java VM: OpenJDK 64-Bit Server VM Temurin-21.0.1+12 (21.0.1+12-LTS, mixed mode, sharing, tiered, compressed oops, compressed class ptrs, g1 gc, windows-amd64)
# No core dump will be written. Minidumps are not enabled by default on client versions of Windows
#

---------------  S U M M A R Y ------------

Command Line: -agentlib:jdwp=transport=dt_socket,server=n,suspend=y,address=localhost:54439 -XX:+ShowCodeDetailsInExceptionMessages Main

Host: 11th Gen Intel(R) Core(TM) i3-1115G4 @ 3.00GHz, 4 cores, 7G,  Windows 11 , 64 bit Build 22000 (10.0.22000.318)
Time: Sat Sep  7 22:38:45 2024 Hora universal coordinada elapsed time: 0.466225 seconds (0d 0h 0m 0s)

---------------  T H R E A D  ---------------

Current thread (0x000000001efde700):  JavaThread "AWT-EventQueue-0"        [_thread_in_vm, id=12256, stack(0x00000000661a0000,0x00000000662a0000) (1024K)]

Stack: [0x00000000661a0000,0x00000000662a0000]
Native frames: (J=compiled Java code, j=interpreted, Vv=VM code, C=native code)
V  [jvm.dll+0x6c7789]
V  [jvm.dll+0x8a2011]
V  [jvm.dll+0x8a44ae]
V  [jvm.dll+0x8a4b83]
V  [jvm.dll+0x27f936]
V  [jvm.dll+0x89dd8e]
V  [jvm.dll+0x66a6f5]
V  [jvm.dll+0x66a75a]
V  [jvm.dll+0x66cf12]
V  [jvm.dll+0x66cde2]
V  [jvm.dll+0x66b0ce]
V  [jvm.dll+0x26982f]
V  [jvm.dll+0x675305]
V  [jvm.dll+0x21636d]
V  [jvm.dll+0x2168ea]
V  [jvm.dll+0x217315]
V  [jvm.dll+0x20c8be]
V  [jvm.dll+0x5a9d5c]
V  [jvm.dll+0x21df9a]
V  [jvm.dll+0x819d71]
V  [jvm.dll+0x81ada4]
V  [jvm.dll+0x81b580]
V  [jvm.dll+0x21770c]
V  [jvm.dll+0x20c8d7]
V  [jvm.dll+0x5a9d5c]
V  [jvm.dll+0x21df9a]
V  [jvm.dll+0x819d71]
V  [jvm.dll+0x81ada4]
V  [jvm.dll+0x81b580]
V  [jvm.dll+0x21770c]
V  [jvm.dll+0x20c8d7]
V  [jvm.dll+0x5a9d5c]
V  [jvm.dll+0x21df9a]
V  [jvm.dll+0x819d71]
V  [jvm.dll+0x81ada4]
V  [jvm.dll+0x81b35d]
V  [jvm.dll+0x81aff8]
V  [jvm.dll+0x26d10b]
V  [jvm.dll+0x26d33a]
V  [jvm.dll+0x5cd077]
V  [jvm.dll+0x5d004f]
V  [jvm.dll+0x3d4e75]
V  [jvm.dll+0x3d44ed]
C  0x00000000126751f5

The last pc belongs to invokestatic (printed below).
Java frames: (J=compiled Java code, j=interpreted, Vv=VM code)
j  jdk.internal.icu.impl.NormalizerImpl.load(Ljava/nio/ByteBuffer;)Ljdk/internal/icu/impl/NormalizerImpl;+214 java.base@21.0.1
j  jdk.internal.icu.impl.NormalizerImpl.load(Ljava/lang/String;)Ljdk/internal/icu/impl/NormalizerImpl;+5 java.base@21.0.1
j  jdk.internal.icu.impl.Norm2AllModes$Norm2AllModesSingleton.<init>(Ljava/lang/String;)V+37 java.base@21.0.1
j  jdk.internal.icu.impl.Norm2AllModes$NFKCSingleton.<clinit>()V+6 java.base@21.0.1
v  ~StubRoutines::call_stub 0x00000000126510e7
j  jdk.internal.icu.impl.Norm2AllModes.getNFKCInstance()Ljdk/internal/icu/impl/Norm2AllModes;+0 java.base@21.0.1
j  jdk.internal.icu.text.Normalizer2.getNFKCInstance()Ljdk/internal/icu/text/Normalizer2;+0 java.base@21.0.1
j  jdk.internal.icu.text.NormalizerBase$NFKCModeImpl.<clinit>()V+4 java.base@21.0.1
v  ~StubRoutines::call_stub 0x00000000126510e7
j  jdk.internal.icu.text.NormalizerBase$NFKCMode.getNormalizer2(I)Ljdk/internal/icu/text/Normalizer2;+16 java.base@21.0.1
j  jdk.internal.icu.text.NormalizerBase.normalize(Ljava/lang/String;Ljdk/internal/icu/text/NormalizerBase$Mode;I)Ljava/lang/String;+2 java.base@21.0.1
j  jdk.internal.icu.text.NormalizerBase.normalize(Ljava/lang/String;Ljava/text/Normalizer$Form;)Ljava/lang/String;+6 java.base@21.0.1
j  java.text.Normalizer.normalize(Ljava/lang/CharSequence;Ljava/text/Normalizer$Form;)Ljava/lang/String;+7 java.base@21.0.1
j  org.postgresql.shaded.com.ongres.saslprep.SaslPrep.saslPrep(Ljava/lang/String;Z)Ljava/lang/String;+166
j  org.postgresql.shaded.com.ongres.scram.common.stringprep.StringPreparations$2.doNormalize(Ljava/lang/String;)Ljava/lang/String;+2
j  org.postgresql.shaded.com.ongres.scram.common.stringprep.StringPreparations.normalize(Ljava/lang/String;)Ljava/lang/String;+9
j  org.postgresql.shaded.com.ongres.scram.common.ScramMechanisms.saltedPassword(Lorg/postgresql/shaded/com/ongres/scram/common/stringprep/StringPreparation;Ljava/lang/String;[BI)[B+2
j  org.postgresql.shaded.com.ongres.scram.common.ScramFunctions.saltedPassword(Lorg/postgresql/shaded/com/ongres/scram/common/ScramMechanism;Lorg/postgresql/shaded/com/ongres/scram/common/stringprep/StringPreparation;Ljava/lang/String;[BI)[B+6
j  org.postgresql.shaded.com.ongres.scram.client.ScramSession$ClientFinalProcessor.<init>(Lorg/postgresql/shaded/com/ongres/scram/client/ScramSession;Ljava/lang/String;Ljava/lang/String;Ljava/lang/String;I)V+19
j  org.postgresql.shaded.com.ongres.scram.client.ScramSession$ClientFinalProcessor.<init>(Lorg/postgresql/shaded/com/ongres/scram/client/ScramSession;Ljava/lang/String;Ljava/lang/String;Ljava/lang/String;ILorg/postgresql/shaded/com/ongres/scram/client/ScramSession$1;)V+8
j  org.postgresql.shaded.com.ongres.scram.client.ScramSession$ServerFirstProcessor.clientFinalProcessor(Ljava/lang/String;)Lorg/postgresql/shaded/com/ongres/scram/client/ScramSession$ClientFinalProcessor;+30
j  org.postgresql.jre7.sasl.ScramAuthenticator.processServerFirstMessage(I)V+145
j  org.postgresql.core.v3.ConnectionFactoryImpl.doAuthentication(Lorg/postgresql/core/PGStream;Ljava/lang/String;Ljava/lang/String;Ljava/util/Properties;)V+721
j  org.postgresql.core.v3.ConnectionFactoryImpl.tryConnect(Ljava/util/Properties;Ljavax/net/SocketFactory;Lorg/postgresql/util/HostSpec;Lorg/postgresql/jdbc/SslMode;Lorg/postgresql/jdbc/GSSEncMode;)Lorg/postgresql/core/PGStream;+412
j  org.postgresql.core.v3.ConnectionFactoryImpl.openConnectionImpl([Lorg/postgresql/util/HostSpec;Ljava/util/Properties;)Lorg/postgresql/core/QueryExecutor;+233
j  org.postgresql.core.ConnectionFactory.openConnection([Lorg/postgresql/util/HostSpec;Ljava/util/Properties;)Lorg/postgresql/core/QueryExecutor;+39
j  org.postgresql.jdbc.PgConnection.<init>([Lorg/postgresql/util/HostSpec;Ljava/util/Properties;Ljava/lang/String;)V+113
j  org.postgresql.Driver.makeConnection(Ljava/lang/String;Ljava/util/Properties;)Ljava/sql/Connection;+10
j  org.postgresql.Driver.connect(Ljava/lang/String;Ljava/util/Properties;)Ljava/sql/Connection;+235
j  java.sql.DriverManager.getConnection(Ljava/lang/String;Ljava/util/Properties;Ljava/lang/Class;)Ljava/sql/Connection;+133 java.sql@21.0.1
j  java.sql.DriverManager.getConnection(Ljava/lang/String;Ljava/lang/String;Ljava/lang/String;)Ljava/sql/Connection;+37 java.sql@21.0.1
j  utils.ConnectionManager.initConnectionManager()V+15
j  utils.ConnectionManager.getConnection()Ljava/sql/Connection;+6
j  services.FutbolistaServices.crearFutbolista(Lmodel/Futbolista;)V+8
j  Main$1.run()V+31
j  java.awt.event.InvocationEvent.dispatch()V+47 java.desktop@21.0.1
j  java.awt.EventQueue.dispatchEventImpl(Ljava/awt/AWTEvent;Ljava/lang/Object;)V+21 java.desktop@21.0.1
j  java.awt.EventQueue$4.run()Ljava/lang/Void;+32 java.desktop@21.0.1
j  java.awt.EventQueue$4.run()Ljava/lang/Object;+1 java.desktop@21.0.1
j  java.security.AccessController.executePrivileged(Ljava/security/PrivilegedAction;Ljava/security/AccessControlContext;Ljava/lang/Class;)Ljava/lang/Object;+29 java.base@21.0.1
j  java.security.AccessController.doPrivileged(Ljava/security/PrivilegedAction;Ljava/security/AccessControlContext;)Ljava/lang/Object;+13 java.base@21.0.1
j  java.security.ProtectionDomain$JavaSecurityAccessImpl.doIntersectionPrivilege(Ljava/security/PrivilegedAction;Ljava/security/AccessControlContext;Ljava/security/AccessControlContext;)Ljava/lang/Object;+18 java.base@21.0.1
j  java.awt.EventQueue.dispatchEvent(Ljava/awt/AWTEvent;)V+46 java.desktop@21.0.1
j  java.awt.EventDispatchThread.pumpOneEventForFilters(I)V+81 java.desktop@21.0.1
j  java.awt.EventDispatchThread.pumpEventsForFilter(ILjava/awt/Conditional;Ljava/awt/EventFilter;)V+35 java.desktop@21.0.1
j  java.awt.EventDispatchThread.pumpEventsForHierarchy(ILjava/awt/Conditional;Ljava/awt/Component;)V+11 java.desktop@21.0.1
j  java.awt.EventDispatchThread.pumpEvents(ILjava/awt/Conditional;)V+4 java.desktop@21.0.1
j  java.awt.EventDispatchThread.pumpEvents(Ljava/awt/Conditional;)V+3 java.desktop@21.0.1
j  java.awt.EventDispatchThread.run()V+9 java.desktop@21.0.1
v  ~StubRoutines::call_stub 0x00000000126510e7
invokestatic  184 invokestatic  [0x0000000012675140, 0x00000000126754b0]  880 bytes
[MachCode]
  0x0000000012675140: 4883 ec08 | c5fa 1104 | 24eb 1f48 | 83ec 10c5 | fb11 0424 | eb14 4883 | ec10 4889 | 0424 48c7 
  0x0000000012675160: 4424 0800 | 0000 00eb | 0150 4c89 | 6dc0 410f | b755 0148 | 8b4d d0c1 | e202 8b5c | d138 c1eb 
  0x0000000012675180: 1081 e3ff | 0000 0081 | fbb8 0000 | 000f 846b | 0100 00bb | b800 0000 | e805 0000 | 00e9 5001 
  0x00000000126751a0: 0000 488b | d348 8d44 | 2408 4c89 | 6dc0 498b | cfc5 f877 | 4989 afa8 | 0300 0049 | 8987 9803 
  0x00000000126751c0: 0000 4883 | ec20 40f6 | c40f 0f84 | 1900 0000 | 4883 ec08 | 48b8 8044 | 6175 fa7f | 0000 ffd0 
  0x00000000126751e0: 4883 c408 | e90c 0000 | 0048 b880 | 4461 75fa | 7f00 00ff | d048 83c4 | 2049 c787 | 9803 0000 
  0x0000000012675200: 0000 0000 | 49c7 87a8 | 0300 0000 | 0000 0049 | c787 a003 | 0000 0000 | 0000 c5f8 | 7741 8b8f 
  0x0000000012675220: 2c05 0000 | f6c1 010f | 8442 0000 | 00f6 c102 | 0f85 3900 | 0000 4883 | ec20 40f6 | c40f 0f84 
  0x0000000012675240: 1900 0000 | 4883 ec08 | 48b8 90ee | 6075 fa7f | 0000 ffd0 | 4883 c408 | e90c 0000 | 0048 b890 
  0x0000000012675260: ee60 75fa | 7f00 00ff | d048 83c4 | 20ff e049 | 8b8f d805 | 0000 4885 | c90f 8455 | 0000 008b 
  0x0000000012675280: 899c 0000 | 0083 f901 | 0f85 4600 | 0000 498b | 8fd8 0500 | 008b 89a0 | 0000 0048 | 83ec 2040 
  0x00000000126752a0: f6c4 0f0f | 8419 0000 | 0048 83ec | 0848 b880 | ee60 75fa | 7f00 00ff | d048 83c4 | 08e9 0c00 
  0x00000000126752c0: 0000 48b8 | 80ee 6075 | fa7f 0000 | ffd0 4883 | c420 ffe0 | 4983 7f08 | 000f 8405 | 0000 00e9 
  0x00000000126752e0: 1cbc fdff | 4c8b 6dc0 | 4c8b 75c8 | 4e8d 74f5 | 00c3 410f | b755 0148 | 8b4d d0c1 | e202 488b 
  0x0000000012675300: 5cd1 4048 | 8b5b 0848 | 8b5b 0848 | 8b5b 1880 | bb20 0100 | 0005 0f84 | 0d00 0000 | 4c3b bb30 
  0x0000000012675320: 0100 000f | 856a feff | ff48 8b5c | d140 8b54 | d150 c1ea | 1c49 ba30 | 13ef 75fa | 7f00 0049 
  0x0000000012675340: 8b14 d252 | 488b 45d8 | 4885 c00f | 8412 0000 | 0048 8340 | 0801 4883 | 5808 0048 | 83c0 1048 
  0x0000000012675360: 8945 d848 | 8b45 d848 | 85c0 0f84 | 2301 0000 | 8078 f00a | 0f85 1901 | 0000 4883 | c008 4c8b 
  0x0000000012675380: 68f8 4183 | ed00 4183 | fd02 0f8c | f800 0000 | 4c8b 6b08 | 450f b76d | 2e4c 2b28 | 4183 ed01 
  0x00000000126753a0: 4e8b 6cec | 084d 85ed | 7507 4883 | 4808 01eb | 4a45 8b6d | 0849 ba00 | 0000 2000 | 0000 004d 
  0x00000000126753c0: 03ea 4c33 | 6808 49f7 | c5fc ffff | ff74 2c41 | f6c5 0275 | 2648 8378 | 0800 741b | 4883 7808 
  0x00000000126753e0: 0174 144c | 3368 0849 | f7c5 fcff | ffff 740b | 4883 4808 | 02eb 044c | 8968 0848 | 83c0 104c 
  0x0000000012675400: 8b68 e841 | 83ed 0241 | 83fd 020f | 8c77 0000 | 004c 8b6b | 0845 0fb7 | 6d2e 4c2b | 2841 83ed 
  0x0000000012675420: 014e 8b6c | ec08 4d85 | ed75 0748 | 8348 0801 | eb4a 458b | 6d08 49ba | 0000 0020 | 0000 0000 
  0x0000000012675440: 4d03 ea4c | 3368 0849 | f7c5 fcff | ffff 742c | 41f6 c502 | 7526 4883 | 7808 0074 | 1b48 8378 
  0x0000000012675460: 0801 7414 | 4c33 6808 | 49f7 c5fc | ffff ff74 | 0b48 8348 | 0802 eb04 | 4c89 6808 | 4883 c010 
  0x0000000012675480: 4c8b 68d8 | 4183 ed04 | 41c1 e503 | 4903 c548 | 8945 d84c | 8d6c 2408 | 4c89 6df0 | 4180 bfe0 
  0x00000000126754a0: 0500 0000 | 7403 ff63 | 38ff 6350 | 0f1f 4000 
[/MachCode]

---------------  P R O C E S S  ---------------

Threads class SMR info:
_java_thread_list=0x000000006536bd20, length=19, elements={
0x000000001efcc7a0, 0x000000001efcf3c0, 0x000000001efd7130, 0x000000001efd8e40,
0x000000001efdccc0, 0x000000001efdd9e0, 0x000000001efe8f10, 0x000000001efede70,
0x000000006510e1d0, 0x0000000065110860, 0x0000000065110ee0, 0x000000001efded90,
0x000000001efdbfa0, 0x000000001eff0080, 0x000000001efdf420, 0x000000001efde070,
0x000000001efdd350, 0x000000001efde700, 0x000000001efdc630
}

Java Threads: ( => current thread )
  0x000000001efcc7a0 JavaThread "Reference Handler"          daemon [_thread_blocked, id=11892, stack(0x000000001f580000,0x000000001f680000) (1024K)]
  0x000000001efcf3c0 JavaThread "Finalizer"                  daemon [_thread_blocked, id=11340, stack(0x000000001f680000,0x000000001f780000) (1024K)]
  0x000000001efd7130 JavaThread "Signal Dispatcher"          daemon [_thread_blocked, id=6636, stack(0x000000001f780000,0x000000001f880000) (1024K)]
  0x000000001efd8e40 JavaThread "Attach Listener"            daemon [_thread_blocked, id=10356, stack(0x000000001f880000,0x000000001f980000) (1024K)]
  0x000000001efdccc0 JavaThread "Service Thread"             daemon [_thread_blocked, id=4320, stack(0x000000001f980000,0x000000001fa80000) (1024K)]
  0x000000001efdd9e0 JavaThread "Monitor Deflation Thread"   daemon [_thread_blocked, id=12024, stack(0x000000001fa80000,0x000000001fb80000) (1024K)]
  0x000000001efe8f10 JavaThread "C2 CompilerThread0"         daemon [_thread_blocked, id=9588, stack(0x000000001fb80000,0x000000001fc80000) (1024K)]
  0x000000001efede70 JavaThread "C1 CompilerThread0"         daemon [_thread_blocked, id=5316, stack(0x000000001fc80000,0x000000001fd80000) (1024K)]
  0x000000006510e1d0 JavaThread "JDWP Transport Listener: dt_socket" daemon [_thread_blocked, id=11708, stack(0x000000001fd80000,0x000000001fe80000) (1024K)]
  0x0000000065110860 JavaThread "JDWP Event Helper Thread"   daemon [_thread_blocked, id=10300, stack(0x000000001fe80000,0x000000001ff80000) (1024K)]
  0x0000000065110ee0 JavaThread "JDWP Command Reader"        daemon [_thread_in_native, id=11532, stack(0x0000000065740000,0x0000000065840000) (1024K)]
  0x000000001efded90 JavaThread "Notification Thread"        daemon [_thread_blocked, id=12008, stack(0x0000000065840000,0x0000000065940000) (1024K)]
  0x000000001efdbfa0 JavaThread "Common-Cleaner"             daemon [_thread_blocked, id=11104, stack(0x0000000065940000,0x0000000065a40000) (1024K)]
  0x000000001eff0080 JavaThread "C2 CompilerThread1"         daemon [_thread_blocked, id=10156, stack(0x0000000065bb0000,0x0000000065cb0000) (1024K)]
  0x000000001efdf420 JavaThread "Java2D Disposer"            daemon [_thread_blocked, id=8572, stack(0x0000000065cb0000,0x0000000065db0000) (1024K)]
  0x000000001efde070 JavaThread "AWT-Shutdown"                      [_thread_blocked, id=4568, stack(0x0000000065db0000,0x0000000065eb0000) (1024K)]
  0x000000001efdd350 JavaThread "AWT-Windows"                daemon [_thread_in_native, id=1164, stack(0x0000000065eb0000,0x0000000065fb0000) (1024K)]
=>0x000000001efde700 JavaThread "AWT-EventQueue-0"                  [_thread_in_vm, id=12256, stack(0x00000000661a0000,0x00000000662a0000) (1024K)]
  0x000000001efdc630 JavaThread "DestroyJavaVM"                     [_thread_blocked, id=9608, stack(0x0000000000950000,0x0000000000a50000) (1024K)]
Total: 19

Other Threads:
  0x000000001efae450 VMThread "VM Thread"                           [id=10704, stack(0x000000001f350000,0x000000001f450000) (1024K)]
  0x000000001ef969c0 WatcherThread "VM Periodic Task Thread"        [id=532, stack(0x000000001f250000,0x000000001f350000) (1024K)]
  0x0000000002aa3800 WorkerThread "GC Thread#0"                     [id=760, stack(0x00000000028a0000,0x00000000029a0000) (1024K)]
  0x0000000002ab5220 ConcurrentGCThread "G1 Main Marker"            [id=9728, stack(0x000000001c810000,0x000000001c910000) (1024K)]
  0x0000000002ab64c0 WorkerThread "G1 Conc#0"                       [id=10076, stack(0x000000001c910000,0x000000001ca10000) (1024K)]
  0x0000000002b168e0 ConcurrentGCThread "G1 Refine#0"               [id=3420, stack(0x000000001f050000,0x000000001f150000) (1024K)]
  0x0000000002a46cb0 ConcurrentGCThread "G1 Service"                [id=9240, stack(0x000000001f150000,0x000000001f250000) (1024K)]
Total: 7

Threads with active compile tasks:
Total: 0

VM state: not at safepoint (normal execution)

VM Mutex/Monitor currently owned by a thread:  ([mutex/lock_event])
[0x00007ffa75edf9a8] Metaspace_lock - owner thread: 0x000000001efde700

Heap address: 0x0000000083c00000, size: 1988 MB, Compressed Oops mode: 32-bit

CDS archive(s) mapped at: [0x0000000020000000-0x0000000020c90000-0x0000000020c90000), size 13172736, SharedBaseAddress: 0x0000000020000000, ArchiveRelocationMode: 1.
Compressed class space mapped at: 0x0000000021000000-0x0000000061000000, reserved size: 1073741824
Narrow klass base: 0x0000000020000000, Narrow klass shift: 0, Narrow klass range: 0x100000000

GC Precious Log:
 CardTable entry size: 512
 Card Set container configuration: InlinePtr #cards 5 size 8 Array Of Cards #cards 12 size 40 Howl #buckets 4 coarsen threshold 1843 Howl Bitmap #cards 512 size 80 coarsen threshold 460 Card regions per heap region 1 cards per card region 2048
 CPUs: 4 total, 4 available
 Memory: 7948M
 Large Page Support: Disabled
 NUMA Support: Disabled
 Compressed Oops: Enabled (32-bit)
 Heap Region Size: 1M
 Heap Min Capacity: 8M
 Heap Initial Capacity: 126M
 Heap Max Capacity: 1988M
 Pre-touch: Disabled
 Parallel Workers: 4
 Concurrent Workers: 1
 Concurrent Refinement Workers: 4
 Periodic GC: Disabled

Heap:
 garbage-first heap   total 129024K, used 8192K [0x0000000083c00000, 0x0000000100000000)
  region size 1024K, 10 young (10240K), 0 survivors (0K)
 Metaspace       used 4914K, committed 5120K, reserved 1114112K
  class space    used 496K, committed 640K, reserved 1048576K

Heap Regions: E=young(eden), S=young(survivor), O=old, HS=humongous(starts), HC=humongous(continues), CS=collection set, F=free, TAMS=top-at-mark-start, PB=parsable bottom
|   0|0x0000000083c00000, 0x0000000083c00000, 0x0000000083d00000|  0%| F|  |TAMS 0x0000000083c00000| PB 0x0000000083c00000| Untracked 
|   1|0x0000000083d00000, 0x0000000083d00000, 0x0000000083e00000|  0%| F|  |TAMS 0x0000000083d00000| PB 0x0000000083d00000| Untracked 
|   2|0x0000000083e00000, 0x0000000083e00000, 0x0000000083f00000|  0%| F|  |TAMS 0x0000000083e00000| PB 0x0000000083e00000| Untracked 
|   3|0x0000000083f00000, 0x0000000083f00000, 0x0000000084000000|  0%| F|  |TAMS 0x0000000083f00000| PB 0x0000000083f00000| Untracked 
|   4|0x0000000084000000, 0x0000000084000000, 0x0000000084100000|  0%| F|  |TAMS 0x0000000084000000| PB 0x0000000084000000| Untracked 
|   5|0x0000000084100000, 0x0000000084100000, 0x0000000084200000|  0%| F|  |TAMS 0x0000000084100000| PB 0x0000000084100000| Untracked 
|   6|0x0000000084200000, 0x0000000084200000, 0x0000000084300000|  0%| F|  |TAMS 0x0000000084200000| PB 0x0000000084200000| Untracked 
|   7|0x0000000084300000, 0x0000000084300000, 0x0000000084400000|  0%| F|  |TAMS 0x0000000084300000| PB 0x0000000084300000| Untracked 
|   8|0x0000000084400000, 0x0000000084400000, 0x0000000084500000|  0%| F|  |TAMS 0x0000000084400000| PB 0x0000000084400000| Untracked 
|   9|0x0000000084500000, 0x0000000084500000, 0x0000000084600000|  0%| F|  |TAMS 0x0000000084500000| PB 0x0000000084500000| Untracked 
|  10|0x0000000084600000, 0x0000000084600000, 0x0000000084700000|  0%| F|  |TAMS 0x0000000084600000| PB 0x0000000084600000| Untracked 
|  11|0x0000000084700000, 0x0000000084700000, 0x0000000084800000|  0%| F|  |TAMS 0x0000000084700000| PB 0x0000000084700000| Untracked 
|  12|0x0000000084800000, 0x0000000084800000, 0x0000000084900000|  0%| F|  |TAMS 0x0000000084800000| PB 0x0000000084800000| Untracked 
|  13|0x0000000084900000, 0x0000000084900000, 0x0000000084a00000|  0%| F|  |TAMS 0x0000000084900000| PB 0x0000000084900000| Untracked 
|  14|0x0000000084a00000, 0x0000000084a00000, 0x0000000084b00000|  0%| F|  |TAMS 0x0000000084a00000| PB 0x0000000084a00000| Untracked 
|  15|0x0000000084b00000, 0x0000000084b00000, 0x0000000084c00000|  0%| F|  |TAMS 0x0000000084b00000| PB 0x0000000084b00000| Untracked 
|  16|0x0000000084c00000, 0x0000000084c00000, 0x0000000084d00000|  0%| F|  |TAMS 0x0000000084c00000| PB 0x0000000084c00000| Untracked 
|  17|0x0000000084d00000, 0x0000000084d00000, 0x0000000084e00000|  0%| F|  |TAMS 0x0000000084d00000| PB 0x0000000084d00000| Untracked 
|  18|0x0000000084e00000, 0x0000000084e00000, 0x0000000084f00000|  0%| F|  |TAMS 0x0000000084e00000| PB 0x0000000084e00000| Untracked 
|  19|0x0000000084f00000, 0x0000000084f00000, 0x0000000085000000|  0%| F|  |TAMS 0x0000000084f00000| PB 0x0000000084f00000| Untracked 
|  20|0x0000000085000000, 0x0000000085000000, 0x0000000085100000|  0%| F|  |TAMS 0x0000000085000000| PB 0x0000000085000000| Untracked 
|  21|0x0000000085100000, 0x0000000085100000, 0x0000000085200000|  0%| F|  |TAMS 0x0000000085100000| PB 0x0000000085100000| Untracked 
|  22|0x0000000085200000, 0x0000000085200000, 0x0000000085300000|  0%| F|  |TAMS 0x0000000085200000| PB 0x0000000085200000| Untracked 
|  23|0x0000000085300000, 0x0000000085300000, 0x0000000085400000|  0%| F|  |TAMS 0x0000000085300000| PB 0x0000000085300000| Untracked 
|  24|0x0000000085400000, 0x0000000085400000, 0x0000000085500000|  0%| F|  |TAMS 0x0000000085400000| PB 0x0000000085400000| Untracked 
|  25|0x0000000085500000, 0x0000000085500000, 0x0000000085600000|  0%| F|  |TAMS 0x0000000085500000| PB 0x0000000085500000| Untracked 
|  26|0x0000000085600000, 0x0000000085600000, 0x0000000085700000|  0%| F|  |TAMS 0x0000000085600000| PB 0x0000000085600000| Untracked 
|  27|0x0000000085700000, 0x0000000085700000, 0x0000000085800000|  0%| F|  |TAMS 0x0000000085700000| PB 0x0000000085700000| Untracked 
|  28|0x0000000085800000, 0x0000000085800000, 0x0000000085900000|  0%| F|  |TAMS 0x0000000085800000| PB 0x0000000085800000| Untracked 
|  29|0x0000000085900000, 0x0000000085900000, 0x0000000085a00000|  0%| F|  |TAMS 0x0000000085900000| PB 0x0000000085900000| Untracked 
|  30|0x0000000085a00000, 0x0000000085a00000, 0x0000000085b00000|  0%| F|  |TAMS 0x0000000085a00000| PB 0x0000000085a00000| Untracked 
|  31|0x0000000085b00000, 0x0000000085b00000, 0x0000000085c00000|  0%| F|  |TAMS 0x0000000085b00000| PB 0x0000000085b00000| Untracked 
|  32|0x0000000085c00000, 0x0000000085c00000, 0x0000000085d00000|  0%| F|  |TAMS 0x0000000085c00000| PB 0x0000000085c00000| Untracked 
|  33|0x0000000085d00000, 0x0000000085d00000, 0x0000000085e00000|  0%| F|  |TAMS 0x0000000085d00000| PB 0x0000000085d00000| Untracked 
|  34|0x0000000085e00000, 0x0000000085e00000, 0x0000000085f00000|  0%| F|  |TAMS 0x0000000085e00000| PB 0x0000000085e00000| Untracked 
|  35|0x0000000085f00000, 0x0000000085f00000, 0x0000000086000000|  0%| F|  |TAMS 0x0000000085f00000| PB 0x0000000085f00000| Untracked 
|  36|0x0000000086000000, 0x0000000086000000, 0x0000000086100000|  0%| F|  |TAMS 0x0000000086000000| PB 0x0000000086000000| Untracked 
|  37|0x0000000086100000, 0x0000000086100000, 0x0000000086200000|  0%| F|  |TAMS 0x0000000086100000| PB 0x0000000086100000| Untracked 
|  38|0x0000000086200000, 0x0000000086200000, 0x0000000086300000|  0%| F|  |TAMS 0x0000000086200000| PB 0x0000000086200000| Untracked 
|  39|0x0000000086300000, 0x0000000086300000, 0x0000000086400000|  0%| F|  |TAMS 0x0000000086300000| PB 0x0000000086300000| Untracked 
|  40|0x0000000086400000, 0x0000000086400000, 0x0000000086500000|  0%| F|  |TAMS 0x0000000086400000| PB 0x0000000086400000| Untracked 
|  41|0x0000000086500000, 0x0000000086500000, 0x0000000086600000|  0%| F|  |TAMS 0x0000000086500000| PB 0x0000000086500000| Untracked 
|  42|0x0000000086600000, 0x0000000086600000, 0x0000000086700000|  0%| F|  |TAMS 0x0000000086600000| PB 0x0000000086600000| Untracked 
|  43|0x0000000086700000, 0x0000000086700000, 0x0000000086800000|  0%| F|  |TAMS 0x0000000086700000| PB 0x0000000086700000| Untracked 
|  44|0x0000000086800000, 0x0000000086800000, 0x0000000086900000|  0%| F|  |TAMS 0x0000000086800000| PB 0x0000000086800000| Untracked 
|  45|0x0000000086900000, 0x0000000086900000, 0x0000000086a00000|  0%| F|  |TAMS 0x0000000086900000| PB 0x0000000086900000| Untracked 
|  46|0x0000000086a00000, 0x0000000086a00000, 0x0000000086b00000|  0%| F|  |TAMS 0x0000000086a00000| PB 0x0000000086a00000| Untracked 
|  47|0x0000000086b00000, 0x0000000086b00000, 0x0000000086c00000|  0%| F|  |TAMS 0x0000000086b00000| PB 0x0000000086b00000| Untracked 
|  48|0x0000000086c00000, 0x0000000086c00000, 0x0000000086d00000|  0%| F|  |TAMS 0x0000000086c00000| PB 0x0000000086c00000| Untracked 
|  49|0x0000000086d00000, 0x0000000086d00000, 0x0000000086e00000|  0%| F|  |TAMS 0x0000000086d00000| PB 0x0000000086d00000| Untracked 
|  50|0x0000000086e00000, 0x0000000086e00000, 0x0000000086f00000|  0%| F|  |TAMS 0x0000000086e00000| PB 0x0000000086e00000| Untracked 
|  51|0x0000000086f00000, 0x0000000086f00000, 0x0000000087000000|  0%| F|  |TAMS 0x0000000086f00000| PB 0x0000000086f00000| Untracked 
|  52|0x0000000087000000, 0x0000000087000000, 0x0000000087100000|  0%| F|  |TAMS 0x0000000087000000| PB 0x0000000087000000| Untracked 
|  53|0x0000000087100000, 0x0000000087100000, 0x0000000087200000|  0%| F|  |TAMS 0x0000000087100000| PB 0x0000000087100000| Untracked 
|  54|0x0000000087200000, 0x0000000087200000, 0x0000000087300000|  0%| F|  |TAMS 0x0000000087200000| PB 0x0000000087200000| Untracked 
|  55|0x0000000087300000, 0x0000000087300000, 0x0000000087400000|  0%| F|  |TAMS 0x0000000087300000| PB 0x0000000087300000| Untracked 
|  56|0x0000000087400000, 0x0000000087400000, 0x0000000087500000|  0%| F|  |TAMS 0x0000000087400000| PB 0x0000000087400000| Untracked 
|  57|0x0000000087500000, 0x0000000087500000, 0x0000000087600000|  0%| F|  |TAMS 0x0000000087500000| PB 0x0000000087500000| Untracked 
|  58|0x0000000087600000, 0x0000000087600000, 0x0000000087700000|  0%| F|  |TAMS 0x0000000087600000| PB 0x0000000087600000| Untracked 
|  59|0x0000000087700000, 0x0000000087700000, 0x0000000087800000|  0%| F|  |TAMS 0x0000000087700000| PB 0x0000000087700000| Untracked 
|  60|0x0000000087800000, 0x0000000087800000, 0x0000000087900000|  0%| F|  |TAMS 0x0000000087800000| PB 0x0000000087800000| Untracked 
|  61|0x0000000087900000, 0x0000000087900000, 0x0000000087a00000|  0%| F|  |TAMS 0x0000000087900000| PB 0x0000000087900000| Untracked 
|  62|0x0000000087a00000, 0x0000000087a00000, 0x0000000087b00000|  0%| F|  |TAMS 0x0000000087a00000| PB 0x0000000087a00000| Untracked 
|  63|0x0000000087b00000, 0x0000000087b00000, 0x0000000087c00000|  0%| F|  |TAMS 0x0000000087b00000| PB 0x0000000087b00000| Untracked 
|  64|0x0000000087c00000, 0x0000000087c00000, 0x0000000087d00000|  0%| F|  |TAMS 0x0000000087c00000| PB 0x0000000087c00000| Untracked 
|  65|0x0000000087d00000, 0x0000000087d00000, 0x0000000087e00000|  0%| F|  |TAMS 0x0000000087d00000| PB 0x0000000087d00000| Untracked 
|  66|0x0000000087e00000, 0x0000000087e00000, 0x0000000087f00000|  0%| F|  |TAMS 0x0000000087e00000| PB 0x0000000087e00000| Untracked 
|  67|0x0000000087f00000, 0x0000000087f00000, 0x0000000088000000|  0%| F|  |TAMS 0x0000000087f00000| PB 0x0000000087f00000| Untracked 
|  68|0x0000000088000000, 0x0000000088000000, 0x0000000088100000|  0%| F|  |TAMS 0x0000000088000000| PB 0x0000000088000000| Untracked 
|  69|0x0000000088100000, 0x0000000088100000, 0x0000000088200000|  0%| F|  |TAMS 0x0000000088100000| PB 0x0000000088100000| Untracked 
|  70|0x0000000088200000, 0x0000000088200000, 0x0000000088300000|  0%| F|  |TAMS 0x0000000088200000| PB 0x0000000088200000| Untracked 
|  71|0x0000000088300000, 0x0000000088300000, 0x0000000088400000|  0%| F|  |TAMS 0x0000000088300000| PB 0x0000000088300000| Untracked 
|  72|0x0000000088400000, 0x0000000088400000, 0x0000000088500000|  0%| F|  |TAMS 0x0000000088400000| PB 0x0000000088400000| Untracked 
|  73|0x0000000088500000, 0x0000000088500000, 0x0000000088600000|  0%| F|  |TAMS 0x0000000088500000| PB 0x0000000088500000| Untracked 
|  74|0x0000000088600000, 0x0000000088600000, 0x0000000088700000|  0%| F|  |TAMS 0x0000000088600000| PB 0x0000000088600000| Untracked 
|  75|0x0000000088700000, 0x0000000088700000, 0x0000000088800000|  0%| F|  |TAMS 0x0000000088700000| PB 0x0000000088700000| Untracked 
|  76|0x0000000088800000, 0x0000000088800000, 0x0000000088900000|  0%| F|  |TAMS 0x0000000088800000| PB 0x0000000088800000| Untracked 
|  77|0x0000000088900000, 0x0000000088900000, 0x0000000088a00000|  0%| F|  |TAMS 0x0000000088900000| PB 0x0000000088900000| Untracked 
|  78|0x0000000088a00000, 0x0000000088a00000, 0x0000000088b00000|  0%| F|  |TAMS 0x0000000088a00000| PB 0x0000000088a00000| Untracked 
|  79|0x0000000088b00000, 0x0000000088b00000, 0x0000000088c00000|  0%| F|  |TAMS 0x0000000088b00000| PB 0x0000000088b00000| Untracked 
|  80|0x0000000088c00000, 0x0000000088c00000, 0x0000000088d00000|  0%| F|  |TAMS 0x0000000088c00000| PB 0x0000000088c00000| Untracked 
|  81|0x0000000088d00000, 0x0000000088d00000, 0x0000000088e00000|  0%| F|  |TAMS 0x0000000088d00000| PB 0x0000000088d00000| Untracked 
|  82|0x0000000088e00000, 0x0000000088e00000, 0x0000000088f00000|  0%| F|  |TAMS 0x0000000088e00000| PB 0x0000000088e00000| Untracked 
|  83|0x0000000088f00000, 0x0000000088f00000, 0x0000000089000000|  0%| F|  |TAMS 0x0000000088f00000| PB 0x0000000088f00000| Untracked 
|  84|0x0000000089000000, 0x0000000089000000, 0x0000000089100000|  0%| F|  |TAMS 0x0000000089000000| PB 0x0000000089000000| Untracked 
|  85|0x0000000089100000, 0x0000000089100000, 0x0000000089200000|  0%| F|  |TAMS 0x0000000089100000| PB 0x0000000089100000| Untracked 
|  86|0x0000000089200000, 0x0000000089200000, 0x0000000089300000|  0%| F|  |TAMS 0x0000000089200000| PB 0x0000000089200000| Untracked 
|  87|0x0000000089300000, 0x0000000089300000, 0x0000000089400000|  0%| F|  |TAMS 0x0000000089300000| PB 0x0000000089300000| Untracked 
|  88|0x0000000089400000, 0x0000000089400000, 0x0000000089500000|  0%| F|  |TAMS 0x0000000089400000| PB 0x0000000089400000| Untracked 
|  89|0x0000000089500000, 0x0000000089500000, 0x0000000089600000|  0%| F|  |TAMS 0x0000000089500000| PB 0x0000000089500000| Untracked 
|  90|0x0000000089600000, 0x0000000089600000, 0x0000000089700000|  0%| F|  |TAMS 0x0000000089600000| PB 0x0000000089600000| Untracked 
|  91|0x0000000089700000, 0x0000000089700000, 0x0000000089800000|  0%| F|  |TAMS 0x0000000089700000| PB 0x0000000089700000| Untracked 
|  92|0x0000000089800000, 0x0000000089800000, 0x0000000089900000|  0%| F|  |TAMS 0x0000000089800000| PB 0x0000000089800000| Untracked 
|  93|0x0000000089900000, 0x0000000089900000, 0x0000000089a00000|  0%| F|  |TAMS 0x0000000089900000| PB 0x0000000089900000| Untracked 
|  94|0x0000000089a00000, 0x0000000089a00000, 0x0000000089b00000|  0%| F|  |TAMS 0x0000000089a00000| PB 0x0000000089a00000| Untracked 
|  95|0x0000000089b00000, 0x0000000089b00000, 0x0000000089c00000|  0%| F|  |TAMS 0x0000000089b00000| PB 0x0000000089b00000| Untracked 
|  96|0x0000000089c00000, 0x0000000089c00000, 0x0000000089d00000|  0%| F|  |TAMS 0x0000000089c00000| PB 0x0000000089c00000| Untracked 
|  97|0x0000000089d00000, 0x0000000089d00000, 0x0000000089e00000|  0%| F|  |TAMS 0x0000000089d00000| PB 0x0000000089d00000| Untracked 
|  98|0x0000000089e00000, 0x0000000089e00000, 0x0000000089f00000|  0%| F|  |TAMS 0x0000000089e00000| PB 0x0000000089e00000| Untracked 
|  99|0x0000000089f00000, 0x0000000089f00000, 0x000000008a000000|  0%| F|  |TAMS 0x0000000089f00000| PB 0x0000000089f00000| Untracked 
| 100|0x000000008a000000, 0x000000008a000000, 0x000000008a100000|  0%| F|  |TAMS 0x000000008a000000| PB 0x000000008a000000| Untracked 
| 101|0x000000008a100000, 0x000000008a100000, 0x000000008a200000|  0%| F|  |TAMS 0x000000008a100000| PB 0x000000008a100000| Untracked 
| 102|0x000000008a200000, 0x000000008a200000, 0x000000008a300000|  0%| F|  |TAMS 0x000000008a200000| PB 0x000000008a200000| Untracked 
| 103|0x000000008a300000, 0x000000008a300000, 0x000000008a400000|  0%| F|  |TAMS 0x000000008a300000| PB 0x000000008a300000| Untracked 
| 104|0x000000008a400000, 0x000000008a400000, 0x000000008a500000|  0%| F|  |TAMS 0x000000008a400000| PB 0x000000008a400000| Untracked 
| 105|0x000000008a500000, 0x000000008a500000, 0x000000008a600000|  0%| F|  |TAMS 0x000000008a500000| PB 0x000000008a500000| Untracked 
| 106|0x000000008a600000, 0x000000008a600000, 0x000000008a700000|  0%| F|  |TAMS 0x000000008a600000| PB 0x000000008a600000| Untracked 
| 107|0x000000008a700000, 0x000000008a700000, 0x000000008a800000|  0%| F|  |TAMS 0x000000008a700000| PB 0x000000008a700000| Untracked 
| 108|0x000000008a800000, 0x000000008a800000, 0x000000008a900000|  0%| F|  |TAMS 0x000000008a800000| PB 0x000000008a800000| Untracked 
| 109|0x000000008a900000, 0x000000008a900000, 0x000000008aa00000|  0%| F|  |TAMS 0x000000008a900000| PB 0x000000008a900000| Untracked 
| 110|0x000000008aa00000, 0x000000008aa00000, 0x000000008ab00000|  0%| F|  |TAMS 0x000000008aa00000| PB 0x000000008aa00000| Untracked 
| 111|0x000000008ab00000, 0x000000008ab00000, 0x000000008ac00000|  0%| F|  |TAMS 0x000000008ab00000| PB 0x000000008ab00000| Untracked 
| 112|0x000000008ac00000, 0x000000008ac00000, 0x000000008ad00000|  0%| F|  |TAMS 0x000000008ac00000| PB 0x000000008ac00000| Untracked 
| 113|0x000000008ad00000, 0x000000008ad00000, 0x000000008ae00000|  0%| F|  |TAMS 0x000000008ad00000| PB 0x000000008ad00000| Untracked 
| 114|0x000000008ae00000, 0x000000008ae00000, 0x000000008af00000|  0%| F|  |TAMS 0x000000008ae00000| PB 0x000000008ae00000| Untracked 
| 115|0x000000008af00000, 0x000000008af00000, 0x000000008b000000|  0%| F|  |TAMS 0x000000008af00000| PB 0x000000008af00000| Untracked 
| 116|0x000000008b000000, 0x000000008b0e32f0, 0x000000008b100000| 88%| E|  |TAMS 0x000000008b000000| PB 0x000000008b000000| Complete 
| 117|0x000000008b100000, 0x000000008b200000, 0x000000008b200000|100%| E|CS|TAMS 0x000000008b100000| PB 0x000000008b100000| Complete 
| 118|0x000000008b200000, 0x000000008b300000, 0x000000008b300000|100%| E|CS|TAMS 0x000000008b200000| PB 0x000000008b200000| Complete 
| 119|0x000000008b300000, 0x000000008b400000, 0x000000008b400000|100%| E|CS|TAMS 0x000000008b300000| PB 0x000000008b300000| Complete 
| 120|0x000000008b400000, 0x000000008b500000, 0x000000008b500000|100%| E|CS|TAMS 0x000000008b400000| PB 0x000000008b400000| Complete 
| 121|0x000000008b500000, 0x000000008b600000, 0x000000008b600000|100%| E|CS|TAMS 0x000000008b500000| PB 0x000000008b500000| Complete 
| 122|0x000000008b600000, 0x000000008b700000, 0x000000008b700000|100%| E|CS|TAMS 0x000000008b600000| PB 0x000000008b600000| Complete 
| 123|0x000000008b700000, 0x000000008b800000, 0x000000008b800000|100%| E|  |TAMS 0x000000008b700000| PB 0x000000008b700000| Complete 
| 124|0x000000008b800000, 0x000000008b900000, 0x000000008b900000|100%| E|CS|TAMS 0x000000008b800000| PB 0x000000008b800000| Complete 
| 125|0x000000008b900000, 0x000000008ba00000, 0x000000008ba00000|100%| E|CS|TAMS 0x000000008b900000| PB 0x000000008b900000| Complete 

Card table byte_map: [0x000000001a510000,0x000000001a900000] _byte_map_base: 0x000000001a0f2000

Marking Bits: (CMBitMap*) 0x0000000002aa3f00
 Bits: [0x000000001a900000, 0x000000001c810000)

Polling page: 0x0000000000a50000

Metaspace:

Usage:
  Non-class:      4.31 MB used.
      Class:    496.88 KB used.
       Both:      4.80 MB used.

Virtual space:
  Non-class space:       64.00 MB reserved,       4.38 MB (  7%) committed,  1 nodes.
      Class space:        1.00 GB reserved,     640.00 KB ( <1%) committed,  1 nodes.
             Both:        1.06 GB reserved,       5.00 MB ( <1%) committed. 

Chunk freelists:
   Non-Class:  11.12 MB
       Class:  15.23 MB
        Both:  26.36 MB

MaxMetaspaceSize: unlimited
CompressedClassSpaceSize: 1.00 GB
Initial GC threshold: 21.00 MB
Current GC threshold: 21.00 MB
CDS: on
 - commit_granule_bytes: 65536.
 - commit_granule_words: 8192.
 - virtual_space_node_default_size: 8388608.
 - enlarge_chunks_in_place: 1.
 - use_allocation_guard: 0.


Internal statistics:

num_allocs_failed_limit: 0.
num_arena_births: 126.
num_arena_deaths: 0.
num_vsnodes_births: 2.
num_vsnodes_deaths: 0.
num_space_committed: 80.
num_space_uncommitted: 0.
num_chunks_returned_to_freelist: 0.
num_chunks_taken_from_freelist: 199.
num_chunk_merges: 0.
num_chunk_splits: 120.
num_chunks_enlarged: 67.
num_inconsistent_stats: 0.

CodeHeap 'non-profiled nmethods': size=120000Kb used=257Kb max_used=257Kb free=119742Kb
 bounds [0x0000000012bf0000, 0x0000000012e60000, 0x000000001a120000]
CodeHeap 'profiled nmethods': size=120000Kb used=1199Kb max_used=1199Kb free=118800Kb
 bounds [0x000000000b120000, 0x000000000b390000, 0x0000000012650000]
CodeHeap 'non-nmethods': size=5760Kb used=1639Kb max_used=1655Kb free=4120Kb
 bounds [0x0000000012650000, 0x00000000128c0000, 0x0000000012bf0000]
 total_blobs=1270 nmethods=753 adapters=422
 compilation: enabled
              stopped_count=0, restarted_count=0
 full_count=0

Compilation events (20 events):
Event: 0.458 Thread 0x000000001efede70  746       3       java.io.WinNTFileSystem::prefixLength (91 bytes)
Event: 0.458 Thread 0x000000001efe8f10 nmethod 703% 0x0000000012c2dd10 code [0x0000000012c2dee0, 0x0000000012c2e9e8]
Event: 0.458 Thread 0x000000001efe8f10  748       4       java.lang.StringBuilder::append (8 bytes)
Event: 0.459 Thread 0x000000001eff0080 nmethod 743 0x0000000012c2ec90 code [0x0000000012c2ee20, 0x0000000012c2f0d0]
Event: 0.459 Thread 0x000000001efede70 nmethod 746 0x000000000b248490 code [0x000000000b2487a0, 0x000000000b249c00]
Event: 0.459 Thread 0x000000001efede70  747       3       java.util.Collections$SetFromMap::remove (19 bytes)
Event: 0.459 Thread 0x000000001efede70 nmethod 747 0x000000000b24a290 code [0x000000000b24a440, 0x000000000b24a688]
Event: 0.459 Thread 0x000000001efede70  749       1       java.util.zip.ZipEntry::getSize (5 bytes)
Event: 0.459 Thread 0x000000001efede70 nmethod 749 0x0000000012c2f290 code [0x0000000012c2f420, 0x0000000012c2f4e8]
Event: 0.459 Thread 0x000000001efede70  741       1       java.util.zip.Inflater::hasPendingOutput (5 bytes)
Event: 0.459 Thread 0x000000001efede70 nmethod 741 0x0000000012c2f590 code [0x0000000012c2f720, 0x0000000012c2f7f0]
Event: 0.462 Thread 0x000000001efede70  750       3       java.util.ArrayList$Itr::hasNext (20 bytes)
Event: 0.462 Thread 0x000000001efede70 nmethod 750 0x000000000b24a790 code [0x000000000b24a940, 0x000000000b24aab8]
Event: 0.462 Thread 0x000000001efede70  751       3       jdk.internal.loader.ClassLoaders$BootClassLoader::loadClassOrNull (10 bytes)
Event: 0.462 Thread 0x000000001efede70 nmethod 751 0x000000000b24ab90 code [0x000000000b24ad60, 0x000000000b24b000]
Event: 0.463 Thread 0x000000001efe8f10 nmethod 748 0x0000000012c2f890 code [0x0000000012c2fa60, 0x0000000012c302b8]
Event: 0.463 Thread 0x000000001efede70  752       3       java.util.ImmutableCollections$SetN::contains (26 bytes)
Event: 0.463 Thread 0x000000001efede70 nmethod 752 0x000000000b24b190 code [0x000000000b24b360, 0x000000000b24b6b8]
Event: 0.463 Thread 0x000000001efede70  753       3       jdk.internal.misc.Unsafe::getIntUnaligned (12 bytes)
Event: 0.464 Thread 0x000000001efede70 nmethod 753 0x000000000b24b810 code [0x000000000b24b9c0, 0x000000000b24bc28]

GC Heap History (0 events):
No events

Dll operation events (10 events):
Event: 0.003 Loaded shared library C:\Program Files\Eclipse Adoptium\jdk-21.0.1.12-hotspot\bin\java.dll
Event: 0.033 Loaded shared library C:\Program Files\Eclipse Adoptium\jdk-21.0.1.12-hotspot\bin\jsvml.dll
Event: 0.168 Loaded shared library C:\Program Files\Eclipse Adoptium\jdk-21.0.1.12-hotspot\bin\jimage.dll
Event: 0.174 Loaded shared library C:\Program Files\Eclipse Adoptium\jdk-21.0.1.12-hotspot\bin\awt.dll
Event: 0.202 Loaded shared library C:\Program Files\Eclipse Adoptium\jdk-21.0.1.12-hotspot\bin\net.dll
Event: 0.202 Loaded shared library C:\Program Files\Eclipse Adoptium\jdk-21.0.1.12-hotspot\bin\nio.dll
Event: 0.204 Loaded shared library C:\Program Files\Eclipse Adoptium\jdk-21.0.1.12-hotspot\bin\zip.dll
Event: 0.330 Loaded shared library C:\Program Files\Eclipse Adoptium\jdk-21.0.1.12-hotspot\bin\extnet.dll
Event: 0.341 Loaded shared library C:\Program Files\Eclipse Adoptium\jdk-21.0.1.12-hotspot\bin\management.dll
Event: 0.343 Loaded shared library C:\Program Files\Eclipse Adoptium\jdk-21.0.1.12-hotspot\bin\management_ext.dll

Deoptimization events (20 events):
Event: 0.210 Thread 0x0000000000514320 DEOPT PACKING pc=0x000000000b16d1e7 sp=0x0000000000a4cf70
Event: 0.210 Thread 0x0000000000514320 DEOPT UNPACKING pc=0x00000000126a88e2 sp=0x0000000000a4c3e0 mode 0
Event: 0.211 Thread 0x0000000000514320 DEOPT PACKING pc=0x000000000b16d1e7 sp=0x0000000000a4cf70
Event: 0.211 Thread 0x0000000000514320 DEOPT UNPACKING pc=0x00000000126a88e2 sp=0x0000000000a4c3e0 mode 0
Event: 0.211 Thread 0x0000000000514320 DEOPT PACKING pc=0x000000000b16d1e7 sp=0x0000000000a4cf70
Event: 0.211 Thread 0x0000000000514320 DEOPT UNPACKING pc=0x00000000126a88e2 sp=0x0000000000a4c3e0 mode 0
Event: 0.211 Thread 0x0000000000514320 DEOPT PACKING pc=0x000000000b16d1e7 sp=0x0000000000a4cf70
Event: 0.211 Thread 0x0000000000514320 DEOPT UNPACKING pc=0x00000000126a88e2 sp=0x0000000000a4c3e0 mode 0
Event: 0.211 Thread 0x0000000000514320 DEOPT PACKING pc=0x000000000b16d1e7 sp=0x0000000000a4cf70
Event: 0.211 Thread 0x0000000000514320 DEOPT UNPACKING pc=0x00000000126a88e2 sp=0x0000000000a4c3e0 mode 0
Event: 0.211 Thread 0x0000000000514320 DEOPT PACKING pc=0x000000000b16d1e7 sp=0x0000000000a4cf70
Event: 0.211 Thread 0x0000000000514320 DEOPT UNPACKING pc=0x00000000126a88e2 sp=0x0000000000a4c3e0 mode 0
Event: 0.292 Thread 0x000000001efde700 DEOPT PACKING pc=0x000000000b14091c sp=0x000000006629e010
Event: 0.292 Thread 0x000000001efde700 DEOPT UNPACKING pc=0x00000000126a88e2 sp=0x000000006629d430 mode 0
Event: 0.308 Thread 0x000000001efde700 DEOPT PACKING pc=0x000000000b129065 sp=0x000000006629aa30
Event: 0.308 Thread 0x000000001efde700 DEOPT UNPACKING pc=0x00000000126a88e2 sp=0x0000000066299e98 mode 0
Event: 0.463 Thread 0x000000001efde700 Uncommon trap: trap_request=0xffffff45 fr.pc=0x0000000012c2ccc4 relative=0x00000000000000a4
Event: 0.463 Thread 0x000000001efde700 Uncommon trap: reason=unstable_if action=reinterpret pc=0x0000000012c2ccc4 method=jdk.internal.misc.Unsafe.convEndian(ZI)I @ 4 c2
Event: 0.463 Thread 0x000000001efde700 DEOPT PACKING pc=0x0000000012c2ccc4 sp=0x000000006629c700
Event: 0.463 Thread 0x000000001efde700 DEOPT UNPACKING pc=0x00000000126a7da2 sp=0x000000006629c640 mode 2

Classes loaded (20 events):
Event: 0.462 Loading class jdk/internal/icu/impl/Norm2AllModes$NoopNormalizer2 done
Event: 0.462 Loading class jdk/internal/icu/impl/Norm2AllModes$NFKCSingleton
Event: 0.462 Loading class jdk/internal/icu/impl/Norm2AllModes$NFKCSingleton done
Event: 0.462 Loading class jdk/internal/icu/impl/Norm2AllModes$Norm2AllModesSingleton
Event: 0.462 Loading class jdk/internal/icu/impl/Norm2AllModes$Norm2AllModesSingleton done
Event: 0.463 Loading class jdk/internal/icu/impl/NormalizerImpl
Event: 0.463 Loading class jdk/internal/icu/impl/NormalizerImpl done
Event: 0.463 Loading class jdk/internal/icu/impl/NormalizerImpl$IsAcceptable
Event: 0.463 Loading class jdk/internal/icu/impl/ICUBinary$Authenticate
Event: 0.463 Loading class jdk/internal/icu/impl/ICUBinary$Authenticate done
Event: 0.463 Loading class jdk/internal/icu/impl/NormalizerImpl$IsAcceptable done
Event: 0.463 Loading class jdk/internal/icu/impl/ICUBinary
Event: 0.463 Loading class jdk/internal/icu/impl/ICUBinary done
Event: 0.463 Loading class jdk/internal/icu/impl/ICUBinary$1
Event: 0.463 Loading class jdk/internal/icu/impl/ICUBinary$1 done
Event: 0.463 Loading class jdk/internal/icu/util/VersionInfo
Event: 0.463 Loading class jdk/internal/icu/util/VersionInfo done
Event: 0.463 Loading class jdk/internal/icu/util/CodePointTrie$Fast16
Event: 0.463 Loading class jdk/internal/icu/util/CodePointTrie$Fast
Event: 0.463 Loading class jdk/internal/icu/util/CodePointTrie

Classes unloaded (0 events):
No events

Classes redefined (0 events):
No events

Internal exceptions (9 events):
Event: 0.155 Thread 0x0000000000514320 Exception <a 'java/lang/ClassNotFoundException'{0x000000008b871e58}: sun/awt/resources/spi/awtProvider> (0x000000008b871e58) 
thrown [s\src\hotspot\share\classfile\systemDictionary.cpp, line 312]
Event: 0.186 Thread 0x0000000000514320 Exception <a 'java/io/FileNotFoundException'{0x000000008b7508e8}> (0x000000008b7508e8) 
thrown [s\src\hotspot\share\prims\jni.cpp, line 520]
Event: 0.194 Thread 0x0000000000514320 Exception <a 'java/io/FileNotFoundException'{0x000000008b77a918}> (0x000000008b77a918) 
thrown [s\src\hotspot\share\prims\jni.cpp, line 520]
Event: 0.299 Thread 0x000000001efde700 Exception <a 'java/lang/NoSuchMethodError'{0x000000008b31fbf0}: 'java.lang.Object java.lang.invoke.DirectMethodHandle$Holder.invokeVirtual(java.lang.Object, java.lang.Object, java.lang.Object, java.lang.Object)'> (0x000000008b31fbf0) 
thrown [s\src\hotspot\share\interpreter\linkResolver.cpp, line 773]
Event: 0.300 Thread 0x000000001efde700 Exception <a 'java/lang/NoSuchMethodError'{0x000000008b327830}: 'void java.lang.invoke.DirectMethodHandle$Holder.invokeStatic(java.lang.Object, java.lang.Object, java.lang.Object, java.lang.Object)'> (0x000000008b327830) 
thrown [s\src\hotspot\share\interpreter\linkResolver.cpp, line 773]
Event: 0.330 Thread 0x000000001efde700 Exception <a 'java/lang/NoSuchMethodError'{0x000000008b3dca20}: 'void java.lang.invoke.DirectMethodHandle$Holder.invokeStatic(java.lang.Object, java.lang.Object)'> (0x000000008b3dca20) 
thrown [s\src\hotspot\share\interpreter\linkResolver.cpp, line 773]
Event: 0.347 Thread 0x000000001efde700 Exception <a 'java/lang/NoSuchMethodError'{0x000000008b220580}: 'int java.lang.invoke.DirectMethodHandle$Holder.invokeSpecial(java.lang.Object, java.lang.Object, java.lang.Object)'> (0x000000008b220580) 
thrown [s\src\hotspot\share\interpreter\linkResolver.cpp, line 773]
Event: 0.419 Thread 0x000000001efde700 Exception <a 'java/lang/NoSuchMethodError'{0x000000008b16d198}: 'java.lang.Object java.lang.invoke.DirectMethodHandle$Holder.invokeStaticInit(java.lang.Object, int, int, int, int)'> (0x000000008b16d198) 
thrown [s\src\hotspot\share\interpreter\linkResolver.cpp, line 773]
Event: 0.446 Thread 0x000000001efde700 Exception <a 'java/lang/NoSuchMethodError'{0x000000008b03ef88}: 'java.lang.Object java.lang.invoke.DirectMethodHandle$Holder.invokeStaticInit(java.lang.Object, java.lang.Object, int, int, int, int)'> (0x000000008b03ef88) 
thrown [s\src\hotspot\share\interpreter\linkResolver.cpp, line 773]

ZGC Phase Switch (0 events):
No events

VM Operations (10 events):
Event: 0.220 Executing VM operation: HandshakeAllThreads (Deoptimize)
Event: 0.220 Executing VM operation: HandshakeAllThreads (Deoptimize) done
Event: 0.269 Executing VM operation: HandshakeAllThreads (Deoptimize)
Event: 0.269 Executing VM operation: HandshakeAllThreads (Deoptimize) done
Event: 0.304 Executing VM operation: HandshakeAllThreads (Deoptimize)
Event: 0.304 Executing VM operation: HandshakeAllThreads (Deoptimize) done
Event: 0.375 Executing VM operation: HandshakeAllThreads (Deoptimize)
Event: 0.375 Executing VM operation: HandshakeAllThreads (Deoptimize) done
Event: 0.393 Executing VM operation: HandshakeAllThreads (Deoptimize)
Event: 0.393 Executing VM operation: HandshakeAllThreads (Deoptimize) done

Events (20 events):
Event: 0.031 Thread 0x000000001efcc7a0 Thread added: 0x000000001efcc7a0
Event: 0.031 Thread 0x000000001efcf3c0 Thread added: 0x000000001efcf3c0
Event: 0.031 Thread 0x000000001efd7130 Thread added: 0x000000001efd7130
Event: 0.031 Thread 0x000000001efd8e40 Thread added: 0x000000001efd8e40
Event: 0.031 Thread 0x000000001efdccc0 Thread added: 0x000000001efdccc0
Event: 0.031 Thread 0x000000001efdd9e0 Thread added: 0x000000001efdd9e0
Event: 0.031 Thread 0x000000001efe8f10 Thread added: 0x000000001efe8f10
Event: 0.031 Thread 0x000000001efede70 Thread added: 0x000000001efede70
Event: 0.062 Thread 0x000000006510e1d0 Thread added: 0x000000006510e1d0
Event: 0.062 Thread 0x0000000065110860 Thread added: 0x0000000065110860
Event: 0.063 Thread 0x0000000065110ee0 Thread added: 0x0000000065110ee0
Event: 0.142 Thread 0x000000001efded90 Thread added: 0x000000001efded90
Event: 0.146 Thread 0x000000001efdbfa0 Thread added: 0x000000001efdbfa0
Event: 0.223 Thread 0x000000001eff0080 Thread added: 0x000000001eff0080
Event: 0.261 Thread 0x000000001efdf420 Thread added: 0x000000001efdf420
Event: 0.263 Thread 0x000000001efde070 Thread added: 0x000000001efde070
Event: 0.264 Thread 0x000000001efdd350 Thread added: 0x000000001efdd350
Event: 0.270 Thread 0x000000001efde700 Thread added: 0x000000001efde700
Event: 0.270 Thread 0x0000000000514320 Thread exited: 0x0000000000514320
Event: 0.270 Thread 0x000000001efdc630 Thread added: 0x000000001efdc630


Dynamic libraries:
0x00007ff7f5bb0000 - 0x00007ff7f5bbe000 	C:\Program Files\Eclipse Adoptium\jdk-21.0.1.12-hotspot\bin\java.exe
0x00007ffad0480000 - 0x00007ffad0687000 	C:\WINDOWS\SYSTEM32\ntdll.dll
0x00007ffacf670000 - 0x00007ffacf72d000 	C:\WINDOWS\System32\KERNEL32.DLL
0x00007ffacde20000 - 0x00007fface194000 	C:\WINDOWS\System32\KERNELBASE.dll
0x00007ffacda80000 - 0x00007ffacdb91000 	C:\WINDOWS\System32\ucrtbase.dll
0x00007ffaa2d80000 - 0x00007ffaa2d98000 	C:\Program Files\Eclipse Adoptium\jdk-21.0.1.12-hotspot\bin\jli.dll
0x00007ffaa3c90000 - 0x00007ffaa3cab000 	C:\Program Files\Eclipse Adoptium\jdk-21.0.1.12-hotspot\bin\VCRUNTIME140.dll
0x00007fface4f0000 - 0x00007fface69c000 	C:\WINDOWS\System32\USER32.dll
0x00007ffab30f0000 - 0x00007ffab3395000 	C:\WINDOWS\WinSxS\amd64_microsoft.windows.common-controls_6595b64144ccf1df_6.0.22000.120_none_9d947278b86cc467\COMCTL32.dll
0x00007ffacddf0000 - 0x00007ffacde16000 	C:\WINDOWS\System32\win32u.dll
0x00007ffacf430000 - 0x00007ffacf4d3000 	C:\WINDOWS\System32\msvcrt.dll
0x00007ffacfd10000 - 0x00007ffacfd39000 	C:\WINDOWS\System32\GDI32.dll
0x00007ffacdc10000 - 0x00007ffacdd22000 	C:\WINDOWS\System32\gdi32full.dll
0x00007ffacd9e0000 - 0x00007ffacda7d000 	C:\WINDOWS\System32\msvcp_win.dll
0x00007ffacfd40000 - 0x00007ffacfd71000 	C:\WINDOWS\System32\IMM32.DLL
0x00007ffab3480000 - 0x00007ffab348c000 	C:\Program Files\Eclipse Adoptium\jdk-21.0.1.12-hotspot\bin\vcruntime140_1.dll
0x00007ffa854d0000 - 0x00007ffa8555e000 	C:\Program Files\Eclipse Adoptium\jdk-21.0.1.12-hotspot\bin\msvcp140.dll
0x00007ffa75240000 - 0x00007ffa75fc1000 	C:\Program Files\Eclipse Adoptium\jdk-21.0.1.12-hotspot\bin\server\jvm.dll
0x00007ffacfdf0000 - 0x00007ffacfe9c000 	C:\WINDOWS\System32\ADVAPI32.dll
0x00007ffacfc70000 - 0x00007ffacfd0d000 	C:\WINDOWS\System32\sechost.dll
0x00007fface310000 - 0x00007fface431000 	C:\WINDOWS\System32\RPCRT4.dll
0x00007ffacfd80000 - 0x00007ffacfdef000 	C:\WINDOWS\System32\WS2_32.dll
0x00007ffacc450000 - 0x00007ffacc49d000 	C:\WINDOWS\SYSTEM32\POWRPROF.dll
0x00007ffac1f40000 - 0x00007ffac1f73000 	C:\WINDOWS\SYSTEM32\WINMM.dll
0x00007ffac0d20000 - 0x00007ffac0d2a000 	C:\WINDOWS\SYSTEM32\VERSION.dll
0x00007ffacc430000 - 0x00007ffacc443000 	C:\WINDOWS\SYSTEM32\UMPDC.dll
0x00007ffaccb70000 - 0x00007ffaccb88000 	C:\WINDOWS\SYSTEM32\kernel.appcore.dll
0x00007ffab2e40000 - 0x00007ffab2e4a000 	C:\Program Files\Eclipse Adoptium\jdk-21.0.1.12-hotspot\bin\jimage.dll
0x00007ffacb590000 - 0x00007ffacb7b1000 	C:\WINDOWS\SYSTEM32\DBGHELP.DLL
0x00007ffaa9990000 - 0x00007ffaa99c1000 	C:\WINDOWS\SYSTEM32\dbgcore.DLL
0x00007ffacd960000 - 0x00007ffacd9df000 	C:\WINDOWS\System32\bcryptPrimitives.dll
0x00007ffa91160000 - 0x00007ffa9119c000 	C:\Program Files\Eclipse Adoptium\jdk-21.0.1.12-hotspot\bin\jdwp.dll
0x00007ffaa2d60000 - 0x00007ffaa2d7f000 	C:\Program Files\Eclipse Adoptium\jdk-21.0.1.12-hotspot\bin\java.dll
0x00007fface6a0000 - 0x00007ffacee4e000 	C:\WINDOWS\System32\SHELL32.dll
0x00007ffacbaf0000 - 0x00007ffacc357000 	C:\WINDOWS\SYSTEM32\windows.storage.dll
0x00007ffad00b0000 - 0x00007ffad0428000 	C:\WINDOWS\System32\combase.dll
0x00007ffacb980000 - 0x00007ffacbae6000 	C:\WINDOWS\SYSTEM32\wintypes.dll
0x00007ffaceed0000 - 0x00007ffacefba000 	C:\WINDOWS\System32\SHCORE.dll
0x00007ffacf730000 - 0x00007ffacf78d000 	C:\WINDOWS\System32\shlwapi.dll
0x00007ffacd890000 - 0x00007ffacd8b1000 	C:\WINDOWS\SYSTEM32\profapi.dll
0x00007ffa853f0000 - 0x00007ffa854c7000 	C:\Program Files\Eclipse Adoptium\jdk-21.0.1.12-hotspot\bin\jsvml.dll
0x00007ffaa3f90000 - 0x00007ffaa3f9c000 	C:\Program Files\Eclipse Adoptium\jdk-21.0.1.12-hotspot\bin\dt_socket.dll
0x00007ffacc630000 - 0x00007ffacc65d000 	C:\WINDOWS\SYSTEM32\IPHLPAPI.DLL
0x00007ffaccf80000 - 0x00007ffaccfe7000 	C:\WINDOWS\system32\mswsock.dll
0x00007ffacc660000 - 0x00007ffacc747000 	C:\WINDOWS\SYSTEM32\DNSAPI.dll
0x00007ffacfc60000 - 0x00007ffacfc69000 	C:\WINDOWS\System32\NSI.dll
0x00007ffac0a30000 - 0x00007ffac0a3a000 	C:\Windows\System32\rasadhlp.dll
0x00007ffac0c20000 - 0x00007ffac0ca1000 	C:\WINDOWS\System32\fwpuclnt.dll
0x00007ffa830b0000 - 0x00007ffa8323d000 	C:\Program Files\Eclipse Adoptium\jdk-21.0.1.12-hotspot\bin\awt.dll
0x00007ffacf9e0000 - 0x00007ffacfab6000 	C:\WINDOWS\System32\OLEAUT32.dll
0x00007ffac82a0000 - 0x00007ffac8331000 	C:\WINDOWS\SYSTEM32\apphelp.dll
0x00007ffaa3e00000 - 0x00007ffaa3e10000 	C:\Program Files\Eclipse Adoptium\jdk-21.0.1.12-hotspot\bin\net.dll
0x00007ffac3ee0000 - 0x00007ffac3fec000 	C:\WINDOWS\SYSTEM32\WINHTTP.dll
0x00007ffa9abb0000 - 0x00007ffa9abc6000 	C:\Program Files\Eclipse Adoptium\jdk-21.0.1.12-hotspot\bin\nio.dll
0x00007ffa91020000 - 0x00007ffa91038000 	C:\Program Files\Eclipse Adoptium\jdk-21.0.1.12-hotspot\bin\zip.dll
0x00007ffaca920000 - 0x00007ffaca9cc000 	C:\WINDOWS\system32\uxtheme.dll
0x00007ffacff90000 - 0x00007ffad00ae000 	C:\WINDOWS\System32\MSCTF.dll
0x00007ffacfac0000 - 0x00007ffacfc5a000 	C:\WINDOWS\System32\ole32.dll
0x00007ffaa3c80000 - 0x00007ffaa3c87000 	C:\Program Files\Eclipse Adoptium\jdk-21.0.1.12-hotspot\bin\extnet.dll
0x00007ffa9aaf0000 - 0x00007ffa9aafa000 	C:\Program Files\Eclipse Adoptium\jdk-21.0.1.12-hotspot\bin\management.dll
0x00007ffa91b40000 - 0x00007ffa91b4b000 	C:\Program Files\Eclipse Adoptium\jdk-21.0.1.12-hotspot\bin\management_ext.dll
0x00007ffacf790000 - 0x00007ffacf798000 	C:\WINDOWS\System32\PSAPI.DLL
0x00007ffacd1c0000 - 0x00007ffacd1d8000 	C:\WINDOWS\SYSTEM32\CRYPTSP.dll
0x00007ffaccad0000 - 0x00007ffaccb05000 	C:\WINDOWS\system32\rsaenh.dll
0x00007ffacd070000 - 0x00007ffacd099000 	C:\WINDOWS\SYSTEM32\USERENV.dll
0x00007ffacd340000 - 0x00007ffacd367000 	C:\WINDOWS\SYSTEM32\bcrypt.dll
0x00007ffacd1e0000 - 0x00007ffacd1ec000 	C:\WINDOWS\SYSTEM32\CRYPTBASE.dll

dbghelp: loaded successfully - version: 4.0.5 - missing functions: none
symbol engine: initialized successfully - sym options: 0x614 - pdb path: .;C:\Program Files\Eclipse Adoptium\jdk-21.0.1.12-hotspot\bin;C:\WINDOWS\SYSTEM32;C:\WINDOWS\WinSxS\amd64_microsoft.windows.common-controls_6595b64144ccf1df_6.0.22000.120_none_9d947278b86cc467;C:\Program Files\Eclipse Adoptium\jdk-21.0.1.12-hotspot\bin\server

VM Arguments:
jvm_args: -agentlib:jdwp=transport=dt_socket,server=n,suspend=y,address=localhost:54439 -XX:+ShowCodeDetailsInExceptionMessages 
java_command: Main
java_class_path (initial): C:\Users\HP 11na\Desktop\Liga\target\classes;C:\Users\HP 11na\.m2\repository\org\postgresql\postgresql\42.3.9\postgresql-42.3.9.jar;C:\Users\HP 11na\.m2\repository\org\checkerframework\checker-qual\3.5.0\checker-qual-3.5.0.jar;C:\Users\HP 11na\.m2\repository\unknown\binary\AbsoluteLayout\SNAPSHOT\AbsoluteLayout-SNAPSHOT.jar;C:\Users\HP 11na\.m2\repository\net\sf\jasperreports\jasperreports\6.20.3\jasperreports-6.20.3.jar;C:\Users\HP 11na\.m2\repository\commons-beanutils\commons-beanutils\1.9.4\commons-beanutils-1.9.4.jar;C:\Users\HP 11na\.m2\repository\commons-collections\commons-collections\3.2.2\commons-collections-3.2.2.jar;C:\Users\HP 11na\.m2\repository\commons-digester\commons-digester\2.1\commons-digester-2.1.jar;C:\Users\HP 11na\.m2\repository\commons-logging\commons-logging\1.1.1\commons-logging-1.1.1.jar;C:\Users\HP 11na\.m2\repository\org\apache\commons\commons-collections4\4.2\commons-collections4-4.2.jar;C:\Users\HP 11na\.m2\repository\org\jfree\jcommon\1.0.23\jcommon-1.0.23.jar;C:\Users\HP 11na\.m2\repository\org\jfree\jfreechart\1.0.19\jfreechart-1.0.19.jar;C:\Users\HP 11na\.m2\repository\org\eclipse\jdt\ecj\3.21.0\ecj-3.21.0.jar;C:\Users\HP 11na\.m2\repository\com\fasterxml\jackson\core\jackson-core\2.14.1\jackson-core-2.14.1.jar;C:\Users\HP 11na\.m2\repository\com\fasterxml\jackson\core\jackson-databind\2.14.1\jackson-databind-2.14.1.jar;C:\Users\HP 11na\.m2\repository\com\fasterxml\jackson\core\jackson-annotations\2.14.1\jackson-annotations-2.14.1.jar;C:\Users\HP 11na\.m2\repository\com\fasterxml\jackson\dataformat\jackson-dataformat-xml\2.14.1\jackson-dataformat-xml-2.14.1.jar;C:\Users\HP 11na\.m2\repository\org\codehaus\woodstox\stax2-api\4.2.1\stax2-api-4.2.1.jar;C:\Users\HP 11na\.m2\repository\com\fasterxml\woodstox\woodstox-core\6.4.0\woodstox-core-6.4.0.jar;C:\Users\HP 11na\.m2\repository\net\sf\jasperreports\jasperreports-fonts\6.20.3\jasperreports-fonts-6.20.3.jar;C:\Users\HP 11na\.m2\repository\unknown\binary\jcalendar-1.4\SNAPSHOT\jcalendar-1.4-SNAPSHOT.jar
Launcher Type: SUN_STANDARD

[Global flags]
     intx CICompilerCount                          = 3                                         {product} {ergonomic}
     uint ConcGCThreads                            = 1                                         {product} {ergonomic}
     uint G1ConcRefinementThreads                  = 4                                         {product} {ergonomic}
   size_t G1HeapRegionSize                         = 1048576                                   {product} {ergonomic}
    uintx GCDrainStackTargetSize                   = 64                                        {product} {ergonomic}
   size_t InitialHeapSize                          = 132120576                                 {product} {ergonomic}
   size_t MarkStackSize                            = 4194304                                   {product} {ergonomic}
   size_t MaxHeapSize                              = 2084569088                                {product} {ergonomic}
   size_t MaxNewSize                               = 1249902592                                {product} {ergonomic}
   size_t MinHeapDeltaBytes                        = 1048576                                   {product} {ergonomic}
   size_t MinHeapSize                              = 8388608                                   {product} {ergonomic}
    uintx NonNMethodCodeHeapSize                   = 5832780                                {pd product} {ergonomic}
    uintx NonProfiledCodeHeapSize                  = 122912730                              {pd product} {ergonomic}
    uintx ProfiledCodeHeapSize                     = 122912730                              {pd product} {ergonomic}
    uintx ReservedCodeCacheSize                    = 251658240                              {pd product} {ergonomic}
     bool SegmentedCodeCache                       = true                                      {product} {ergonomic}
     bool ShowCodeDetailsInExceptionMessages       = true                                   {manageable} {command line}
   size_t SoftMaxHeapSize                          = 2084569088                             {manageable} {ergonomic}
     bool UseCompressedOops                        = true                           {product lp64_product} {ergonomic}
     bool UseG1GC                                  = true                                      {product} {ergonomic}
     bool UseLargePagesIndividualAllocation        = false                                  {pd product} {ergonomic}

Logging:
Log output configuration:
 #0: stdout all=warning uptime,level,tags foldmultilines=false
 #1: stderr all=off uptime,level,tags foldmultilines=false

Environment Variables:
PATH=C:\Program Files\Eclipse Adoptium\jdk-21.0.1.12-hotspot\bin;C:\Program Files (x86)\NVIDIA Corporation\PhysX\Common;C:\WINDOWS\system32;C:\WINDOWS;C:\WINDOWS\System32\Wbem;C:\WINDOWS\System32\WindowsPowerShell\v1.0\;C:\WINDOWS\System32\OpenSSH\;C:\Program Files\dotnet\;C:\Program Files\nodejs\;C:\Program Files\Git\cmd;C:\Program Files (x86)\Microsoft SQL Server\160\Tools\Binn\;C:\Program Files\Microsoft SQL Server\160\Tools\Binn\;C:\Program Files\Microsoft SQL Server\Client SDK\ODBC\170\Tools\Binn\;C:\Program Files\Microsoft SQL Server\160\DTS\Binn\;C:\Program Files (x86)\Microsoft SQL Server\160\DTS\Binn\;C:\Program Files\Microsoft SQL Server\120\Tools\Binn\;C:\Users\HP 11na\AppData\Local\Programs\Python\Python38\Scripts\;C:\Users\HP 11na\AppData\Local\Programs\Python\Python38;C:\Users\HP 11na\AppData\Local\Programs\Python\Python38\;C:\Users\HP 11na\AppData\Local\Programs\Python\Python312\Scripts\;C:\Users\HP 11na\AppData\Local\Programs\Python\Python312\;C:\Users\HP 11na\AppData\Local\Programs\Python\Launcher\;C:\Users\HP 11na\AppData\Local\Microsoft\WindowsApps;C:\Users\HP 11na\AppData\Local\Programs\Microsoft VS Code\bin;C:\msys64\ucrt64\bin;C:\Users\HP 11na\.dotnet\tools;C:\Users\HP 11na\AppData\Roaming\npm;C:\Program Files\JetBrains\IntelliJ IDEA Community Edition 2023.3.2\bin;C:\Users\HP 11na\AppData\Local\GitHubDesktop\bin;C:\Program Files\JetBrains\PyCharm Community Edition 2023.3.3\bin;
USERNAME=HP 11na
LANG=en_US.UTF-8
OS=Windows_NT
PROCESSOR_IDENTIFIER=Intel64 Family 6 Model 140 Stepping 1, GenuineIntel
TMP=C:\Users\HP11NA~1\AppData\Local\Temp
TEMP=C:\Users\HP11NA~1\AppData\Local\Temp




Periodic native trim disabled

---------------  S Y S T E M  ---------------

OS:
 Windows 11 , 64 bit Build 22000 (10.0.22000.318)
OS uptime: 0 days 12:26 hours

CPU: total 4 (initial active 4) (2 cores per cpu, 2 threads per core) family 6 model 140 stepping 1 microcode 0x86, cx8, cmov, fxsr, ht, mmx, 3dnowpref, sse, sse2, sse3, ssse3, sse4.1, sse4.2, popcnt, lzcnt, tsc, tscinvbit, avx, avx2, aes, erms, clmul, bmi1, bmi2, adx, avx512f, avx512dq, avx512cd, avx512bw, avx512vl, sha, fma, vzeroupper, avx512_vpopcntdq, avx512_vpclmulqdq, avx512_vaes, avx512_vnni, clflush, clflushopt, clwb, avx512_vbmi2, avx512_vbmi, rdtscp, rdpid, fsrm, gfni, avx512_bitalg, f16c, pku, cet_ibt, cet_ss, avx512_ifma
Processor Information for all 4 processors :
  Max Mhz: 2995, Current Mhz: 2995, Mhz Limit: 2995

Memory: 4k page, system-wide physical 7948M (627M free)
TotalPageFile size 7948M (AvailPageFile size 2M)
current process WorkingSet (physical memory assigned to process): 60M, peak: 60M
current process commit charge ("private bytes"): 210M, peak: 210M

vm_info: OpenJDK 64-Bit Server VM (21.0.1+12-LTS) for windows-amd64 JRE (21.0.1+12-LTS), built on 2023-10-17T00:00:00Z by "admin" with unknown MS VC++:1937

END.
