#
# There is insufficient memory for the Java Runtime Environment to continue.
# Native memory allocation (malloc) failed to allocate 1231664 bytes. Error detail: Chunk::new
# Possible reasons:
#   The system is out of physical RAM or swap space
#   This process is running with CompressedOops enabled, and the Java Heap may be blocking the growth of the native heap
# Possible solutions:
#   Reduce memory load on the system
#   Increase physical memory or swap space
#   Check if swap backing store is full
#   Decrease Java heap size (-Xmx/-Xms)
#   Decrease number of Java threads
#   Decrease Java thread stack sizes (-Xss)
#   Set larger code cache with -XX:ReservedCodeCacheSize=
#   JVM is running with Unscaled Compressed Oops mode in which the Java heap is
#     placed in the first 4GB address space. The Java Heap base address is the
#     maximum limit for the native heap growth. Please use -XX:HeapBaseMinAddress
#     to set the Java Heap base and to place the Java Heap above 4GB virtual address.
# This output file may be truncated or incomplete.
#
#  Out of Memory Error (arena.cpp:191), pid=3248, tid=1892
#
# JRE version: OpenJDK Runtime Environment Temurin-17.0.11+9 (17.0.11+9) (build 17.0.11+9)
# Java VM: OpenJDK 64-Bit Server VM Temurin-17.0.11+9 (17.0.11+9, mixed mode, tiered, compressed oops, compressed class ptrs, parallel gc, windows-amd64)
# No core dump will be written. Minidumps are not enabled by default on client versions of Windows
#

---------------  S U M M A R Y ------------

Command Line: --add-modules=ALL-SYSTEM --add-opens=java.base/java.util=ALL-UNNAMED --add-opens=java.base/java.lang=ALL-UNNAMED --add-opens=java.base/sun.nio.fs=ALL-UNNAMED -Declipse.application=org.eclipse.jdt.ls.core.id1 -Dosgi.bundles.defaultStartLevel=4 -Declipse.product=org.eclipse.jdt.ls.core.product -Djava.import.generatesMetadataFilesAtProjectRoot=false -DDetectVMInstallationsJob.disabled=true -Dfile.encoding=utf8 -XX:+UseParallelGC -XX:GCTimeRatio=4 -XX:AdaptiveSizePolicyWeight=90 -Dsun.zip.disableMemoryMapping=true -Xmx1G -Xms100m -Xlog:disable -javaagent:c:\Users\HP 11na\.vscode\extensions\redhat.java-1.31.2024051808-win32-x64\lombok\lombok-1.18.32.jar -XX:+HeapDumpOnOutOfMemoryError -XX:HeapDumpPath=c:\Users\HP 11na\AppData\Roaming\Code\User\workspaceStorage\d43263611282b89c80052938ba8c6bae\redhat.java -Daether.dependencyCollector.impl=bf c:\Users\HP 11na\.vscode\extensions\redhat.java-1.31.2024051808-win32-x64\server\plugins\org.eclipse.equinox.launcher_1.6.800.v20240426-1701.jar -configuration c:\Users\HP 11na\AppData\Roaming\Code\User\globalStorage\redhat.java\1.31.2024051808\config_win -data c:\Users\HP 11na\AppData\Roaming\Code\User\workspaceStorage\d43263611282b89c80052938ba8c6bae\redhat.java\jdt_ws --pipe=\\.\pipe\lsp-67effe58a282564f1d9a97bf87b59835-sock

Host: 11th Gen Intel(R) Core(TM) i3-1115G4 @ 3.00GHz, 4 cores, 7G,  Windows 11 , 64 bit Build 22000 (10.0.22000.318)
Time: Sun Sep  8 15:58:58 2024 Hora universal coordinada elapsed time: 2953.146621 seconds (0d 0h 49m 13s)

---------------  T H R E A D  ---------------

Current thread (0x000000001bdde700):  JavaThread "C2 CompilerThread0" daemon [_thread_in_native, id=1892, stack(0x000000001c5d0000,0x000000001c6d0000)]


Current CompileTask:
C2:2953146 36854   !   4       org.eclipse.jdt.internal.codeassist.complete.CompletionScanner::getNextToken0 (3698 bytes)

Stack: [0x000000001c5d0000,0x000000001c6d0000]
Native frames: (J=compiled Java code, j=interpreted, Vv=VM code, C=native code)
V  [jvm.dll+0x67d429]
V  [jvm.dll+0x834b7a]
V  [jvm.dll+0x83663e]
V  [jvm.dll+0x836ca3]
V  [jvm.dll+0x247dbf]
V  [jvm.dll+0xac534]
V  [jvm.dll+0xacb7c]
V  [jvm.dll+0x366647]
V  [jvm.dll+0x330bba]
V  [jvm.dll+0x33005a]
V  [jvm.dll+0x21a471]
V  [jvm.dll+0x2198b1]
V  [jvm.dll+0x1a534d]
V  [jvm.dll+0x2295cd]
V  [jvm.dll+0x22779c]
V  [jvm.dll+0x7e9d07]
V  [jvm.dll+0x7e410a]
V  [jvm.dll+0x67c315]
C  [ucrtbase.dll+0x26c0c]
C  [KERNEL32.DLL+0x154e0]
C  [ntdll.dll+0x485b]


---------------  P R O C E S S  ---------------

Threads class SMR info:
_java_thread_list=0x000000002b72a3f0, length=39, elements={
0x000000000296a910, 0x0000000002a1e790, 0x00000000169abe40, 0x000000001bdda080,
0x000000001bdda950, 0x000000001bddb220, 0x000000001bddbaf0, 0x000000001bdde700,
0x00000000169fe950, 0x000000001be26220, 0x000000001bf04fa0, 0x000000001c134c00,
0x000000001d66e290, 0x000000001d166020, 0x000000001d1667d0, 0x000000001d891010,
0x000000001dbff250, 0x000000001dc3dfe0, 0x000000001dc3fe40, 0x000000001dc3ef10,
0x000000001dc3f420, 0x000000001dc3f930, 0x000000001dc40860, 0x000000001dc40350,
0x000000001cf279c0, 0x000000001cf2b170, 0x000000001cf2c0a0, 0x000000001cf2ac60,
0x000000001cf2cac0, 0x000000001f737a40, 0x000000001f738e80, 0x000000001f739390,
0x000000002bfafa50, 0x000000001faeca50, 0x000000001faecf60, 0x000000001fae8880,
0x000000001fae8d90, 0x000000001faec540, 0x000000002bc7fac0
}

Java Threads: ( => current thread )
  0x000000000296a910 JavaThread "main" [_thread_blocked, id=10324, stack(0x0000000001f20000,0x0000000002020000)]
  0x0000000002a1e790 JavaThread "Reference Handler" daemon [_thread_blocked, id=10344, stack(0x000000001baa0000,0x000000001bba0000)]
  0x00000000169abe40 JavaThread "Finalizer" daemon [_thread_blocked, id=3916, stack(0x000000001bba0000,0x000000001bca0000)]
  0x000000001bdda080 JavaThread "Signal Dispatcher" daemon [_thread_blocked, id=5904, stack(0x000000001c1d0000,0x000000001c2d0000)]
  0x000000001bdda950 JavaThread "Attach Listener" daemon [_thread_blocked, id=9112, stack(0x000000001c2d0000,0x000000001c3d0000)]
  0x000000001bddb220 JavaThread "Service Thread" daemon [_thread_blocked, id=2964, stack(0x000000001c3d0000,0x000000001c4d0000)]
  0x000000001bddbaf0 JavaThread "Monitor Deflation Thread" daemon [_thread_blocked, id=5760, stack(0x000000001c4d0000,0x000000001c5d0000)]
=>0x000000001bdde700 JavaThread "C2 CompilerThread0" daemon [_thread_in_native, id=1892, stack(0x000000001c5d0000,0x000000001c6d0000)]
  0x00000000169fe950 JavaThread "C1 CompilerThread0" daemon [_thread_blocked, id=4588, stack(0x000000001c6d0000,0x000000001c7d0000)]
  0x000000001be26220 JavaThread "Sweeper thread" daemon [_thread_in_vm, id=3744, stack(0x000000001c7d0000,0x000000001c8d0000)]
  0x000000001bf04fa0 JavaThread "Common-Cleaner" daemon [_thread_blocked, id=1352, stack(0x000000001c8d0000,0x000000001c9d0000)]
  0x000000001c134c00 JavaThread "Notification Thread" daemon [_thread_blocked, id=11108, stack(0x000000001d1d0000,0x000000001d2d0000)]
  0x000000001d66e290 JavaThread "Active Thread: Equinox Container: c3146fd4-95fa-45b2-9d01-f4ead4e41ef8" [_thread_blocked, id=76, stack(0x000000001e910000,0x000000001ea10000)]
  0x000000001d166020 JavaThread "Framework Event Dispatcher: Equinox Container: c3146fd4-95fa-45b2-9d01-f4ead4e41ef8" daemon [_thread_blocked, id=6564, stack(0x000000001e810000,0x000000001e910000)]
  0x000000001d1667d0 JavaThread "Start Level: Equinox Container: c3146fd4-95fa-45b2-9d01-f4ead4e41ef8" daemon [_thread_blocked, id=10376, stack(0x000000001ea10000,0x000000001eb10000)]
  0x000000001d891010 JavaThread "Bundle File Closer" daemon [_thread_blocked, id=3928, stack(0x000000001ec10000,0x000000001ed10000)]
  0x000000001dbff250 JavaThread "SCR Component Actor" daemon [_thread_blocked, id=10608, stack(0x000000001ed10000,0x000000001ee10000)]
  0x000000001dc3dfe0 JavaThread "Worker-JM" [_thread_blocked, id=10016, stack(0x000000001eb10000,0x000000001ec10000)]
  0x000000001dc3fe40 JavaThread "Java indexing" daemon [_thread_blocked, id=7700, stack(0x0000000020410000,0x0000000020510000)]
  0x000000001dc3ef10 JavaThread "JNA Cleaner" daemon [_thread_blocked, id=10996, stack(0x0000000020850000,0x0000000020950000)]
  0x000000001dc3f420 JavaThread "Thread-2" daemon [_thread_in_native, id=5764, stack(0x000000001f210000,0x000000001f310000)]
  0x000000001dc3f930 JavaThread "Thread-3" daemon [_thread_in_native, id=10476, stack(0x0000000021b20000,0x0000000021c20000)]
  0x000000001dc40860 JavaThread "Thread-4" daemon [_thread_in_native, id=5708, stack(0x0000000021c20000,0x0000000021d20000)]
  0x000000001dc40350 JavaThread "Thread-5" daemon [_thread_in_native, id=2212, stack(0x0000000021d20000,0x0000000021e20000)]
  0x000000001cf279c0 JavaThread "Thread-6" daemon [_thread_in_native, id=2724, stack(0x0000000021e20000,0x0000000021f20000)]
  0x000000001cf2b170 JavaThread "pool-2-thread-1" [_thread_blocked, id=4820, stack(0x000000001ee10000,0x000000001ef10000)]
  0x000000001cf2c0a0 JavaThread "WorkspaceEventsHandler" [_thread_blocked, id=9708, stack(0x0000000022020000,0x0000000022120000)]
  0x000000001cf2ac60 JavaThread "pool-1-thread-1" [_thread_in_vm, id=10672, stack(0x0000000022120000,0x0000000022220000)]
  0x000000001cf2cac0 JavaThread "Cleaner-0" daemon [_thread_blocked, id=10900, stack(0x000000002ad20000,0x000000002ae20000)]
  0x000000001f737a40 JavaThread "Java Debug Server" daemon [_thread_in_native, id=2828, stack(0x000000001f110000,0x000000001f210000)]
  0x000000001f738e80 JavaThread "RxSchedulerPurge-1" daemon [_thread_blocked, id=2076, stack(0x0000000021a20000,0x0000000021b20000)]
  0x000000001f739390 JavaThread "RxCachedWorkerPoolEvictor-1" daemon [_thread_blocked, id=5796, stack(0x000000002b030000,0x000000002b130000)]
  0x000000002bfafa50 JavaThread "Worker-16" [_thread_blocked, id=3344, stack(0x0000000021f20000,0x0000000022020000)]
  0x000000001faeca50 JavaThread "ForkJoinPool.commonPool-worker-8" daemon [_thread_blocked, id=8092, stack(0x0000000000680000,0x0000000000780000)]
  0x000000001faecf60 JavaThread "ForkJoinPool.commonPool-worker-9" daemon [_thread_blocked, id=10332, stack(0x0000000002020000,0x0000000002120000)]
  0x000000001fae8880 JavaThread "ForkJoinPool.commonPool-worker-11" daemon [_thread_blocked, id=5372, stack(0x000000001ef10000,0x000000001f010000)]
  0x000000001fae8d90 JavaThread "ForkJoinPool.commonPool-worker-12" daemon [_thread_blocked, id=8116, stack(0x0000000020950000,0x0000000020a50000)]
  0x000000001faec540 JavaThread "Worker-23" [_thread_blocked, id=4884, stack(0x0000000022320000,0x0000000022420000)]
  0x000000002bc7fac0 JavaThread "C2 CompilerThread1" daemon [_thread_in_native, id=2820, stack(0x00000000202e0000,0x00000000203e0000)]

Other Threads:
  0x00000000169968d0 VMThread "VM Thread" [stack: 0x000000001b9a0000,0x000000001baa0000] [id=928]
  0x000000001c1413f0 WatcherThread [stack: 0x000000001d2d0000,0x000000001d3d0000] [id=6460]
  0x000000000297fb90 GCTaskThread "GC Thread#0" [stack: 0x0000000002520000,0x0000000002620000] [id=4104]
  0x000000001ce6cfe0 GCTaskThread "GC Thread#1" [stack: 0x000000001d3d0000,0x000000001d4d0000] [id=3872]
  0x000000001ce6d6b0 GCTaskThread "GC Thread#2" [stack: 0x000000001e610000,0x000000001e710000] [id=2360]
  0x000000001ce6d970 GCTaskThread "GC Thread#3" [stack: 0x000000001e710000,0x000000001e810000] [id=7652]

Threads with active compile tasks:
C2 CompilerThread0  2953159 36854   !   4       org.eclipse.jdt.internal.codeassist.complete.CompletionScanner::getNextToken0 (3698 bytes)
C2 CompilerThread1  2953159 36860       4       org.eclipse.jdt.internal.codeassist.complete.CompletionParser::consumeToken (4155 bytes)

VM state: not at safepoint (normal execution)

VM Mutex/Monitor currently owned by a thread:  ([mutex/lock_event])
[0x0000000002965c90] CompiledIC_lock - owner thread: 0x000000001be26220

Heap address: 0x00000000c0000000, size: 1024 MB, Compressed Oops mode: 32-bit

CDS archive(s) not mapped
Compressed class space mapped at: 0x0000000100000000-0x0000000140000000, reserved size: 1073741824
Narrow klass base: 0x0000000000000000, Narrow klass shift: 3, Narrow klass range: 0x140000000

GC Precious Log:
 CPUs: 4 total, 4 available
 Memory: 7948M
 Large Page Support: Disabled
 NUMA Support: Disabled
 Compressed Oops: Enabled (32-bit)
 Alignments: Space 512K, Generation 512K, Heap 2M
 Heap Min Capacity: 100M
 Heap Initial Capacity: 100M
 Heap Max Capacity: 1G
 Pre-touch: Disabled
 Parallel Workers: 4

Heap:
 PSYoungGen      total 6144K, used 5173K [0x00000000eab00000, 0x00000000eb300000, 0x0000000100000000)
  eden space 5632K, 87% used [0x00000000eab00000,0x00000000eafcd550,0x00000000eb080000)
  from space 512K, 50% used [0x00000000eb100000,0x00000000eb140000,0x00000000eb180000)
  to   space 1024K, 0% used [0x00000000eb200000,0x00000000eb200000,0x00000000eb300000)
 ParOldGen       total 252928K, used 236546K [0x00000000c0000000, 0x00000000cf700000, 0x00000000eab00000)
  object space 252928K, 93% used [0x00000000c0000000,0x00000000ce700af8,0x00000000cf700000)
 Metaspace       used 100958K, committed 102272K, reserved 1179648K
  class space    used 9863K, committed 10496K, reserved 1048576K

Card table byte_map: [0x0000000002310000,0x0000000002520000] _byte_map_base: 0x0000000001d10000

Marking Bits: (ParMarkBitMap*) 0x00007ffaa58fd820
 Begin Bits: [0x0000000014600000, 0x0000000015600000)
 End Bits:   [0x0000000015600000, 0x0000000016600000)

Polling page: 0x0000000000480000

Metaspace:

Usage:
  Non-class:     88.96 MB used.
      Class:      9.63 MB used.
       Both:     98.59 MB used.

Virtual space:
  Non-class space:      128.00 MB reserved,      89.62 MB ( 70%) committed,  2 nodes.
      Class space:        1.00 GB reserved,      10.25 MB (  1%) committed,  1 nodes.
             Both:        1.12 GB reserved,      99.88 MB (  9%) committed. 

Chunk freelists:
   Non-Class:  5.82 MB
       Class:  5.68 MB
        Both:  11.50 MB

MaxMetaspaceSize: unlimited
CompressedClassSpaceSize: 1.00 GB
Initial GC threshold: 21.00 MB
Current GC threshold: 166.50 MB
CDS: off
MetaspaceReclaimPolicy: balanced
 - commit_granule_bytes: 65536.
 - commit_granule_words: 8192.
 - virtual_space_node_default_size: 8388608.
 - enlarge_chunks_in_place: 1.
 - new_chunks_are_fully_committed: 0.
 - uncommit_free_chunks: 1.
 - use_allocation_guard: 0.
 - handle_deallocations: 1.


Internal statistics:

num_allocs_failed_limit: 9.
num_arena_births: 1372.
num_arena_deaths: 418.
num_vsnodes_births: 3.
num_vsnodes_deaths: 0.
num_space_committed: 1598.
num_space_uncommitted: 0.
num_chunks_returned_to_freelist: 491.
num_chunks_taken_from_freelist: 6037.
num_chunk_merges: 173.
num_chunk_splits: 3534.
num_chunks_enlarged: 1904.
num_inconsistent_stats: 0.

CodeHeap 'non-profiled nmethods': size=120000Kb used=36651Kb max_used=37172Kb free=83348Kb
 bounds [0x000000000d0d0000, 0x000000000f520000, 0x0000000014600000]
CodeHeap 'profiled nmethods': size=120000Kb used=42961Kb max_used=44065Kb free=77039Kb
 bounds [0x0000000005600000, 0x0000000008140000, 0x000000000cb30000]
CodeHeap 'non-nmethods': size=5760Kb used=1475Kb max_used=1560Kb free=4284Kb
 bounds [0x000000000cb30000, 0x000000000cda0000, 0x000000000d0d0000]
 total_blobs=23223 nmethods=22400 adapters=732
 compilation: enabled
              stopped_count=0, restarted_count=0
 full_count=0

Compilation events (20 events):
Event: 2953.093 Thread 0x00000000169fe950 nmethod 36861 0x0000000006dcd090 code [0x0000000006dcd2c0, 0x0000000006dcde48]
Event: 2953.093 Thread 0x000000002bc7fac0 36860       4       org.eclipse.jdt.internal.codeassist.complete.CompletionParser::consumeToken (4155 bytes)
Event: 2953.100 Thread 0x00000000169fe950 36862       3       org.eclipse.jdt.internal.compiler.parser.Parser::consumeEnterVariable (807 bytes)
Event: 2953.101 Thread 0x00000000169fe950 nmethod 36862 0x0000000006725390 code [0x0000000006725720, 0x0000000006727788]
Event: 2953.133 Thread 0x00000000169fe950 36864       3       org.eclipse.jdt.internal.compiler.parser.Parser::checkAndSetModifiers (147 bytes)
Event: 2953.134 Thread 0x00000000169fe950 nmethod 36864 0x0000000006075510 code [0x0000000006075700, 0x0000000006075de8]
Event: 2953.134 Thread 0x00000000169fe950 36865       2       org.eclipse.jdt.internal.compiler.parser.Parser::resumeAfterRecovery (91 bytes)
Event: 2953.135 Thread 0x00000000169fe950 nmethod 36865 0x0000000005e34090 code [0x0000000005e342c0, 0x0000000005e34678]
Event: 2953.136 Thread 0x00000000169fe950 36866       3       org.eclipse.jdt.internal.compiler.parser.Parser::recoveryTokenCheck (406 bytes)
Event: 2953.136 Thread 0x00000000169fe950 nmethod 36866 0x000000000718f290 code [0x000000000718f4e0, 0x0000000007190098]
Event: 2953.136 Thread 0x00000000169fe950 36867       2       org.eclipse.jdt.internal.compiler.parser.Parser::currentRecoveryType (36 bytes)
Event: 2953.137 Thread 0x00000000169fe950 nmethod 36867 0x0000000006154910 code [0x0000000006154ac0, 0x0000000006154cc8]
Event: 2953.138 Thread 0x00000000169fe950 36869       2       org.eclipse.jdt.internal.compiler.parser.Parser::consumeMethodHeaderRightParen (421 bytes)
Event: 2953.139 Thread 0x00000000169fe950 nmethod 36869 0x0000000006a1ed90 code [0x0000000006a1ef80, 0x0000000006a1f5f8]
Event: 2953.139 Thread 0x00000000169fe950 36870       1       org.eclipse.jdt.internal.compiler.parser.RecoveredMethod::parseTree (5 bytes)
Event: 2953.139 Thread 0x00000000169fe950 nmethod 36870 0x000000000e8da510 code [0x000000000e8da6a0, 0x000000000e8da778]
Event: 2953.139 Thread 0x00000000169fe950 36871       3       org.eclipse.jdt.internal.compiler.parser.Parser::consumeExitVariableWithoutInitialization (58 bytes)
Event: 2953.140 Thread 0x00000000169fe950 nmethod 36871 0x0000000006c6ea90 code [0x0000000006c6ec60, 0x0000000006c6f278]
Event: 2953.143 Thread 0x00000000169fe950 36873   !   3       org.eclipse.jdt.internal.compiler.parser.diagnose.LexStream::readTokenFromScanner (417 bytes)
Event: 2953.144 Thread 0x00000000169fe950 nmethod 36873 0x00000000063d5d90 code [0x00000000063d6020, 0x00000000063d7448]

GC Heap History (20 events):
Event: 2939.301 GC heap before
{Heap before GC invocations=13047 (full 272):
 PSYoungGen      total 6144K, used 4600K [0x00000000eab00000, 0x00000000eb500000, 0x0000000100000000)
  eden space 5632K, 72% used [0x00000000eab00000,0x00000000eaeffcf8,0x00000000eb080000)
  from space 512K, 98% used [0x00000000eb400000,0x00000000eb47e438,0x00000000eb480000)
  to   space 512K, 0% used [0x00000000eb480000,0x00000000eb480000,0x00000000eb500000)
 ParOldGen       total 252928K, used 228892K [0x00000000c0000000, 0x00000000cf700000, 0x00000000eab00000)
  object space 252928K, 90% used [0x00000000c0000000,0x00000000cdf872b0,0x00000000cf700000)
 Metaspace       used 100913K, committed 102272K, reserved 1179648K
  class space    used 9858K, committed 10496K, reserved 1048576K
}
Event: 2939.302 GC heap after
{Heap after GC invocations=13047 (full 272):
 PSYoungGen      total 6144K, used 505K [0x00000000eab00000, 0x00000000eb500000, 0x0000000100000000)
  eden space 5632K, 0% used [0x00000000eab00000,0x00000000eab00000,0x00000000eb080000)
  from space 512K, 98% used [0x00000000eb480000,0x00000000eb4fe438,0x00000000eb500000)
  to   space 1536K, 0% used [0x00000000eb200000,0x00000000eb200000,0x00000000eb380000)
 ParOldGen       total 252928K, used 229487K [0x00000000c0000000, 0x00000000cf700000, 0x00000000eab00000)
  object space 252928K, 90% used [0x00000000c0000000,0x00000000ce01bfe8,0x00000000cf700000)
 Metaspace       used 100913K, committed 102272K, reserved 1179648K
  class space    used 9858K, committed 10496K, reserved 1048576K
}
Event: 2939.954 GC heap before
{Heap before GC invocations=13048 (full 272):
 PSYoungGen      total 6144K, used 6137K [0x00000000eab00000, 0x00000000eb500000, 0x0000000100000000)
  eden space 5632K, 100% used [0x00000000eab00000,0x00000000eb080000,0x00000000eb080000)
  from space 512K, 98% used [0x00000000eb480000,0x00000000eb4fe438,0x00000000eb500000)
  to   space 1536K, 0% used [0x00000000eb200000,0x00000000eb200000,0x00000000eb380000)
 ParOldGen       total 252928K, used 229487K [0x00000000c0000000, 0x00000000cf700000, 0x00000000eab00000)
  object space 252928K, 90% used [0x00000000c0000000,0x00000000ce01bfe8,0x00000000cf700000)
 Metaspace       used 100913K, committed 102272K, reserved 1179648K
  class space    used 9858K, committed 10496K, reserved 1048576K
}
Event: 2939.956 GC heap after
{Heap after GC invocations=13048 (full 272):
 PSYoungGen      total 7168K, used 404K [0x00000000eab00000, 0x00000000eb500000, 0x0000000100000000)
  eden space 5632K, 0% used [0x00000000eab00000,0x00000000eab00000,0x00000000eb080000)
  from space 1536K, 26% used [0x00000000eb200000,0x00000000eb265088,0x00000000eb380000)
  to   space 1024K, 0% used [0x00000000eb400000,0x00000000eb400000,0x00000000eb500000)
 ParOldGen       total 252928K, used 229937K [0x00000000c0000000, 0x00000000cf700000, 0x00000000eab00000)
  object space 252928K, 90% used [0x00000000c0000000,0x00000000ce08c400,0x00000000cf700000)
 Metaspace       used 100913K, committed 102272K, reserved 1179648K
  class space    used 9858K, committed 10496K, reserved 1048576K
}
Event: 2945.643 GC heap before
{Heap before GC invocations=13049 (full 272):
 PSYoungGen      total 7168K, used 6036K [0x00000000eab00000, 0x00000000eb500000, 0x0000000100000000)
  eden space 5632K, 100% used [0x00000000eab00000,0x00000000eb080000,0x00000000eb080000)
  from space 1536K, 26% used [0x00000000eb200000,0x00000000eb265088,0x00000000eb380000)
  to   space 1024K, 0% used [0x00000000eb400000,0x00000000eb400000,0x00000000eb500000)
 ParOldGen       total 252928K, used 229937K [0x00000000c0000000, 0x00000000cf700000, 0x00000000eab00000)
  object space 252928K, 90% used [0x00000000c0000000,0x00000000ce08c400,0x00000000cf700000)
 Metaspace       used 100922K, committed 102272K, reserved 1179648K
  class space    used 9858K, committed 10496K, reserved 1048576K
}
Event: 2945.644 GC heap after
{Heap after GC invocations=13049 (full 272):
 PSYoungGen      total 6144K, used 128K [0x00000000eab00000, 0x00000000eb480000, 0x0000000100000000)
  eden space 5632K, 0% used [0x00000000eab00000,0x00000000eab00000,0x00000000eb080000)
  from space 512K, 25% used [0x00000000eb400000,0x00000000eb420000,0x00000000eb480000)
  to   space 512K, 0% used [0x00000000eb380000,0x00000000eb380000,0x00000000eb400000)
 ParOldGen       total 252928K, used 230141K [0x00000000c0000000, 0x00000000cf700000, 0x00000000eab00000)
  object space 252928K, 90% used [0x00000000c0000000,0x00000000ce0bf468,0x00000000cf700000)
 Metaspace       used 100922K, committed 102272K, reserved 1179648K
  class space    used 9858K, committed 10496K, reserved 1048576K
}
Event: 2951.221 GC heap before
{Heap before GC invocations=13050 (full 272):
 PSYoungGen      total 6144K, used 5760K [0x00000000eab00000, 0x00000000eb480000, 0x0000000100000000)
  eden space 5632K, 100% used [0x00000000eab00000,0x00000000eb080000,0x00000000eb080000)
  from space 512K, 25% used [0x00000000eb400000,0x00000000eb420000,0x00000000eb480000)
  to   space 512K, 0% used [0x00000000eb380000,0x00000000eb380000,0x00000000eb400000)
 ParOldGen       total 252928K, used 230141K [0x00000000c0000000, 0x00000000cf700000, 0x00000000eab00000)
  object space 252928K, 90% used [0x00000000c0000000,0x00000000ce0bf468,0x00000000cf700000)
 Metaspace       used 100922K, committed 102272K, reserved 1179648K
  class space    used 9858K, committed 10496K, reserved 1048576K
}
Event: 2951.222 GC heap after
{Heap after GC invocations=13050 (full 272):
 PSYoungGen      total 6144K, used 128K [0x00000000eab00000, 0x00000000eb480000, 0x0000000100000000)
  eden space 5632K, 0% used [0x00000000eab00000,0x00000000eab00000,0x00000000eb080000)
  from space 512K, 25% used [0x00000000eb380000,0x00000000eb3a0000,0x00000000eb400000)
  to   space 512K, 0% used [0x00000000eb400000,0x00000000eb400000,0x00000000eb480000)
 ParOldGen       total 252928K, used 230165K [0x00000000c0000000, 0x00000000cf700000, 0x00000000eab00000)
  object space 252928K, 91% used [0x00000000c0000000,0x00000000ce0c5468,0x00000000cf700000)
 Metaspace       used 100922K, committed 102272K, reserved 1179648K
  class space    used 9858K, committed 10496K, reserved 1048576K
}
Event: 2952.728 GC heap before
{Heap before GC invocations=13051 (full 272):
 PSYoungGen      total 6144K, used 5734K [0x00000000eab00000, 0x00000000eb480000, 0x0000000100000000)
  eden space 5632K, 99% used [0x00000000eab00000,0x00000000eb079ac0,0x00000000eb080000)
  from space 512K, 25% used [0x00000000eb380000,0x00000000eb3a0000,0x00000000eb400000)
  to   space 512K, 0% used [0x00000000eb400000,0x00000000eb400000,0x00000000eb480000)
 ParOldGen       total 252928K, used 230165K [0x00000000c0000000, 0x00000000cf700000, 0x00000000eab00000)
  object space 252928K, 91% used [0x00000000c0000000,0x00000000ce0c5468,0x00000000cf700000)
 Metaspace       used 100922K, committed 102272K, reserved 1179648K
  class space    used 9858K, committed 10496K, reserved 1048576K
}
Event: 2952.730 GC heap after
{Heap after GC invocations=13051 (full 272):
 PSYoungGen      total 6144K, used 505K [0x00000000eab00000, 0x00000000eb480000, 0x0000000100000000)
  eden space 5632K, 0% used [0x00000000eab00000,0x00000000eab00000,0x00000000eb080000)
  from space 512K, 98% used [0x00000000eb400000,0x00000000eb47e428,0x00000000eb480000)
  to   space 1024K, 0% used [0x00000000eb280000,0x00000000eb280000,0x00000000eb380000)
 ParOldGen       total 252928K, used 230426K [0x00000000c0000000, 0x00000000cf700000, 0x00000000eab00000)
  object space 252928K, 91% used [0x00000000c0000000,0x00000000ce106b40,0x00000000cf700000)
 Metaspace       used 100922K, committed 102272K, reserved 1179648K
  class space    used 9858K, committed 10496K, reserved 1048576K
}
Event: 2952.808 GC heap before
{Heap before GC invocations=13052 (full 272):
 PSYoungGen      total 6144K, used 6137K [0x00000000eab00000, 0x00000000eb480000, 0x0000000100000000)
  eden space 5632K, 100% used [0x00000000eab00000,0x00000000eb080000,0x00000000eb080000)
  from space 512K, 98% used [0x00000000eb400000,0x00000000eb47e428,0x00000000eb480000)
  to   space 1024K, 0% used [0x00000000eb280000,0x00000000eb280000,0x00000000eb380000)
 ParOldGen       total 252928K, used 230426K [0x00000000c0000000, 0x00000000cf700000, 0x00000000eab00000)
  object space 252928K, 91% used [0x00000000c0000000,0x00000000ce106b40,0x00000000cf700000)
 Metaspace       used 100922K, committed 102272K, reserved 1179648K
  class space    used 9858K, committed 10496K, reserved 1048576K
}
Event: 2952.810 GC heap after
{Heap after GC invocations=13052 (full 272):
 PSYoungGen      total 6656K, used 1017K [0x00000000eab00000, 0x00000000eb680000, 0x0000000100000000)
  eden space 5632K, 0% used [0x00000000eab00000,0x00000000eab00000,0x00000000eb080000)
  from space 1024K, 99% used [0x00000000eb280000,0x00000000eb37e468,0x00000000eb380000)
  to   space 3072K, 0% used [0x00000000eb380000,0x00000000eb380000,0x00000000eb680000)
 ParOldGen       total 252928K, used 231965K [0x00000000c0000000, 0x00000000cf700000, 0x00000000eab00000)
  object space 252928K, 91% used [0x00000000c0000000,0x00000000ce287438,0x00000000cf700000)
 Metaspace       used 100922K, committed 102272K, reserved 1179648K
  class space    used 9858K, committed 10496K, reserved 1048576K
}
Event: 2952.834 GC heap before
{Heap before GC invocations=13053 (full 272):
 PSYoungGen      total 6656K, used 6649K [0x00000000eab00000, 0x00000000eb680000, 0x0000000100000000)
  eden space 5632K, 100% used [0x00000000eab00000,0x00000000eb080000,0x00000000eb080000)
  from space 1024K, 99% used [0x00000000eb280000,0x00000000eb37e468,0x00000000eb380000)
  to   space 3072K, 0% used [0x00000000eb380000,0x00000000eb380000,0x00000000eb680000)
 ParOldGen       total 252928K, used 231965K [0x00000000c0000000, 0x00000000cf700000, 0x00000000eab00000)
  object space 252928K, 91% used [0x00000000c0000000,0x00000000ce287438,0x00000000cf700000)
 Metaspace       used 100922K, committed 102272K, reserved 1179648K
  class space    used 9858K, committed 10496K, reserved 1048576K
}
Event: 2952.837 GC heap after
{Heap after GC invocations=13053 (full 272):
 PSYoungGen      total 8192K, used 2377K [0x00000000eab00000, 0x00000000eb600000, 0x0000000100000000)
  eden space 5632K, 0% used [0x00000000eab00000,0x00000000eab00000,0x00000000eb080000)
  from space 2560K, 92% used [0x00000000eb380000,0x00000000eb5d2448,0x00000000eb600000)
  to   space 2560K, 0% used [0x00000000eb100000,0x00000000eb100000,0x00000000eb380000)
 ParOldGen       total 252928K, used 232959K [0x00000000c0000000, 0x00000000cf700000, 0x00000000eab00000)
  object space 252928K, 92% used [0x00000000c0000000,0x00000000ce37fd08,0x00000000cf700000)
 Metaspace       used 100922K, committed 102272K, reserved 1179648K
  class space    used 9858K, committed 10496K, reserved 1048576K
}
Event: 2952.934 GC heap before
{Heap before GC invocations=13054 (full 272):
 PSYoungGen      total 8192K, used 8009K [0x00000000eab00000, 0x00000000eb600000, 0x0000000100000000)
  eden space 5632K, 100% used [0x00000000eab00000,0x00000000eb080000,0x00000000eb080000)
  from space 2560K, 92% used [0x00000000eb380000,0x00000000eb5d2448,0x00000000eb600000)
  to   space 2560K, 0% used [0x00000000eb100000,0x00000000eb100000,0x00000000eb380000)
 ParOldGen       total 252928K, used 232959K [0x00000000c0000000, 0x00000000cf700000, 0x00000000eab00000)
  object space 252928K, 92% used [0x00000000c0000000,0x00000000ce37fd08,0x00000000cf700000)
 Metaspace       used 100922K, committed 102272K, reserved 1179648K
  class space    used 9858K, committed 10496K, reserved 1048576K
}
Event: 2952.936 GC heap after
{Heap after GC invocations=13054 (full 272):
 PSYoungGen      total 6144K, used 271K [0x00000000eab00000, 0x00000000eb400000, 0x0000000100000000)
  eden space 5632K, 0% used [0x00000000eab00000,0x00000000eab00000,0x00000000eb080000)
  from space 512K, 53% used [0x00000000eb100000,0x00000000eb143e98,0x00000000eb180000)
  to   space 1536K, 0% used [0x00000000eb280000,0x00000000eb280000,0x00000000eb400000)
 ParOldGen       total 252928K, used 235242K [0x00000000c0000000, 0x00000000cf700000, 0x00000000eab00000)
  object space 252928K, 93% used [0x00000000c0000000,0x00000000ce5bab18,0x00000000cf700000)
 Metaspace       used 100922K, committed 102272K, reserved 1179648K
  class space    used 9858K, committed 10496K, reserved 1048576K
}
Event: 2953.116 GC heap before
{Heap before GC invocations=13055 (full 272):
 PSYoungGen      total 6144K, used 5903K [0x00000000eab00000, 0x00000000eb400000, 0x0000000100000000)
  eden space 5632K, 100% used [0x00000000eab00000,0x00000000eb080000,0x00000000eb080000)
  from space 512K, 53% used [0x00000000eb100000,0x00000000eb143e98,0x00000000eb180000)
  to   space 1536K, 0% used [0x00000000eb280000,0x00000000eb280000,0x00000000eb400000)
 ParOldGen       total 252928K, used 235242K [0x00000000c0000000, 0x00000000cf700000, 0x00000000eab00000)
  object space 252928K, 93% used [0x00000000c0000000,0x00000000ce5bab18,0x00000000cf700000)
 Metaspace       used 100946K, committed 102272K, reserved 1179648K
  class space    used 9861K, committed 10496K, reserved 1048576K
}
Event: 2953.119 GC heap after
{Heap after GC invocations=13055 (full 272):
 PSYoungGen      total 7168K, used 1507K [0x00000000eab00000, 0x00000000eb400000, 0x0000000100000000)
  eden space 5632K, 0% used [0x00000000eab00000,0x00000000eab00000,0x00000000eb080000)
  from space 1536K, 98% used [0x00000000eb280000,0x00000000eb3f8e70,0x00000000eb400000)
  to   space 512K, 0% used [0x00000000eb100000,0x00000000eb100000,0x00000000eb180000)
 ParOldGen       total 252928K, used 235688K [0x00000000c0000000, 0x00000000cf700000, 0x00000000eab00000)
  object space 252928K, 93% used [0x00000000c0000000,0x00000000ce62a3f0,0x00000000cf700000)
 Metaspace       used 100946K, committed 102272K, reserved 1179648K
  class space    used 9861K, committed 10496K, reserved 1048576K
}
Event: 2953.131 GC heap before
{Heap before GC invocations=13056 (full 272):
 PSYoungGen      total 7168K, used 7139K [0x00000000eab00000, 0x00000000eb400000, 0x0000000100000000)
  eden space 5632K, 100% used [0x00000000eab00000,0x00000000eb080000,0x00000000eb080000)
  from space 1536K, 98% used [0x00000000eb280000,0x00000000eb3f8e70,0x00000000eb400000)
  to   space 512K, 0% used [0x00000000eb100000,0x00000000eb100000,0x00000000eb180000)
 ParOldGen       total 252928K, used 235688K [0x00000000c0000000, 0x00000000cf700000, 0x00000000eab00000)
  object space 252928K, 93% used [0x00000000c0000000,0x00000000ce62a3f0,0x00000000cf700000)
 Metaspace       used 100946K, committed 102272K, reserved 1179648K
  class space    used 9861K, committed 10496K, reserved 1048576K
}
Event: 2953.132 GC heap after
{Heap after GC invocations=13056 (full 272):
 PSYoungGen      total 6144K, used 256K [0x00000000eab00000, 0x00000000eb300000, 0x0000000100000000)
  eden space 5632K, 0% used [0x00000000eab00000,0x00000000eab00000,0x00000000eb080000)
  from space 512K, 50% used [0x00000000eb100000,0x00000000eb140000,0x00000000eb180000)
  to   space 1024K, 0% used [0x00000000eb200000,0x00000000eb200000,0x00000000eb300000)
 ParOldGen       total 252928K, used 236546K [0x00000000c0000000, 0x00000000cf700000, 0x00000000eab00000)
  object space 252928K, 93% used [0x00000000c0000000,0x00000000ce700af8,0x00000000cf700000)
 Metaspace       used 100946K, committed 102272K, reserved 1179648K
  class space    used 9861K, committed 10496K, reserved 1048576K
}

Dll operation events (12 events):
Event: 0.009 Loaded shared library c:\Users\HP 11na\.vscode\extensions\redhat.java-1.31.2024051808-win32-x64\jre\17.0.11-win32-x86_64\bin\java.dll
Event: 0.566 Loaded shared library c:\Users\HP 11na\.vscode\extensions\redhat.java-1.31.2024051808-win32-x64\jre\17.0.11-win32-x86_64\bin\zip.dll
Event: 0.568 Loaded shared library C:\Users\HP 11na\.vscode\extensions\redhat.java-1.31.2024051808-win32-x64\jre\17.0.11-win32-x86_64\bin\instrument.dll
Event: 0.645 Loaded shared library C:\Users\HP 11na\.vscode\extensions\redhat.java-1.31.2024051808-win32-x64\jre\17.0.11-win32-x86_64\bin\net.dll
Event: 0.647 Loaded shared library C:\Users\HP 11na\.vscode\extensions\redhat.java-1.31.2024051808-win32-x64\jre\17.0.11-win32-x86_64\bin\nio.dll
Event: 0.655 Loaded shared library C:\Users\HP 11na\.vscode\extensions\redhat.java-1.31.2024051808-win32-x64\jre\17.0.11-win32-x86_64\bin\zip.dll
Event: 0.696 Loaded shared library C:\Users\HP 11na\.vscode\extensions\redhat.java-1.31.2024051808-win32-x64\jre\17.0.11-win32-x86_64\bin\jimage.dll
Event: 0.800 Loaded shared library c:\Users\HP 11na\.vscode\extensions\redhat.java-1.31.2024051808-win32-x64\jre\17.0.11-win32-x86_64\bin\verify.dll
Event: 3.044 Loaded shared library C:\Users\HP 11na\AppData\Roaming\Code\User\globalStorage\redhat.java\1.31.2024051808\config_win\org.eclipse.equinox.launcher\org.eclipse.equinox.launcher.win32.win32.x86_64_1.2.1000.v20240506-2123\eclipse_11901.dll
Event: 9.897 Loaded shared library C:\Users\HP 11na\AppData\Local\Temp\jna-1797150699\jna571495498245112306.dll
Event: 12.949 Loaded shared library C:\Users\HP 11na\.vscode\extensions\redhat.java-1.31.2024051808-win32-x64\jre\17.0.11-win32-x86_64\bin\sunmscapi.dll
Event: 13.955 Loaded shared library C:\Users\HP 11na\.vscode\extensions\redhat.java-1.31.2024051808-win32-x64\jre\17.0.11-win32-x86_64\bin\extnet.dll

Deoptimization events (20 events):
Event: 2953.134 Thread 0x000000001cf2ac60 Uncommon trap: trap_request=0xffffff66 fr.pc=0x000000000eade6ac relative=0x00000000000005ec
Event: 2953.134 Thread 0x000000001cf2ac60 Uncommon trap: reason=speculate_class_check action=maybe_recompile pc=0x000000000eade6ac method=org.eclipse.jdt.internal.compiler.parser.Parser.resumeAfterRecovery()I @ 19 c2
Event: 2953.134 Thread 0x000000001cf2ac60 DEOPT PACKING pc=0x000000000eade6ac sp=0x000000002221e3f0
Event: 2953.134 Thread 0x000000001cf2ac60 DEOPT UNPACKING pc=0x000000000cb89ea3 sp=0x000000002221e3a8 mode 2
Event: 2953.136 Thread 0x000000001cf2ac60 Uncommon trap: trap_request=0xffffff45 fr.pc=0x000000000e1449a0 relative=0x0000000000000280
Event: 2953.136 Thread 0x000000001cf2ac60 Uncommon trap: reason=unstable_if action=reinterpret pc=0x000000000e1449a0 method=org.eclipse.jdt.internal.compiler.parser.Parser.consumeDimWithOrWithOutExpr()V @ 9 c2
Event: 2953.136 Thread 0x000000001cf2ac60 DEOPT PACKING pc=0x000000000e1449a0 sp=0x000000002221e3d0
Event: 2953.136 Thread 0x000000001cf2ac60 DEOPT UNPACKING pc=0x000000000cb89ea3 sp=0x000000002221e3a8 mode 2
Event: 2953.136 Thread 0x000000001cf2ac60 Uncommon trap: trap_request=0xffffff45 fr.pc=0x000000000d5afd0c relative=0x000000000000040c
Event: 2953.136 Thread 0x000000001cf2ac60 Uncommon trap: reason=unstable_if action=reinterpret pc=0x000000000d5afd0c method=org.eclipse.jdt.internal.compiler.parser.Parser.recoveryTokenCheck()V @ 165 c2
Event: 2953.136 Thread 0x000000001cf2ac60 DEOPT PACKING pc=0x000000000d5afd0c sp=0x000000002221e430
Event: 2953.136 Thread 0x000000001cf2ac60 DEOPT UNPACKING pc=0x000000000cb89ea3 sp=0x000000002221e3c8 mode 2
Event: 2953.138 Thread 0x000000001cf2ac60 Uncommon trap: trap_request=0xffffffde fr.pc=0x000000000ef2274c relative=0x000000000000012c
Event: 2953.138 Thread 0x000000001cf2ac60 Uncommon trap: reason=class_check action=maybe_recompile pc=0x000000000ef2274c method=org.eclipse.jdt.internal.compiler.parser.Parser.consumeConstructorHeader()V @ 91 c2
Event: 2953.138 Thread 0x000000001cf2ac60 DEOPT PACKING pc=0x000000000ef2274c sp=0x000000002221e410
Event: 2953.138 Thread 0x000000001cf2ac60 DEOPT UNPACKING pc=0x000000000cb89ea3 sp=0x000000002221e3a0 mode 2
Event: 2953.143 Thread 0x000000001cf2ac60 Uncommon trap: trap_request=0xffffff45 fr.pc=0x000000000ec70694 relative=0x0000000000000b54
Event: 2953.143 Thread 0x000000001cf2ac60 Uncommon trap: reason=unstable_if action=reinterpret pc=0x000000000ec70694 method=org.eclipse.jdt.internal.compiler.parser.diagnose.LexStream.readTokenFromScanner()V @ 81 c2
Event: 2953.143 Thread 0x000000001cf2ac60 DEOPT PACKING pc=0x000000000ec70694 sp=0x000000002221e210
Event: 2953.143 Thread 0x000000001cf2ac60 DEOPT UNPACKING pc=0x000000000cb89ea3 sp=0x000000002221e1c0 mode 2

Classes unloaded (20 events):
Event: 2723.879 Thread 0x00000000169968d0 Unloading class 0x0000000100307800 'java/lang/invoke/LambdaForm$MH+0x0000000100307800'
Event: 2723.879 Thread 0x00000000169968d0 Unloading class 0x000000010030b400 'java/lang/invoke/LambdaForm$MH+0x000000010030b400'
Event: 2723.879 Thread 0x00000000169968d0 Unloading class 0x000000010030c800 'java/lang/invoke/LambdaForm$MH+0x000000010030c800'
Event: 2723.879 Thread 0x00000000169968d0 Unloading class 0x000000010030dc00 'java/lang/invoke/LambdaForm$MH+0x000000010030dc00'
Event: 2723.879 Thread 0x00000000169968d0 Unloading class 0x000000010030e800 'java/lang/invoke/LambdaForm$MH+0x000000010030e800'
Event: 2723.879 Thread 0x00000000169968d0 Unloading class 0x000000010030fc00 'java/lang/invoke/LambdaForm$MH+0x000000010030fc00'
Event: 2723.879 Thread 0x00000000169968d0 Unloading class 0x0000000100392000 'java/lang/invoke/LambdaForm$MH+0x0000000100392000'
Event: 2723.879 Thread 0x00000000169968d0 Unloading class 0x00000001003ac000 'java/lang/invoke/LambdaForm$MH+0x00000001003ac000'
Event: 2723.879 Thread 0x00000000169968d0 Unloading class 0x0000000100468000 'java/lang/invoke/LambdaForm$MH+0x0000000100468000'
Event: 2723.879 Thread 0x00000000169968d0 Unloading class 0x0000000100581c00 'java/lang/invoke/LambdaForm$MH+0x0000000100581c00'
Event: 2723.879 Thread 0x00000000169968d0 Unloading class 0x0000000100594800 'java/lang/invoke/LambdaForm$MH+0x0000000100594800'
Event: 2723.879 Thread 0x00000000169968d0 Unloading class 0x000000010076c000 'java/lang/invoke/LambdaForm$MH+0x000000010076c000'
Event: 2723.879 Thread 0x00000000169968d0 Unloading class 0x00000001008f1400 'java/lang/invoke/LambdaForm$MH+0x00000001008f1400'
Event: 2723.879 Thread 0x00000000169968d0 Unloading class 0x00000001008f1800 'java/lang/invoke/LambdaForm$MH+0x00000001008f1800'
Event: 2723.879 Thread 0x00000000169968d0 Unloading class 0x000000010091ac00 'java/lang/invoke/LambdaForm$MH+0x000000010091ac00'
Event: 2723.879 Thread 0x00000000169968d0 Unloading class 0x000000010091d800 'java/lang/invoke/LambdaForm$MH+0x000000010091d800'
Event: 2723.879 Thread 0x00000000169968d0 Unloading class 0x000000010091e400 'java/lang/invoke/LambdaForm$MH+0x000000010091e400'
Event: 2723.879 Thread 0x00000000169968d0 Unloading class 0x000000010024c400 'java/lang/invoke/LambdaForm$MH+0x000000010024c400'
Event: 2723.879 Thread 0x00000000169968d0 Unloading class 0x0000000100260000 'java/lang/invoke/LambdaForm$MH+0x0000000100260000'
Event: 2723.879 Thread 0x00000000169968d0 Unloading class 0x0000000100a2d000 'java/lang/invoke/LambdaForm$MH+0x0000000100a2d000'

Classes redefined (0 events):
No events

Internal exceptions (20 events):
Event: 2847.714 Thread 0x000000001faeca50 Exception <a 'java/lang/ArrayIndexOutOfBoundsException'{0x00000000eac38318}> (0x00000000eac38318) 
thrown [s\src\hotspot\share\runtime\sharedRuntime.cpp, line 631]
Event: 2849.558 Thread 0x000000001dc3fe40 Exception <a 'sun/nio/fs/WindowsException'{0x00000000eb127140}> (0x00000000eb127140) 
thrown [s\src\hotspot\share\prims\jni.cpp, line 516]
Event: 2849.688 Thread 0x000000001dc3fe40 Exception <a 'sun/nio/fs/WindowsException'{0x00000000eae65750}> (0x00000000eae65750) 
thrown [s\src\hotspot\share\prims\jni.cpp, line 516]
Event: 2872.951 Thread 0x000000001fae8d90 Exception <a 'java/lang/ClassNotFoundException'{0x00000000eae5bc40}: sun/net/www/protocol/jdt/Handler> (0x00000000eae5bc40) 
thrown [s\src\hotspot\share\classfile\systemDictionary.cpp, line 256]
Event: 2872.951 Thread 0x000000001fae8d90 Exception <a 'java/lang/ClassNotFoundException'{0x00000000eae5e870}: sun/net/www/protocol/jdt/Handler> (0x00000000eae5e870) 
thrown [s\src\hotspot\share\classfile\systemDictionary.cpp, line 256]
Event: 2874.324 Thread 0x000000002bfafa50 Exception <a 'sun/nio/fs/WindowsException'{0x00000000eaee17e8}> (0x00000000eaee17e8) 
thrown [s\src\hotspot\share\prims\jni.cpp, line 516]
Event: 2874.324 Thread 0x000000002bfafa50 Exception <a 'sun/nio/fs/WindowsException'{0x00000000eaee21b0}> (0x00000000eaee21b0) 
thrown [s\src\hotspot\share\prims\jni.cpp, line 516]
Event: 2876.127 Thread 0x000000001fae8d90 Exception <a 'java/lang/ClassNotFoundException'{0x00000000eaecb880}: sun/net/www/protocol/jdt/Handler> (0x00000000eaecb880) 
thrown [s\src\hotspot\share\classfile\systemDictionary.cpp, line 256]
Event: 2876.127 Thread 0x000000001fae8d90 Exception <a 'java/lang/ClassNotFoundException'{0x00000000eaece4b0}: sun/net/www/protocol/jdt/Handler> (0x00000000eaece4b0) 
thrown [s\src\hotspot\share\classfile\systemDictionary.cpp, line 256]
Event: 2876.127 Thread 0x000000001fae8d90 Exception <a 'java/lang/ClassNotFoundException'{0x00000000eaed0bc0}: sun/net/www/protocol/jdt/Handler> (0x00000000eaed0bc0) 
thrown [s\src\hotspot\share\classfile\systemDictionary.cpp, line 256]
Event: 2938.659 Thread 0x000000001faeca50 Exception <a 'java/lang/ClassNotFoundException'{0x00000000eadb6a90}: sun/net/www/protocol/jdt/Handler> (0x00000000eadb6a90) 
thrown [s\src\hotspot\share\classfile\systemDictionary.cpp, line 256]
Event: 2938.659 Thread 0x000000001faeca50 Exception <a 'java/lang/ClassNotFoundException'{0x00000000eadb97e8}: sun/net/www/protocol/jdt/Handler> (0x00000000eadb97e8) 
thrown [s\src\hotspot\share\classfile\systemDictionary.cpp, line 256]
Event: 2938.659 Thread 0x000000001faeca50 Exception <a 'java/lang/ClassNotFoundException'{0x00000000eadbe360}: sun/net/www/protocol/jdt/Handler> (0x00000000eadbe360) 
thrown [s\src\hotspot\share\classfile\systemDictionary.cpp, line 256]
Event: 2938.659 Thread 0x000000001faeca50 Exception <a 'java/lang/ClassNotFoundException'{0x00000000eadc24f8}: sun/net/www/protocol/jdt/Handler> (0x00000000eadc24f8) 
thrown [s\src\hotspot\share\classfile\systemDictionary.cpp, line 256]
Event: 2938.659 Thread 0x000000001faeca50 Exception <a 'java/lang/ClassNotFoundException'{0x00000000eadc4ba8}: sun/net/www/protocol/jdt/Handler> (0x00000000eadc4ba8) 
thrown [s\src\hotspot\share\classfile\systemDictionary.cpp, line 256]
Event: 2938.659 Thread 0x000000001faeca50 Exception <a 'java/lang/ClassNotFoundException'{0x00000000eadc7298}: sun/net/www/protocol/jdt/Handler> (0x00000000eadc7298) 
thrown [s\src\hotspot\share\classfile\systemDictionary.cpp, line 256]
Event: 2938.659 Thread 0x000000001faeca50 Exception <a 'java/lang/ClassNotFoundException'{0x00000000eadc99b0}: sun/net/www/protocol/jdt/Handler> (0x00000000eadc99b0) 
thrown [s\src\hotspot\share\classfile\systemDictionary.cpp, line 256]
Event: 2953.103 Thread 0x000000001cf2ac60 Exception <a 'java/lang/ArrayIndexOutOfBoundsException'{0x00000000ead79848}> (0x00000000ead79848) 
thrown [s\src\hotspot\share\runtime\sharedRuntime.cpp, line 631]
Event: 2953.103 Thread 0x000000001cf2ac60 Exception <a 'java/lang/ArrayIndexOutOfBoundsException'{0x00000000ead79e80}> (0x00000000ead79e80) 
thrown [s\src\hotspot\share\runtime\sharedRuntime.cpp, line 631]
Event: 2953.103 Thread 0x000000001cf2ac60 Exception <a 'java/lang/ArrayIndexOutOfBoundsException'{0x00000000ead7a450}> (0x00000000ead7a450) 
thrown [s\src\hotspot\share\runtime\sharedRuntime.cpp, line 631]

VM Operations (20 events):
Event: 2951.221 Executing VM operation: ParallelGCFailedAllocation
Event: 2951.222 Executing VM operation: ParallelGCFailedAllocation done
Event: 2952.728 Executing VM operation: ParallelGCFailedAllocation
Event: 2952.730 Executing VM operation: ParallelGCFailedAllocation done
Event: 2952.808 Executing VM operation: ParallelGCFailedAllocation
Event: 2952.810 Executing VM operation: ParallelGCFailedAllocation done
Event: 2952.834 Executing VM operation: ParallelGCFailedAllocation
Event: 2952.837 Executing VM operation: ParallelGCFailedAllocation done
Event: 2952.934 Executing VM operation: ParallelGCFailedAllocation
Event: 2952.936 Executing VM operation: ParallelGCFailedAllocation done
Event: 2953.057 Executing VM operation: HandshakeAllThreads
Event: 2953.057 Executing VM operation: HandshakeAllThreads done
Event: 2953.057 Executing VM operation: HandshakeAllThreads
Event: 2953.058 Executing VM operation: HandshakeAllThreads done
Event: 2953.060 Executing VM operation: HandshakeAllThreads
Event: 2953.061 Executing VM operation: HandshakeAllThreads done
Event: 2953.116 Executing VM operation: ParallelGCFailedAllocation
Event: 2953.119 Executing VM operation: ParallelGCFailedAllocation done
Event: 2953.131 Executing VM operation: ParallelGCFailedAllocation
Event: 2953.133 Executing VM operation: ParallelGCFailedAllocation done

Events (20 events):
Event: 2953.094 Thread 0x000000001be26220 flushing nmethod 0x00000000077de310
Event: 2953.094 Thread 0x000000001be26220 flushing nmethod 0x0000000007830190
Event: 2953.095 Thread 0x000000001be26220 flushing nmethod 0x000000000789ae10
Event: 2953.095 Thread 0x000000001be26220 flushing nmethod 0x00000000078d4610
Event: 2953.095 Thread 0x000000001be26220 flushing nmethod 0x0000000007985c90
Event: 2953.095 Thread 0x000000001be26220 flushing nmethod 0x00000000079f2390
Event: 2953.095 Thread 0x000000001be26220 flushing nmethod 0x00000000079f4a10
Event: 2953.096 Thread 0x000000001be26220 flushing nmethod 0x0000000007a93690
Event: 2953.096 Thread 0x000000001be26220 flushing nmethod 0x0000000007aeb710
Event: 2953.096 Thread 0x000000001be26220 flushing nmethod 0x0000000007b1b710
Event: 2953.097 Thread 0x000000001be26220 flushing nmethod 0x0000000007c18e10
Event: 2953.097 Thread 0x000000001be26220 flushing nmethod 0x0000000007c28610
Event: 2953.097 Thread 0x000000001be26220 flushing nmethod 0x0000000007c5da10
Event: 2953.097 Thread 0x000000001be26220 flushing nmethod 0x0000000007d01210
Event: 2953.098 Thread 0x000000001be26220 flushing nmethod 0x000000000801ac10
Event: 2953.098 Thread 0x000000001be26220 flushing nmethod 0x0000000008027e10
Event: 2953.098 Thread 0x000000001be26220 flushing nmethod 0x000000000804e990
Event: 2953.098 Thread 0x000000001be26220 flushing nmethod 0x000000000805a710
Event: 2953.099 Thread 0x000000001be26220 flushing nmethod 0x000000000807e610
Event: 2953.099 Thread 0x000000001be26220 flushing nmethod 0x00000000080d9f90


Dynamic libraries:
0x00007ff6db7a0000 - 0x00007ff6db7ae000 	c:\Users\HP 11na\.vscode\extensions\redhat.java-1.31.2024051808-win32-x64\jre\17.0.11-win32-x86_64\bin\java.exe
0x00007ffb02960000 - 0x00007ffb02b67000 	C:\WINDOWS\SYSTEM32\ntdll.dll
0x00007ffb014e0000 - 0x00007ffb0159d000 	C:\WINDOWS\System32\KERNEL32.DLL
0x00007ffb003d0000 - 0x00007ffb00744000 	C:\WINDOWS\System32\KERNELBASE.dll
0x00007ffafcf20000 - 0x00007ffafcfb1000 	C:\WINDOWS\SYSTEM32\apphelp.dll
0x00007ffaffe40000 - 0x00007ffafff51000 	C:\WINDOWS\System32\ucrtbase.dll
0x00007ffaeeb00000 - 0x00007ffaeeb17000 	c:\Users\HP 11na\.vscode\extensions\redhat.java-1.31.2024051808-win32-x64\jre\17.0.11-win32-x86_64\bin\jli.dll
0x00007ffb01e90000 - 0x00007ffb0203c000 	C:\WINDOWS\System32\USER32.dll
0x00007ffb00750000 - 0x00007ffb00776000 	C:\WINDOWS\System32\win32u.dll
0x00007ffb00b50000 - 0x00007ffb00b79000 	C:\WINDOWS\System32\GDI32.dll
0x00007ffb002b0000 - 0x00007ffb003c2000 	C:\WINDOWS\System32\gdi32full.dll
0x00007ffb00150000 - 0x00007ffb001ed000 	C:\WINDOWS\System32\msvcp_win.dll
0x00007ffae4fe0000 - 0x00007ffae4ffb000 	c:\Users\HP 11na\.vscode\extensions\redhat.java-1.31.2024051808-win32-x64\jre\17.0.11-win32-x86_64\bin\VCRUNTIME140.dll
0x00007ffae4d20000 - 0x00007ffae4fc5000 	C:\WINDOWS\WinSxS\amd64_microsoft.windows.common-controls_6595b64144ccf1df_6.0.22000.120_none_9d947278b86cc467\COMCTL32.dll
0x00007ffb01de0000 - 0x00007ffb01e83000 	C:\WINDOWS\System32\msvcrt.dll
0x00007ffb007f0000 - 0x00007ffb00821000 	C:\WINDOWS\System32\IMM32.DLL
0x00007ffafce30000 - 0x00007ffafce3c000 	c:\Users\HP 11na\.vscode\extensions\redhat.java-1.31.2024051808-win32-x64\jre\17.0.11-win32-x86_64\bin\vcruntime140_1.dll
0x00007ffab4b00000 - 0x00007ffab4b8d000 	c:\Users\HP 11na\.vscode\extensions\redhat.java-1.31.2024051808-win32-x64\jre\17.0.11-win32-x86_64\bin\msvcp140.dll
0x00007ffaa4d60000 - 0x00007ffaa59c2000 	c:\Users\HP 11na\.vscode\extensions\redhat.java-1.31.2024051808-win32-x64\jre\17.0.11-win32-x86_64\bin\server\jvm.dll
0x00007ffb00b80000 - 0x00007ffb00c2c000 	C:\WINDOWS\System32\ADVAPI32.dll
0x00007ffb00e40000 - 0x00007ffb00edd000 	C:\WINDOWS\System32\sechost.dll
0x00007ffb01850000 - 0x00007ffb01971000 	C:\WINDOWS\System32\RPCRT4.dll
0x00007ffaffd10000 - 0x00007ffaffd5d000 	C:\WINDOWS\SYSTEM32\POWRPROF.dll
0x00007ffadc300000 - 0x00007ffadc309000 	C:\WINDOWS\SYSTEM32\WSOCK32.dll
0x00007ffb01d70000 - 0x00007ffb01ddf000 	C:\WINDOWS\System32\WS2_32.dll
0x00007ffaf7eb0000 - 0x00007ffaf7ee3000 	C:\WINDOWS\SYSTEM32\WINMM.dll
0x00007ffaf4910000 - 0x00007ffaf491a000 	C:\WINDOWS\SYSTEM32\VERSION.dll
0x00007ffaffc40000 - 0x00007ffaffc53000 	C:\WINDOWS\SYSTEM32\UMPDC.dll
0x00007ffafef60000 - 0x00007ffafef78000 	C:\WINDOWS\SYSTEM32\kernel.appcore.dll
0x00007ffafbed0000 - 0x00007ffafbeda000 	c:\Users\HP 11na\.vscode\extensions\redhat.java-1.31.2024051808-win32-x64\jre\17.0.11-win32-x86_64\bin\jimage.dll
0x00007ffafda30000 - 0x00007ffafdc51000 	C:\WINDOWS\SYSTEM32\DBGHELP.DLL
0x00007ffad9800000 - 0x00007ffad9831000 	C:\WINDOWS\SYSTEM32\dbgcore.DLL
0x00007ffb000d0000 - 0x00007ffb0014f000 	C:\WINDOWS\System32\bcryptPrimitives.dll
0x00007ffafb250000 - 0x00007ffafb25e000 	c:\Users\HP 11na\.vscode\extensions\redhat.java-1.31.2024051808-win32-x64\jre\17.0.11-win32-x86_64\bin\instrument.dll
0x00007ffadbcd0000 - 0x00007ffadbcf5000 	c:\Users\HP 11na\.vscode\extensions\redhat.java-1.31.2024051808-win32-x64\jre\17.0.11-win32-x86_64\bin\java.dll
0x00007ffae3e90000 - 0x00007ffae3ea8000 	c:\Users\HP 11na\.vscode\extensions\redhat.java-1.31.2024051808-win32-x64\jre\17.0.11-win32-x86_64\bin\zip.dll
0x00007ffb02040000 - 0x00007ffb027ee000 	C:\WINDOWS\System32\SHELL32.dll
0x00007ffafdfe0000 - 0x00007ffafe847000 	C:\WINDOWS\SYSTEM32\windows.storage.dll
0x00007ffb01980000 - 0x00007ffb01cf8000 	C:\WINDOWS\System32\combase.dll
0x00007ffafde70000 - 0x00007ffafdfd6000 	C:\WINDOWS\SYSTEM32\wintypes.dll
0x00007ffb00a60000 - 0x00007ffb00b4a000 	C:\WINDOWS\System32\SHCORE.dll
0x00007ffb017f0000 - 0x00007ffb0184d000 	C:\WINDOWS\System32\shlwapi.dll
0x00007ffaffd70000 - 0x00007ffaffd91000 	C:\WINDOWS\SYSTEM32\profapi.dll
0x00007ffad4750000 - 0x00007ffad4769000 	C:\Users\HP 11na\.vscode\extensions\redhat.java-1.31.2024051808-win32-x64\jre\17.0.11-win32-x86_64\bin\net.dll
0x00007ffafacb0000 - 0x00007ffafadbc000 	C:\WINDOWS\SYSTEM32\WINHTTP.dll
0x00007ffaff370000 - 0x00007ffaff3d7000 	C:\WINDOWS\system32\mswsock.dll
0x00007ffad42e0000 - 0x00007ffad42f6000 	C:\Users\HP 11na\.vscode\extensions\redhat.java-1.31.2024051808-win32-x64\jre\17.0.11-win32-x86_64\bin\nio.dll
0x00007ffae7f30000 - 0x00007ffae7f40000 	c:\Users\HP 11na\.vscode\extensions\redhat.java-1.31.2024051808-win32-x64\jre\17.0.11-win32-x86_64\bin\verify.dll
0x00007ffab11f0000 - 0x00007ffab1234000 	C:\Users\HP 11na\AppData\Roaming\Code\User\globalStorage\redhat.java\1.31.2024051808\config_win\org.eclipse.equinox.launcher\org.eclipse.equinox.launcher.win32.win32.x86_64_1.2.1000.v20240506-2123\eclipse_11901.dll
0x00007ffb008b0000 - 0x00007ffb00a4a000 	C:\WINDOWS\System32\ole32.dll
0x00007ffaff630000 - 0x00007ffaff648000 	C:\WINDOWS\SYSTEM32\CRYPTSP.dll
0x00007ffafeec0000 - 0x00007ffafeef5000 	C:\WINDOWS\system32\rsaenh.dll
0x00007ffaff4d0000 - 0x00007ffaff4f9000 	C:\WINDOWS\SYSTEM32\USERENV.dll
0x00007ffaff7a0000 - 0x00007ffaff7c7000 	C:\WINDOWS\SYSTEM32\bcrypt.dll
0x00007ffaff620000 - 0x00007ffaff62c000 	C:\WINDOWS\SYSTEM32\CRYPTBASE.dll
0x00007ffafea90000 - 0x00007ffafeabd000 	C:\WINDOWS\SYSTEM32\IPHLPAPI.DLL
0x00007ffb00dd0000 - 0x00007ffb00dd9000 	C:\WINDOWS\System32\NSI.dll
0x00007ffafac90000 - 0x00007ffafaca9000 	C:\WINDOWS\SYSTEM32\dhcpcsvc6.DLL
0x00007ffafb0a0000 - 0x00007ffafb0be000 	C:\WINDOWS\SYSTEM32\dhcpcsvc.DLL
0x00007ffafeac0000 - 0x00007ffafeba7000 	C:\WINDOWS\SYSTEM32\DNSAPI.dll
0x00007ffaa6f30000 - 0x00007ffaa6f75000 	C:\Users\HP 11na\AppData\Local\Temp\jna-1797150699\jna571495498245112306.dll
0x00007ffb02910000 - 0x00007ffb02918000 	C:\WINDOWS\System32\PSAPI.DLL
0x00007ffae3dc0000 - 0x00007ffae3dce000 	C:\Users\HP 11na\.vscode\extensions\redhat.java-1.31.2024051808-win32-x64\jre\17.0.11-win32-x86_64\bin\sunmscapi.dll
0x00007ffafff60000 - 0x00007ffb000c2000 	C:\WINDOWS\System32\CRYPT32.dll
0x00007ffaff770000 - 0x00007ffaff798000 	C:\WINDOWS\SYSTEM32\ncrypt.dll
0x00007ffaff730000 - 0x00007ffaff767000 	C:\WINDOWS\SYSTEM32\NTASN1.dll
0x00007ffaf29e0000 - 0x00007ffaf29ea000 	C:\Windows\System32\rasadhlp.dll
0x00007ffadf460000 - 0x00007ffadf469000 	C:\Users\HP 11na\.vscode\extensions\redhat.java-1.31.2024051808-win32-x64\jre\17.0.11-win32-x86_64\bin\extnet.dll

dbghelp: loaded successfully - version: 4.0.5 - missing functions: none
symbol engine: initialized successfully - sym options: 0x614 - pdb path: .;c:\Users\HP 11na\.vscode\extensions\redhat.java-1.31.2024051808-win32-x64\jre\17.0.11-win32-x86_64\bin;C:\WINDOWS\SYSTEM32;C:\WINDOWS\WinSxS\amd64_microsoft.windows.common-controls_6595b64144ccf1df_6.0.22000.120_none_9d947278b86cc467;c:\Users\HP 11na\.vscode\extensions\redhat.java-1.31.2024051808-win32-x64\jre\17.0.11-win32-x86_64\bin\server;C:\Users\HP 11na\AppData\Roaming\Code\User\globalStorage\redhat.java\1.31.2024051808\config_win\org.eclipse.equinox.launcher\org.eclipse.equinox.launcher.win32.win32.x86_64_1.2.1000.v20240506-2123;C:\Users\HP 11na\AppData\Local\Temp\jna-1797150699

VM Arguments:
jvm_args: --add-modules=ALL-SYSTEM --add-opens=java.base/java.util=ALL-UNNAMED --add-opens=java.base/java.lang=ALL-UNNAMED --add-opens=java.base/sun.nio.fs=ALL-UNNAMED -Declipse.application=org.eclipse.jdt.ls.core.id1 -Dosgi.bundles.defaultStartLevel=4 -Declipse.product=org.eclipse.jdt.ls.core.product -Djava.import.generatesMetadataFilesAtProjectRoot=false -DDetectVMInstallationsJob.disabled=true -Dfile.encoding=utf8 -XX:+UseParallelGC -XX:GCTimeRatio=4 -XX:AdaptiveSizePolicyWeight=90 -Dsun.zip.disableMemoryMapping=true -Xmx1G -Xms100m -Xlog:disable -javaagent:c:\Users\HP 11na\.vscode\extensions\redhat.java-1.31.2024051808-win32-x64\lombok\lombok-1.18.32.jar -XX:+HeapDumpOnOutOfMemoryError -XX:HeapDumpPath=c:\Users\HP 11na\AppData\Roaming\Code\User\workspaceStorage\d43263611282b89c80052938ba8c6bae\redhat.java -Daether.dependencyCollector.impl=bf 
java_command: c:\Users\HP 11na\.vscode\extensions\redhat.java-1.31.2024051808-win32-x64\server\plugins\org.eclipse.equinox.launcher_1.6.800.v20240426-1701.jar -configuration c:\Users\HP 11na\AppData\Roaming\Code\User\globalStorage\redhat.java\1.31.2024051808\config_win -data c:\Users\HP 11na\AppData\Roaming\Code\User\workspaceStorage\d43263611282b89c80052938ba8c6bae\redhat.java\jdt_ws --pipe=\\.\pipe\lsp-67effe58a282564f1d9a97bf87b59835-sock
java_class_path (initial): c:\Users\HP 11na\.vscode\extensions\redhat.java-1.31.2024051808-win32-x64\server\plugins\org.eclipse.equinox.launcher_1.6.800.v20240426-1701.jar
Launcher Type: SUN_STANDARD

[Global flags]
    uintx AdaptiveSizePolicyWeight                 = 90                                        {product} {command line}
     intx CICompilerCount                          = 3                                         {product} {ergonomic}
    uintx GCTimeRatio                              = 4                                         {product} {command line}
     bool HeapDumpOnOutOfMemoryError               = true                                   {manageable} {command line}
    ccstr HeapDumpPath                             = c:\Users\HP 11na\AppData\Roaming\Code\User\workspaceStorage\d43263611282b89c80052938ba8c6bae\redhat.java         {manageable} {command line}
   size_t InitialHeapSize                          = 104857600                                 {product} {command line}
   size_t MaxHeapSize                              = 1073741824                                {product} {command line}
   size_t MaxNewSize                               = 357564416                                 {product} {ergonomic}
   size_t MinHeapDeltaBytes                        = 524288                                    {product} {ergonomic}
   size_t MinHeapSize                              = 104857600                                 {product} {command line}
   size_t NewSize                                  = 34603008                                  {product} {ergonomic}
    uintx NonNMethodCodeHeapSize                   = 5832780                                {pd product} {ergonomic}
    uintx NonProfiledCodeHeapSize                  = 122912730                              {pd product} {ergonomic}
   size_t OldSize                                  = 70254592                                  {product} {ergonomic}
    uintx ProfiledCodeHeapSize                     = 122912730                              {pd product} {ergonomic}
    uintx ReservedCodeCacheSize                    = 251658240                              {pd product} {ergonomic}
     bool SegmentedCodeCache                       = true                                      {product} {ergonomic}
   size_t SoftMaxHeapSize                          = 1073741824                             {manageable} {ergonomic}
     bool UseCompressedClassPointers               = true                           {product lp64_product} {ergonomic}
     bool UseCompressedOops                        = true                           {product lp64_product} {ergonomic}
     bool UseLargePagesIndividualAllocation        = false                                  {pd product} {ergonomic}
     bool UseParallelGC                            = true                                      {product} {command line}

Logging:
Log output configuration:
 #0: stdout all=off uptime,level,tags
 #1: stderr all=off uptime,level,tags

Environment Variables:
PATH=C:\Program Files\Eclipse Adoptium\jdk-21.0.1.12-hotspot\bin;C:\Program Files (x86)\NVIDIA Corporation\PhysX\Common;C:\WINDOWS\system32;C:\WINDOWS;C:\WINDOWS\System32\Wbem;C:\WINDOWS\System32\WindowsPowerShell\v1.0\;C:\WINDOWS\System32\OpenSSH\;C:\Program Files\dotnet\;C:\Program Files\nodejs\;C:\Program Files\Git\cmd;C:\Program Files (x86)\Microsoft SQL Server\160\Tools\Binn\;C:\Program Files\Microsoft SQL Server\160\Tools\Binn\;C:\Program Files\Microsoft SQL Server\Client SDK\ODBC\170\Tools\Binn\;C:\Program Files\Microsoft SQL Server\160\DTS\Binn\;C:\Program Files (x86)\Microsoft SQL Server\160\DTS\Binn\;C:\Program Files\Microsoft SQL Server\120\Tools\Binn\;C:\Users\HP 11na\AppData\Local\Programs\Python\Python38\Scripts\;C:\Users\HP 11na\AppData\Local\Programs\Python\Python38;C:\Users\HP 11na\AppData\Local\Programs\Python\Python38\;C:\Users\HP 11na\AppData\Local\Programs\Python\Python312\Scripts\;C:\Users\HP 11na\AppData\Local\Programs\Python\Python312\;C:\Users\HP 11na\AppData\Local\Programs\Python\Launcher\;C:\Users\HP 11na\AppData\Local\Microsoft\WindowsApps;C:\Users\HP 11na\AppData\Local\Programs\Microsoft VS Code\bin;C:\msys64\ucrt64\bin;C:\Users\HP 11na\.dotnet\tools;C:\Users\HP 11na\AppData\Roaming\npm;C:\Program Files\JetBrains\IntelliJ IDEA Community Edition 2023.3.2\bin;C:\Users\HP 11na\AppData\Local\GitHubDesktop\bin;C:\Program Files\JetBrains\PyCharm Community Edition 2023.3.3\bin;
USERNAME=HP 11na
OS=Windows_NT
PROCESSOR_IDENTIFIER=Intel64 Family 6 Model 140 Stepping 1, GenuineIntel
TMP=C:\Users\HP11NA~1\AppData\Local\Temp
TEMP=C:\Users\HP11NA~1\AppData\Local\Temp



Periodic native trim disabled


---------------  S Y S T E M  ---------------

OS:
 Windows 11 , 64 bit Build 22000 (10.0.22000.318)
OS uptime: 0 days 5:56 hours

CPU: total 4 (initial active 4) (2 cores per cpu, 2 threads per core) family 6 model 140 stepping 1 microcode 0x86, cx8, cmov, fxsr, ht, mmx, 3dnowpref, sse, sse2, sse3, ssse3, sse4.1, sse4.2, popcnt, lzcnt, tsc, tscinvbit, avx, avx2, aes, erms, clmul, bmi1, bmi2, adx, avx512f, avx512dq, avx512cd, avx512bw, avx512vl, sha, fma, vzeroupper, avx512_vpopcntdq, avx512_vpclmulqdq, avx512_vaes, avx512_vnni, clflush, clflushopt, clwb, avx512_vbmi2, avx512_vbmi
Processor Information for all 4 processors :
  Max Mhz: 2995, Current Mhz: 2995, Mhz Limit: 2995

Memory: 4k page, system-wide physical 7948M (467M free)
TotalPageFile size 7948M (AvailPageFile size 5M)
current process WorkingSet (physical memory assigned to process): 614M, peak: 639M
current process commit charge ("private bytes"): 608M, peak: 663M

vm_info: OpenJDK 64-Bit Server VM (17.0.11+9) for windows-amd64 JRE (17.0.11+9), built on Apr 17 2024 06:07:48 by "admin" with MS VC++ 16.10 / 16.11 (VS2019)

END.
