#
# There is insufficient memory for the Java Runtime Environment to continue.
# Native memory allocation (malloc) failed to allocate 506544 bytes for Chunk::new
# Possible reasons:
#   The system is out of physical RAM or swap space
#   The process is running with CompressedOops enabled, and the Java Heap may be blocking the growth of the native heap
# Possible solutions:
#   Reduce memory load on the system
#   Increase physical memory or swap space
#   Check if swap backing store is full
#   Decrease Java heap size (-Xmx/-Xms)
#   Decrease number of Java threads
#   Decrease Java thread stack sizes (-Xss)
#   Set larger code cache with -XX:ReservedCodeCacheSize=
#   JVM is running with Unscaled Compressed Oops mode in which the Java heap is
#     placed in the first 4GB address space. The Java Heap base address is the
#     maximum limit for the native heap growth. Please use -XX:HeapBaseMinAddress
#     to set the Java Heap base and to place the Java Heap above 4GB virtual address.
# This output file may be truncated or incomplete.
#
#  Out of Memory Error (arena.cpp:168), pid=14456, tid=13812
#
# JRE version: OpenJDK Runtime Environment Temurin-21.0.1+12 (21.0.1+12) (build 21.0.1+12-LTS)
# Java VM: OpenJDK 64-Bit Server VM Temurin-21.0.1+12 (21.0.1+12-LTS, mixed mode, sharing, tiered, compressed oops, compressed class ptrs, g1 gc, windows-amd64)
# No core dump will be written. Minidumps are not enabled by default on client versions of Windows
#

---------------  S U M M A R Y ------------

Command Line: -agentlib:jdwp=transport=dt_socket,server=n,suspend=y,address=localhost:49155 -XX:+ShowCodeDetailsInExceptionMessages Main

Host: 11th Gen Intel(R) Core(TM) i3-1115G4 @ 3.00GHz, 4 cores, 7G,  Windows 11 , 64 bit Build 22000 (10.0.22000.318)
Time: Tue Sep 17 00:06:40 2024 Hora universal coordinada elapsed time: 1.757317 seconds (0d 0h 0m 1s)

---------------  T H R E A D  ---------------

Current thread (0x000000001ef131d0):  JavaThread "C2 CompilerThread0" daemon [_thread_in_native, id=13812, stack(0x000000001fac0000,0x000000001fbc0000) (1024K)]


Current CompileTask:
C2:   1757 1504 % !   4       com.sun.crypto.provider.PBKDF2KeyImpl::deriveKey @ 198 (302 bytes)

Stack: [0x000000001fac0000,0x000000001fbc0000]
Native frames: (J=compiled Java code, j=interpreted, Vv=VM code, C=native code)
V  [jvm.dll+0x6c7789]
V  [jvm.dll+0x8a2011]
V  [jvm.dll+0x8a44ae]
V  [jvm.dll+0x8a4b83]
V  [jvm.dll+0x27f936]
V  [jvm.dll+0xc498d]
V  [jvm.dll+0xc4ea3]
V  [jvm.dll+0x3b375c]
V  [jvm.dll+0x380225]
V  [jvm.dll+0x37f68a]
V  [jvm.dll+0x247ef0]
V  [jvm.dll+0x2474cf]
V  [jvm.dll+0x1c8ae1]
V  [jvm.dll+0x256c69]
V  [jvm.dll+0x25523a]
V  [jvm.dll+0x3ecc86]
V  [jvm.dll+0x84af3b]
V  [jvm.dll+0x6c5ebd]
C  [ucrtbase.dll+0x26c0c]
C  [KERNEL32.DLL+0x154e0]
C  [ntdll.dll+0x485b]


---------------  P R O C E S S  ---------------

Threads class SMR info:
_java_thread_list=0x0000000065c3e6f0, length=23, elements={
0x000000001ef09da0, 0x000000001ef0d290, 0x000000001ef0f510, 0x000000001ef10f80,
0x000000001ef119e0, 0x000000001ef12440, 0x000000001ef131d0, 0x000000001ef82800,
0x00000000650f2210, 0x00000000650fa400, 0x00000000650fea90, 0x0000000065103450,
0x0000000065107ad0, 0x0000000065197e70, 0x00000000653c3c00, 0x00000000653c4910,
0x0000000065b97e60, 0x0000000065bb5450, 0x00000000005825f0, 0x0000000065c29c30,
0x00000000676ac1f0, 0x000000006751ac80, 0x000000006751b2f0
}

Java Threads: ( => current thread )
  0x000000001ef09da0 JavaThread "Reference Handler"          daemon [_thread_blocked, id=10296, stack(0x000000001f4c0000,0x000000001f5c0000) (1024K)]
  0x000000001ef0d290 JavaThread "Finalizer"                  daemon [_thread_blocked, id=14220, stack(0x000000001f5c0000,0x000000001f6c0000) (1024K)]
  0x000000001ef0f510 JavaThread "Signal Dispatcher"          daemon [_thread_blocked, id=9624, stack(0x000000001f6c0000,0x000000001f7c0000) (1024K)]
  0x000000001ef10f80 JavaThread "Attach Listener"            daemon [_thread_blocked, id=864, stack(0x000000001f7c0000,0x000000001f8c0000) (1024K)]
  0x000000001ef119e0 JavaThread "Service Thread"             daemon [_thread_blocked, id=2488, stack(0x000000001f8c0000,0x000000001f9c0000) (1024K)]
  0x000000001ef12440 JavaThread "Monitor Deflation Thread"   daemon [_thread_blocked, id=11776, stack(0x000000001f9c0000,0x000000001fac0000) (1024K)]
=>0x000000001ef131d0 JavaThread "C2 CompilerThread0"         daemon [_thread_in_native, id=13812, stack(0x000000001fac0000,0x000000001fbc0000) (1024K)]
  0x000000001ef82800 JavaThread "C1 CompilerThread0"         daemon [_thread_blocked, id=1672, stack(0x000000001fbc0000,0x000000001fcc0000) (1024K)]
  0x00000000650f2210 JavaThread "JDWP Transport Listener: dt_socket" daemon [_thread_blocked, id=15000, stack(0x0000000065400000,0x0000000065500000) (1024K)]
  0x00000000650fa400 JavaThread "JDWP Event Helper Thread"   daemon [_thread_blocked, id=11292, stack(0x0000000065500000,0x0000000065600000) (1024K)]
  0x00000000650fea90 JavaThread "JDWP Command Reader"        daemon [_thread_in_native, id=4284, stack(0x0000000065600000,0x0000000065700000) (1024K)]
  0x0000000065103450 JavaThread "Notification Thread"        daemon [_thread_blocked, id=4828, stack(0x0000000065700000,0x0000000065800000) (1024K)]
  0x0000000065107ad0 JavaThread "Common-Cleaner"             daemon [_thread_blocked, id=11684, stack(0x0000000065800000,0x0000000065900000) (1024K)]
  0x0000000065197e70 JavaThread "C2 CompilerThread1"         daemon [_thread_in_native, id=2524, stack(0x0000000066370000,0x0000000066470000) (1024K)]
  0x00000000653c3c00 JavaThread "Java2D Disposer"            daemon [_thread_blocked, id=6232, stack(0x0000000066470000,0x0000000066570000) (1024K)]
  0x00000000653c4910 JavaThread "AWT-Shutdown"                      [_thread_blocked, id=5512, stack(0x0000000066570000,0x0000000066670000) (1024K)]
  0x0000000065b97e60 JavaThread "AWT-Windows"                daemon [_thread_in_native, id=9460, stack(0x0000000066670000,0x0000000066770000) (1024K)]
  0x0000000065bb5450 JavaThread "AWT-EventQueue-0"                  [_thread_in_vm, id=1188, stack(0x0000000066940000,0x0000000066a40000) (1024K)]
  0x00000000005825f0 JavaThread "DestroyJavaVM"                     [_thread_blocked, id=6216, stack(0x0000000001f60000,0x0000000002060000) (1024K)]
  0x0000000065c29c30 JavaThread "Image Fetcher 0"            daemon [_thread_blocked, id=4084, stack(0x0000000067230000,0x0000000067330000) (1024K)]
  0x00000000676ac1f0 JavaThread "Image Fetcher 1"            daemon [_thread_blocked, id=1132, stack(0x0000000068400000,0x0000000068500000) (1024K)]
  0x000000006751ac80 JavaThread "Image Fetcher 2"            daemon [_thread_blocked, id=14212, stack(0x0000000068500000,0x0000000068600000) (1024K)]
  0x000000006751b2f0 JavaThread "Image Fetcher 3"            daemon [_thread_blocked, id=3360, stack(0x0000000068600000,0x0000000068700000) (1024K)]
Total: 23

Other Threads:
  0x000000001eee5b20 VMThread "VM Thread"                           [id=13292, stack(0x000000001f290000,0x000000001f390000) (1024K)]
  0x000000001eecf770 WatcherThread "VM Periodic Task Thread"        [id=12512, stack(0x000000001f190000,0x000000001f290000) (1024K)]
  0x00000000029e1fb0 WorkerThread "GC Thread#0"                     [id=12344, stack(0x00000000027d0000,0x00000000028d0000) (1024K)]
  0x0000000067eeeff0 WorkerThread "GC Thread#1"                     [id=9016, stack(0x0000000068700000,0x0000000068800000) (1024K)]
  0x00000000661ad540 WorkerThread "GC Thread#2"                     [id=10156, stack(0x0000000068800000,0x0000000068900000) (1024K)]
  0x00000000661ad8e0 WorkerThread "GC Thread#3"                     [id=10032, stack(0x0000000068900000,0x0000000068a00000) (1024K)]
  0x00000000029f4030 ConcurrentGCThread "G1 Main Marker"            [id=6664, stack(0x000000001c750000,0x000000001c850000) (1024K)]
  0x00000000029f4b30 WorkerThread "G1 Conc#0"                       [id=11800, stack(0x000000001c850000,0x000000001c950000) (1024K)]
  0x0000000002a5e840 ConcurrentGCThread "G1 Refine#0"               [id=6108, stack(0x000000001ef90000,0x000000001f090000) (1024K)]
  0x0000000002988880 ConcurrentGCThread "G1 Service"                [id=9148, stack(0x000000001f090000,0x000000001f190000) (1024K)]
Total: 10

Threads with active compile tasks:
C2 CompilerThread0     1776 1504 % !   4       com.sun.crypto.provider.PBKDF2KeyImpl::deriveKey @ 198 (302 bytes)
C2 CompilerThread1     1776 1541   !   4       java.util.concurrent.ConcurrentHashMap::transfer (849 bytes)
Total: 2

VM state: not at safepoint (normal execution)

VM Mutex/Monitor currently owned by a thread:  ([mutex/lock_event])
[0x00007ffa1ba0f9a8] Metaspace_lock - owner thread: 0x0000000065bb5450

Heap address: 0x0000000083c00000, size: 1988 MB, Compressed Oops mode: 32-bit

CDS archive(s) mapped at: [0x0000000020000000-0x0000000020c90000-0x0000000020c90000), size 13172736, SharedBaseAddress: 0x0000000020000000, ArchiveRelocationMode: 1.
Compressed class space mapped at: 0x0000000021000000-0x0000000061000000, reserved size: 1073741824
Narrow klass base: 0x0000000020000000, Narrow klass shift: 0, Narrow klass range: 0x100000000

GC Precious Log:
 CardTable entry size: 512
 Card Set container configuration: InlinePtr #cards 5 size 8 Array Of Cards #cards 12 size 40 Howl #buckets 4 coarsen threshold 1843 Howl Bitmap #cards 512 size 80 coarsen threshold 460 Card regions per heap region 1 cards per card region 2048
 CPUs: 4 total, 4 available
 Memory: 7948M
 Large Page Support: Disabled
 NUMA Support: Disabled
 Compressed Oops: Enabled (32-bit)
 Heap Region Size: 1M
 Heap Min Capacity: 8M
 Heap Initial Capacity: 126M
 Heap Max Capacity: 1988M
 Pre-touch: Disabled
 Parallel Workers: 4
 Concurrent Workers: 1
 Concurrent Refinement Workers: 4
 Periodic GC: Disabled

Heap:
 garbage-first heap   total 129024K, used 15488K [0x0000000083c00000, 0x0000000100000000)
  region size 1024K, 11 young (11264K), 2 survivors (2048K)
 Metaspace       used 11162K, committed 11392K, reserved 1114112K
  class space    used 1186K, committed 1344K, reserved 1048576K

Heap Regions: E=young(eden), S=young(survivor), O=old, HS=humongous(starts), HC=humongous(continues), CS=collection set, F=free, TAMS=top-at-mark-start, PB=parsable bottom
|   0|0x0000000083c00000, 0x0000000083d00000, 0x0000000083d00000|100%|HS|  |TAMS 0x0000000083c00000| PB 0x0000000083c00000| Complete 
|   1|0x0000000083d00000, 0x0000000083e00000, 0x0000000083e00000|100%|HC|  |TAMS 0x0000000083d00000| PB 0x0000000083d00000| Complete 
|   2|0x0000000083e00000, 0x0000000083f00000, 0x0000000083f00000|100%|HC|  |TAMS 0x0000000083e00000| PB 0x0000000083e00000| Complete 
|   3|0x0000000083f00000, 0x0000000084000000, 0x0000000084000000|100%| O|  |TAMS 0x0000000083f00000| PB 0x0000000083f00000| Untracked 
|   4|0x0000000084000000, 0x0000000084100000, 0x0000000084100000|100%| O|  |TAMS 0x0000000084000000| PB 0x0000000084000000| Untracked 
|   5|0x0000000084100000, 0x0000000084120000, 0x0000000084200000| 12%| O|  |TAMS 0x0000000084100000| PB 0x0000000084100000| Untracked 
|   6|0x0000000084200000, 0x0000000084200000, 0x0000000084300000|  0%| F|  |TAMS 0x0000000084200000| PB 0x0000000084200000| Untracked 
|   7|0x0000000084300000, 0x0000000084300000, 0x0000000084400000|  0%| F|  |TAMS 0x0000000084300000| PB 0x0000000084300000| Untracked 
|   8|0x0000000084400000, 0x0000000084400000, 0x0000000084500000|  0%| F|  |TAMS 0x0000000084400000| PB 0x0000000084400000| Untracked 
|   9|0x0000000084500000, 0x0000000084500000, 0x0000000084600000|  0%| F|  |TAMS 0x0000000084500000| PB 0x0000000084500000| Untracked 
|  10|0x0000000084600000, 0x0000000084600000, 0x0000000084700000|  0%| F|  |TAMS 0x0000000084600000| PB 0x0000000084600000| Untracked 
|  11|0x0000000084700000, 0x0000000084700000, 0x0000000084800000|  0%| F|  |TAMS 0x0000000084700000| PB 0x0000000084700000| Untracked 
|  12|0x0000000084800000, 0x0000000084800000, 0x0000000084900000|  0%| F|  |TAMS 0x0000000084800000| PB 0x0000000084800000| Untracked 
|  13|0x0000000084900000, 0x0000000084900000, 0x0000000084a00000|  0%| F|  |TAMS 0x0000000084900000| PB 0x0000000084900000| Untracked 
|  14|0x0000000084a00000, 0x0000000084a00000, 0x0000000084b00000|  0%| F|  |TAMS 0x0000000084a00000| PB 0x0000000084a00000| Untracked 
|  15|0x0000000084b00000, 0x0000000084b00000, 0x0000000084c00000|  0%| F|  |TAMS 0x0000000084b00000| PB 0x0000000084b00000| Untracked 
|  16|0x0000000084c00000, 0x0000000084c00000, 0x0000000084d00000|  0%| F|  |TAMS 0x0000000084c00000| PB 0x0000000084c00000| Untracked 
|  17|0x0000000084d00000, 0x0000000084d00000, 0x0000000084e00000|  0%| F|  |TAMS 0x0000000084d00000| PB 0x0000000084d00000| Untracked 
|  18|0x0000000084e00000, 0x0000000084e00000, 0x0000000084f00000|  0%| F|  |TAMS 0x0000000084e00000| PB 0x0000000084e00000| Untracked 
|  19|0x0000000084f00000, 0x0000000084f00000, 0x0000000085000000|  0%| F|  |TAMS 0x0000000084f00000| PB 0x0000000084f00000| Untracked 
|  20|0x0000000085000000, 0x0000000085000000, 0x0000000085100000|  0%| F|  |TAMS 0x0000000085000000| PB 0x0000000085000000| Untracked 
|  21|0x0000000085100000, 0x0000000085100000, 0x0000000085200000|  0%| F|  |TAMS 0x0000000085100000| PB 0x0000000085100000| Untracked 
|  22|0x0000000085200000, 0x0000000085200000, 0x0000000085300000|  0%| F|  |TAMS 0x0000000085200000| PB 0x0000000085200000| Untracked 
|  23|0x0000000085300000, 0x0000000085300000, 0x0000000085400000|  0%| F|  |TAMS 0x0000000085300000| PB 0x0000000085300000| Untracked 
|  24|0x0000000085400000, 0x0000000085400000, 0x0000000085500000|  0%| F|  |TAMS 0x0000000085400000| PB 0x0000000085400000| Untracked 
|  25|0x0000000085500000, 0x0000000085500000, 0x0000000085600000|  0%| F|  |TAMS 0x0000000085500000| PB 0x0000000085500000| Untracked 
|  26|0x0000000085600000, 0x0000000085600000, 0x0000000085700000|  0%| F|  |TAMS 0x0000000085600000| PB 0x0000000085600000| Untracked 
|  27|0x0000000085700000, 0x0000000085700000, 0x0000000085800000|  0%| F|  |TAMS 0x0000000085700000| PB 0x0000000085700000| Untracked 
|  28|0x0000000085800000, 0x0000000085800000, 0x0000000085900000|  0%| F|  |TAMS 0x0000000085800000| PB 0x0000000085800000| Untracked 
|  29|0x0000000085900000, 0x0000000085900000, 0x0000000085a00000|  0%| F|  |TAMS 0x0000000085900000| PB 0x0000000085900000| Untracked 
|  30|0x0000000085a00000, 0x0000000085a00000, 0x0000000085b00000|  0%| F|  |TAMS 0x0000000085a00000| PB 0x0000000085a00000| Untracked 
|  31|0x0000000085b00000, 0x0000000085b00000, 0x0000000085c00000|  0%| F|  |TAMS 0x0000000085b00000| PB 0x0000000085b00000| Untracked 
|  32|0x0000000085c00000, 0x0000000085c00000, 0x0000000085d00000|  0%| F|  |TAMS 0x0000000085c00000| PB 0x0000000085c00000| Untracked 
|  33|0x0000000085d00000, 0x0000000085d00000, 0x0000000085e00000|  0%| F|  |TAMS 0x0000000085d00000| PB 0x0000000085d00000| Untracked 
|  34|0x0000000085e00000, 0x0000000085e00000, 0x0000000085f00000|  0%| F|  |TAMS 0x0000000085e00000| PB 0x0000000085e00000| Untracked 
|  35|0x0000000085f00000, 0x0000000085f00000, 0x0000000086000000|  0%| F|  |TAMS 0x0000000085f00000| PB 0x0000000085f00000| Untracked 
|  36|0x0000000086000000, 0x0000000086000000, 0x0000000086100000|  0%| F|  |TAMS 0x0000000086000000| PB 0x0000000086000000| Untracked 
|  37|0x0000000086100000, 0x0000000086100000, 0x0000000086200000|  0%| F|  |TAMS 0x0000000086100000| PB 0x0000000086100000| Untracked 
|  38|0x0000000086200000, 0x0000000086200000, 0x0000000086300000|  0%| F|  |TAMS 0x0000000086200000| PB 0x0000000086200000| Untracked 
|  39|0x0000000086300000, 0x0000000086300000, 0x0000000086400000|  0%| F|  |TAMS 0x0000000086300000| PB 0x0000000086300000| Untracked 
|  40|0x0000000086400000, 0x0000000086400000, 0x0000000086500000|  0%| F|  |TAMS 0x0000000086400000| PB 0x0000000086400000| Untracked 
|  41|0x0000000086500000, 0x0000000086500000, 0x0000000086600000|  0%| F|  |TAMS 0x0000000086500000| PB 0x0000000086500000| Untracked 
|  42|0x0000000086600000, 0x0000000086600000, 0x0000000086700000|  0%| F|  |TAMS 0x0000000086600000| PB 0x0000000086600000| Untracked 
|  43|0x0000000086700000, 0x0000000086700000, 0x0000000086800000|  0%| F|  |TAMS 0x0000000086700000| PB 0x0000000086700000| Untracked 
|  44|0x0000000086800000, 0x0000000086800000, 0x0000000086900000|  0%| F|  |TAMS 0x0000000086800000| PB 0x0000000086800000| Untracked 
|  45|0x0000000086900000, 0x0000000086900000, 0x0000000086a00000|  0%| F|  |TAMS 0x0000000086900000| PB 0x0000000086900000| Untracked 
|  46|0x0000000086a00000, 0x0000000086a00000, 0x0000000086b00000|  0%| F|  |TAMS 0x0000000086a00000| PB 0x0000000086a00000| Untracked 
|  47|0x0000000086b00000, 0x0000000086b00000, 0x0000000086c00000|  0%| F|  |TAMS 0x0000000086b00000| PB 0x0000000086b00000| Untracked 
|  48|0x0000000086c00000, 0x0000000086c00000, 0x0000000086d00000|  0%| F|  |TAMS 0x0000000086c00000| PB 0x0000000086c00000| Untracked 
|  49|0x0000000086d00000, 0x0000000086d00000, 0x0000000086e00000|  0%| F|  |TAMS 0x0000000086d00000| PB 0x0000000086d00000| Untracked 
|  50|0x0000000086e00000, 0x0000000086e00000, 0x0000000086f00000|  0%| F|  |TAMS 0x0000000086e00000| PB 0x0000000086e00000| Untracked 
|  51|0x0000000086f00000, 0x0000000086f00000, 0x0000000087000000|  0%| F|  |TAMS 0x0000000086f00000| PB 0x0000000086f00000| Untracked 
|  52|0x0000000087000000, 0x0000000087000000, 0x0000000087100000|  0%| F|  |TAMS 0x0000000087000000| PB 0x0000000087000000| Untracked 
|  53|0x0000000087100000, 0x0000000087100000, 0x0000000087200000|  0%| F|  |TAMS 0x0000000087100000| PB 0x0000000087100000| Untracked 
|  54|0x0000000087200000, 0x0000000087200000, 0x0000000087300000|  0%| F|  |TAMS 0x0000000087200000| PB 0x0000000087200000| Untracked 
|  55|0x0000000087300000, 0x0000000087300000, 0x0000000087400000|  0%| F|  |TAMS 0x0000000087300000| PB 0x0000000087300000| Untracked 
|  56|0x0000000087400000, 0x0000000087400000, 0x0000000087500000|  0%| F|  |TAMS 0x0000000087400000| PB 0x0000000087400000| Untracked 
|  57|0x0000000087500000, 0x0000000087500000, 0x0000000087600000|  0%| F|  |TAMS 0x0000000087500000| PB 0x0000000087500000| Untracked 
|  58|0x0000000087600000, 0x0000000087600000, 0x0000000087700000|  0%| F|  |TAMS 0x0000000087600000| PB 0x0000000087600000| Untracked 
|  59|0x0000000087700000, 0x0000000087700000, 0x0000000087800000|  0%| F|  |TAMS 0x0000000087700000| PB 0x0000000087700000| Untracked 
|  60|0x0000000087800000, 0x0000000087800000, 0x0000000087900000|  0%| F|  |TAMS 0x0000000087800000| PB 0x0000000087800000| Untracked 
|  61|0x0000000087900000, 0x0000000087900000, 0x0000000087a00000|  0%| F|  |TAMS 0x0000000087900000| PB 0x0000000087900000| Untracked 
|  62|0x0000000087a00000, 0x0000000087a00000, 0x0000000087b00000|  0%| F|  |TAMS 0x0000000087a00000| PB 0x0000000087a00000| Untracked 
|  63|0x0000000087b00000, 0x0000000087b00000, 0x0000000087c00000|  0%| F|  |TAMS 0x0000000087b00000| PB 0x0000000087b00000| Untracked 
|  64|0x0000000087c00000, 0x0000000087c00000, 0x0000000087d00000|  0%| F|  |TAMS 0x0000000087c00000| PB 0x0000000087c00000| Untracked 
|  65|0x0000000087d00000, 0x0000000087d00000, 0x0000000087e00000|  0%| F|  |TAMS 0x0000000087d00000| PB 0x0000000087d00000| Untracked 
|  66|0x0000000087e00000, 0x0000000087e00000, 0x0000000087f00000|  0%| F|  |TAMS 0x0000000087e00000| PB 0x0000000087e00000| Untracked 
|  67|0x0000000087f00000, 0x0000000087f00000, 0x0000000088000000|  0%| F|  |TAMS 0x0000000087f00000| PB 0x0000000087f00000| Untracked 
|  68|0x0000000088000000, 0x0000000088000000, 0x0000000088100000|  0%| F|  |TAMS 0x0000000088000000| PB 0x0000000088000000| Untracked 
|  69|0x0000000088100000, 0x0000000088100000, 0x0000000088200000|  0%| F|  |TAMS 0x0000000088100000| PB 0x0000000088100000| Untracked 
|  70|0x0000000088200000, 0x0000000088200000, 0x0000000088300000|  0%| F|  |TAMS 0x0000000088200000| PB 0x0000000088200000| Untracked 
|  71|0x0000000088300000, 0x0000000088300000, 0x0000000088400000|  0%| F|  |TAMS 0x0000000088300000| PB 0x0000000088300000| Untracked 
|  72|0x0000000088400000, 0x0000000088400000, 0x0000000088500000|  0%| F|  |TAMS 0x0000000088400000| PB 0x0000000088400000| Untracked 
|  73|0x0000000088500000, 0x0000000088500000, 0x0000000088600000|  0%| F|  |TAMS 0x0000000088500000| PB 0x0000000088500000| Untracked 
|  74|0x0000000088600000, 0x0000000088600000, 0x0000000088700000|  0%| F|  |TAMS 0x0000000088600000| PB 0x0000000088600000| Untracked 
|  75|0x0000000088700000, 0x0000000088700000, 0x0000000088800000|  0%| F|  |TAMS 0x0000000088700000| PB 0x0000000088700000| Untracked 
|  76|0x0000000088800000, 0x0000000088800000, 0x0000000088900000|  0%| F|  |TAMS 0x0000000088800000| PB 0x0000000088800000| Untracked 
|  77|0x0000000088900000, 0x0000000088900000, 0x0000000088a00000|  0%| F|  |TAMS 0x0000000088900000| PB 0x0000000088900000| Untracked 
|  78|0x0000000088a00000, 0x0000000088a00000, 0x0000000088b00000|  0%| F|  |TAMS 0x0000000088a00000| PB 0x0000000088a00000| Untracked 
|  79|0x0000000088b00000, 0x0000000088b00000, 0x0000000088c00000|  0%| F|  |TAMS 0x0000000088b00000| PB 0x0000000088b00000| Untracked 
|  80|0x0000000088c00000, 0x0000000088c00000, 0x0000000088d00000|  0%| F|  |TAMS 0x0000000088c00000| PB 0x0000000088c00000| Untracked 
|  81|0x0000000088d00000, 0x0000000088d00000, 0x0000000088e00000|  0%| F|  |TAMS 0x0000000088d00000| PB 0x0000000088d00000| Untracked 
|  82|0x0000000088e00000, 0x0000000088e00000, 0x0000000088f00000|  0%| F|  |TAMS 0x0000000088e00000| PB 0x0000000088e00000| Untracked 
|  83|0x0000000088f00000, 0x0000000088f00000, 0x0000000089000000|  0%| F|  |TAMS 0x0000000088f00000| PB 0x0000000088f00000| Untracked 
|  84|0x0000000089000000, 0x0000000089000000, 0x0000000089100000|  0%| F|  |TAMS 0x0000000089000000| PB 0x0000000089000000| Untracked 
|  85|0x0000000089100000, 0x0000000089100000, 0x0000000089200000|  0%| F|  |TAMS 0x0000000089100000| PB 0x0000000089100000| Untracked 
|  86|0x0000000089200000, 0x0000000089200000, 0x0000000089300000|  0%| F|  |TAMS 0x0000000089200000| PB 0x0000000089200000| Untracked 
|  87|0x0000000089300000, 0x0000000089300000, 0x0000000089400000|  0%| F|  |TAMS 0x0000000089300000| PB 0x0000000089300000| Untracked 
|  88|0x0000000089400000, 0x0000000089400000, 0x0000000089500000|  0%| F|  |TAMS 0x0000000089400000| PB 0x0000000089400000| Untracked 
|  89|0x0000000089500000, 0x0000000089500000, 0x0000000089600000|  0%| F|  |TAMS 0x0000000089500000| PB 0x0000000089500000| Untracked 
|  90|0x0000000089600000, 0x0000000089600000, 0x0000000089700000|  0%| F|  |TAMS 0x0000000089600000| PB 0x0000000089600000| Untracked 
|  91|0x0000000089700000, 0x0000000089700000, 0x0000000089800000|  0%| F|  |TAMS 0x0000000089700000| PB 0x0000000089700000| Untracked 
|  92|0x0000000089800000, 0x0000000089800000, 0x0000000089900000|  0%| F|  |TAMS 0x0000000089800000| PB 0x0000000089800000| Untracked 
|  93|0x0000000089900000, 0x0000000089900000, 0x0000000089a00000|  0%| F|  |TAMS 0x0000000089900000| PB 0x0000000089900000| Untracked 
|  94|0x0000000089a00000, 0x0000000089a00000, 0x0000000089b00000|  0%| F|  |TAMS 0x0000000089a00000| PB 0x0000000089a00000| Untracked 
|  95|0x0000000089b00000, 0x0000000089b00000, 0x0000000089c00000|  0%| F|  |TAMS 0x0000000089b00000| PB 0x0000000089b00000| Untracked 
|  96|0x0000000089c00000, 0x0000000089c00000, 0x0000000089d00000|  0%| F|  |TAMS 0x0000000089c00000| PB 0x0000000089c00000| Untracked 
|  97|0x0000000089d00000, 0x0000000089d00000, 0x0000000089e00000|  0%| F|  |TAMS 0x0000000089d00000| PB 0x0000000089d00000| Untracked 
|  98|0x0000000089e00000, 0x0000000089e00000, 0x0000000089f00000|  0%| F|  |TAMS 0x0000000089e00000| PB 0x0000000089e00000| Untracked 
|  99|0x0000000089f00000, 0x0000000089f00000, 0x000000008a000000|  0%| F|  |TAMS 0x0000000089f00000| PB 0x0000000089f00000| Untracked 
| 100|0x000000008a000000, 0x000000008a000000, 0x000000008a100000|  0%| F|  |TAMS 0x000000008a000000| PB 0x000000008a000000| Untracked 
| 101|0x000000008a100000, 0x000000008a100000, 0x000000008a200000|  0%| F|  |TAMS 0x000000008a100000| PB 0x000000008a100000| Untracked 
| 102|0x000000008a200000, 0x000000008a200000, 0x000000008a300000|  0%| F|  |TAMS 0x000000008a200000| PB 0x000000008a200000| Untracked 
| 103|0x000000008a300000, 0x000000008a300000, 0x000000008a400000|  0%| F|  |TAMS 0x000000008a300000| PB 0x000000008a300000| Untracked 
| 104|0x000000008a400000, 0x000000008a400000, 0x000000008a500000|  0%| F|  |TAMS 0x000000008a400000| PB 0x000000008a400000| Untracked 
| 105|0x000000008a500000, 0x000000008a500000, 0x000000008a600000|  0%| F|  |TAMS 0x000000008a500000| PB 0x000000008a500000| Untracked 
| 106|0x000000008a600000, 0x000000008a600000, 0x000000008a700000|  0%| F|  |TAMS 0x000000008a600000| PB 0x000000008a600000| Untracked 
| 107|0x000000008a700000, 0x000000008a700000, 0x000000008a800000|  0%| F|  |TAMS 0x000000008a700000| PB 0x000000008a700000| Untracked 
| 108|0x000000008a800000, 0x000000008a800000, 0x000000008a900000|  0%| F|  |TAMS 0x000000008a800000| PB 0x000000008a800000| Untracked 
| 109|0x000000008a900000, 0x000000008a900000, 0x000000008aa00000|  0%| F|  |TAMS 0x000000008a900000| PB 0x000000008a900000| Untracked 
| 110|0x000000008aa00000, 0x000000008aa00000, 0x000000008ab00000|  0%| F|  |TAMS 0x000000008aa00000| PB 0x000000008aa00000| Untracked 
| 111|0x000000008ab00000, 0x000000008ac00000, 0x000000008ac00000|100%| S|CS|TAMS 0x000000008ab00000| PB 0x000000008ab00000| Complete 
| 112|0x000000008ac00000, 0x000000008ad00000, 0x000000008ad00000|100%| S|CS|TAMS 0x000000008ac00000| PB 0x000000008ac00000| Complete 
| 113|0x000000008ad00000, 0x000000008ad00000, 0x000000008ae00000|  0%| F|  |TAMS 0x000000008ad00000| PB 0x000000008ad00000| Untracked 
| 114|0x000000008ae00000, 0x000000008ae00000, 0x000000008af00000|  0%| F|  |TAMS 0x000000008ae00000| PB 0x000000008ae00000| Untracked 
| 115|0x000000008af00000, 0x000000008af00000, 0x000000008b000000|  0%| F|  |TAMS 0x000000008af00000| PB 0x000000008af00000| Untracked 
| 116|0x000000008b000000, 0x000000008b000000, 0x000000008b100000|  0%| F|  |TAMS 0x000000008b000000| PB 0x000000008b000000| Untracked 
| 117|0x000000008b100000, 0x000000008b12ed80, 0x000000008b200000| 18%| E|  |TAMS 0x000000008b100000| PB 0x000000008b100000| Complete 
| 118|0x000000008b200000, 0x000000008b300000, 0x000000008b300000|100%| E|CS|TAMS 0x000000008b200000| PB 0x000000008b200000| Complete 
| 119|0x000000008b300000, 0x000000008b400000, 0x000000008b400000|100%| E|CS|TAMS 0x000000008b300000| PB 0x000000008b300000| Complete 
| 120|0x000000008b400000, 0x000000008b500000, 0x000000008b500000|100%| E|CS|TAMS 0x000000008b400000| PB 0x000000008b400000| Complete 
| 121|0x000000008b500000, 0x000000008b600000, 0x000000008b600000|100%| E|CS|TAMS 0x000000008b500000| PB 0x000000008b500000| Complete 
| 122|0x000000008b600000, 0x000000008b700000, 0x000000008b700000|100%| E|CS|TAMS 0x000000008b600000| PB 0x000000008b600000| Complete 
| 123|0x000000008b700000, 0x000000008b800000, 0x000000008b800000|100%| E|CS|TAMS 0x000000008b700000| PB 0x000000008b700000| Complete 
| 124|0x000000008b800000, 0x000000008b900000, 0x000000008b900000|100%| E|CS|TAMS 0x000000008b800000| PB 0x000000008b800000| Complete 
| 125|0x000000008b900000, 0x000000008ba00000, 0x000000008ba00000|100%| E|CS|TAMS 0x000000008b900000| PB 0x000000008b900000| Complete 

Card table byte_map: [0x000000001a450000,0x000000001a840000] _byte_map_base: 0x000000001a032000

Marking Bits: (CMBitMap*) 0x00000000029e26b0
 Bits: [0x000000001a840000, 0x000000001c750000)

Polling page: 0x00000000008e0000

Metaspace:

Usage:
  Non-class:      9.74 MB used.
      Class:      1.16 MB used.
       Both:     10.90 MB used.

Virtual space:
  Non-class space:       64.00 MB reserved,       9.81 MB ( 15%) committed,  1 nodes.
      Class space:        1.00 GB reserved,       1.31 MB ( <1%) committed,  1 nodes.
             Both:        1.06 GB reserved,      11.12 MB (  1%) committed. 

Chunk freelists:
   Non-Class:  5.98 MB
       Class:  14.67 MB
        Both:  20.66 MB

MaxMetaspaceSize: unlimited
CompressedClassSpaceSize: 1.00 GB
Initial GC threshold: 21.00 MB
Current GC threshold: 21.00 MB
CDS: on
 - commit_granule_bytes: 65536.
 - commit_granule_words: 8192.
 - virtual_space_node_default_size: 8388608.
 - enlarge_chunks_in_place: 1.
 - use_allocation_guard: 0.


Internal statistics:

num_allocs_failed_limit: 0.
num_arena_births: 184.
num_arena_deaths: 0.
num_vsnodes_births: 2.
num_vsnodes_deaths: 0.
num_space_committed: 178.
num_space_uncommitted: 0.
num_chunks_returned_to_freelist: 0.
num_chunks_taken_from_freelist: 306.
num_chunk_merges: 0.
num_chunk_splits: 186.
num_chunks_enlarged: 95.
num_inconsistent_stats: 0.

CodeHeap 'non-profiled nmethods': size=120000Kb used=610Kb max_used=610Kb free=119389Kb
 bounds [0x0000000012b30000, 0x0000000012da0000, 0x000000001a060000]
CodeHeap 'profiled nmethods': size=120000Kb used=2921Kb max_used=2921Kb free=117078Kb
 bounds [0x000000000b060000, 0x000000000b340000, 0x0000000012590000]
CodeHeap 'non-nmethods': size=5760Kb used=1806Kb max_used=1823Kb free=3953Kb
 bounds [0x0000000012590000, 0x0000000012800000, 0x0000000012b30000]
 total_blobs=2186 nmethods=1558 adapters=533
 compilation: enabled
              stopped_count=0, restarted_count=0
 full_count=0

Compilation events (20 events):
Event: 1.728 Thread 0x0000000065197e70 nmethod 1523% 0x0000000012bc4690 code [0x0000000012bc4840, 0x0000000012bc4d90]
Event: 1.728 Thread 0x0000000065197e70 1526       4       java.io.WinNTFileSystem::normalize (143 bytes)
Event: 1.730 Thread 0x000000001ef82800 1529   !   3       java.util.zip.ZipFile$Source::readFullyAt (74 bytes)
Event: 1.730 Thread 0x000000001ef82800 nmethod 1529 0x000000000b32a090 code [0x000000000b32a280, 0x000000000b32a728]
Event: 1.730 Thread 0x000000001ef82800 1530       3       sun.net.util.IPAddressUtil::scan (92 bytes)
Event: 1.731 Thread 0x000000001ef82800 nmethod 1530 0x000000000b32aa10 code [0x000000000b32ac80, 0x000000000b32b838]
Event: 1.731 Thread 0x000000001ef82800 1531       3       java.lang.Integer::stringSize (47 bytes)
Event: 1.732 Thread 0x0000000065197e70 nmethod 1526 0x0000000012bc5410 code [0x0000000012bc55e0, 0x0000000012bc5930]
Event: 1.732 Thread 0x0000000065197e70 1525       4       jdk.internal.util.ArraysSupport::mismatch (103 bytes)
Event: 1.732 Thread 0x000000001ef82800 nmethod 1531 0x000000000b32bd90 code [0x000000000b32bf40, 0x000000000b32c1a8]
Event: 1.732 Thread 0x000000001ef82800 1532       3       java.lang.Integer::getChars (121 bytes)
Event: 1.732 Thread 0x000000001ef82800 nmethod 1532 0x000000000b32c290 code [0x000000000b32c460, 0x000000000b32c8b8]
Event: 1.732 Thread 0x000000001ef82800 1533       3       java.lang.StringBuilder::append (8 bytes)
Event: 1.732 Thread 0x000000001ef82800 nmethod 1533 0x000000000b32cb10 code [0x000000000b32ccc0, 0x000000000b32ce18]
Event: 1.732 Thread 0x000000001ef82800 1534       3       java.lang.AbstractStringBuilder::append (55 bytes)
Event: 1.732 Thread 0x000000001ef82800 nmethod 1534 0x000000000b32cf10 code [0x000000000b32d100, 0x000000000b32d460]
Event: 1.734 Thread 0x000000001ef82800 1536       3       sun.net.util.IPAddressUtil::checkHost (156 bytes)
Event: 1.735 Thread 0x0000000065197e70 nmethod 1525 0x0000000012bc5c90 code [0x0000000012bc5e20, 0x0000000012bc6100]
Event: 1.735 Thread 0x0000000065197e70 1535       4       java.lang.StringBuilder::length (5 bytes)
Event: 1.735 Thread 0x0000000065197e70 nmethod 1535 0x0000000012bc6310 code [0x0000000012bc64a0, 0x0000000012bc6528]

GC Heap History (2 events):
Event: 1.217 GC heap before
{Heap before GC invocations=0 (full 0):
 garbage-first heap   total 129024K, used 16384K [0x0000000083c00000, 0x0000000100000000)
  region size 1024K, 13 young (13312K), 0 survivors (0K)
 Metaspace       used 7463K, committed 7744K, reserved 1114112K
  class space    used 774K, committed 896K, reserved 1048576K
}
Event: 1.224 GC heap after
{Heap after GC invocations=1 (full 0):
 garbage-first heap   total 129024K, used 7296K [0x0000000083c00000, 0x0000000100000000)
  region size 1024K, 2 young (2048K), 2 survivors (2048K)
 Metaspace       used 7463K, committed 7744K, reserved 1114112K
  class space    used 774K, committed 896K, reserved 1048576K
}

Dll operation events (12 events):
Event: 0.007 Loaded shared library C:\Program Files\Eclipse Adoptium\jdk-21.0.1.12-hotspot\bin\java.dll
Event: 0.189 Loaded shared library C:\Program Files\Eclipse Adoptium\jdk-21.0.1.12-hotspot\bin\jsvml.dll
Event: 0.535 Loaded shared library C:\Program Files\Eclipse Adoptium\jdk-21.0.1.12-hotspot\bin\jimage.dll
Event: 0.542 Loaded shared library C:\Program Files\Eclipse Adoptium\jdk-21.0.1.12-hotspot\bin\awt.dll
Event: 0.587 Loaded shared library C:\Program Files\Eclipse Adoptium\jdk-21.0.1.12-hotspot\bin\net.dll
Event: 0.588 Loaded shared library C:\Program Files\Eclipse Adoptium\jdk-21.0.1.12-hotspot\bin\nio.dll
Event: 0.595 Loaded shared library C:\Program Files\Eclipse Adoptium\jdk-21.0.1.12-hotspot\bin\zip.dll
Event: 1.083 Loaded shared library C:\Program Files\Eclipse Adoptium\jdk-21.0.1.12-hotspot\bin\freetype.dll
Event: 1.084 Loaded shared library C:\Program Files\Eclipse Adoptium\jdk-21.0.1.12-hotspot\bin\fontmanager.dll
Event: 1.334 Loaded shared library C:\Program Files\Eclipse Adoptium\jdk-21.0.1.12-hotspot\bin\extnet.dll
Event: 1.361 Loaded shared library C:\Program Files\Eclipse Adoptium\jdk-21.0.1.12-hotspot\bin\management.dll
Event: 1.363 Loaded shared library C:\Program Files\Eclipse Adoptium\jdk-21.0.1.12-hotspot\bin\management_ext.dll

Deoptimization events (20 events):
Event: 1.669 Thread 0x0000000065bb5450 DEOPT PACKING pc=0x000000000b2fed3e sp=0x0000000066a3dcd0
Event: 1.669 Thread 0x0000000065bb5450 DEOPT UNPACKING pc=0x00000000125e88e2 sp=0x0000000066a3d158 mode 0
Event: 1.669 Thread 0x0000000065bb5450 DEOPT PACKING pc=0x000000000b2feba0 sp=0x0000000066a3dcd0
Event: 1.669 Thread 0x0000000065bb5450 DEOPT UNPACKING pc=0x00000000125e88e2 sp=0x0000000066a3d158 mode 0
Event: 1.669 Thread 0x0000000065bb5450 DEOPT PACKING pc=0x000000000b2feba0 sp=0x0000000066a3dd00
Event: 1.669 Thread 0x0000000065bb5450 DEOPT UNPACKING pc=0x00000000125e88e2 sp=0x0000000066a3d188 mode 0
Event: 1.670 Thread 0x0000000065bb5450 DEOPT PACKING pc=0x000000000b2feba0 sp=0x0000000066a3dcd0
Event: 1.670 Thread 0x0000000065bb5450 DEOPT UNPACKING pc=0x00000000125e88e2 sp=0x0000000066a3d158 mode 0
Event: 1.670 Thread 0x0000000065bb5450 DEOPT PACKING pc=0x000000000b2fed3e sp=0x0000000066a3dd00
Event: 1.670 Thread 0x0000000065bb5450 DEOPT UNPACKING pc=0x00000000125e88e2 sp=0x0000000066a3d188 mode 0
Event: 1.670 Thread 0x0000000065bb5450 DEOPT PACKING pc=0x000000000b2fed3e sp=0x0000000066a3dcd0
Event: 1.670 Thread 0x0000000065bb5450 DEOPT UNPACKING pc=0x00000000125e88e2 sp=0x0000000066a3d158 mode 0
Event: 1.672 Thread 0x0000000065bb5450 Uncommon trap: trap_request=0xffffff45 fr.pc=0x0000000012bbcc84 relative=0x0000000000000b44
Event: 1.672 Thread 0x0000000065bb5450 Uncommon trap: reason=unstable_if action=reinterpret pc=0x0000000012bbcc84 method=sun.security.provider.SHA2.implReset()V @ 8 c2
Event: 1.672 Thread 0x0000000065bb5450 DEOPT PACKING pc=0x0000000012bbcc84 sp=0x0000000066a3e2a0
Event: 1.672 Thread 0x0000000065bb5450 DEOPT UNPACKING pc=0x00000000125e7da2 sp=0x0000000066a3e1e8 mode 2
Event: 1.703 Thread 0x0000000065bb5450 Uncommon trap: trap_request=0xffffff45 fr.pc=0x0000000012bc1350 relative=0x0000000000000990
Event: 1.703 Thread 0x0000000065bb5450 Uncommon trap: reason=unstable_if action=reinterpret pc=0x0000000012bc1350 method=sun.security.provider.SHA2.implCompress0([BI)V @ 4 c2
Event: 1.703 Thread 0x0000000065bb5450 DEOPT PACKING pc=0x0000000012bc1350 sp=0x0000000066a3e250
Event: 1.703 Thread 0x0000000065bb5450 DEOPT UNPACKING pc=0x00000000125e7da2 sp=0x0000000066a3e1b0 mode 2

Classes loaded (20 events):
Event: 1.608 Loading class javax/crypto/MacSpi
Event: 1.608 Loading class javax/crypto/MacSpi done
Event: 1.608 Loading class com/sun/crypto/provider/HmacCore$HmacSHA256
Event: 1.608 Loading class com/sun/crypto/provider/HmacCore
Event: 1.608 Loading class com/sun/crypto/provider/HmacCore done
Event: 1.608 Loading class com/sun/crypto/provider/HmacCore$HmacSHA256 done
Event: 1.608 Loading class com/sun/crypto/provider/PBKDF2KeyImpl$1
Event: 1.608 Loading class com/sun/crypto/provider/PBKDF2KeyImpl$1 done
Event: 1.671 Loading class javax/crypto/spec/SecretKeySpec
Event: 1.671 Loading class javax/crypto/spec/SecretKeySpec done
Event: 1.672 Loading class jdk/internal/access/JavaxCryptoSpecAccess
Event: 1.672 Loading class jdk/internal/access/JavaxCryptoSpecAccess done
Event: 1.720 Loading class java/lang/InterruptedException
Event: 1.720 Loading class java/lang/InterruptedException done
Event: 1.725 Loading class java/lang/UnsupportedOperationException
Event: 1.725 Loading class java/lang/UnsupportedOperationException done
Event: 1.728 Loading class java/lang/reflect/InvocationTargetException
Event: 1.728 Loading class java/lang/reflect/InvocationTargetException done
Event: 1.729 Loading class java/lang/NoSuchFieldError
Event: 1.729 Loading class java/lang/NoSuchFieldError done

Classes unloaded (0 events):
No events

Classes redefined (0 events):
No events

Internal exceptions (20 events):
Event: 0.570 Thread 0x00000000005825f0 Exception <a 'java/io/FileNotFoundException'{0x000000008b73ec48}> (0x000000008b73ec48) 
thrown [s\src\hotspot\share\prims\jni.cpp, line 520]
Event: 0.740 Thread 0x0000000065bb5450 Exception <a 'java/lang/NoSuchMethodError'{0x000000008b4c4530}: 'void java.lang.invoke.DirectMethodHandle$Holder.invokeSpecial(java.lang.Object, java.lang.Object, java.lang.Object)'> (0x000000008b4c4530) 
thrown [s\src\hotspot\share\interpreter\linkResolver.cpp, line 773]
Event: 0.748 Thread 0x0000000065bb5450 Exception <a 'java/lang/NoSuchMethodError'{0x000000008b4ea370}: 'java.lang.Object java.lang.invoke.DirectMethodHandle$Holder.newInvokeSpecial(java.lang.Object, java.lang.Object, java.lang.Object, java.lang.Object, java.lang.Object)'> (0x000000008b4ea370) 
thrown [s\src\hotspot\share\interpreter\linkResolver.cpp, line 773]
Event: 0.754 Thread 0x0000000065bb5450 Exception <a 'java/lang/NoSuchMethodError'{0x000000008b3165a8}: 'java.lang.Object java.lang.invoke.DirectMethodHandle$Holder.invokeStatic(java.lang.Object, int, java.lang.Object)'> (0x000000008b3165a8) 
thrown [s\src\hotspot\share\interpreter\linkResolver.cpp, line 773]
Event: 0.782 Thread 0x0000000065bb5450 Exception <a 'java/lang/ClassNotFoundException'{0x000000008b3b6d78}: com/sun/swing/internal/plaf/metal/resources/spi/metalProvider> (0x000000008b3b6d78) 
thrown [s\src\hotspot\share\classfile\systemDictionary.cpp, line 312]
Event: 0.783 Thread 0x0000000065bb5450 Exception <a 'java/lang/ClassNotFoundException'{0x000000008b3bb980}: com/sun/swing/internal/plaf/basic/resources/spi/basicProvider> (0x000000008b3bb980) 
thrown [s\src\hotspot\share\classfile\systemDictionary.cpp, line 312]
Event: 0.797 Thread 0x0000000065bb5450 Exception <a 'java/lang/NoSuchMethodError'{0x000000008b3de4e0}: 'int java.lang.invoke.Invokers$Holder.invokeExact_MT(java.lang.Object, java.lang.Object)'> (0x000000008b3de4e0) 
thrown [s\src\hotspot\share\interpreter\linkResolver.cpp, line 773]
Event: 0.886 Thread 0x0000000065c29c30 Exception <a 'java/lang/NoSuchMethodError'{0x000000008b16eba0}: 'java.lang.Object java.lang.invoke.DirectMethodHandle$Holder.newInvokeSpecial(java.lang.Object, java.lang.Object, java.lang.Object, int, int, int, int, int)'> (0x000000008b16eba0) 
thrown [s\src\hotspot\share\interpreter\linkResolver.cpp, line 773]
Event: 1.054 Thread 0x0000000065b97e60 Exception <a 'java/lang/NoSuchMethodError'{0x000000008b40e7d8}: 'void java.lang.invoke.DirectMethodHandle$Holder.invokeVirtual(java.lang.Object, java.lang.Object)'> (0x000000008b40e7d8) 
thrown [s\src\hotspot\share\interpreter\linkResolver.cpp, line 773]
Event: 1.072 Thread 0x0000000065bb5450 Exception <a 'java/lang/NoSuchMethodError'{0x000000008b23e9d8}: 'void java.lang.invoke.DirectMethodHandle$Holder.invokeStaticInit(java.lang.Object)'> (0x000000008b23e9d8) 
thrown [s\src\hotspot\share\interpreter\linkResolver.cpp, line 773]
Event: 1.290 Thread 0x0000000065bb5450 Exception <a 'java/lang/NoSuchMethodError'{0x000000008b8f7bf0}: 'java.lang.Object java.lang.invoke.DirectMethodHandle$Holder.invokeVirtual(java.lang.Object, java.lang.Object, java.lang.Object, java.lang.Object)'> (0x000000008b8f7bf0) 
thrown [s\src\hotspot\share\interpreter\linkResolver.cpp, line 773]
Event: 1.291 Thread 0x0000000065bb5450 Exception <a 'java/lang/NoSuchMethodError'{0x000000008b8ff890}: 'void java.lang.invoke.DirectMethodHandle$Holder.invokeStatic(java.lang.Object, java.lang.Object, java.lang.Object, java.lang.Object)'> (0x000000008b8ff890) 
thrown [s\src\hotspot\share\interpreter\linkResolver.cpp, line 773]
Event: 1.335 Thread 0x0000000065bb5450 Exception <a 'java/lang/NoSuchMethodError'{0x000000008b7b49a8}: 'void java.lang.invoke.DirectMethodHandle$Holder.invokeStatic(java.lang.Object, java.lang.Object)'> (0x000000008b7b49a8) 
thrown [s\src\hotspot\share\interpreter\linkResolver.cpp, line 773]
Event: 1.370 Thread 0x0000000065bb5450 Exception <a 'java/lang/NoSuchMethodError'{0x000000008b7f64e8}: 'int java.lang.invoke.DirectMethodHandle$Holder.invokeSpecial(java.lang.Object, java.lang.Object, java.lang.Object)'> (0x000000008b7f64e8) 
thrown [s\src\hotspot\share\interpreter\linkResolver.cpp, line 773]
Event: 1.477 Thread 0x0000000065bb5450 Exception <a 'java/lang/NoSuchMethodError'{0x000000008b6fd1b0}: 'java.lang.Object java.lang.invoke.DirectMethodHandle$Holder.invokeStaticInit(java.lang.Object, int, int, int, int)'> (0x000000008b6fd1b0) 
thrown [s\src\hotspot\share\interpreter\linkResolver.cpp, line 773]
Event: 1.517 Thread 0x0000000065bb5450 Exception <a 'java/lang/NoSuchMethodError'{0x000000008b5cf6f0}: 'java.lang.Object java.lang.invoke.DirectMethodHandle$Holder.invokeStaticInit(java.lang.Object, java.lang.Object, int, int, int, int)'> (0x000000008b5cf6f0) 
thrown [s\src\hotspot\share\interpreter\linkResolver.cpp, line 773]
Event: 1.585 Thread 0x0000000065bb5450 Exception <a 'sun/nio/fs/WindowsException'{0x000000008b33a750}> (0x000000008b33a750) 
thrown [s\src\hotspot\share\prims\jni.cpp, line 520]
Event: 1.671 Thread 0x0000000065bb5450 Exception <a 'java/lang/NoSuchMethodError'{0x000000008b380ee8}: 'void java.lang.invoke.DirectMethodHandle$Holder.invokeStatic(java.lang.Object, java.lang.Object, java.lang.Object)'> (0x000000008b380ee8) 
thrown [s\src\hotspot\share\interpreter\linkResolver.cpp, line 773]
Event: 1.672 Thread 0x0000000065bb5450 Implicit null exception at 0x0000000012bbc230 to 0x0000000012bbcc63
Event: 1.703 Thread 0x0000000065bb5450 Implicit null exception at 0x0000000012bc0a03 to 0x0000000012bc1334

ZGC Phase Switch (0 events):
No events

VM Operations (20 events):
Event: 0.611 Executing VM operation: HandshakeAllThreads (Deoptimize)
Event: 0.611 Executing VM operation: HandshakeAllThreads (Deoptimize) done
Event: 0.690 Executing VM operation: HandshakeAllThreads (Deoptimize)
Event: 0.690 Executing VM operation: HandshakeAllThreads (Deoptimize) done
Event: 0.816 Executing VM operation: HandshakeAllThreads (Deoptimize)
Event: 0.816 Executing VM operation: HandshakeAllThreads (Deoptimize) done
Event: 0.883 Executing VM operation: HandshakeAllThreads (Deoptimize)
Event: 0.883 Executing VM operation: HandshakeAllThreads (Deoptimize) done
Event: 1.217 Executing VM operation: G1CollectForAllocation (G1 Evacuation Pause)
Event: 1.224 Executing VM operation: G1CollectForAllocation (G1 Evacuation Pause) done
Event: 1.278 Executing VM operation: HandshakeAllThreads (Deoptimize)
Event: 1.278 Executing VM operation: HandshakeAllThreads (Deoptimize) done
Event: 1.427 Executing VM operation: HandshakeAllThreads (Deoptimize)
Event: 1.427 Executing VM operation: HandshakeAllThreads (Deoptimize) done
Event: 1.566 Executing VM operation: HandshakeAllThreads (Deoptimize)
Event: 1.566 Executing VM operation: HandshakeAllThreads (Deoptimize) done
Event: 1.587 Executing VM operation: HandshakeAllThreads (Deoptimize)
Event: 1.587 Executing VM operation: HandshakeAllThreads (Deoptimize) done
Event: 1.726 Executing VM operation: HandshakeAllThreads (Deoptimize)
Event: 1.726 Executing VM operation: HandshakeAllThreads (Deoptimize) done

Events (20 events):
Event: 0.187 Thread 0x000000001ef119e0 Thread added: 0x000000001ef119e0
Event: 0.187 Thread 0x000000001ef12440 Thread added: 0x000000001ef12440
Event: 0.187 Thread 0x000000001ef131d0 Thread added: 0x000000001ef131d0
Event: 0.195 Thread 0x000000001ef82800 Thread added: 0x000000001ef82800
Event: 0.255 Thread 0x00000000650f2210 Thread added: 0x00000000650f2210
Event: 0.255 Thread 0x00000000650fa400 Thread added: 0x00000000650fa400
Event: 0.256 Thread 0x00000000650fea90 Thread added: 0x00000000650fea90
Event: 0.488 Thread 0x0000000065103450 Thread added: 0x0000000065103450
Event: 0.495 Thread 0x0000000065107ad0 Thread added: 0x0000000065107ad0
Event: 0.614 Thread 0x0000000065197e70 Thread added: 0x0000000065197e70
Event: 0.678 Thread 0x00000000653c3c00 Thread added: 0x00000000653c3c00
Event: 0.679 Thread 0x00000000653c4910 Thread added: 0x00000000653c4910
Event: 0.681 Thread 0x0000000065b97e60 Thread added: 0x0000000065b97e60
Event: 0.692 Thread 0x0000000065bb5450 Thread added: 0x0000000065bb5450
Event: 0.692 Thread 0x00000000005825f0 Thread exited: 0x00000000005825f0
Event: 0.692 Thread 0x00000000005825f0 Thread added: 0x00000000005825f0
Event: 0.838 Thread 0x0000000065c29c30 Thread added: 0x0000000065c29c30
Event: 1.024 Thread 0x00000000676ac1f0 Thread added: 0x00000000676ac1f0
Event: 1.031 Thread 0x000000006751ac80 Thread added: 0x000000006751ac80
Event: 1.035 Thread 0x000000006751b2f0 Thread added: 0x000000006751b2f0


Dynamic libraries:
0x00007ff7788b0000 - 0x00007ff7788be000 	C:\Program Files\Eclipse Adoptium\jdk-21.0.1.12-hotspot\bin\java.exe
0x00007ffa6c6e0000 - 0x00007ffa6c8e7000 	C:\WINDOWS\SYSTEM32\ntdll.dll
0x00007ffa6c420000 - 0x00007ffa6c4dd000 	C:\WINDOWS\System32\KERNEL32.DLL
0x00007ffa69c40000 - 0x00007ffa69fb4000 	C:\WINDOWS\System32\KERNELBASE.dll
0x00007ffa6a380000 - 0x00007ffa6a491000 	C:\WINDOWS\System32\ucrtbase.dll
0x00007ffa41960000 - 0x00007ffa41978000 	C:\Program Files\Eclipse Adoptium\jdk-21.0.1.12-hotspot\bin\jli.dll
0x00007ffa6ac70000 - 0x00007ffa6ae1c000 	C:\WINDOWS\System32\USER32.dll
0x00007ffa6a4a0000 - 0x00007ffa6a4c6000 	C:\WINDOWS\System32\win32u.dll
0x00007ffa6b0a0000 - 0x00007ffa6b0c9000 	C:\WINDOWS\System32\GDI32.dll
0x00007ffa69fc0000 - 0x00007ffa6a0d2000 	C:\WINDOWS\System32\gdi32full.dll
0x00007ffa6a4d0000 - 0x00007ffa6a56d000 	C:\WINDOWS\System32\msvcp_win.dll
0x00007ffa66d50000 - 0x00007ffa66d6b000 	C:\Program Files\Eclipse Adoptium\jdk-21.0.1.12-hotspot\bin\VCRUNTIME140.dll
0x00007ffa4f560000 - 0x00007ffa4f805000 	C:\WINDOWS\WinSxS\amd64_microsoft.windows.common-controls_6595b64144ccf1df_6.0.22000.120_none_9d947278b86cc467\COMCTL32.dll
0x00007ffa6b730000 - 0x00007ffa6b7d3000 	C:\WINDOWS\System32\msvcrt.dll
0x00007ffa6b6f0000 - 0x00007ffa6b721000 	C:\WINDOWS\System32\IMM32.DLL
0x00007ffa66830000 - 0x00007ffa6683c000 	C:\Program Files\Eclipse Adoptium\jdk-21.0.1.12-hotspot\bin\vcruntime140_1.dll
0x00007ffa629f0000 - 0x00007ffa62a7e000 	C:\Program Files\Eclipse Adoptium\jdk-21.0.1.12-hotspot\bin\msvcp140.dll
0x00007ffa1ad70000 - 0x00007ffa1baf1000 	C:\Program Files\Eclipse Adoptium\jdk-21.0.1.12-hotspot\bin\server\jvm.dll
0x00007ffa6c570000 - 0x00007ffa6c61c000 	C:\WINDOWS\System32\ADVAPI32.dll
0x00007ffa6b160000 - 0x00007ffa6b1fd000 	C:\WINDOWS\System32\sechost.dll
0x00007ffa6af60000 - 0x00007ffa6b081000 	C:\WINDOWS\System32\RPCRT4.dll
0x00007ffa6c630000 - 0x00007ffa6c69f000 	C:\WINDOWS\System32\WS2_32.dll
0x00007ffa69a90000 - 0x00007ffa69add000 	C:\WINDOWS\SYSTEM32\POWRPROF.dll
0x00007ffa5f370000 - 0x00007ffa5f3a3000 	C:\WINDOWS\SYSTEM32\WINMM.dll
0x00007ffa5d640000 - 0x00007ffa5d64a000 	C:\WINDOWS\SYSTEM32\VERSION.dll
0x00007ffa699c0000 - 0x00007ffa699d3000 	C:\WINDOWS\SYSTEM32\UMPDC.dll
0x00007ffa68ce0000 - 0x00007ffa68cf8000 	C:\WINDOWS\SYSTEM32\kernel.appcore.dll
0x00007ffa66800000 - 0x00007ffa6680a000 	C:\Program Files\Eclipse Adoptium\jdk-21.0.1.12-hotspot\bin\jimage.dll
0x00007ffa677f0000 - 0x00007ffa67a11000 	C:\WINDOWS\SYSTEM32\DBGHELP.DLL
0x00007ffa44840000 - 0x00007ffa44871000 	C:\WINDOWS\SYSTEM32\dbgcore.DLL
0x00007ffa69bc0000 - 0x00007ffa69c3f000 	C:\WINDOWS\System32\bcryptPrimitives.dll
0x00007ffa41300000 - 0x00007ffa4133c000 	C:\Program Files\Eclipse Adoptium\jdk-21.0.1.12-hotspot\bin\jdwp.dll
0x00007ffa66810000 - 0x00007ffa6682f000 	C:\Program Files\Eclipse Adoptium\jdk-21.0.1.12-hotspot\bin\java.dll
0x00007ffa6b890000 - 0x00007ffa6c03e000 	C:\WINDOWS\System32\SHELL32.dll
0x00007ffa67d60000 - 0x00007ffa685c7000 	C:\WINDOWS\SYSTEM32\windows.storage.dll
0x00007ffa6a570000 - 0x00007ffa6a8e8000 	C:\WINDOWS\System32\combase.dll
0x00007ffa67bf0000 - 0x00007ffa67d56000 	C:\WINDOWS\SYSTEM32\wintypes.dll
0x00007ffa6a950000 - 0x00007ffa6aa3a000 	C:\WINDOWS\System32\SHCORE.dll
0x00007ffa6ae20000 - 0x00007ffa6ae7d000 	C:\WINDOWS\System32\shlwapi.dll
0x00007ffa69af0000 - 0x00007ffa69b11000 	C:\WINDOWS\SYSTEM32\profapi.dll
0x00007ffa62a80000 - 0x00007ffa62b57000 	C:\Program Files\Eclipse Adoptium\jdk-21.0.1.12-hotspot\bin\jsvml.dll
0x00007ffa4c2f0000 - 0x00007ffa4c2fc000 	C:\Program Files\Eclipse Adoptium\jdk-21.0.1.12-hotspot\bin\dt_socket.dll
0x00007ffa68820000 - 0x00007ffa6884d000 	C:\WINDOWS\SYSTEM32\IPHLPAPI.DLL
0x00007ffa690f0000 - 0x00007ffa69157000 	C:\WINDOWS\system32\mswsock.dll
0x00007ffa68850000 - 0x00007ffa68937000 	C:\WINDOWS\SYSTEM32\DNSAPI.dll
0x00007ffa6b090000 - 0x00007ffa6b099000 	C:\WINDOWS\System32\NSI.dll
0x00007ffa5cfc0000 - 0x00007ffa5cfca000 	C:\Windows\System32\rasadhlp.dll
0x00007ffa58960000 - 0x00007ffa589e1000 	C:\WINDOWS\System32\fwpuclnt.dll
0x00007ffa24870000 - 0x00007ffa249fd000 	C:\Program Files\Eclipse Adoptium\jdk-21.0.1.12-hotspot\bin\awt.dll
0x00007ffa6ae80000 - 0x00007ffa6af56000 	C:\WINDOWS\System32\OLEAUT32.dll
0x00007ffa66db0000 - 0x00007ffa66e41000 	C:\WINDOWS\SYSTEM32\apphelp.dll
0x00007ffa66140000 - 0x00007ffa66150000 	C:\Program Files\Eclipse Adoptium\jdk-21.0.1.12-hotspot\bin\net.dll
0x00007ffa60d10000 - 0x00007ffa60e1c000 	C:\WINDOWS\SYSTEM32\WINHTTP.dll
0x00007ffa65820000 - 0x00007ffa65836000 	C:\Program Files\Eclipse Adoptium\jdk-21.0.1.12-hotspot\bin\nio.dll
0x00007ffa62e20000 - 0x00007ffa62e38000 	C:\Program Files\Eclipse Adoptium\jdk-21.0.1.12-hotspot\bin\zip.dll
0x00007ffa67010000 - 0x00007ffa670bc000 	C:\WINDOWS\system32\uxtheme.dll
0x00007ffa6c040000 - 0x00007ffa6c15e000 	C:\WINDOWS\System32\MSCTF.dll
0x00007ffa6c250000 - 0x00007ffa6c3ea000 	C:\WINDOWS\System32\ole32.dll
0x00007ffa67250000 - 0x00007ffa6727f000 	C:\WINDOWS\system32\DWMAPI.DLL
0x00007ffa30070000 - 0x00007ffa30171000 	C:\WINDOWS\system32\opengl32.dll
0x00007ffa320b0000 - 0x00007ffa320dd000 	C:\WINDOWS\SYSTEM32\GLU32.dll
0x00007ffa670f0000 - 0x00007ffa67128000 	C:\WINDOWS\SYSTEM32\dxcore.dll
0x00007ffa62960000 - 0x00007ffa629e7000 	C:\Program Files\Eclipse Adoptium\jdk-21.0.1.12-hotspot\bin\freetype.dll
0x00007ffa60c30000 - 0x00007ffa60d03000 	C:\Program Files\Eclipse Adoptium\jdk-21.0.1.12-hotspot\bin\fontmanager.dll
0x00007ffa62e10000 - 0x00007ffa62e17000 	C:\Program Files\Eclipse Adoptium\jdk-21.0.1.12-hotspot\bin\extnet.dll
0x00007ffa62dd0000 - 0x00007ffa62dda000 	C:\Program Files\Eclipse Adoptium\jdk-21.0.1.12-hotspot\bin\management.dll
0x00007ffa62dc0000 - 0x00007ffa62dcb000 	C:\Program Files\Eclipse Adoptium\jdk-21.0.1.12-hotspot\bin\management_ext.dll
0x00007ffa6c410000 - 0x00007ffa6c418000 	C:\WINDOWS\System32\PSAPI.DLL
0x00007ffa693a0000 - 0x00007ffa693b8000 	C:\WINDOWS\SYSTEM32\CRYPTSP.dll
0x00007ffa68c40000 - 0x00007ffa68c75000 	C:\WINDOWS\system32\rsaenh.dll
0x00007ffa69250000 - 0x00007ffa69279000 	C:\WINDOWS\SYSTEM32\USERENV.dll
0x00007ffa69520000 - 0x00007ffa69547000 	C:\WINDOWS\SYSTEM32\bcrypt.dll
0x00007ffa693c0000 - 0x00007ffa693cc000 	C:\WINDOWS\SYSTEM32\CRYPTBASE.dll

dbghelp: loaded successfully - version: 4.0.5 - missing functions: none
symbol engine: initialized successfully - sym options: 0x614 - pdb path: .;C:\Program Files\Eclipse Adoptium\jdk-21.0.1.12-hotspot\bin;C:\WINDOWS\SYSTEM32;C:\WINDOWS\WinSxS\amd64_microsoft.windows.common-controls_6595b64144ccf1df_6.0.22000.120_none_9d947278b86cc467;C:\Program Files\Eclipse Adoptium\jdk-21.0.1.12-hotspot\bin\server

VM Arguments:
jvm_args: -agentlib:jdwp=transport=dt_socket,server=n,suspend=y,address=localhost:49155 -XX:+ShowCodeDetailsInExceptionMessages 
java_command: Main
java_class_path (initial): C:\Users\HP 11na\Desktop\Liga\target\classes;C:\Users\HP 11na\.m2\repository\org\postgresql\postgresql\42.3.9\postgresql-42.3.9.jar;C:\Users\HP 11na\.m2\repository\org\checkerframework\checker-qual\3.5.0\checker-qual-3.5.0.jar;C:\Users\HP 11na\.m2\repository\unknown\binary\AbsoluteLayout\SNAPSHOT\AbsoluteLayout-SNAPSHOT.jar;C:\Users\HP 11na\.m2\repository\net\sf\jasperreports\jasperreports\6.20.3\jasperreports-6.20.3.jar;C:\Users\HP 11na\.m2\repository\commons-beanutils\commons-beanutils\1.9.4\commons-beanutils-1.9.4.jar;C:\Users\HP 11na\.m2\repository\commons-collections\commons-collections\3.2.2\commons-collections-3.2.2.jar;C:\Users\HP 11na\.m2\repository\commons-digester\commons-digester\2.1\commons-digester-2.1.jar;C:\Users\HP 11na\.m2\repository\commons-logging\commons-logging\1.1.1\commons-logging-1.1.1.jar;C:\Users\HP 11na\.m2\repository\org\apache\commons\commons-collections4\4.2\commons-collections4-4.2.jar;C:\Users\HP 11na\.m2\repository\org\jfree\jcommon\1.0.23\jcommon-1.0.23.jar;C:\Users\HP 11na\.m2\repository\org\jfree\jfreechart\1.0.19\jfreechart-1.0.19.jar;C:\Users\HP 11na\.m2\repository\org\eclipse\jdt\ecj\3.21.0\ecj-3.21.0.jar;C:\Users\HP 11na\.m2\repository\com\fasterxml\jackson\core\jackson-core\2.14.1\jackson-core-2.14.1.jar;C:\Users\HP 11na\.m2\repository\com\fasterxml\jackson\core\jackson-databind\2.14.1\jackson-databind-2.14.1.jar;C:\Users\HP 11na\.m2\repository\com\fasterxml\jackson\core\jackson-annotations\2.14.1\jackson-annotations-2.14.1.jar;C:\Users\HP 11na\.m2\repository\com\fasterxml\jackson\dataformat\jackson-dataformat-xml\2.14.1\jackson-dataformat-xml-2.14.1.jar;C:\Users\HP 11na\.m2\repository\org\codehaus\woodstox\stax2-api\4.2.1\stax2-api-4.2.1.jar;C:\Users\HP 11na\.m2\repository\com\fasterxml\woodstox\woodstox-core\6.4.0\woodstox-core-6.4.0.jar;C:\Users\HP 11na\.m2\repository\net\sf\jasperreports\jasperreports-fonts\6.20.3\jasperreports-fonts-6.20.3.jar;C:\Users\HP 11na\.m2\repository\unknown\binary\jcalendar-1.4\SNAPSHOT\jcalendar-1.4-SNAPSHOT.jar
Launcher Type: SUN_STANDARD

[Global flags]
     intx CICompilerCount                          = 3                                         {product} {ergonomic}
     uint ConcGCThreads                            = 1                                         {product} {ergonomic}
     uint G1ConcRefinementThreads                  = 4                                         {product} {ergonomic}
   size_t G1HeapRegionSize                         = 1048576                                   {product} {ergonomic}
    uintx GCDrainStackTargetSize                   = 64                                        {product} {ergonomic}
   size_t InitialHeapSize                          = 132120576                                 {product} {ergonomic}
   size_t MarkStackSize                            = 4194304                                   {product} {ergonomic}
   size_t MaxHeapSize                              = 2084569088                                {product} {ergonomic}
   size_t MaxNewSize                               = 1249902592                                {product} {ergonomic}
   size_t MinHeapDeltaBytes                        = 1048576                                   {product} {ergonomic}
   size_t MinHeapSize                              = 8388608                                   {product} {ergonomic}
    uintx NonNMethodCodeHeapSize                   = 5832780                                {pd product} {ergonomic}
    uintx NonProfiledCodeHeapSize                  = 122912730                              {pd product} {ergonomic}
    uintx ProfiledCodeHeapSize                     = 122912730                              {pd product} {ergonomic}
    uintx ReservedCodeCacheSize                    = 251658240                              {pd product} {ergonomic}
     bool SegmentedCodeCache                       = true                                      {product} {ergonomic}
     bool ShowCodeDetailsInExceptionMessages       = true                                   {manageable} {command line}
   size_t SoftMaxHeapSize                          = 2084569088                             {manageable} {ergonomic}
     bool UseCompressedOops                        = true                           {product lp64_product} {ergonomic}
     bool UseG1GC                                  = true                                      {product} {ergonomic}
     bool UseLargePagesIndividualAllocation        = false                                  {pd product} {ergonomic}

Logging:
Log output configuration:
 #0: stdout all=warning uptime,level,tags foldmultilines=false
 #1: stderr all=off uptime,level,tags foldmultilines=false

Environment Variables:
PATH=C:\Program Files\Eclipse Adoptium\jdk-21.0.1.12-hotspot\bin;C:\Program Files (x86)\NVIDIA Corporation\PhysX\Common;C:\WINDOWS\system32;C:\WINDOWS;C:\WINDOWS\System32\Wbem;C:\WINDOWS\System32\WindowsPowerShell\v1.0\;C:\WINDOWS\System32\OpenSSH\;C:\Program Files\dotnet\;C:\Program Files\nodejs\;C:\Program Files\Git\cmd;C:\Program Files (x86)\Microsoft SQL Server\160\Tools\Binn\;C:\Program Files\Microsoft SQL Server\160\Tools\Binn\;C:\Program Files\Microsoft SQL Server\Client SDK\ODBC\170\Tools\Binn\;C:\Program Files\Microsoft SQL Server\160\DTS\Binn\;C:\Program Files\Microsoft SQL Server\120\Tools\Binn\;C:\Users\HP 11na\AppData\Local\Programs\Python\Python38\Scripts\;C:\Users\HP 11na\AppData\Local\Programs\Python\Python38;C:\Users\HP 11na\AppData\Local\Programs\Python\Python38\;C:\Users\HP 11na\AppData\Local\Programs\Python\Python312\Scripts\;C:\Users\HP 11na\AppData\Local\Programs\Python\Python312\;C:\Users\HP 11na\AppData\Local\Programs\Python\Launcher\;C:\Users\HP 11na\AppData\Local\Microsoft\WindowsApps;C:\Users\HP 11na\AppData\Local\Programs\Microsoft VS Code\bin;C:\msys64\ucrt64\bin;C:\Users\HP 11na\.dotnet\tools;C:\Users\HP 11na\AppData\Roaming\npm;C:\Program Files\JetBrains\IntelliJ IDEA Community Edition 2023.3.2\bin;C:\Users\HP 11na\AppData\Local\GitHubDesktop\bin;C:\Program Files\JetBrains\PyCharm Community Edition 2023.3.3\bin;
USERNAME=HP 11na
LANG=en_US.UTF-8
OS=Windows_NT
PROCESSOR_IDENTIFIER=Intel64 Family 6 Model 140 Stepping 1, GenuineIntel
TMP=C:\Users\HP11NA~1\AppData\Local\Temp
TEMP=C:\Users\HP11NA~1\AppData\Local\Temp




Periodic native trim disabled

---------------  S Y S T E M  ---------------

OS:
 Windows 11 , 64 bit Build 22000 (10.0.22000.318)
OS uptime: 0 days 7:05 hours

CPU: total 4 (initial active 4) (2 cores per cpu, 2 threads per core) family 6 model 140 stepping 1 microcode 0x86, cx8, cmov, fxsr, ht, mmx, 3dnowpref, sse, sse2, sse3, ssse3, sse4.1, sse4.2, popcnt, lzcnt, tsc, tscinvbit, avx, avx2, aes, erms, clmul, bmi1, bmi2, adx, avx512f, avx512dq, avx512cd, avx512bw, avx512vl, sha, fma, vzeroupper, avx512_vpopcntdq, avx512_vpclmulqdq, avx512_vaes, avx512_vnni, clflush, clflushopt, clwb, avx512_vbmi2, avx512_vbmi, rdtscp, rdpid, fsrm, gfni, avx512_bitalg, f16c, pku, cet_ibt, cet_ss, avx512_ifma
Processor Information for all 4 processors :
  Max Mhz: 2995, Current Mhz: 2995, Mhz Limit: 2995

Memory: 4k page, system-wide physical 7948M (826M free)
TotalPageFile size 7948M (AvailPageFile size 59M)
current process WorkingSet (physical memory assigned to process): 98M, peak: 98M
current process commit charge ("private bytes"): 233M, peak: 233M

vm_info: OpenJDK 64-Bit Server VM (21.0.1+12-LTS) for windows-amd64 JRE (21.0.1+12-LTS), built on 2023-10-17T00:00:00Z by "admin" with unknown MS VC++:1937

END.
