#
# There is insufficient memory for the Java Runtime Environment to continue.
# Native memory allocation (malloc) failed to allocate 2025776 bytes. Error detail: Chunk::new
# Possible reasons:
#   The system is out of physical RAM or swap space
#   This process is running with CompressedOops enabled, and the Java Heap may be blocking the growth of the native heap
# Possible solutions:
#   Reduce memory load on the system
#   Increase physical memory or swap space
#   Check if swap backing store is full
#   Decrease Java heap size (-Xmx/-Xms)
#   Decrease number of Java threads
#   Decrease Java thread stack sizes (-Xss)
#   Set larger code cache with -XX:ReservedCodeCacheSize=
#   JVM is running with Unscaled Compressed Oops mode in which the Java heap is
#     placed in the first 4GB address space. The Java Heap base address is the
#     maximum limit for the native heap growth. Please use -XX:HeapBaseMinAddress
#     to set the Java Heap base and to place the Java Heap above 4GB virtual address.
# This output file may be truncated or incomplete.
#
#  Out of Memory Error (arena.cpp:191), pid=11320, tid=11772
#
# JRE version: OpenJDK Runtime Environment Temurin-17.0.11+9 (17.0.11+9) (build 17.0.11+9)
# Java VM: OpenJDK 64-Bit Server VM Temurin-17.0.11+9 (17.0.11+9, mixed mode, tiered, compressed oops, compressed class ptrs, parallel gc, windows-amd64)
# No core dump will be written. Minidumps are not enabled by default on client versions of Windows
#

---------------  S U M M A R Y ------------

Command Line: --add-modules=ALL-SYSTEM --add-opens=java.base/java.util=ALL-UNNAMED --add-opens=java.base/java.lang=ALL-UNNAMED --add-opens=java.base/sun.nio.fs=ALL-UNNAMED -Declipse.application=org.eclipse.jdt.ls.core.id1 -Dosgi.bundles.defaultStartLevel=4 -Declipse.product=org.eclipse.jdt.ls.core.product -Djava.import.generatesMetadataFilesAtProjectRoot=false -DDetectVMInstallationsJob.disabled=true -Dfile.encoding=utf8 -XX:+UseParallelGC -XX:GCTimeRatio=4 -XX:AdaptiveSizePolicyWeight=90 -Dsun.zip.disableMemoryMapping=true -Xmx1G -Xms100m -Xlog:disable -javaagent:c:\Users\HP 11na\.vscode\extensions\redhat.java-1.31.2024051808-win32-x64\lombok\lombok-1.18.32.jar c:\Users\HP 11na\.vscode\extensions\redhat.java-1.31.2024051808-win32-x64\server\plugins\org.eclipse.equinox.launcher_1.6.800.v20240426-1701.jar -configuration c:\Users\HP 11na\AppData\Roaming\Code\User\globalStorage\redhat.java\1.31.2024051808\config_ss_win -data c:\Users\HP 11na\AppData\Roaming\Code\User\workspaceStorage\d43263611282b89c80052938ba8c6bae\redhat.java\ss_ws --pipe=\\.\pipe\lsp-71ec9a00fc85cd6f7de1ec2cc7aa29a3-sock

Host: 11th Gen Intel(R) Core(TM) i3-1115G4 @ 3.00GHz, 4 cores, 7G,  Windows 11 , 64 bit Build 22000 (10.0.22000.318)
Time: Sun Sep  8 17:45:12 2024 Hora universal coordinada elapsed time: 23.506806 seconds (0d 0h 0m 23s)

---------------  T H R E A D  ---------------

Current thread (0x000000002bc46010):  JavaThread "C2 CompilerThread1" daemon [_thread_in_native, id=11772, stack(0x000000002a9a0000,0x000000002aaa0000)]


Current CompileTask:
C2:  23506 8339   !   4       org.eclipse.jdt.internal.compiler.classfmt.ClassFileReader::<init> (2158 bytes)

Stack: [0x000000002a9a0000,0x000000002aaa0000]
Native frames: (J=compiled Java code, j=interpreted, Vv=VM code, C=native code)
V  [jvm.dll+0x67d429]
V  [jvm.dll+0x834b7a]
V  [jvm.dll+0x83663e]
V  [jvm.dll+0x836ca3]
V  [jvm.dll+0x247dbf]
V  [jvm.dll+0xac534]
V  [jvm.dll+0xacb7c]
V  [jvm.dll+0x366647]
V  [jvm.dll+0x330bba]
V  [jvm.dll+0x33005a]
V  [jvm.dll+0x21a471]
V  [jvm.dll+0x2198b1]
V  [jvm.dll+0x1a534d]
V  [jvm.dll+0x2295cd]
V  [jvm.dll+0x22779c]
V  [jvm.dll+0x7e9d07]
V  [jvm.dll+0x7e410a]
V  [jvm.dll+0x67c315]
C  [ucrtbase.dll+0x26c0c]
C  [KERNEL32.DLL+0x154e0]
C  [ntdll.dll+0x485b]


---------------  P R O C E S S  ---------------

Threads class SMR info:
_java_thread_list=0x0000000020fb4b60, length=37, elements={
0x000000000298b150, 0x00000000169c9010, 0x00000000169c9f80, 0x000000001bddc090,
0x000000001bddc960, 0x000000001bddd320, 0x000000001bdddce0, 0x000000001bddea80,
0x000000001be22eb0, 0x000000001be26190, 0x000000001be45010, 0x000000001bfeb2c0,
0x000000001d940080, 0x000000001d30b860, 0x000000001d30c010, 0x000000001d964060,
0x000000001dac3810, 0x000000001dac28e0, 0x000000001dac19b0, 0x000000001dac14a0,
0x000000001dac0570, 0x000000001dac0a80, 0x000000001dac23d0, 0x000000001dac2df0,
0x000000001dac3300, 0x000000001e62aaf0, 0x000000001e62a5e0, 0x000000001e62c950,
0x000000001e629bc0, 0x000000001e62b000, 0x000000001e62ba20, 0x000000001e62f1d0,
0x000000001e62dd90, 0x000000002bc46010, 0x000000001e62d370, 0x000000001e6291a0,
0x000000001e62e2a0
}

Java Threads: ( => current thread )
  0x000000000298b150 JavaThread "main" [_thread_blocked, id=2300, stack(0x0000000002040000,0x0000000002140000)]
  0x00000000169c9010 JavaThread "Reference Handler" daemon [_thread_blocked, id=3484, stack(0x000000001baa0000,0x000000001bba0000)]
  0x00000000169c9f80 JavaThread "Finalizer" daemon [_thread_blocked, id=3272, stack(0x000000001bba0000,0x000000001bca0000)]
  0x000000001bddc090 JavaThread "Signal Dispatcher" daemon [_thread_blocked, id=8012, stack(0x000000001c1d0000,0x000000001c2d0000)]
  0x000000001bddc960 JavaThread "Attach Listener" daemon [_thread_blocked, id=10716, stack(0x000000001c2d0000,0x000000001c3d0000)]
  0x000000001bddd320 JavaThread "Service Thread" daemon [_thread_blocked, id=8696, stack(0x000000001c3d0000,0x000000001c4d0000)]
  0x000000001bdddce0 JavaThread "Monitor Deflation Thread" daemon [_thread_blocked, id=11808, stack(0x000000001c4d0000,0x000000001c5d0000)]
  0x000000001bddea80 JavaThread "C2 CompilerThread0" daemon [_thread_blocked, id=3620, stack(0x000000001c5d0000,0x000000001c6d0000)]
  0x000000001be22eb0 JavaThread "C1 CompilerThread0" daemon [_thread_in_native, id=1496, stack(0x000000001c6d0000,0x000000001c7d0000)]
  0x000000001be26190 JavaThread "Sweeper thread" daemon [_thread_blocked, id=7636, stack(0x000000001c7d0000,0x000000001c8d0000)]
  0x000000001be45010 JavaThread "Common-Cleaner" daemon [_thread_blocked, id=5788, stack(0x000000001c8d0000,0x000000001c9d0000)]
  0x000000001bfeb2c0 JavaThread "Notification Thread" daemon [_thread_blocked, id=8004, stack(0x000000001c9d0000,0x000000001cad0000)]
  0x000000001d940080 JavaThread "Active Thread: Equinox Container: 522569ac-a9d5-4178-b4c3-0793a23c96e2" [_thread_blocked, id=7668, stack(0x000000001e910000,0x000000001ea10000)]
  0x000000001d30b860 JavaThread "Framework Event Dispatcher: Equinox Container: 522569ac-a9d5-4178-b4c3-0793a23c96e2" daemon [_thread_blocked, id=980, stack(0x000000001ea10000,0x000000001eb10000)]
  0x000000001d30c010 JavaThread "Start Level: Equinox Container: 522569ac-a9d5-4178-b4c3-0793a23c96e2" daemon [_thread_blocked, id=8508, stack(0x000000001eb10000,0x000000001ec10000)]
  0x000000001d964060 JavaThread "SCR Component Actor" daemon [_thread_blocked, id=10440, stack(0x000000001ec10000,0x000000001ed10000)]
  0x000000001dac3810 JavaThread "Worker-JM" [_thread_blocked, id=9516, stack(0x000000001ed10000,0x000000001ee10000)]
  0x000000001dac28e0 JavaThread "Worker-0: Shutdown..." [_thread_blocked, id=11656, stack(0x000000001ee10000,0x000000001ef10000)]
  0x000000001dac19b0 JavaThread "Worker-1: Publish Diagnostics" [_thread_in_Java, id=660, stack(0x000000001ef10000,0x000000001f010000)]
  0x000000001dac14a0 JavaThread "JNA Cleaner" daemon [_thread_blocked, id=9708, stack(0x0000000020520000,0x0000000020620000)]
  0x000000001dac0570 JavaThread "Thread-2" daemon [_thread_in_native, id=6848, stack(0x00000000218a0000,0x00000000219a0000)]
  0x000000001dac0a80 JavaThread "Thread-3" daemon [_thread_in_native, id=1888, stack(0x00000000219a0000,0x0000000021aa0000)]
  0x000000001dac23d0 JavaThread "Thread-4" daemon [_thread_in_native, id=7336, stack(0x0000000021aa0000,0x0000000021ba0000)]
  0x000000001dac2df0 JavaThread "Thread-5" daemon [_thread_in_native, id=1260, stack(0x0000000021ba0000,0x0000000021ca0000)]
  0x000000001dac3300 JavaThread "Thread-6" daemon [_thread_in_native, id=12180, stack(0x0000000021ca0000,0x0000000021da0000)]
  0x000000001e62aaf0 JavaThread "pool-2-thread-1" [_thread_blocked, id=11776, stack(0x0000000021da0000,0x0000000021ea0000)]
  0x000000001e62a5e0 JavaThread "WorkspaceEventsHandler" [_thread_blocked, id=11268, stack(0x0000000021ea0000,0x0000000021fa0000)]
  0x000000001e62c950 JavaThread "pool-1-thread-1" [_thread_blocked, id=11596, stack(0x0000000021fa0000,0x00000000220a0000)]
  0x000000001e629bc0 JavaThread "ForkJoinPool.commonPool-worker-1" daemon [_thread_blocked, id=3468, stack(0x000000001f110000,0x000000001f210000)]
  0x000000001e62b000 JavaThread "Worker-2" [_thread_blocked, id=11888, stack(0x000000002a6a0000,0x000000002a7a0000)]
  0x000000001e62ba20 JavaThread "ForkJoinPool.commonPool-worker-2" daemon [_thread_blocked, id=7380, stack(0x000000002a7a0000,0x000000002a8a0000)]
  0x000000001e62f1d0 JavaThread "ForkJoinPool.commonPool-worker-3" daemon [_thread_blocked, id=3120, stack(0x000000002a8a0000,0x000000002a9a0000)]
  0x000000001e62dd90 JavaThread "pool-3-thread-1" [_thread_blocked, id=7924, stack(0x000000001d3d0000,0x000000001d4d0000)]
=>0x000000002bc46010 JavaThread "C2 CompilerThread1" daemon [_thread_in_native, id=11772, stack(0x000000002a9a0000,0x000000002aaa0000)]
  0x000000001e62d370 JavaThread "Worker-3" [_thread_blocked, id=5144, stack(0x000000002aaa0000,0x000000002aba0000)]
  0x000000001e6291a0 JavaThread "ForkJoinPool-2-worker-1" daemon [_thread_in_native, id=10872, stack(0x000000002aba0000,0x000000002aca0000)]
  0x000000001e62e2a0 JavaThread "ForkJoinPool-2-worker-2" daemon [_thread_blocked, id=11460, stack(0x000000002aca0000,0x000000002ada0000)]

Other Threads:
  0x00000000169b6290 VMThread "VM Thread" [stack: 0x000000001b9a0000,0x000000001baa0000] [id=9700]
  0x000000001bfeb7a0 WatcherThread [stack: 0x000000001cad0000,0x000000001cbd0000] [id=10988]
  0x00000000029a2760 GCTaskThread "GC Thread#0" [stack: 0x0000000002530000,0x0000000002630000] [id=2964]
  0x000000001d281310 GCTaskThread "GC Thread#1" [stack: 0x000000001d640000,0x000000001d740000] [id=8560]
  0x000000001d2815d0 GCTaskThread "GC Thread#2" [stack: 0x000000001d740000,0x000000001d840000] [id=3204]
  0x000000001d282080 GCTaskThread "GC Thread#3" [stack: 0x000000001d840000,0x000000001d940000] [id=6900]

Threads with active compile tasks:
C2 CompilerThread1    23529 8339   !   4       org.eclipse.jdt.internal.compiler.classfmt.ClassFileReader::<init> (2158 bytes)

VM state: not at safepoint (normal execution)

VM Mutex/Monitor currently owned by a thread: None

Heap address: 0x00000000c0000000, size: 1024 MB, Compressed Oops mode: 32-bit

CDS archive(s) not mapped
Compressed class space mapped at: 0x0000000100000000-0x0000000140000000, reserved size: 1073741824
Narrow klass base: 0x0000000000000000, Narrow klass shift: 3, Narrow klass range: 0x140000000

GC Precious Log:
 CPUs: 4 total, 4 available
 Memory: 7948M
 Large Page Support: Disabled
 NUMA Support: Disabled
 Compressed Oops: Enabled (32-bit)
 Alignments: Space 512K, Generation 512K, Heap 2M
 Heap Min Capacity: 100M
 Heap Initial Capacity: 100M
 Heap Max Capacity: 1G
 Pre-touch: Disabled
 Parallel Workers: 4

Heap:
 PSYoungGen      total 20480K, used 15761K [0x00000000eab00000, 0x00000000ec800000, 0x0000000100000000)
  eden space 19968K, 76% used [0x00000000eab00000,0x00000000eb9e49b8,0x00000000ebe80000)
  from space 512K, 99% used [0x00000000ec780000,0x00000000ec7ffde0,0x00000000ec800000)
  to   space 1536K, 0% used [0x00000000ec500000,0x00000000ec500000,0x00000000ec680000)
 ParOldGen       total 68608K, used 53475K [0x00000000c0000000, 0x00000000c4300000, 0x00000000eab00000)
  object space 68608K, 77% used [0x00000000c0000000,0x00000000c3438d38,0x00000000c4300000)
 Metaspace       used 51792K, committed 52608K, reserved 1114112K
  class space    used 5040K, committed 5440K, reserved 1048576K

Card table byte_map: [0x0000000002320000,0x0000000002530000] _byte_map_base: 0x0000000001d20000

Marking Bits: (ParMarkBitMap*) 0x00007ffaa55bd820
 Begin Bits: [0x0000000014620000, 0x0000000015620000)
 End Bits:   [0x0000000015620000, 0x0000000016620000)

Polling page: 0x0000000000850000

Metaspace:

Usage:
  Non-class:     45.66 MB used.
      Class:      4.92 MB used.
       Both:     50.58 MB used.

Virtual space:
  Non-class space:       64.00 MB reserved,      46.06 MB ( 72%) committed,  1 nodes.
      Class space:        1.00 GB reserved,       5.31 MB ( <1%) committed,  1 nodes.
             Both:        1.06 GB reserved,      51.38 MB (  5%) committed. 

Chunk freelists:
   Non-Class:  1.97 MB
       Class:  10.50 MB
        Both:  12.48 MB

MaxMetaspaceSize: unlimited
CompressedClassSpaceSize: 1.00 GB
Initial GC threshold: 21.00 MB
Current GC threshold: 58.38 MB
CDS: off
MetaspaceReclaimPolicy: balanced
 - commit_granule_bytes: 65536.
 - commit_granule_words: 8192.
 - virtual_space_node_default_size: 8388608.
 - enlarge_chunks_in_place: 1.
 - new_chunks_are_fully_committed: 0.
 - uncommit_free_chunks: 1.
 - use_allocation_guard: 0.
 - handle_deallocations: 1.


Internal statistics:

num_allocs_failed_limit: 6.
num_arena_births: 478.
num_arena_deaths: 14.
num_vsnodes_births: 2.
num_vsnodes_deaths: 0.
num_space_committed: 822.
num_space_uncommitted: 0.
num_chunks_returned_to_freelist: 20.
num_chunks_taken_from_freelist: 2333.
num_chunk_merges: 8.
num_chunk_splits: 1471.
num_chunks_enlarged: 930.
num_inconsistent_stats: 0.

CodeHeap 'non-profiled nmethods': size=120000Kb used=5147Kb max_used=5147Kb free=114852Kb
 bounds [0x000000000d0f0000, 0x000000000d600000, 0x0000000014620000]
CodeHeap 'profiled nmethods': size=120000Kb used=16048Kb max_used=16048Kb free=103952Kb
 bounds [0x0000000005620000, 0x00000000065d0000, 0x000000000cb50000]
CodeHeap 'non-nmethods': size=5760Kb used=1365Kb max_used=1492Kb free=4394Kb
 bounds [0x000000000cb50000, 0x000000000cdc0000, 0x000000000d0f0000]
 total_blobs=7816 nmethods=7124 adapters=604
 compilation: enabled
              stopped_count=0, restarted_count=0
 full_count=0

Compilation events (20 events):
Event: 23.331 Thread 0x000000001be22eb0 nmethod 8360 0x00000000065b7e10 code [0x00000000065b8760, 0x00000000065bf9a8]
Event: 23.333 Thread 0x000000001be22eb0 8361       3       org.eclipse.jdt.internal.compiler.lookup.MethodVerifier::computeSubstituteMethod (351 bytes)
Event: 23.334 Thread 0x000000001be22eb0 nmethod 8361 0x00000000065c1f10 code [0x00000000065c2260, 0x00000000065c3a18]
Event: 23.341 Thread 0x000000001be22eb0 8362       1       org.eclipse.jdt.internal.compiler.lookup.Binding::isTaggedRepeatable (2 bytes)
Event: 23.341 Thread 0x000000001be22eb0 nmethod 8362 0x000000000d5ed490 code [0x000000000d5ed620, 0x000000000d5ed6f8]
Event: 23.342 Thread 0x000000001be22eb0 8364       3       org.eclipse.jdt.internal.compiler.lookup.TypeSystem::getParameterizedType (8 bytes)
Event: 23.342 Thread 0x000000001be22eb0 nmethod 8364 0x00000000065c4290 code [0x00000000065c4440, 0x00000000065c4608]
Event: 23.347 Thread 0x000000001be22eb0 8365       3       org.eclipse.core.internal.preferences.EclipsePreferences::getBoolean (21 bytes)
Event: 23.347 Thread 0x000000001be22eb0 nmethod 8365 0x00000000065c4710 code [0x00000000065c48c0, 0x00000000065c4b18]
Event: 23.371 Thread 0x000000001bddea80 nmethod 8346 0x000000000d5ed790 code [0x000000000d5eda20, 0x000000000d5effa8]
Event: 23.371 Thread 0x000000001bddea80 8363       4       org.eclipse.jdt.internal.compiler.lookup.LookupEnvironment::getCachedType (122 bytes)
Event: 23.430 Thread 0x000000001bddea80 nmethod 8363 0x000000000d5f1390 code [0x000000000d5f16e0, 0x000000000d5f3578]
Event: 23.431 Thread 0x000000001bddea80 8344       4       org.eclipse.jdt.core.compiler.CharOperation::equals (55 bytes)
Event: 23.433 Thread 0x000000001bddea80 nmethod 8344 0x000000000d5f4c90 code [0x000000000d5f4e00, 0x000000000d5f4ff8]
Event: 23.433 Thread 0x000000001bddea80 8347       4       org.eclipse.jdt.internal.compiler.parser.ScannerHelper::isJavaIdentifierPart (28 bytes)
Event: 23.433 Thread 0x000000001bddea80 nmethod 8347 0x000000000d5f5110 code [0x000000000d5f52a0, 0x000000000d5f5368]
Event: 23.433 Thread 0x000000001bddea80 8341       4       sun.nio.fs.WindowsPath::elementAsString (62 bytes)
Event: 23.445 Thread 0x000000001bddea80 nmethod 8341 0x000000000d5f5410 code [0x000000000d5f5600, 0x000000000d5f60a8]
Event: 23.445 Thread 0x000000001bddea80 8357       4       org.eclipse.jdt.internal.compiler.lookup.Binding::initializeDeprecatedAnnotationTagBits (1 bytes)
Event: 23.445 Thread 0x000000001bddea80 nmethod 8357 0x000000000d5f6710 code [0x000000000d5f6880, 0x000000000d5f68f8]

GC Heap History (20 events):
Event: 13.166 GC heap before
{Heap before GC invocations=35 (full 2):
 PSYoungGen      total 20480K, used 20416K [0x00000000eab00000, 0x00000000ec100000, 0x0000000100000000)
  eden space 19968K, 100% used [0x00000000eab00000,0x00000000ebe80000,0x00000000ebe80000)
  from space 512K, 87% used [0x00000000ec080000,0x00000000ec0f0000,0x00000000ec100000)
  to   space 1024K, 0% used [0x00000000ebf00000,0x00000000ebf00000,0x00000000ec000000)
 ParOldGen       total 68608K, used 36058K [0x00000000c0000000, 0x00000000c4300000, 0x00000000eab00000)
  object space 68608K, 52% used [0x00000000c0000000,0x00000000c2336900,0x00000000c4300000)
 Metaspace       used 47523K, committed 48256K, reserved 1114112K
  class space    used 4743K, committed 5120K, reserved 1048576K
}
Event: 13.171 GC heap after
{Heap after GC invocations=35 (full 2):
 PSYoungGen      total 20992K, used 1007K [0x00000000eab00000, 0x00000000ec980000, 0x0000000100000000)
  eden space 19968K, 0% used [0x00000000eab00000,0x00000000eab00000,0x00000000ebe80000)
  from space 1024K, 98% used [0x00000000ebf00000,0x00000000ebffbc50,0x00000000ec000000)
  to   space 5632K, 0% used [0x00000000ec400000,0x00000000ec400000,0x00000000ec980000)
 ParOldGen       total 68608K, used 39865K [0x00000000c0000000, 0x00000000c4300000, 0x00000000eab00000)
  object space 68608K, 58% used [0x00000000c0000000,0x00000000c26ee738,0x00000000c4300000)
 Metaspace       used 47523K, committed 48256K, reserved 1114112K
  class space    used 4743K, committed 5120K, reserved 1048576K
}
Event: 13.838 GC heap before
{Heap before GC invocations=36 (full 2):
 PSYoungGen      total 20992K, used 20975K [0x00000000eab00000, 0x00000000ec980000, 0x0000000100000000)
  eden space 19968K, 100% used [0x00000000eab00000,0x00000000ebe80000,0x00000000ebe80000)
  from space 1024K, 98% used [0x00000000ebf00000,0x00000000ebffbc50,0x00000000ec000000)
  to   space 5632K, 0% used [0x00000000ec400000,0x00000000ec400000,0x00000000ec980000)
 ParOldGen       total 68608K, used 39865K [0x00000000c0000000, 0x00000000c4300000, 0x00000000eab00000)
  object space 68608K, 58% used [0x00000000c0000000,0x00000000c26ee738,0x00000000c4300000)
 Metaspace       used 48378K, committed 49216K, reserved 1114112K
  class space    used 4787K, committed 5184K, reserved 1048576K
}
Event: 13.845 GC heap after
{Heap after GC invocations=36 (full 2):
 PSYoungGen      total 25088K, used 4615K [0x00000000eab00000, 0x00000000ec900000, 0x0000000100000000)
  eden space 19968K, 0% used [0x00000000eab00000,0x00000000eab00000,0x00000000ebe80000)
  from space 5120K, 90% used [0x00000000ec400000,0x00000000ec881e20,0x00000000ec900000)
  to   space 5120K, 0% used [0x00000000ebf00000,0x00000000ebf00000,0x00000000ec400000)
 ParOldGen       total 68608K, used 40868K [0x00000000c0000000, 0x00000000c4300000, 0x00000000eab00000)
  object space 68608K, 59% used [0x00000000c0000000,0x00000000c27e93d0,0x00000000c4300000)
 Metaspace       used 48378K, committed 49216K, reserved 1114112K
  class space    used 4787K, committed 5184K, reserved 1048576K
}
Event: 15.364 GC heap before
{Heap before GC invocations=37 (full 2):
 PSYoungGen      total 25088K, used 24583K [0x00000000eab00000, 0x00000000ec900000, 0x0000000100000000)
  eden space 19968K, 100% used [0x00000000eab00000,0x00000000ebe80000,0x00000000ebe80000)
  from space 5120K, 90% used [0x00000000ec400000,0x00000000ec881e20,0x00000000ec900000)
  to   space 5120K, 0% used [0x00000000ebf00000,0x00000000ebf00000,0x00000000ec400000)
 ParOldGen       total 68608K, used 40868K [0x00000000c0000000, 0x00000000c4300000, 0x00000000eab00000)
  object space 68608K, 59% used [0x00000000c0000000,0x00000000c27e93d0,0x00000000c4300000)
 Metaspace       used 49588K, committed 50368K, reserved 1114112K
  class space    used 4883K, committed 5248K, reserved 1048576K
}
Event: 15.374 GC heap after
{Heap after GC invocations=37 (full 2):
 PSYoungGen      total 25088K, used 5102K [0x00000000eab00000, 0x00000000ed480000, 0x0000000100000000)
  eden space 19968K, 0% used [0x00000000eab00000,0x00000000eab00000,0x00000000ebe80000)
  from space 5120K, 99% used [0x00000000ebf00000,0x00000000ec3fbb50,0x00000000ec400000)
  to   space 11264K, 0% used [0x00000000ec980000,0x00000000ec980000,0x00000000ed480000)
 ParOldGen       total 68608K, used 45666K [0x00000000c0000000, 0x00000000c4300000, 0x00000000eab00000)
  object space 68608K, 66% used [0x00000000c0000000,0x00000000c2c98868,0x00000000c4300000)
 Metaspace       used 49588K, committed 50368K, reserved 1114112K
  class space    used 4883K, committed 5248K, reserved 1048576K
}
Event: 16.560 GC heap before
{Heap before GC invocations=38 (full 2):
 PSYoungGen      total 25088K, used 25070K [0x00000000eab00000, 0x00000000ed480000, 0x0000000100000000)
  eden space 19968K, 100% used [0x00000000eab00000,0x00000000ebe80000,0x00000000ebe80000)
  from space 5120K, 99% used [0x00000000ebf00000,0x00000000ec3fbb50,0x00000000ec400000)
  to   space 11264K, 0% used [0x00000000ec980000,0x00000000ec980000,0x00000000ed480000)
 ParOldGen       total 68608K, used 45666K [0x00000000c0000000, 0x00000000c4300000, 0x00000000eab00000)
  object space 68608K, 66% used [0x00000000c0000000,0x00000000c2c98868,0x00000000c4300000)
 Metaspace       used 50654K, committed 51456K, reserved 1114112K
  class space    used 4953K, committed 5312K, reserved 1048576K
}
Event: 16.570 GC heap after
{Heap after GC invocations=38 (full 2):
 PSYoungGen      total 24576K, used 4102K [0x00000000eab00000, 0x00000000ece00000, 0x0000000100000000)
  eden space 19968K, 0% used [0x00000000eab00000,0x00000000eab00000,0x00000000ebe80000)
  from space 4608K, 89% used [0x00000000ec980000,0x00000000ecd81a90,0x00000000ece00000)
  to   space 6656K, 0% used [0x00000000ec100000,0x00000000ec100000,0x00000000ec780000)
 ParOldGen       total 68608K, used 50483K [0x00000000c0000000, 0x00000000c4300000, 0x00000000eab00000)
  object space 68608K, 73% used [0x00000000c0000000,0x00000000c314ce08,0x00000000c4300000)
 Metaspace       used 50654K, committed 51456K, reserved 1114112K
  class space    used 4953K, committed 5312K, reserved 1048576K
}
Event: 17.802 GC heap before
{Heap before GC invocations=39 (full 2):
 PSYoungGen      total 24576K, used 24070K [0x00000000eab00000, 0x00000000ece00000, 0x0000000100000000)
  eden space 19968K, 99% used [0x00000000eab00000,0x00000000ebe7fef8,0x00000000ebe80000)
  from space 4608K, 89% used [0x00000000ec980000,0x00000000ecd81a90,0x00000000ece00000)
  to   space 6656K, 0% used [0x00000000ec100000,0x00000000ec100000,0x00000000ec780000)
 ParOldGen       total 68608K, used 50483K [0x00000000c0000000, 0x00000000c4300000, 0x00000000eab00000)
  object space 68608K, 73% used [0x00000000c0000000,0x00000000c314ce08,0x00000000c4300000)
 Metaspace       used 50893K, committed 51776K, reserved 1114112K
  class space    used 4964K, committed 5376K, reserved 1048576K
}
Event: 17.807 GC heap after
{Heap after GC invocations=39 (full 2):
 PSYoungGen      total 26624K, used 359K [0x00000000eab00000, 0x00000000eca00000, 0x0000000100000000)
  eden space 19968K, 0% used [0x00000000eab00000,0x00000000eab00000,0x00000000ebe80000)
  from space 6656K, 5% used [0x00000000ec100000,0x00000000ec159d70,0x00000000ec780000)
  to   space 2560K, 0% used [0x00000000ec780000,0x00000000ec780000,0x00000000eca00000)
 ParOldGen       total 68608K, used 52500K [0x00000000c0000000, 0x00000000c4300000, 0x00000000eab00000)
  object space 68608K, 76% used [0x00000000c0000000,0x00000000c3345080,0x00000000c4300000)
 Metaspace       used 50893K, committed 51776K, reserved 1114112K
  class space    used 4964K, committed 5376K, reserved 1048576K
}
Event: 18.462 GC heap before
{Heap before GC invocations=40 (full 2):
 PSYoungGen      total 26624K, used 20327K [0x00000000eab00000, 0x00000000eca00000, 0x0000000100000000)
  eden space 19968K, 100% used [0x00000000eab00000,0x00000000ebe80000,0x00000000ebe80000)
  from space 6656K, 5% used [0x00000000ec100000,0x00000000ec159d70,0x00000000ec780000)
  to   space 2560K, 0% used [0x00000000ec780000,0x00000000ec780000,0x00000000eca00000)
 ParOldGen       total 68608K, used 52500K [0x00000000c0000000, 0x00000000c4300000, 0x00000000eab00000)
  object space 68608K, 76% used [0x00000000c0000000,0x00000000c3345080,0x00000000c4300000)
 Metaspace       used 50946K, committed 51840K, reserved 1114112K
  class space    used 4965K, committed 5376K, reserved 1048576K
}
Event: 18.463 GC heap after
{Heap after GC invocations=40 (full 2):
 PSYoungGen      total 20480K, used 255K [0x00000000eab00000, 0x00000000ec800000, 0x0000000100000000)
  eden space 19968K, 0% used [0x00000000eab00000,0x00000000eab00000,0x00000000ebe80000)
  from space 512K, 49% used [0x00000000ec780000,0x00000000ec7bfe90,0x00000000ec800000)
  to   space 1024K, 0% used [0x00000000ec600000,0x00000000ec600000,0x00000000ec700000)
 ParOldGen       total 68608K, used 52675K [0x00000000c0000000, 0x00000000c4300000, 0x00000000eab00000)
  object space 68608K, 76% used [0x00000000c0000000,0x00000000c3370e98,0x00000000c4300000)
 Metaspace       used 50946K, committed 51840K, reserved 1114112K
  class space    used 4965K, committed 5376K, reserved 1048576K
}
Event: 18.636 GC heap before
{Heap before GC invocations=41 (full 2):
 PSYoungGen      total 20480K, used 20204K [0x00000000eab00000, 0x00000000ec800000, 0x0000000100000000)
  eden space 19968K, 99% used [0x00000000eab00000,0x00000000ebe7b4b8,0x00000000ebe80000)
  from space 512K, 49% used [0x00000000ec780000,0x00000000ec7bfe90,0x00000000ec800000)
  to   space 1024K, 0% used [0x00000000ec600000,0x00000000ec600000,0x00000000ec700000)
 ParOldGen       total 68608K, used 52675K [0x00000000c0000000, 0x00000000c4300000, 0x00000000eab00000)
  object space 68608K, 76% used [0x00000000c0000000,0x00000000c3370e98,0x00000000c4300000)
 Metaspace       used 50979K, committed 51840K, reserved 1114112K
  class space    used 4965K, committed 5376K, reserved 1048576K
}
Event: 18.637 GC heap after
{Heap after GC invocations=41 (full 2):
 PSYoungGen      total 20992K, used 64K [0x00000000eab00000, 0x00000000ec800000, 0x0000000100000000)
  eden space 19968K, 0% used [0x00000000eab00000,0x00000000eab00000,0x00000000ebe80000)
  from space 1024K, 6% used [0x00000000ec600000,0x00000000ec610000,0x00000000ec700000)
  to   space 512K, 0% used [0x00000000ec780000,0x00000000ec780000,0x00000000ec800000)
 ParOldGen       total 68608K, used 52851K [0x00000000c0000000, 0x00000000c4300000, 0x00000000eab00000)
  object space 68608K, 77% used [0x00000000c0000000,0x00000000c339cd28,0x00000000c4300000)
 Metaspace       used 50979K, committed 51840K, reserved 1114112K
  class space    used 4965K, committed 5376K, reserved 1048576K
}
Event: 18.666 GC heap before
{Heap before GC invocations=42 (full 2):
 PSYoungGen      total 20992K, used 20032K [0x00000000eab00000, 0x00000000ec800000, 0x0000000100000000)
  eden space 19968K, 100% used [0x00000000eab00000,0x00000000ebe80000,0x00000000ebe80000)
  from space 1024K, 6% used [0x00000000ec600000,0x00000000ec610000,0x00000000ec700000)
  to   space 512K, 0% used [0x00000000ec780000,0x00000000ec780000,0x00000000ec800000)
 ParOldGen       total 68608K, used 52851K [0x00000000c0000000, 0x00000000c4300000, 0x00000000eab00000)
  object space 68608K, 77% used [0x00000000c0000000,0x00000000c339cd28,0x00000000c4300000)
 Metaspace       used 50981K, committed 51840K, reserved 1114112K
  class space    used 4965K, committed 5376K, reserved 1048576K
}
Event: 18.667 GC heap after
{Heap after GC invocations=42 (full 2):
 PSYoungGen      total 20480K, used 127K [0x00000000eab00000, 0x00000000ec800000, 0x0000000100000000)
  eden space 19968K, 0% used [0x00000000eab00000,0x00000000eab00000,0x00000000ebe80000)
  from space 512K, 24% used [0x00000000ec780000,0x00000000ec79ff48,0x00000000ec800000)
  to   space 512K, 0% used [0x00000000ec700000,0x00000000ec700000,0x00000000ec780000)
 ParOldGen       total 68608K, used 52875K [0x00000000c0000000, 0x00000000c4300000, 0x00000000eab00000)
  object space 68608K, 77% used [0x00000000c0000000,0x00000000c33a2d28,0x00000000c4300000)
 Metaspace       used 50981K, committed 51840K, reserved 1114112K
  class space    used 4965K, committed 5376K, reserved 1048576K
}
Event: 20.048 GC heap before
{Heap before GC invocations=43 (full 2):
 PSYoungGen      total 20480K, used 20095K [0x00000000eab00000, 0x00000000ec800000, 0x0000000100000000)
  eden space 19968K, 100% used [0x00000000eab00000,0x00000000ebe80000,0x00000000ebe80000)
  from space 512K, 24% used [0x00000000ec780000,0x00000000ec79ff48,0x00000000ec800000)
  to   space 512K, 0% used [0x00000000ec700000,0x00000000ec700000,0x00000000ec780000)
 ParOldGen       total 68608K, used 52875K [0x00000000c0000000, 0x00000000c4300000, 0x00000000eab00000)
  object space 68608K, 77% used [0x00000000c0000000,0x00000000c33a2d28,0x00000000c4300000)
 Metaspace       used 51070K, committed 51904K, reserved 1114112K
  class space    used 4967K, committed 5376K, reserved 1048576K
}
Event: 20.052 GC heap after
{Heap after GC invocations=43 (full 2):
 PSYoungGen      total 20480K, used 511K [0x00000000eab00000, 0x00000000ec800000, 0x0000000100000000)
  eden space 19968K, 0% used [0x00000000eab00000,0x00000000eab00000,0x00000000ebe80000)
  from space 512K, 99% used [0x00000000ec700000,0x00000000ec77fde8,0x00000000ec780000)
  to   space 512K, 0% used [0x00000000ec780000,0x00000000ec780000,0x00000000ec800000)
 ParOldGen       total 68608K, used 52899K [0x00000000c0000000, 0x00000000c4300000, 0x00000000eab00000)
  object space 68608K, 77% used [0x00000000c0000000,0x00000000c33a8d28,0x00000000c4300000)
 Metaspace       used 51070K, committed 51904K, reserved 1114112K
  class space    used 4967K, committed 5376K, reserved 1048576K
}
Event: 22.056 GC heap before
{Heap before GC invocations=44 (full 2):
 PSYoungGen      total 20480K, used 20473K [0x00000000eab00000, 0x00000000ec800000, 0x0000000100000000)
  eden space 19968K, 99% used [0x00000000eab00000,0x00000000ebe7e8b0,0x00000000ebe80000)
  from space 512K, 99% used [0x00000000ec700000,0x00000000ec77fde8,0x00000000ec780000)
  to   space 512K, 0% used [0x00000000ec780000,0x00000000ec780000,0x00000000ec800000)
 ParOldGen       total 68608K, used 52899K [0x00000000c0000000, 0x00000000c4300000, 0x00000000eab00000)
  object space 68608K, 77% used [0x00000000c0000000,0x00000000c33a8d28,0x00000000c4300000)
 Metaspace       used 51337K, committed 52160K, reserved 1114112K
  class space    used 4985K, committed 5376K, reserved 1048576K
}
Event: 22.058 GC heap after
{Heap after GC invocations=44 (full 2):
 PSYoungGen      total 20480K, used 511K [0x00000000eab00000, 0x00000000ec800000, 0x0000000100000000)
  eden space 19968K, 0% used [0x00000000eab00000,0x00000000eab00000,0x00000000ebe80000)
  from space 512K, 99% used [0x00000000ec780000,0x00000000ec7ffde0,0x00000000ec800000)
  to   space 1536K, 0% used [0x00000000ec500000,0x00000000ec500000,0x00000000ec680000)
 ParOldGen       total 68608K, used 53475K [0x00000000c0000000, 0x00000000c4300000, 0x00000000eab00000)
  object space 68608K, 77% used [0x00000000c0000000,0x00000000c3438d38,0x00000000c4300000)
 Metaspace       used 51337K, committed 52160K, reserved 1114112K
  class space    used 4985K, committed 5376K, reserved 1048576K
}

Dll operation events (10 events):
Event: 0.012 Loaded shared library c:\Users\HP 11na\.vscode\extensions\redhat.java-1.31.2024051808-win32-x64\jre\17.0.11-win32-x86_64\bin\java.dll
Event: 0.370 Loaded shared library c:\Users\HP 11na\.vscode\extensions\redhat.java-1.31.2024051808-win32-x64\jre\17.0.11-win32-x86_64\bin\zip.dll
Event: 0.374 Loaded shared library C:\Users\HP 11na\.vscode\extensions\redhat.java-1.31.2024051808-win32-x64\jre\17.0.11-win32-x86_64\bin\instrument.dll
Event: 0.385 Loaded shared library C:\Users\HP 11na\.vscode\extensions\redhat.java-1.31.2024051808-win32-x64\jre\17.0.11-win32-x86_64\bin\net.dll
Event: 0.386 Loaded shared library C:\Users\HP 11na\.vscode\extensions\redhat.java-1.31.2024051808-win32-x64\jre\17.0.11-win32-x86_64\bin\nio.dll
Event: 0.391 Loaded shared library C:\Users\HP 11na\.vscode\extensions\redhat.java-1.31.2024051808-win32-x64\jre\17.0.11-win32-x86_64\bin\zip.dll
Event: 0.417 Loaded shared library C:\Users\HP 11na\.vscode\extensions\redhat.java-1.31.2024051808-win32-x64\jre\17.0.11-win32-x86_64\bin\jimage.dll
Event: 0.483 Loaded shared library c:\Users\HP 11na\.vscode\extensions\redhat.java-1.31.2024051808-win32-x64\jre\17.0.11-win32-x86_64\bin\verify.dll
Event: 1.708 Loaded shared library C:\Users\HP 11na\AppData\Roaming\Code\User\globalStorage\redhat.java\1.31.2024051808\config_ss_win\org.eclipse.equinox.launcher\org.eclipse.equinox.launcher.win32.win32.x86_64_1.2.1000.v20240506-2123\eclipse_11901.dll
Event: 5.044 Loaded shared library C:\Users\HP 11na\AppData\Local\Temp\jna-1797150699\jna1684831535314531161.dll

Deoptimization events (20 events):
Event: 23.200 Thread 0x000000001dac19b0 DEOPT PACKING pc=0x000000000d294a3c sp=0x000000001f00d9b0
Event: 23.200 Thread 0x000000001dac19b0 DEOPT UNPACKING pc=0x000000000cba9ea3 sp=0x000000001f00d940 mode 2
Event: 23.200 Thread 0x000000001dac19b0 Uncommon trap: trap_request=0xffffffc6 fr.pc=0x000000000d294a3c relative=0x000000000000009c
Event: 23.200 Thread 0x000000001dac19b0 Uncommon trap: reason=bimorphic_or_optimized_type_check action=maybe_recompile pc=0x000000000d294a3c method=java.util.stream.Sink$ChainedReference.cancellationRequested()Z @ 4 c2
Event: 23.200 Thread 0x000000001dac19b0 DEOPT PACKING pc=0x000000000d294a3c sp=0x000000001f00d9b0
Event: 23.200 Thread 0x000000001dac19b0 DEOPT UNPACKING pc=0x000000000cba9ea3 sp=0x000000001f00d940 mode 2
Event: 23.200 Thread 0x000000001dac19b0 Uncommon trap: trap_request=0xffffffc6 fr.pc=0x000000000d294a3c relative=0x000000000000009c
Event: 23.200 Thread 0x000000001dac19b0 Uncommon trap: reason=bimorphic_or_optimized_type_check action=maybe_recompile pc=0x000000000d294a3c method=java.util.stream.Sink$ChainedReference.cancellationRequested()Z @ 4 c2
Event: 23.200 Thread 0x000000001dac19b0 DEOPT PACKING pc=0x000000000d294a3c sp=0x000000001f00e650
Event: 23.200 Thread 0x000000001dac19b0 DEOPT UNPACKING pc=0x000000000cba9ea3 sp=0x000000001f00e5e0 mode 2
Event: 23.227 Thread 0x000000001dac19b0 DEOPT PACKING pc=0x0000000005f05565 sp=0x000000001f00e690
Event: 23.227 Thread 0x000000001dac19b0 DEOPT UNPACKING pc=0x000000000cbaa9e3 sp=0x000000001f00dc30 mode 0
Event: 23.231 Thread 0x000000001dac19b0 Uncommon trap: trap_request=0xffffffbe fr.pc=0x000000000d5a1b24 relative=0x0000000000001084
Event: 23.231 Thread 0x000000001dac19b0 Uncommon trap: reason=profile_predicate action=maybe_recompile pc=0x000000000d5a1b24 method=org.eclipse.jdt.internal.compiler.parser.Scanner.checkTaskTag(II)V @ 539 c2
Event: 23.231 Thread 0x000000001dac19b0 DEOPT PACKING pc=0x000000000d5a1b24 sp=0x000000001f00eb20
Event: 23.231 Thread 0x000000001dac19b0 DEOPT UNPACKING pc=0x000000000cba9ea3 sp=0x000000001f00eab0 mode 2
Event: 23.231 Thread 0x000000001dac19b0 Uncommon trap: trap_request=0xffffff76 fr.pc=0x000000000d5a1b68 relative=0x00000000000010c8
Event: 23.231 Thread 0x000000001dac19b0 Uncommon trap: reason=predicate action=maybe_recompile pc=0x000000000d5a1b68 method=org.eclipse.jdt.internal.compiler.parser.Scanner.checkTaskTag(II)V @ 203 c2
Event: 23.231 Thread 0x000000001dac19b0 DEOPT PACKING pc=0x000000000d5a1b68 sp=0x000000001f00eb20
Event: 23.231 Thread 0x000000001dac19b0 DEOPT UNPACKING pc=0x000000000cba9ea3 sp=0x000000001f00eab0 mode 2

Classes unloaded (7 events):
Event: 2.984 Thread 0x00000000169b6290 Unloading class 0x000000010021a400 'java/lang/invoke/LambdaForm$MH+0x000000010021a400'
Event: 2.984 Thread 0x00000000169b6290 Unloading class 0x000000010021a000 'java/lang/invoke/LambdaForm$MH+0x000000010021a000'
Event: 2.984 Thread 0x00000000169b6290 Unloading class 0x0000000100219c00 'java/lang/invoke/LambdaForm$MH+0x0000000100219c00'
Event: 2.984 Thread 0x00000000169b6290 Unloading class 0x0000000100219800 'java/lang/invoke/LambdaForm$MH+0x0000000100219800'
Event: 2.984 Thread 0x00000000169b6290 Unloading class 0x0000000100219400 'java/lang/invoke/LambdaForm$BMH+0x0000000100219400'
Event: 2.984 Thread 0x00000000169b6290 Unloading class 0x0000000100219000 'java/lang/invoke/LambdaForm$DMH+0x0000000100219000'
Event: 2.984 Thread 0x00000000169b6290 Unloading class 0x0000000100214400 'java/lang/invoke/LambdaForm$DMH+0x0000000100214400'

Classes redefined (0 events):
No events

Internal exceptions (20 events):
Event: 13.039 Thread 0x000000001dac28e0 Exception <a 'java/lang/LinkageError'{0x00000000eb97b538}: loader lombok.launch.ShadowClassLoader @261029ae attempted duplicate class definition for lombok.launch.PatchFixesHider$Delegate. (lombok.launch.PatchFixesHider$Delegate is in unnamed module of loader lombok.launch.ShadowClassLoader @261029ae, parent loader org.eclipse.osgi.internal.loader.EquinoxClassLoader @1b59c5a1)> (0x00000000eb97b538) 
thrown [s\src\hotspot\share\classfile\systemDictionary.cpp, line 1723]
Event: 13.189 Thread 0x000000001e629bc0 Exception <a 'java/lang/LinkageError'{0x00000000eab38170}: loader lombok.launch.ShadowClassLoader @261029ae attempted duplicate class definition for lombok.launch.PatchFixesHider$Delegate. (lombok.launch.PatchFixesHider$Delegate is in unnamed module of loader lombok.launch.ShadowClassLoader @261029ae, parent loader org.eclipse.osgi.internal.loader.EquinoxClassLoader @1b59c5a1)> (0x00000000eab38170) 
thrown [s\src\hotspot\share\classfile\systemDictionary.cpp, line 1723]
Event: 13.210 Thread 0x000000001e629bc0 Implicit null exception at 0x000000000d3ad43b to 0x000000000d3adb8c
Event: 13.234 Thread 0x000000001dac28e0 Implicit null exception at 0x000000000d46bf53 to 0x000000000d46cb9d
Event: 13.275 Thread 0x000000001e629bc0 Exception <a 'java/lang/LinkageError'{0x00000000eb0a7890}: loader lombok.launch.ShadowClassLoader @382b03d1 attempted duplicate class definition for lombok.launch.PatchFixesHider$PatchFixes. (lombok.launch.PatchFixesHider$PatchFixes is in unnamed module of loader lombok.launch.ShadowClassLoader @382b03d1, parent loader org.eclipse.osgi.internal.loader.EquinoxClassLoader @7103e166)> (0x00000000eb0a7890) 
thrown [s\src\hotspot\share\classfile\systemDictionary.cpp, line 1723]
Event: 13.710 Thread 0x000000001e629bc0 Implicit null exception at 0x000000000d20372c to 0x000000000d20378b
Event: 13.724 Thread 0x000000001e62f1d0 Implicit null exception at 0x000000000d45c79b to 0x000000000d45c958
Event: 13.724 Thread 0x000000001e629bc0 Implicit null exception at 0x000000000d45c79b to 0x000000000d45c958
Event: 14.341 Thread 0x000000001e629bc0 Exception <a 'java/lang/ArrayIndexOutOfBoundsException'{0x00000000eb6f5e90}: Index 32657 out of bounds for length 32656> (0x00000000eb6f5e90) 
thrown [s\src\hotspot\share\interpreter\interpreterRuntime.cpp, line 428]
Event: 15.333 Thread 0x000000001dac28e0 Exception <a 'java/io/FileNotFoundException'{0x00000000ebcc7ee8}> (0x00000000ebcc7ee8) 
thrown [s\src\hotspot\share\prims\jni.cpp, line 516]
Event: 15.333 Thread 0x000000001dac28e0 Exception <a 'java/io/FileNotFoundException'{0x00000000ebcc8f48}> (0x00000000ebcc8f48) 
thrown [s\src\hotspot\share\prims\jni.cpp, line 516]
Event: 15.333 Thread 0x000000001dac28e0 Exception <a 'java/io/FileNotFoundException'{0x00000000ebcc9d20}> (0x00000000ebcc9d20) 
thrown [s\src\hotspot\share\prims\jni.cpp, line 516]
Event: 15.347 Thread 0x000000001e62ba20 Exception <a 'java/lang/LinkageError'{0x00000000ebca26c8}: loader lombok.launch.ShadowClassLoader @382b03d1 attempted duplicate class definition for lombok.eclipse.agent.PatchDiagnostics. (lombok.eclipse.agent.PatchDiagnostics is in unnamed module of loader lombok.launch.ShadowClassLoader @382b03d1, parent loader org.eclipse.osgi.internal.loader.EquinoxClassLoader @7103e166)> (0x00000000ebca26c8) 
thrown [s\src\hotspot\share\classfile\systemDictionary.cpp, line 1723]
Event: 15.349 Thread 0x000000001e62ba20 Exception <a 'java/lang/LinkageError'{0x00000000ebe42d08}: loader lombok.launch.ShadowClassLoader @382b03d1 attempted duplicate class definition for lombok.eclipse.EcjAugments. (lombok.eclipse.EcjAugments is in unnamed module of loader lombok.launch.ShadowClassLoader @382b03d1, parent loader org.eclipse.osgi.internal.loader.EquinoxClassLoader @7103e166)> (0x00000000ebe42d08) 
thrown [s\src\hotspot\share\classfile\systemDictionary.cpp, line 1723]
Event: 15.621 Thread 0x000000001e62f1d0 Exception <a 'java/lang/LinkageError'{0x00000000eab11e68}: loader lombok.launch.ShadowClassLoader @382b03d1 attempted duplicate class definition for lombok.launch.PatchFixesHider$ValPortal. (lombok.launch.PatchFixesHider$ValPortal is in unnamed module of loader lombok.launch.ShadowClassLoader @382b03d1, parent loader org.eclipse.osgi.internal.loader.EquinoxClassLoader @7103e166)> (0x00000000eab11e68) 
thrown [s\src\hotspot\share\classfile\systemDictionary.cpp, line 1723]
Event: 23.083 Thread 0x000000001dac28e0 Exception <a 'java/lang/NoSuchMethodError'{0x00000000eb0685f8}: 'java.lang.Object java.lang.invoke.DirectMethodHandle$Holder.newInvokeSpecial(java.lang.Object, java.lang.Object, java.lang.Object, java.lang.Object, java.lang.Object, java.lang.Object, java.lang.Object, java.lang.Object, java.lang.Object, java.lang.Object)'> (0x00000000eb0685f8) 
thrown [s\src\hotspot\share\interpreter\linkResolver.cpp, line 759]
Event: 23.086 Thread 0x000000001dac28e0 Exception <a 'java/lang/NoSuchMethodError'{0x00000000eb06d528}: 'java.lang.Object java.lang.invoke.DirectMethodHandle$Holder.invokeSpecial(java.lang.Object, java.lang.Object, java.lang.Object, java.lang.Object, java.lang.Object, java.lang.Object, java.lang.Object, java.lang.Object, java.lang.Object, java.lang.Object, java.lang.Object)'> (0x00000000eb06d528) 
thrown [s\src\hotspot\share\interpreter\linkResolver.cpp, line 759]
Event: 23.086 Thread 0x000000001dac28e0 Exception <a 'java/lang/NoSuchMethodError'{0x00000000eb071a38}: 'java.lang.Object java.lang.invoke.Invokers$Holder.linkToTargetMethod(java.lang.Object, java.lang.Object, java.lang.Object, java.lang.Object, java.lang.Object, java.lang.Object, java.lang.Object, java.lang.Object, java.lang.Object, java.lang.Object)'> (0x00000000eb071a38) 
thrown [s\src\hotspot\share\interpreter\linkResolver.cpp, line 759]
Event: 23.196 Thread 0x000000001dac19b0 Exception <a 'java/io/IOException'{0x00000000eb3f20b0}> (0x00000000eb3f20b0) 
thrown [s\src\hotspot\share\prims\jni.cpp, line 516]
Event: 23.216 Thread 0x000000001dac19b0 Exception <a 'java/lang/ClassNotFoundException'{0x00000000eb466dd8}: sun/util/logging/resources/spi/loggingProvider> (0x00000000eb466dd8) 
thrown [s\src\hotspot\share\classfile\systemDictionary.cpp, line 256]

VM Operations (20 events):
Event: 17.801 Executing VM operation: ParallelGCFailedAllocation
Event: 17.808 Executing VM operation: ParallelGCFailedAllocation done
Event: 18.461 Executing VM operation: ParallelGCFailedAllocation
Event: 18.463 Executing VM operation: ParallelGCFailedAllocation done
Event: 18.636 Executing VM operation: ParallelGCFailedAllocation
Event: 18.637 Executing VM operation: ParallelGCFailedAllocation done
Event: 18.666 Executing VM operation: ParallelGCFailedAllocation
Event: 18.667 Executing VM operation: ParallelGCFailedAllocation done
Event: 19.681 Executing VM operation: Cleanup
Event: 19.681 Executing VM operation: Cleanup done
Event: 20.048 Executing VM operation: ParallelGCFailedAllocation
Event: 20.057 Executing VM operation: ParallelGCFailedAllocation done
Event: 22.055 Executing VM operation: ParallelGCFailedAllocation
Event: 22.058 Executing VM operation: ParallelGCFailedAllocation done
Event: 22.146 Executing VM operation: HandshakeAllThreads
Event: 22.228 Executing VM operation: HandshakeAllThreads done
Event: 22.955 Executing VM operation: HandshakeAllThreads
Event: 22.955 Executing VM operation: HandshakeAllThreads done
Event: 23.234 Executing VM operation: ICBufferFull
Event: 23.290 Executing VM operation: ICBufferFull done

Events (20 events):
Event: 23.206 loading class java/lang/Throwable$WrappedPrintWriter
Event: 23.206 loading class java/lang/Throwable$PrintStreamOrWriter
Event: 23.206 loading class java/lang/Throwable$PrintStreamOrWriter done
Event: 23.206 loading class java/lang/Throwable$WrappedPrintWriter done
Event: 23.216 loading class java/util/logging/Level$RbAccess
Event: 23.216 loading class java/util/logging/Level$RbAccess done
Event: 23.216 loading class sun/util/logging/resources/logging
Event: 23.217 loading class sun/util/logging/resources/logging done
Event: 23.217 loading class sun/util/logging/resources/logging_es
Event: 23.217 loading class sun/util/logging/resources/logging_es done
Event: 23.217 loading class sun/util/logging/resources/logging_es_ES
Event: 23.217 loading class sun/util/logging/resources/logging_es_ES done
Event: 23.217 loading class sun/util/logging/resources/logging_es_ES
Event: 23.217 loading class sun/util/logging/resources/logging_es_ES done
Event: 23.217 loading class java/util/Formatter$DateTime
Event: 23.217 loading class java/util/Formatter$DateTime done
Event: 23.217 loading class java/time/ZonedDateTime$1
Event: 23.217 loading class java/time/ZonedDateTime$1 done
Event: 23.218 loading class java/time/LocalDate$1
Event: 23.218 loading class java/time/LocalDate$1 done


Dynamic libraries:
0x00007ff7706e0000 - 0x00007ff7706ee000 	c:\Users\HP 11na\.vscode\extensions\redhat.java-1.31.2024051808-win32-x64\jre\17.0.11-win32-x86_64\bin\java.exe
0x00007ffb02960000 - 0x00007ffb02b67000 	C:\WINDOWS\SYSTEM32\ntdll.dll
0x00007ffb014e0000 - 0x00007ffb0159d000 	C:\WINDOWS\System32\KERNEL32.DLL
0x00007ffb003d0000 - 0x00007ffb00744000 	C:\WINDOWS\System32\KERNELBASE.dll
0x00007ffafcf20000 - 0x00007ffafcfb1000 	C:\WINDOWS\SYSTEM32\apphelp.dll
0x00007ffaffe40000 - 0x00007ffafff51000 	C:\WINDOWS\System32\ucrtbase.dll
0x00007ffad4c80000 - 0x00007ffad4c97000 	c:\Users\HP 11na\.vscode\extensions\redhat.java-1.31.2024051808-win32-x64\jre\17.0.11-win32-x86_64\bin\jli.dll
0x00007ffb01e90000 - 0x00007ffb0203c000 	C:\WINDOWS\System32\USER32.dll
0x00007ffb00750000 - 0x00007ffb00776000 	C:\WINDOWS\System32\win32u.dll
0x00007ffb00b50000 - 0x00007ffb00b79000 	C:\WINDOWS\System32\GDI32.dll
0x00007ffb002b0000 - 0x00007ffb003c2000 	C:\WINDOWS\System32\gdi32full.dll
0x00007ffb00150000 - 0x00007ffb001ed000 	C:\WINDOWS\System32\msvcp_win.dll
0x00007ffad4750000 - 0x00007ffad476b000 	c:\Users\HP 11na\.vscode\extensions\redhat.java-1.31.2024051808-win32-x64\jre\17.0.11-win32-x86_64\bin\VCRUNTIME140.dll
0x00007ffae4d20000 - 0x00007ffae4fc5000 	C:\WINDOWS\WinSxS\amd64_microsoft.windows.common-controls_6595b64144ccf1df_6.0.22000.120_none_9d947278b86cc467\COMCTL32.dll
0x00007ffb01de0000 - 0x00007ffb01e83000 	C:\WINDOWS\System32\msvcrt.dll
0x00007ffb007f0000 - 0x00007ffb00821000 	C:\WINDOWS\System32\IMM32.DLL
0x00007ffafced0000 - 0x00007ffafcedc000 	c:\Users\HP 11na\.vscode\extensions\redhat.java-1.31.2024051808-win32-x64\jre\17.0.11-win32-x86_64\bin\vcruntime140_1.dll
0x00007ffab3a60000 - 0x00007ffab3aed000 	c:\Users\HP 11na\.vscode\extensions\redhat.java-1.31.2024051808-win32-x64\jre\17.0.11-win32-x86_64\bin\msvcp140.dll
0x00007ffaa4a20000 - 0x00007ffaa5682000 	c:\Users\HP 11na\.vscode\extensions\redhat.java-1.31.2024051808-win32-x64\jre\17.0.11-win32-x86_64\bin\server\jvm.dll
0x00007ffb00b80000 - 0x00007ffb00c2c000 	C:\WINDOWS\System32\ADVAPI32.dll
0x00007ffb00e40000 - 0x00007ffb00edd000 	C:\WINDOWS\System32\sechost.dll
0x00007ffb01850000 - 0x00007ffb01971000 	C:\WINDOWS\System32\RPCRT4.dll
0x00007ffaffd10000 - 0x00007ffaffd5d000 	C:\WINDOWS\SYSTEM32\POWRPROF.dll
0x00007ffadc300000 - 0x00007ffadc309000 	C:\WINDOWS\SYSTEM32\WSOCK32.dll
0x00007ffb01d70000 - 0x00007ffb01ddf000 	C:\WINDOWS\System32\WS2_32.dll
0x00007ffaf7eb0000 - 0x00007ffaf7ee3000 	C:\WINDOWS\SYSTEM32\WINMM.dll
0x00007ffaf4910000 - 0x00007ffaf491a000 	C:\WINDOWS\SYSTEM32\VERSION.dll
0x00007ffaffc40000 - 0x00007ffaffc53000 	C:\WINDOWS\SYSTEM32\UMPDC.dll
0x00007ffafef60000 - 0x00007ffafef78000 	C:\WINDOWS\SYSTEM32\kernel.appcore.dll
0x00007ffae4840000 - 0x00007ffae484a000 	c:\Users\HP 11na\.vscode\extensions\redhat.java-1.31.2024051808-win32-x64\jre\17.0.11-win32-x86_64\bin\jimage.dll
0x00007ffafda30000 - 0x00007ffafdc51000 	C:\WINDOWS\SYSTEM32\DBGHELP.DLL
0x00007ffad9800000 - 0x00007ffad9831000 	C:\WINDOWS\SYSTEM32\dbgcore.DLL
0x00007ffb000d0000 - 0x00007ffb0014f000 	C:\WINDOWS\System32\bcryptPrimitives.dll
0x00007ffae3f80000 - 0x00007ffae3f8e000 	c:\Users\HP 11na\.vscode\extensions\redhat.java-1.31.2024051808-win32-x64\jre\17.0.11-win32-x86_64\bin\instrument.dll
0x00007ffab65a0000 - 0x00007ffab65c5000 	c:\Users\HP 11na\.vscode\extensions\redhat.java-1.31.2024051808-win32-x64\jre\17.0.11-win32-x86_64\bin\java.dll
0x00007ffad4300000 - 0x00007ffad4318000 	c:\Users\HP 11na\.vscode\extensions\redhat.java-1.31.2024051808-win32-x64\jre\17.0.11-win32-x86_64\bin\zip.dll
0x00007ffb02040000 - 0x00007ffb027ee000 	C:\WINDOWS\System32\SHELL32.dll
0x00007ffafdfe0000 - 0x00007ffafe847000 	C:\WINDOWS\SYSTEM32\windows.storage.dll
0x00007ffb01980000 - 0x00007ffb01cf8000 	C:\WINDOWS\System32\combase.dll
0x00007ffafde70000 - 0x00007ffafdfd6000 	C:\WINDOWS\SYSTEM32\wintypes.dll
0x00007ffb00a60000 - 0x00007ffb00b4a000 	C:\WINDOWS\System32\SHCORE.dll
0x00007ffb017f0000 - 0x00007ffb0184d000 	C:\WINDOWS\System32\shlwapi.dll
0x00007ffaffd70000 - 0x00007ffaffd91000 	C:\WINDOWS\SYSTEM32\profapi.dll
0x00007ffad3790000 - 0x00007ffad37a9000 	C:\Users\HP 11na\.vscode\extensions\redhat.java-1.31.2024051808-win32-x64\jre\17.0.11-win32-x86_64\bin\net.dll
0x00007ffafacb0000 - 0x00007ffafadbc000 	C:\WINDOWS\SYSTEM32\WINHTTP.dll
0x00007ffaff370000 - 0x00007ffaff3d7000 	C:\WINDOWS\system32\mswsock.dll
0x00007ffac0790000 - 0x00007ffac07a6000 	C:\Users\HP 11na\.vscode\extensions\redhat.java-1.31.2024051808-win32-x64\jre\17.0.11-win32-x86_64\bin\nio.dll
0x00007ffae3dc0000 - 0x00007ffae3dd0000 	c:\Users\HP 11na\.vscode\extensions\redhat.java-1.31.2024051808-win32-x64\jre\17.0.11-win32-x86_64\bin\verify.dll
0x00007ffab3a10000 - 0x00007ffab3a54000 	C:\Users\HP 11na\AppData\Roaming\Code\User\globalStorage\redhat.java\1.31.2024051808\config_ss_win\org.eclipse.equinox.launcher\org.eclipse.equinox.launcher.win32.win32.x86_64_1.2.1000.v20240506-2123\eclipse_11901.dll
0x00007ffb008b0000 - 0x00007ffb00a4a000 	C:\WINDOWS\System32\ole32.dll
0x00007ffaff630000 - 0x00007ffaff648000 	C:\WINDOWS\SYSTEM32\CRYPTSP.dll
0x00007ffafeec0000 - 0x00007ffafeef5000 	C:\WINDOWS\system32\rsaenh.dll
0x00007ffaff4d0000 - 0x00007ffaff4f9000 	C:\WINDOWS\SYSTEM32\USERENV.dll
0x00007ffaff7a0000 - 0x00007ffaff7c7000 	C:\WINDOWS\SYSTEM32\bcrypt.dll
0x00007ffaff620000 - 0x00007ffaff62c000 	C:\WINDOWS\SYSTEM32\CRYPTBASE.dll
0x00007ffafea90000 - 0x00007ffafeabd000 	C:\WINDOWS\SYSTEM32\IPHLPAPI.DLL
0x00007ffb00dd0000 - 0x00007ffb00dd9000 	C:\WINDOWS\System32\NSI.dll
0x00007ffafac90000 - 0x00007ffafaca9000 	C:\WINDOWS\SYSTEM32\dhcpcsvc6.DLL
0x00007ffafb0a0000 - 0x00007ffafb0be000 	C:\WINDOWS\SYSTEM32\dhcpcsvc.DLL
0x00007ffafeac0000 - 0x00007ffafeba7000 	C:\WINDOWS\SYSTEM32\DNSAPI.dll
0x00007ffab2f80000 - 0x00007ffab2fc5000 	C:\Users\HP 11na\AppData\Local\Temp\jna-1797150699\jna1684831535314531161.dll
0x00007ffb02910000 - 0x00007ffb02918000 	C:\WINDOWS\System32\PSAPI.DLL

dbghelp: loaded successfully - version: 4.0.5 - missing functions: none
symbol engine: initialized successfully - sym options: 0x614 - pdb path: .;c:\Users\HP 11na\.vscode\extensions\redhat.java-1.31.2024051808-win32-x64\jre\17.0.11-win32-x86_64\bin;C:\WINDOWS\SYSTEM32;C:\WINDOWS\WinSxS\amd64_microsoft.windows.common-controls_6595b64144ccf1df_6.0.22000.120_none_9d947278b86cc467;c:\Users\HP 11na\.vscode\extensions\redhat.java-1.31.2024051808-win32-x64\jre\17.0.11-win32-x86_64\bin\server;C:\Users\HP 11na\AppData\Roaming\Code\User\globalStorage\redhat.java\1.31.2024051808\config_ss_win\org.eclipse.equinox.launcher\org.eclipse.equinox.launcher.win32.win32.x86_64_1.2.1000.v20240506-2123;C:\Users\HP 11na\AppData\Local\Temp\jna-1797150699

VM Arguments:
jvm_args: --add-modules=ALL-SYSTEM --add-opens=java.base/java.util=ALL-UNNAMED --add-opens=java.base/java.lang=ALL-UNNAMED --add-opens=java.base/sun.nio.fs=ALL-UNNAMED -Declipse.application=org.eclipse.jdt.ls.core.id1 -Dosgi.bundles.defaultStartLevel=4 -Declipse.product=org.eclipse.jdt.ls.core.product -Djava.import.generatesMetadataFilesAtProjectRoot=false -DDetectVMInstallationsJob.disabled=true -Dfile.encoding=utf8 -XX:+UseParallelGC -XX:GCTimeRatio=4 -XX:AdaptiveSizePolicyWeight=90 -Dsun.zip.disableMemoryMapping=true -Xmx1G -Xms100m -Xlog:disable -javaagent:c:\Users\HP 11na\.vscode\extensions\redhat.java-1.31.2024051808-win32-x64\lombok\lombok-1.18.32.jar 
java_command: c:\Users\HP 11na\.vscode\extensions\redhat.java-1.31.2024051808-win32-x64\server\plugins\org.eclipse.equinox.launcher_1.6.800.v20240426-1701.jar -configuration c:\Users\HP 11na\AppData\Roaming\Code\User\globalStorage\redhat.java\1.31.2024051808\config_ss_win -data c:\Users\HP 11na\AppData\Roaming\Code\User\workspaceStorage\d43263611282b89c80052938ba8c6bae\redhat.java\ss_ws --pipe=\\.\pipe\lsp-71ec9a00fc85cd6f7de1ec2cc7aa29a3-sock
java_class_path (initial): c:\Users\HP 11na\.vscode\extensions\redhat.java-1.31.2024051808-win32-x64\server\plugins\org.eclipse.equinox.launcher_1.6.800.v20240426-1701.jar
Launcher Type: SUN_STANDARD

[Global flags]
    uintx AdaptiveSizePolicyWeight                 = 90                                        {product} {command line}
     intx CICompilerCount                          = 3                                         {product} {ergonomic}
    uintx GCTimeRatio                              = 4                                         {product} {command line}
   size_t InitialHeapSize                          = 104857600                                 {product} {command line}
   size_t MaxHeapSize                              = 1073741824                                {product} {command line}
   size_t MaxNewSize                               = 357564416                                 {product} {ergonomic}
   size_t MinHeapDeltaBytes                        = 524288                                    {product} {ergonomic}
   size_t MinHeapSize                              = 104857600                                 {product} {command line}
   size_t NewSize                                  = 34603008                                  {product} {ergonomic}
    uintx NonNMethodCodeHeapSize                   = 5832780                                {pd product} {ergonomic}
    uintx NonProfiledCodeHeapSize                  = 122912730                              {pd product} {ergonomic}
   size_t OldSize                                  = 70254592                                  {product} {ergonomic}
    uintx ProfiledCodeHeapSize                     = 122912730                              {pd product} {ergonomic}
    uintx ReservedCodeCacheSize                    = 251658240                              {pd product} {ergonomic}
     bool SegmentedCodeCache                       = true                                      {product} {ergonomic}
   size_t SoftMaxHeapSize                          = 1073741824                             {manageable} {ergonomic}
     bool UseCompressedClassPointers               = true                           {product lp64_product} {ergonomic}
     bool UseCompressedOops                        = true                           {product lp64_product} {ergonomic}
     bool UseLargePagesIndividualAllocation        = false                                  {pd product} {ergonomic}
     bool UseParallelGC                            = true                                      {product} {command line}

Logging:
Log output configuration:
 #0: stdout all=off uptime,level,tags
 #1: stderr all=off uptime,level,tags

Environment Variables:
PATH=C:\Program Files\Eclipse Adoptium\jdk-21.0.1.12-hotspot\bin;C:\Program Files (x86)\NVIDIA Corporation\PhysX\Common;C:\WINDOWS\system32;C:\WINDOWS;C:\WINDOWS\System32\Wbem;C:\WINDOWS\System32\WindowsPowerShell\v1.0\;C:\WINDOWS\System32\OpenSSH\;C:\Program Files\dotnet\;C:\Program Files\nodejs\;C:\Program Files\Git\cmd;C:\Program Files (x86)\Microsoft SQL Server\160\Tools\Binn\;C:\Program Files\Microsoft SQL Server\160\Tools\Binn\;C:\Program Files\Microsoft SQL Server\Client SDK\ODBC\170\Tools\Binn\;C:\Program Files\Microsoft SQL Server\160\DTS\Binn\;C:\Program Files (x86)\Microsoft SQL Server\160\DTS\Binn\;C:\Program Files\Microsoft SQL Server\120\Tools\Binn\;C:\Users\HP 11na\AppData\Local\Programs\Python\Python38\Scripts\;C:\Users\HP 11na\AppData\Local\Programs\Python\Python38;C:\Users\HP 11na\AppData\Local\Programs\Python\Python38\;C:\Users\HP 11na\AppData\Local\Programs\Python\Python312\Scripts\;C:\Users\HP 11na\AppData\Local\Programs\Python\Python312\;C:\Users\HP 11na\AppData\Local\Programs\Python\Launcher\;C:\Users\HP 11na\AppData\Local\Microsoft\WindowsApps;C:\Users\HP 11na\AppData\Local\Programs\Microsoft VS Code\bin;C:\msys64\ucrt64\bin;C:\Users\HP 11na\.dotnet\tools;C:\Users\HP 11na\AppData\Roaming\npm;C:\Program Files\JetBrains\IntelliJ IDEA Community Edition 2023.3.2\bin;C:\Users\HP 11na\AppData\Local\GitHubDesktop\bin;C:\Program Files\JetBrains\PyCharm Community Edition 2023.3.3\bin;
USERNAME=HP 11na
OS=Windows_NT
PROCESSOR_IDENTIFIER=Intel64 Family 6 Model 140 Stepping 1, GenuineIntel
TMP=C:\Users\HP11NA~1\AppData\Local\Temp
TEMP=C:\Users\HP11NA~1\AppData\Local\Temp



Periodic native trim disabled


---------------  S Y S T E M  ---------------

OS:
 Windows 11 , 64 bit Build 22000 (10.0.22000.318)
OS uptime: 0 days 7:42 hours

CPU: total 4 (initial active 4) (2 cores per cpu, 2 threads per core) family 6 model 140 stepping 1 microcode 0x86, cx8, cmov, fxsr, ht, mmx, 3dnowpref, sse, sse2, sse3, ssse3, sse4.1, sse4.2, popcnt, lzcnt, tsc, tscinvbit, avx, avx2, aes, erms, clmul, bmi1, bmi2, adx, avx512f, avx512dq, avx512cd, avx512bw, avx512vl, sha, fma, vzeroupper, avx512_vpopcntdq, avx512_vpclmulqdq, avx512_vaes, avx512_vnni, clflush, clflushopt, clwb, avx512_vbmi2, avx512_vbmi
Processor Information for all 4 processors :
  Max Mhz: 2995, Current Mhz: 2995, Mhz Limit: 2995

Memory: 4k page, system-wide physical 7948M (786M free)
TotalPageFile size 7948M (AvailPageFile size 8M)
current process WorkingSet (physical memory assigned to process): 235M, peak: 259M
current process commit charge ("private bytes"): 280M, peak: 321M

vm_info: OpenJDK 64-Bit Server VM (17.0.11+9) for windows-amd64 JRE (17.0.11+9), built on Apr 17 2024 06:07:48 by "admin" with MS VC++ 16.10 / 16.11 (VS2019)

END.
